#
# A fatal error has been detected by the Java Runtime Environment:
#
#  EXCEPTION_ACCESS_VIOLATION (0xc0000005) at pc=0x0000000064458180, pid=9296, tid=0x0000000000001b5c
#
# JRE version: OpenJDK Runtime Environment (8.0_242-b01) (build 1.8.0_242-release-1644-b01)
# Java VM: OpenJDK 64-Bit Server VM (25.242-b01 mixed mode windows-amd64 compressed oops)
# Problematic frame:
# V  [jvm.dll+0x4c8180]
#
# Failed to write core dump. Minidumps are not enabled by default on client versions of Windows
#
# If you would like to submit a bug report, please visit:
#   
#

---------------  T H R E A D  ---------------

Current thread (0x000000001cab0800):  JavaThread "C2 CompilerThread1" daemon [_thread_in_native, id=7004, stack(0x000000001e6f0000,0x000000001e7f0000)]

siginfo: ExceptionCode=0xc0000005, reading address 0x000000000000002c

Registers:
RAX=0x0000000027e25670, RBX=0x0000000020982c80, RCX=0x0000000000000000, RDX=0x0000000000000131
RSP=0x000000001e7e9328, RBP=0x000000002911a6f0, RSI=0x0000000000000000, RDI=0x000000001e279d50
R8 =0x000000001cab1218, R9 =0x0000000000000002, R10=0x000000001ca91be0, R11=0x000000001e7e9280
R12=0x0000000000000001, R13=0x0000000020e8c490, R14=0x000000001e7e9470, R15=0x000000001e7e9500
RIP=0x0000000064458180, EFLAGS=0x0000000000010202

Top of Stack: (sp=0x000000001e7e9328)
0x000000001e7e9328:   00000000643ba2ea 0000000020982c80
0x000000001e7e9338:   000000002911a6f0 000000002a166cb0
0x000000001e7e9348:   00000000643b9d2e 000000001e7e93c0
0x000000001e7e9358:   000000001e7e93c0 000000002a166cb0
0x000000001e7e9368:   0000000000000000 000000001e7e93f0
0x000000001e7e9378:   00000000643bac42 000000002911a6f0
0x000000001e7e9388:   0000000000000024 000000002e4334f0
0x000000001e7e9398:   0000000020982c80 000000002e4334f0
0x000000001e7e93a8:   000000001e7e9500 000000001e7e93c0
0x000000001e7e93b8:   000000001e7e9470 0000000000000000
0x000000001e7e93c8:   0000000000000000 0000000000000000
0x000000001e7e93d8:   0000000000000000 0000000000000000
0x000000001e7e93e8:   0000000000000000 00000000fffffffc
0x000000001e7e93f8:   00000000000000b7 0000000000000000
0x000000001e7e9408:   000000001e7eed40 000000001e7e9520
0x000000001e7e9418:   00000000643df3be 000000002911a6f0 

Instructions: (pc=0x0000000064458180)
0x0000000064458160:   40 f8 75 ec 41 ff 4a 18 49 8b 42 08 41 8b 4a 18
0x0000000064458170:   48 8b 5c 24 08 48 c7 04 c8 00 00 00 00 c3 cc cc
0x0000000064458180:   0f b7 51 2c 0f b6 c2 24 1f 3c 14 74 08 80 e2 3f
0x0000000064458190:   80 fa 24 75 28 83 79 18 02 75 22 0f b7 51 2c 0f 


Register to memory mapping:

RAX=0x0000000027e25670 is an unknown value
RBX=0x0000000020982c80 is an unknown value
RCX=0x0000000000000000 is an unknown value
RDX=0x0000000000000131 is an unknown value
RSP=0x000000001e7e9328 is pointing into the stack for thread: 0x000000001cab0800
RBP=0x000000002911a6f0 is an unknown value
RSI=0x0000000000000000 is an unknown value
RDI=0x000000001e279d50 is an unknown value
R8 =0x000000001cab1218 is an unknown value
R9 =0x0000000000000002 is an unknown value
R10=0x000000001ca91be0 is an unknown value
R11=0x000000001e7e9280 is pointing into the stack for thread: 0x000000001cab0800
R12=0x0000000000000001 is an unknown value
R13=0x0000000020e8c490 is an unknown value
R14=0x000000001e7e9470 is pointing into the stack for thread: 0x000000001cab0800
R15=0x000000001e7e9500 is pointing into the stack for thread: 0x000000001cab0800


Stack: [0x000000001e6f0000,0x000000001e7f0000],  sp=0x000000001e7e9328,  free space=996k
Native frames: (J=compiled Java code, j=interpreted, Vv=VM code, C=native code)
V  [jvm.dll+0x4c8180]


Current CompileTask:
C2:  23541 13078       4       androidx.appcompat.widget.TintTypedArray::obtainStyledAttributes (9 bytes)


---------------  P R O C E S S  ---------------

Java Threads: ( => current thread )
  0x000000002210b800 JavaThread "magnifier pixel copy result handler" [_thread_blocked, id=11708, stack(0x0000000021930000,0x0000000021a30000)]
  0x000000001f45c000 JavaThread "SDK 28 Main Thread" [_thread_in_Java, id=11084, stack(0x0000000020630000,0x0000000020730000)]
  0x000000001e179800 JavaThread "Service Thread" daemon [_thread_blocked, id=3240, stack(0x000000001e8f0000,0x000000001e9f0000)]
  0x000000001e173000 JavaThread "C1 CompilerThread2" daemon [_thread_blocked, id=7952, stack(0x000000001e7f0000,0x000000001e8f0000)]
=>0x000000001cab0800 JavaThread "C2 CompilerThread1" daemon [_thread_in_native, id=7004, stack(0x000000001e6f0000,0x000000001e7f0000)]
  0x000000001cab3000 JavaThread "C2 CompilerThread0" daemon [_thread_blocked, id=11016, stack(0x000000001e5f0000,0x000000001e6f0000)]
  0x000000001e133000 JavaThread "Monitor Ctrl-Break" daemon [_thread_in_native, id=12872, stack(0x000000001e4f0000,0x000000001e5f0000)]
  0x000000001ca83000 JavaThread "Attach Listener" daemon [_thread_blocked, id=10788, stack(0x000000001dff0000,0x000000001e0f0000)]
  0x000000001ca81800 JavaThread "Signal Dispatcher" daemon [_thread_blocked, id=2124, stack(0x000000001def0000,0x000000001dff0000)]
  0x000000001ca63000 JavaThread "Finalizer" daemon [_thread_blocked, id=11964, stack(0x000000001dcc0000,0x000000001ddc0000)]
  0x000000001ca5a000 JavaThread "Reference Handler" daemon [_thread_blocked, id=7524, stack(0x000000001dbc0000,0x000000001dcc0000)]
  0x000000000318a000 JavaThread "main" [_thread_blocked, id=3896, stack(0x0000000002f90000,0x0000000003090000)]

Other Threads:
  0x000000001ca35800 VMThread [stack: 0x000000001dac0000,0x000000001dbc0000] [id=2780]
  0x000000001e1d8000 WatcherThread [stack: 0x000000001e9f0000,0x000000001eaf0000] [id=4632]

VM state:not at safepoint (normal execution)

VM Mutex/Monitor currently owned by a thread: None

heap address: 0x00000006c1200000, size: 4078 MB, Compressed Oops mode: Zero based, Oop shift amount: 3
Narrow klass base: 0x0000000000000000, Narrow klass shift: 3
Compressed class space size: 1073741824 Address: 0x00000007c0000000

Heap:
 PSYoungGen      total 922112K, used 302278K [0x000000076b100000, 0x00000007b6280000, 0x00000007c0000000)
  eden space 751616K, 19% used [0x000000076b100000,0x00000007743c9900,0x0000000798f00000)
  from space 170496K, 89% used [0x0000000798f00000,0x00000007a2368000,0x00000007a3580000)
  to   space 190976K, 0% used [0x00000007aa800000,0x00000007aa800000,0x00000007b6280000)
 ParOldGen       total 310784K, used 208625K [0x00000006c1200000, 0x00000006d4180000, 0x000000076b100000)
  object space 310784K, 67% used [0x00000006c1200000,0x00000006cddbc620,0x00000006d4180000)
 Metaspace       used 58488K, capacity 69071K, committed 69248K, reserved 1110016K
  class space    used 6730K, capacity 9285K, committed 9344K, reserved 1048576K

Card table byte_map: [0x0000000012810000,0x0000000013010000] byte_map_base: 0x000000000f207000

Marking Bits: (ParMarkBitMap*) 0x000000006475f030
 Begin Bits: [0x0000000013960000, 0x0000000017918000)
 End Bits:   [0x0000000017918000, 0x000000001b8d0000)

Polling page: 0x00000000012d0000

CodeCache: size=245760Kb used=80326Kb max_used=81308Kb free=165433Kb
 bounds [0x0000000003450000, 0x00000000083f0000, 0x0000000012450000]
 total_blobs=11478 nmethods=10029 adapters=1357
 compilation: enabled

Compilation events (10 events):
Event: 23.516 Thread 0x000000001e173000 nmethod 13074 0x0000000006a7e1d0 code [0x0000000006a7e500, 0x0000000006a80028]
Event: 23.516 Thread 0x000000001e173000 13077       3       sun.nio.cs.StreamEncoder::implFlushBuffer (15 bytes)
Event: 23.516 Thread 0x000000001e173000 nmethod 13077 0x00000000041c9190 code [0x00000000041c9300, 0x00000000041c9568]
Event: 23.517 Thread 0x000000001cab0800 13078       4       androidx.appcompat.widget.TintTypedArray::obtainStyledAttributes (9 bytes)
Event: 23.528 Thread 0x000000001cab3000 13079       4       java.util.ArrayList::indexOf (67 bytes)
Event: 23.528 Thread 0x000000001e173000 13080       3       android.content.res.CompatibilityInfo::isScalingRequired (7 bytes)
Event: 23.529 Thread 0x000000001e173000 nmethod 13080 0x00000000058ed210 code [0x00000000058ed540, 0x00000000058ef058]
Event: 23.529 Thread 0x000000001e173000 13081       3       android.content.res.CompatibilityInfo::$$robo$$android_content_res_CompatibilityInfo$isScalingRequired (15 bytes)
Event: 23.529 Thread 0x000000001e173000 nmethod 13081 0x0000000003919610 code [0x0000000003919760, 0x0000000003919910]
Event: 23.530 Thread 0x000000001cab3000 nmethod 13079 0x0000000005ea1550 code [0x0000000005ea16a0, 0x0000000005ea18f8]

GC Heap History (10 events):
Event: 19.791 GC heap before
{Heap before GC invocations=24 (full 3):
 PSYoungGen      total 686080K, used 667744K [0x000000076b100000, 0x000000079cf80000, 0x00000007c0000000)
  eden space 592896K, 100% used [0x000000076b100000,0x000000078f400000,0x000000078f400000)
  from space 93184K, 80% used [0x0000000795700000,0x000000079a018000,0x000000079b200000)
  to   space 101376K, 0% used [0x000000078f400000,0x000000078f400000,0x0000000795700000)
 ParOldGen       total 310784K, used 174844K [0x00000006c1200000, 0x00000006d4180000, 0x000000076b100000)
  object space 310784K, 56% used [0x00000006c1200000,0x00000006cbcbf280,0x00000006d4180000)
 Metaspace       used 58121K, capacity 68585K, committed 68736K, reserved 1107968K
  class space    used 6729K, capacity 9284K, committed 9344K, reserved 1048576K
Event: 19.824 GC heap after
Heap after GC invocations=24 (full 3):
 PSYoungGen      total 694272K, used 94400K [0x000000076b100000, 0x00000007a2880000, 0x00000007c0000000)
  eden space 592896K, 0% used [0x000000076b100000,0x000000076b100000,0x000000078f400000)
  from space 101376K, 93% used [0x000000078f400000,0x0000000795030000,0x0000000795700000)
  to   space 115200K, 0% used [0x000000079b800000,0x000000079b800000,0x00000007a2880000)
 ParOldGen       total 310784K, used 174852K [0x00000006c1200000, 0x00000006d4180000, 0x000000076b100000)
  object space 310784K, 56% used [0x00000006c1200000,0x00000006cbcc1280,0x00000006d4180000)
 Metaspace       used 58121K, capacity 68585K, committed 68736K, reserved 1107968K
  class space    used 6729K, capacity 9284K, committed 9344K, reserved 1048576K
}
Event: 20.674 GC heap before
{Heap before GC invocations=25 (full 3):
 PSYoungGen      total 694272K, used 687296K [0x000000076b100000, 0x00000007a2880000, 0x00000007c0000000)
  eden space 592896K, 100% used [0x000000076b100000,0x000000078f400000,0x000000078f400000)
  from space 101376K, 93% used [0x000000078f400000,0x0000000795030000,0x0000000795700000)
  to   space 115200K, 0% used [0x000000079b800000,0x000000079b800000,0x00000007a2880000)
 ParOldGen       total 310784K, used 174852K [0x00000006c1200000, 0x00000006d4180000, 0x000000076b100000)
  object space 310784K, 56% used [0x00000006c1200000,0x00000006cbcc1280,0x00000006d4180000)
 Metaspace       used 58224K, capacity 68685K, committed 68992K, reserved 1110016K
  class space    used 6729K, capacity 9284K, committed 9344K, reserved 1048576K
Event: 20.719 GC heap after
Heap after GC invocations=25 (full 3):
 PSYoungGen      total 775680K, used 114208K [0x000000076b100000, 0x00000007a5200000, 0x00000007c0000000)
  eden space 660480K, 0% used [0x000000076b100000,0x000000076b100000,0x0000000793600000)
  from space 115200K, 99% used [0x000000079b800000,0x00000007a2788000,0x00000007a2880000)
  to   space 133120K, 0% used [0x0000000793600000,0x0000000793600000,0x000000079b800000)
 ParOldGen       total 310784K, used 174860K [0x00000006c1200000, 0x00000006d4180000, 0x000000076b100000)
  object space 310784K, 56% used [0x00000006c1200000,0x00000006cbcc3280,0x00000006d4180000)
 Metaspace       used 58224K, capacity 68685K, committed 68992K, reserved 1110016K
  class space    used 6729K, capacity 9284K, committed 9344K, reserved 1048576K
}
Event: 21.570 GC heap before
{Heap before GC invocations=26 (full 3):
 PSYoungGen      total 775680K, used 774688K [0x000000076b100000, 0x00000007a5200000, 0x00000007c0000000)
  eden space 660480K, 100% used [0x000000076b100000,0x0000000793600000,0x0000000793600000)
  from space 115200K, 99% used [0x000000079b800000,0x00000007a2788000,0x00000007a2880000)
  to   space 133120K, 0% used [0x0000000793600000,0x0000000793600000,0x000000079b800000)
 ParOldGen       total 310784K, used 174860K [0x00000006c1200000, 0x00000006d4180000, 0x000000076b100000)
  object space 310784K, 56% used [0x00000006c1200000,0x00000006cbcc3280,0x00000006d4180000)
 Metaspace       used 58286K, capacity 68805K, committed 68992K, reserved 1110016K
  class space    used 6730K, capacity 9284K, committed 9344K, reserved 1048576K
Event: 21.611 GC heap after
Heap after GC invocations=26 (full 3):
 PSYoungGen      total 793600K, used 133120K [0x000000076b100000, 0x00000007acd80000, 0x00000007c0000000)
  eden space 660480K, 0% used [0x000000076b100000,0x000000076b100000,0x0000000793600000)
  from space 133120K, 100% used [0x0000000793600000,0x000000079b800000,0x000000079b800000)
  to   space 155648K, 0% used [0x00000007a3580000,0x00000007a3580000,0x00000007acd80000)
 ParOldGen       total 310784K, used 177710K [0x00000006c1200000, 0x00000006d4180000, 0x000000076b100000)
  object space 310784K, 57% used [0x00000006c1200000,0x00000006cbf8b9e0,0x00000006d4180000)
 Metaspace       used 58286K, capacity 68805K, committed 68992K, reserved 1110016K
  class space    used 6730K, capacity 9284K, committed 9344K, reserved 1048576K
}
Event: 22.467 GC heap before
{Heap before GC invocations=27 (full 3):
 PSYoungGen      total 793600K, used 793600K [0x000000076b100000, 0x00000007acd80000, 0x00000007c0000000)
  eden space 660480K, 100% used [0x000000076b100000,0x0000000793600000,0x0000000793600000)
  from space 133120K, 100% used [0x0000000793600000,0x000000079b800000,0x000000079b800000)
  to   space 155648K, 0% used [0x00000007a3580000,0x00000007a3580000,0x00000007acd80000)
 ParOldGen       total 310784K, used 177710K [0x00000006c1200000, 0x00000006d4180000, 0x000000076b100000)
  object space 310784K, 57% used [0x00000006c1200000,0x00000006cbf8b9e0,0x00000006d4180000)
 Metaspace       used 58338K, capacity 68823K, committed 68992K, reserved 1110016K
  class space    used 6730K, capacity 9285K, committed 9344K, reserved 1048576K
Event: 22.519 GC heap after
Heap after GC invocations=27 (full 3):
 PSYoungGen      total 907264K, used 126400K [0x000000076b100000, 0x00000007af100000, 0x00000007c0000000)
  eden space 751616K, 0% used [0x000000076b100000,0x000000076b100000,0x0000000798f00000)
  from space 155648K, 81% used [0x00000007a3580000,0x00000007ab0f0000,0x00000007acd80000)
  to   space 170496K, 0% used [0x0000000798f00000,0x0000000798f00000,0x00000007a3580000)
 ParOldGen       total 310784K, used 208617K [0x00000006c1200000, 0x00000006d4180000, 0x000000076b100000)
  object space 310784K, 67% used [0x00000006c1200000,0x00000006cddba620,0x00000006d4180000)
 Metaspace       used 58338K, capacity 68823K, committed 68992K, reserved 1110016K
  class space    used 6730K, capacity 9285K, committed 9344K, reserved 1048576K
}
Event: 23.342 GC heap before
{Heap before GC invocations=28 (full 3):
 PSYoungGen      total 907264K, used 878016K [0x000000076b100000, 0x00000007af100000, 0x00000007c0000000)
  eden space 751616K, 100% used [0x000000076b100000,0x0000000798f00000,0x0000000798f00000)
  from space 155648K, 81% used [0x00000007a3580000,0x00000007ab0f0000,0x00000007acd80000)
  to   space 170496K, 0% used [0x0000000798f00000,0x0000000798f00000,0x00000007a3580000)
 ParOldGen       total 310784K, used 208617K [0x00000006c1200000, 0x00000006d4180000, 0x000000076b100000)
  object space 310784K, 67% used [0x00000006c1200000,0x00000006cddba620,0x00000006d4180000)
 Metaspace       used 58471K, capacity 69071K, committed 69248K, reserved 1110016K
  class space    used 6730K, capacity 9285K, committed 9344K, reserved 1048576K
Event: 23.381 GC heap after
Heap after GC invocations=28 (full 3):
 PSYoungGen      total 922112K, used 151968K [0x000000076b100000, 0x00000007b6280000, 0x00000007c0000000)
  eden space 751616K, 0% used [0x000000076b100000,0x000000076b100000,0x0000000798f00000)
  from space 170496K, 89% used [0x0000000798f00000,0x00000007a2368000,0x00000007a3580000)
  to   space 190976K, 0% used [0x00000007aa800000,0x00000007aa800000,0x00000007b6280000)
 ParOldGen       total 310784K, used 208625K [0x00000006c1200000, 0x00000006d4180000, 0x000000076b100000)
  object space 310784K, 67% used [0x00000006c1200000,0x00000006cddbc620,0x00000006d4180000)
 Metaspace       used 58471K, capacity 69071K, committed 69248K, reserved 1110016K
  class space    used 6730K, capacity 9285K, committed 9344K, reserved 1048576K
}

Deoptimization events (10 events):
Event: 8.945 Thread 0x000000001f45c000 Uncommon trap: reason=array_check action=maybe_recompile pc=0x0000000005ec8d7c method=android.text.SpannableStringBuilder.$$robo$$android_text_SpannableStringBuilder$sort([Ljava/lang/Object;[I[I)V @ 62
Event: 9.512 Thread 0x000000001f45c000 Uncommon trap: reason=speculate_class_check action=maybe_recompile pc=0x00000000044517ec method=android.text.Layout.$$robo$$android_text_Layout$__constructor__(Ljava/lang/CharSequence;Landroid/text/TextPaint;ILandroid/text/Layout$Alignment;Landroid/text/T
Event: 9.513 Thread 0x000000001f45c000 Uncommon trap: reason=speculate_class_check action=maybe_recompile pc=0x00000000044517ec method=android.text.Layout.$$robo$$android_text_Layout$__constructor__(Ljava/lang/CharSequence;Landroid/text/TextPaint;ILandroid/text/Layout$Alignment;Landroid/text/T
Event: 9.513 Thread 0x000000001f45c000 Uncommon trap: reason=speculate_class_check action=maybe_recompile pc=0x00000000044517ec method=android.text.Layout.$$robo$$android_text_Layout$__constructor__(Ljava/lang/CharSequence;Landroid/text/TextPaint;ILandroid/text/Layout$Alignment;Landroid/text/T
Event: 9.514 Thread 0x000000001f45c000 Uncommon trap: reason=speculate_class_check action=maybe_recompile pc=0x00000000044517ec method=android.text.Layout.$$robo$$android_text_Layout$__constructor__(Ljava/lang/CharSequence;Landroid/text/TextPaint;ILandroid/text/Layout$Alignment;Landroid/text/T
Event: 13.641 Thread 0x000000001f45c000 Uncommon trap: reason=array_check action=maybe_recompile pc=0x0000000003d8bff8 method=com.android.internal.util.GrowingArrayUtils.$$robo$$com_android_internal_util_GrowingArrayUtils$append([Ljava/lang/Object;ILjava/lang/Object;)[Ljava/lang/Object; @ 58
Event: 13.694 Thread 0x000000001f45c000 Uncommon trap: reason=array_check action=maybe_recompile pc=0x0000000003d8bff8 method=com.android.internal.util.GrowingArrayUtils.$$robo$$com_android_internal_util_GrowingArrayUtils$append([Ljava/lang/Object;ILjava/lang/Object;)[Ljava/lang/Object; @ 58
Event: 13.742 Thread 0x000000001f45c000 Uncommon trap: reason=array_check action=maybe_recompile pc=0x0000000003d8bff8 method=com.android.internal.util.GrowingArrayUtils.$$robo$$com_android_internal_util_GrowingArrayUtils$append([Ljava/lang/Object;ILjava/lang/Object;)[Ljava/lang/Object; @ 58
Event: 13.742 Thread 0x000000001f45c000 Uncommon trap: reason=array_check action=maybe_recompile pc=0x0000000003d8bff8 method=com.android.internal.util.GrowingArrayUtils.$$robo$$com_android_internal_util_GrowingArrayUtils$append([Ljava/lang/Object;ILjava/lang/Object;)[Ljava/lang/Object; @ 58
Event: 20.767 Thread 0x000000001f45c000 Uncommon trap: reason=unstable_if action=reinterpret pc=0x0000000004c8624c method=android.os.MessageQueue.$$robo$$android_os_MessageQueue$next()Landroid/os/Message; @ 86

Classes redefined (0 events):
No events

Internal exceptions (10 events):
Event: 2.920 Thread 0x000000001f45c000 Exception <a 'java/lang/NoSuchFieldError': method resolution failed> (0x000000076d7ca680) thrown at [C:\src\AOSP-openjdk-git\hotspot\src\share\vm\prims\methodHandles.cpp, line 1167]
Event: 3.519 Thread 0x000000001f45c000 Exception <a 'sun/nio/fs/WindowsException'> (0x0000000770fdc8e8) thrown at [C:\src\AOSP-openjdk-git\hotspot\src\share\vm\prims\jni.cpp, line 710]
Event: 3.626 Thread 0x000000001f45c000 Implicit null exception at 0x0000000003ecd875 to 0x0000000003ece23b
Event: 3.707 Thread 0x000000001f45c000 Exception <a 'java/lang/NoSuchFieldError': method resolution failed> (0x0000000778094c68) thrown at [C:\src\AOSP-openjdk-git\hotspot\src\share\vm\prims\methodHandles.cpp, line 1167]
Event: 4.400 Thread 0x0000000023689800 Exception <a 'java/lang/NoSuchFieldError': method resolution failed> (0x0000000770b75ac0) thrown at [C:\src\AOSP-openjdk-git\hotspot\src\share\vm\prims\methodHandles.cpp, line 1167]
Event: 4.400 Thread 0x0000000023689800 Implicit null exception at 0x000000000391cd1c to 0x000000000391cf6d
Event: 4.591 Thread 0x000000001f45c000 Exception <a 'java/lang/NoSuchFieldError': method resolution failed> (0x000000077419c520) thrown at [C:\src\AOSP-openjdk-git\hotspot\src\share\vm\prims\methodHandles.cpp, line 1167]
Event: 5.121 Thread 0x000000001f45c000 Exception <a 'java/lang/NoSuchMethodError': java.lang.Object.lambda$comparingDouble$8dcf42ea$1(Ljava/util/function/ToDoubleFunction;Ljava/lang/Object;Ljava/lang/Object;)I> (0x000000076d42e178) thrown at [C:\src\AOSP-openjdk-git\hotspot\src\share\vm\interp
Event: 5.544 Thread 0x000000001f45c000 Exception <a 'java/lang/NoSuchFieldError': method resolution failed> (0x0000000773e63670) thrown at [C:\src\AOSP-openjdk-git\hotspot\src\share\vm\prims\methodHandles.cpp, line 1167]
Event: 5.603 Thread 0x000000001f45c000 Exception <a 'java/lang/NoSuchFieldError': method resolution failed> (0x0000000774aaad90) thrown at [C:\src\AOSP-openjdk-git\hotspot\src\share\vm\prims\methodHandles.cpp, line 1167]

Events (10 events):
Event: 23.464 Thread 0x000000001e173000 flushing nmethod 0x0000000006101090
Event: 23.464 Thread 0x000000001e173000 flushing nmethod 0x0000000006229690
Event: 23.465 Thread 0x000000001e173000 flushing nmethod 0x00000000063e5a50
Event: 23.465 Thread 0x000000001e173000 flushing nmethod 0x000000000640e450
Event: 23.465 Thread 0x000000001e173000 flushing nmethod 0x0000000006634bd0
Event: 23.465 Thread 0x000000001e173000 flushing nmethod 0x000000000671d3d0
Event: 23.465 Thread 0x000000001e173000 flushing nmethod 0x00000000068d7ed0
Event: 23.466 Thread 0x000000001e173000 flushing nmethod 0x0000000006986110
Event: 23.466 Thread 0x000000001e173000 flushing nmethod 0x0000000006990390
Event: 23.466 Thread 0x000000001e173000 flushing nmethod 0x0000000006a7de10


Dynamic libraries:
0x00007ff601870000 - 0x00007ff6018a1000 	C:\Program Files\Android\Android Studio\jre\bin\java.exe
0x00007ffc160e0000 - 0x00007ffc162d0000 	C:\WINDOWS\SYSTEM32\ntdll.dll
0x00007ffc14780000 - 0x00007ffc14832000 	C:\WINDOWS\System32\KERNEL32.DLL
0x00007ffc13280000 - 0x00007ffc13525000 	C:\WINDOWS\System32\KERNELBASE.dll
0x00007ffc14190000 - 0x00007ffc14233000 	C:\WINDOWS\System32\ADVAPI32.dll
0x00007ffc152e0000 - 0x00007ffc1537e000 	C:\WINDOWS\System32\msvcrt.dll
0x00007ffc15500000 - 0x00007ffc15597000 	C:\WINDOWS\System32\sechost.dll
0x00007ffc15f80000 - 0x00007ffc160a0000 	C:\WINDOWS\System32\RPCRT4.dll
0x00007ffc150d0000 - 0x00007ffc15264000 	C:\WINDOWS\System32\USER32.dll
0x00007ffc13580000 - 0x00007ffc135a1000 	C:\WINDOWS\System32\win32u.dll
0x00007ffc15f50000 - 0x00007ffc15f76000 	C:\WINDOWS\System32\GDI32.dll
0x00007ffc13e20000 - 0x00007ffc13fb6000 	C:\WINDOWS\System32\gdi32full.dll
0x00007ffc13d80000 - 0x00007ffc13e1e000 	C:\WINDOWS\System32\msvcp_win.dll
0x00007ffc13070000 - 0x00007ffc1316a000 	C:\WINDOWS\System32\ucrtbase.dll
0x00007ffc02e60000 - 0x00007ffc030e4000 	C:\WINDOWS\WinSxS\amd64_microsoft.windows.common-controls_6595b64144ccf1df_6.0.18362.1139_none_9e7bf2d3e4605ac6\COMCTL32.dll
0x00007ffc159e0000 - 0x00007ffc15d15000 	C:\WINDOWS\System32\combase.dll
0x00007ffc13fc0000 - 0x00007ffc14040000 	C:\WINDOWS\System32\bcryptPrimitives.dll
0x00007ffc154d0000 - 0x00007ffc154fe000 	C:\WINDOWS\System32\IMM32.DLL
0x0000000063eb0000 - 0x0000000063f82000 	C:\Program Files\Android\Android Studio\jre\jre\bin\msvcr100.dll
0x0000000063f90000 - 0x00000000647db000 	C:\Program Files\Android\Android Studio\jre\jre\bin\server\jvm.dll
0x00007ffc157c0000 - 0x00007ffc157c8000 	C:\WINDOWS\System32\PSAPI.DLL
0x00007ffbfbad0000 - 0x00007ffbfbad9000 	C:\WINDOWS\SYSTEM32\WSOCK32.dll
0x00007ffc11080000 - 0x00007ffc110a4000 	C:\WINDOWS\SYSTEM32\WINMM.dll
0x00007ffc15270000 - 0x00007ffc152df000 	C:\WINDOWS\System32\WS2_32.dll
0x00007ffc0cd70000 - 0x00007ffc0cd7a000 	C:\WINDOWS\SYSTEM32\VERSION.dll
0x00007ffc11050000 - 0x00007ffc1107d000 	C:\WINDOWS\SYSTEM32\WINMMBASE.dll
0x00007ffc135b0000 - 0x00007ffc135fa000 	C:\WINDOWS\System32\cfgmgr32.dll
0x00007ffc0f810000 - 0x00007ffc0f81f000 	C:\Program Files\Android\Android Studio\jre\jre\bin\verify.dll
0x00007ffc0f7e0000 - 0x00007ffc0f809000 	C:\Program Files\Android\Android Studio\jre\jre\bin\java.dll
0x00007ffbf29f0000 - 0x00007ffbf2a13000 	C:\Program Files\Android\Android Studio\jre\jre\bin\instrument.dll
0x00007ffc0efb0000 - 0x00007ffc0efc6000 	C:\Program Files\Android\Android Studio\jre\jre\bin\zip.dll
0x00007ffc148b0000 - 0x00007ffc14f97000 	C:\WINDOWS\System32\SHELL32.dll
0x00007ffc15d20000 - 0x00007ffc15dc9000 	C:\WINDOWS\System32\shcore.dll
0x00007ffc13600000 - 0x00007ffc13d80000 	C:\WINDOWS\System32\windows.storage.dll
0x00007ffc13020000 - 0x00007ffc13043000 	C:\WINDOWS\System32\profapi.dll
0x00007ffc12fd0000 - 0x00007ffc1301a000 	C:\WINDOWS\System32\powrprof.dll
0x00007ffc12fa0000 - 0x00007ffc12fb0000 	C:\WINDOWS\System32\UMPDC.dll
0x00007ffc15980000 - 0x00007ffc159d2000 	C:\WINDOWS\System32\shlwapi.dll
0x00007ffc13050000 - 0x00007ffc13061000 	C:\WINDOWS\System32\kernel.appcore.dll
0x00007ffc13530000 - 0x00007ffc13547000 	C:\WINDOWS\System32\cryptsp.dll
0x00007ffc0b470000 - 0x00007ffc0b48a000 	C:\Program Files\Android\Android Studio\bin\breakgen64.dll
0x00007ffc0ef90000 - 0x00007ffc0efaa000 	C:\Program Files\Android\Android Studio\jre\jre\bin\net.dll
0x00007ffc12790000 - 0x00007ffc127f7000 	C:\WINDOWS\system32\mswsock.dll
0x00007ffc0ef70000 - 0x00007ffc0ef83000 	C:\Program Files\Android\Android Studio\jre\jre\bin\nio.dll
0x00007ffc12300000 - 0x00007ffc12333000 	C:\WINDOWS\system32\rsaenh.dll
0x00007ffc13550000 - 0x00007ffc13576000 	C:\WINDOWS\System32\bcrypt.dll
0x00007ffc12e80000 - 0x00007ffc12ea5000 	C:\WINDOWS\SYSTEM32\USERENV.dll
0x00007ffc129c0000 - 0x00007ffc129cc000 	C:\WINDOWS\SYSTEM32\CRYPTBASE.dll
0x00007ffc124a0000 - 0x00007ffc124da000 	C:\WINDOWS\SYSTEM32\IPHLPAPI.DLL
0x00007ffc148a0000 - 0x00007ffc148a8000 	C:\WINDOWS\System32\NSI.dll
0x00007ffc0b910000 - 0x00007ffc0b926000 	C:\WINDOWS\SYSTEM32\dhcpcsvc6.DLL
0x00007ffc0c650000 - 0x00007ffc0c66c000 	C:\WINDOWS\SYSTEM32\dhcpcsvc.DLL
0x00007ffc124e0000 - 0x00007ffc125ab000 	C:\WINDOWS\SYSTEM32\DNSAPI.dll
0x00007ffc0b030000 - 0x00007ffc0b054000 	C:\Program Files\Android\Android Studio\jre\jre\bin\sunec.dll
0x00007ffc0b0e0000 - 0x00007ffc0b0eb000 	C:\Program Files\Android\Android Studio\jre\jre\bin\sunmscapi.dll
0x00007ffc14040000 - 0x00007ffc14189000 	C:\WINDOWS\System32\CRYPT32.dll
0x00007ffc12fb0000 - 0x00007ffc12fc2000 	C:\WINDOWS\System32\MSASN1.dll
0x00007ffbfc020000 - 0x00007ffbfc214000 	C:\WINDOWS\SYSTEM32\dbghelp.dll

VM Arguments:
jvm_args: -ea -Didea.test.cyclic.buffer.size=1048576 -javaagent:C:\Program Files\Android\Android Studio\lib\idea_rt.jar=52306:C:\Program Files\Android\Android Studio\bin -Dfile.encoding=UTF-8 
java_command: com.intellij.rt.junit.JUnitStarter -ideVersion5 -junit4 com.example.titancalculator.MainActivityTest,testTrigoAndHyperFunctions
java_class_path (initial): C:\Program Files\Android\Android Studio\lib\idea_rt.jar;C:\Program Files\Android\Android Studio\plugins\junit\lib\junit5-rt.jar;C:\Program Files\Android\Android Studio\plugins\junit\lib\junit-rt.jar;C:\Users\johan\AppData\Local\Android\Sdk\platforms\android-28\data\res;C:\Users\johan\GitHub\Emerald-Calculator\app\build\intermediates\javac\debugUnitTest\classes;C:\Users\johan\GitHub\Emerald-Calculator\app\build\intermediates\javac\debug\classes;C:\Users\johan\GitHub\Emerald-Calculator\app\build\intermediates\compile_and_runtime_not_namespaced_r_class_jar\debug\R.jar;C:\Users\johan\GitHub\Emerald-Calculator\app\build\intermediates\unit_test_config_directory\debugUnitTest\out;C:\Users\johan\GitHub\Emerald-Calculator\app\build\intermediates\compile_and_runtime_not_namespaced_r_class_jar\debugAndroidTest\R.jar;C:\Users\johan\.gradle\caches\modules-2\files-2.1\junit\junit\4.12\2973d150c0dc1fefe998f834810d68f278ea58ec\junit-4.12.jar;C:\Users\johan\.gradle\caches\modules-2\files-2.1\org.hamcrest\hamcrest-library\1.3\4785a3c21320980282f9f33d0d1264a69040538f\hamcrest-library-1.3.jar;C:\Users\johan\.gradle\caches\modules-2\files-2.1\org.hamcrest\hamcrest-core\1.3\42a25dc3219429f0e5d060061f71acb49bf010a0\hamcrest-core-1.3.jar;C:\Users\johan\.gradle\caches\modules-2\files-2.1\javax.inject\javax.inject\1\6975da39a7040257bd51d21a231b76c915872d38\javax.inject-1.jar;C:\Users\johan\.gradle\caches\modules-2\files-2.1\org.robolectric\robolectric\4.5-alpha-3\972e13854423857316cd23f6b96888502824032b\robolectric-4.5-alpha-3.jar;C:\Users\johan\.gradle\caches\modules-2\files-2.1\org.robolectric\shadows-framework\4.5-alpha-3\b73f33f3abaac4f5d446675f8cb5c3071e17a57f\shadows-framework-4.5-alpha-3.jar;C:\Users\johan\.gradle\caches\modules-2\files-2.1\org.robolectric\resources\4.5-alpha-3\1aa8990d596e950ce5664e007531d27e73cb6505\resources-4.5-alpha-3.jar;C:\Users\johan\.gradle\caches\modules-2\files-2.1\org.robolectric\junit\4.5-alpha-3\1197f214c26bd8055253ea2f5c6da2
Launcher Type: SUN_STANDARD

Environment Variables:
PATH=C:\Program Files (x86)\Common Files\Oracle\Java\javapath;C:\WINDOWS\system32;C:\WINDOWS;C:\WINDOWS\System32\Wbem;C:\WINDOWS\System32\WindowsPowerShell\v1.0\;C:\WINDOWS\System32\OpenSSH\;C:\Program Files\Git\cmd;C:\Program Files (x86)\Calibre2\;C:\Users\johan\AppData\Local\Microsoft\WindowsApps;C:\Users\johan\AppData\Local\GitHubDesktop\bin;C:\Program Files\JetBrains\IntelliJ IDEA Community Edition 2020.2.3\bin;
USERNAME=johan
OS=Windows_NT
PROCESSOR_IDENTIFIER=Intel64 Family 6 Model 158 Stepping 11, GenuineIntel



---------------  S Y S T E M  ---------------

OS: Windows 10.0 , 64 bit Build 18362 (10.0.18362.1110)

CPU:total 4 (initial active 4) (4 cores per cpu, 1 threads per core) family 6 model 158 stepping 11, cmov, cx8, fxsr, mmx, sse, sse2, sse3, ssse3, sse4.1, sse4.2, popcnt, avx, avx2, aes, clmul, erms, 3dnowpref, lzcnt, tsc, tscinvbit, bmi1, bmi2, adx

Memory: 4k page, physical 16696028k(4000340k free), swap 19186396k(2468760k free)

vm_info: OpenJDK 64-Bit Server VM (25.242-b01) for windows-amd64 JRE (1.8.0_242-release-1644-b01), built by "builder" with MS VC++ 10.0 (VS2010)

time: Mon Nov 16 11:43:51 2020
timezone: Mitteleuropäische Zeit
elapsed time: 23 seconds (0d 0h 0m 23s)

