#
# A fatal error has been detected by the Java Runtime Environment:
#
#  EXCEPTION_ACCESS_VIOLATION (0xc0000005) at pc=0x0000000070298180, pid=12776, tid=0x0000000000003474
#
# JRE version: OpenJDK Runtime Environment (8.0_242-b01) (build 1.8.0_242-release-1644-b01)
# Java VM: OpenJDK 64-Bit Server VM (25.242-b01 mixed mode windows-amd64 compressed oops)
# Problematic frame:
# V  [jvm.dll+0x4c8180]
#
# Failed to write core dump. Minidumps are not enabled by default on client versions of Windows
#
# If you would like to submit a bug report, please visit:
#   
#

---------------  T H R E A D  ---------------

Current thread (0x000000001d943800):  JavaThread "C2 CompilerThread0" daemon [_thread_in_native, id=13428, stack(0x000000001de00000,0x000000001df00000)]

siginfo: ExceptionCode=0xc0000005, reading address 0x000000000000002c

Registers:
RAX=0x000000001f367b18, RBX=0x0000000020278c10, RCX=0x0000000000000000, RDX=0x0000000000000113
RSP=0x000000001def8f78, RBP=0x000000002e057770, RSI=0x0000000000000000, RDI=0x000000002b24d0d0
R8 =0x000000001c1aab28, R9 =0x0000000000000002, R10=0x000000001c1aa570, R11=0x000000001def8ed0
R12=0x0000000000000001, R13=0x000000002783aa18, R14=0x000000001def90c0, R15=0x000000001def9150
RIP=0x0000000070298180, EFLAGS=0x0000000000010202

Top of Stack: (sp=0x000000001def8f78)
0x000000001def8f78:   00000000701fa2ea 0000000020278c10
0x000000001def8f88:   000000002e057770 000000002e054620
0x000000001def8f98:   00000000701f9d2e 000000001def9010
0x000000001def8fa8:   000000001def9010 000000002e054620
0x000000001def8fb8:   0000000000000000 000000001def9040
0x000000001def8fc8:   00000000701fac42 000000002e057770
0x000000001def8fd8:   0000000000000024 000000002a16ea50
0x000000001def8fe8:   0000000020278c10 000000002a16ea50
0x000000001def8ff8:   000000001def9150 000000001def9010
0x000000001def9008:   000000001def90c0 0000000000000000
0x000000001def9018:   0000000000000000 0000000000000000
0x000000001def9028:   0000000000000000 0000000000000000
0x000000001def9038:   0000000000000000 00000000fffffffc
0x000000001def9048:   00000000000000b7 0000000000000000
0x000000001def9058:   000000001defe990 000000001def9170
0x000000001def9068:   000000007021f3be 000000002e057770 

Instructions: (pc=0x0000000070298180)
0x0000000070298160:   40 f8 75 ec 41 ff 4a 18 49 8b 42 08 41 8b 4a 18
0x0000000070298170:   48 8b 5c 24 08 48 c7 04 c8 00 00 00 00 c3 cc cc
0x0000000070298180:   0f b7 51 2c 0f b6 c2 24 1f 3c 14 74 08 80 e2 3f
0x0000000070298190:   80 fa 24 75 28 83 79 18 02 75 22 0f b7 51 2c 0f 


Register to memory mapping:

RAX=0x000000001f367b18 is an unknown value
RBX=0x0000000020278c10 is an unknown value
RCX=0x0000000000000000 is an unknown value
RDX=0x0000000000000113 is an unknown value
RSP=0x000000001def8f78 is pointing into the stack for thread: 0x000000001d943800
RBP=0x000000002e057770 is an unknown value
RSI=0x0000000000000000 is an unknown value
RDI=0x000000002b24d0d0 is an unknown value
R8 =0x000000001c1aab28 is an unknown value
R9 =0x0000000000000002 is an unknown value
R10=0x000000001c1aa570 is an unknown value
R11=0x000000001def8ed0 is pointing into the stack for thread: 0x000000001d943800
R12=0x0000000000000001 is an unknown value
R13=0x000000002783aa18 is an unknown value
R14=0x000000001def90c0 is pointing into the stack for thread: 0x000000001d943800
R15=0x000000001def9150 is pointing into the stack for thread: 0x000000001d943800


Stack: [0x000000001de00000,0x000000001df00000],  sp=0x000000001def8f78,  free space=995k
Native frames: (J=compiled Java code, j=interpreted, Vv=VM code, C=native code)
V  [jvm.dll+0x4c8180]


Current CompileTask:
C2:  21316 13382   !   4       androidx.appcompat.widget.AppCompatBackgroundHelper::$$robo$$androidx_appcompat_widget_AppCompatBackgroundHelper$loadFromAttributes (140 bytes)


---------------  P R O C E S S  ---------------

Java Threads: ( => current thread )
  0x000000001eb68800 JavaThread "magnifier pixel copy result handler" [_thread_blocked, id=1368, stack(0x0000000021480000,0x0000000021580000)]
  0x000000001ee3d800 JavaThread "SDK 28 Main Thread" [_thread_in_Java, id=8780, stack(0x000000001fe40000,0x000000001ff40000)]
  0x000000001d984800 JavaThread "Service Thread" daemon [_thread_blocked, id=4572, stack(0x000000001e100000,0x000000001e200000)]
  0x000000001c1cc000 JavaThread "C1 CompilerThread2" daemon [_thread_blocked, id=10520, stack(0x000000001e000000,0x000000001e100000)]
  0x000000001c1c8800 JavaThread "C2 CompilerThread1" daemon [_thread_in_native, id=4136, stack(0x000000001df00000,0x000000001e000000)]
=>0x000000001d943800 JavaThread "C2 CompilerThread0" daemon [_thread_in_native, id=13428, stack(0x000000001de00000,0x000000001df00000)]
  0x000000001c1cb800 JavaThread "Monitor Ctrl-Break" daemon [_thread_in_native, id=13668, stack(0x000000001dd00000,0x000000001de00000)]
  0x000000001c194800 JavaThread "Attach Listener" daemon [_thread_blocked, id=11352, stack(0x000000001d800000,0x000000001d900000)]
  0x000000001c193000 JavaThread "Signal Dispatcher" daemon [_thread_blocked, id=1404, stack(0x000000001d700000,0x000000001d800000)]
  0x000000001c172800 JavaThread "Finalizer" daemon [_thread_blocked, id=14056, stack(0x000000001d3d0000,0x000000001d4d0000)]
  0x000000001c169000 JavaThread "Reference Handler" daemon [_thread_blocked, id=6176, stack(0x000000001d2d0000,0x000000001d3d0000)]
  0x00000000028ca000 JavaThread "main" [_thread_blocked, id=13392, stack(0x00000000026e0000,0x00000000027e0000)]

Other Threads:
  0x000000001c147000 VMThread [stack: 0x000000001d1d0000,0x000000001d2d0000] [id=9336]
  0x000000001d9d0800 WatcherThread [stack: 0x000000001e200000,0x000000001e300000] [id=13692]

VM state:not at safepoint (normal execution)

VM Mutex/Monitor currently owned by a thread: None

heap address: 0x00000006c1200000, size: 4078 MB, Compressed Oops mode: Zero based, Oop shift amount: 3
Narrow klass base: 0x0000000000000000, Narrow klass shift: 3
Compressed class space size: 1073741824 Address: 0x00000007c0000000

Heap:
 PSYoungGen      total 871936K, used 526007K [0x000000076b100000, 0x00000007beb80000, 0x00000007c0000000)
  eden space 812032K, 57% used [0x000000076b100000,0x000000078789dfb8,0x000000079ca00000)
  from space 59904K, 99% used [0x000000079ca00000,0x00000007a0410020,0x00000007a0480000)
  to   space 278528K, 0% used [0x00000007adb80000,0x00000007adb80000,0x00000007beb80000)
 ParOldGen       total 531968K, used 274410K [0x00000006c1200000, 0x00000006e1980000, 0x000000076b100000)
  object space 531968K, 51% used [0x00000006c1200000,0x00000006d1dfab00,0x00000006e1980000)
 Metaspace       used 62050K, capacity 73568K, committed 73600K, reserved 1114112K
  class space    used 7021K, capacity 9846K, committed 9856K, reserved 1048576K

Card table byte_map: [0x0000000011f20000,0x0000000012720000] byte_map_base: 0x000000000e917000

Marking Bits: (ParMarkBitMap*) 0x000000007059f030
 Begin Bits: [0x0000000013070000, 0x0000000017028000)
 End Bits:   [0x0000000017028000, 0x000000001afe0000)

Polling page: 0x0000000000d60000

CodeCache: size=245760Kb used=81358Kb max_used=81358Kb free=164401Kb
 bounds [0x0000000002b60000, 0x0000000007b10000, 0x0000000011b60000]
 total_blobs=11789 nmethods=10309 adapters=1388
 compilation: enabled

Compilation events (10 events):
Event: 21.280 Thread 0x000000001c1c8800 13381       4       androidx.appcompat.widget.AppCompatBackgroundHelper::loadFromAttributes (9 bytes)
Event: 21.282 Thread 0x000000001d943800 nmethod 13375 0x0000000007aea210 code [0x0000000007aea440, 0x0000000007aead40]
Event: 21.282 Thread 0x000000001d943800 13382   !   4       androidx.appcompat.widget.AppCompatBackgroundHelper::$$robo$$androidx_appcompat_widget_AppCompatBackgroundHelper$loadFromAttributes (140 bytes)
Event: 21.283 Thread 0x000000001c1cc000 nmethod 13377 0x0000000007aee1d0 code [0x0000000007aeea60, 0x0000000007af4f88]
Event: 21.283 Thread 0x000000001c1cc000 13378       3       android.widget.TextView::isMultilineInputType (7 bytes)
Event: 21.284 Thread 0x000000001c1cc000 nmethod 13378 0x0000000007ac38d0 code [0x0000000007ac3b80, 0x0000000007ac4da8]
Event: 21.284 Thread 0x000000001c1cc000 13379       3       android.widget.Editor::adjustInputType (12 bytes)
Event: 21.286 Thread 0x000000001c1cc000 nmethod 13379 0x0000000007afac50 code [0x0000000007afaf80, 0x0000000007afca08]
Event: 21.295 Thread 0x000000001c1cc000 13386       3       android.view.DisplayAdjustments::$$robo$$android_view_DisplayAdjustments$__constructor__ (44 bytes)
Event: 21.298 Thread 0x000000001c1cc000 nmethod 13386 0x0000000007afe390 code [0x0000000007afe9e0, 0x0000000007b030c8]

GC Heap History (10 events):
Event: 18.271 GC heap before
{Heap before GC invocations=27 (full 3):
 PSYoungGen      total 912384K, used 888544K [0x000000076b100000, 0x00000007be180000, 0x00000007c0000000)
  eden space 680960K, 100% used [0x000000076b100000,0x0000000794a00000,0x0000000794a00000)
  from space 231424K, 89% used [0x0000000794a00000,0x00000007a14b8010,0x00000007a2c00000)
  to   space 261632K, 0% used [0x00000007ae200000,0x00000007ae200000,0x00000007be180000)
 ParOldGen       total 317952K, used 67573K [0x00000006c1200000, 0x00000006d4880000, 0x000000076b100000)
  object space 317952K, 21% used [0x00000006c1200000,0x00000006c53fd540,0x00000006d4880000)
 Metaspace       used 59704K, capacity 70266K, committed 70400K, reserved 1110016K
  class space    used 6883K, capacity 9444K, committed 9472K, reserved 1048576K
Event: 18.362 GC heap after
Heap after GC invocations=27 (full 3):
 PSYoungGen      total 1075200K, used 207263K [0x000000076b100000, 0x00000007c0000000, 0x00000007c0000000)
  eden space 813568K, 0% used [0x000000076b100000,0x000000076b100000,0x000000079cb80000)
  from space 261632K, 79% used [0x00000007ae200000,0x00000007bac67dd8,0x00000007be180000)
  to   space 285184K, 0% used [0x000000079cb80000,0x000000079cb80000,0x00000007ae200000)
 ParOldGen       total 317952K, used 87364K [0x00000006c1200000, 0x00000006d4880000, 0x000000076b100000)
  object space 317952K, 27% used [0x00000006c1200000,0x00000006c6751208,0x00000006d4880000)
 Metaspace       used 59704K, capacity 70266K, committed 70400K, reserved 1110016K
  class space    used 6883K, capacity 9444K, committed 9472K, reserved 1048576K
}
Event: 18.369 GC heap before
{Heap before GC invocations=28 (full 3):
 PSYoungGen      total 1075200K, used 229331K [0x000000076b100000, 0x00000007c0000000, 0x00000007c0000000)
  eden space 813568K, 2% used [0x000000076b100000,0x000000076c68ce30,0x000000079cb80000)
  from space 261632K, 79% used [0x00000007ae200000,0x00000007bac67dd8,0x00000007be180000)
  to   space 285184K, 0% used [0x000000079cb80000,0x000000079cb80000,0x00000007ae200000)
 ParOldGen       total 317952K, used 87364K [0x00000006c1200000, 0x00000006d4880000, 0x000000076b100000)
  object space 317952K, 27% used [0x00000006c1200000,0x00000006c6751208,0x00000006d4880000)
 Metaspace       used 59725K, capacity 70286K, committed 70400K, reserved 1110016K
  class space    used 6885K, capacity 9447K, committed 9472K, reserved 1048576K
Event: 18.415 GC heap after
Heap after GC invocations=28 (full 3):
 PSYoungGen      total 1098752K, used 176052K [0x000000076b100000, 0x00000007c0000000, 0x00000007c0000000)
  eden space 813568K, 0% used [0x000000076b100000,0x000000076b100000,0x000000079cb80000)
  from space 285184K, 61% used [0x000000079cb80000,0x00000007a776d010,0x00000007ae200000)
  to   space 291840K, 0% used [0x00000007ae300000,0x00000007ae300000,0x00000007c0000000)
 ParOldGen       total 317952K, used 107884K [0x00000006c1200000, 0x00000006d4880000, 0x000000076b100000)
  object space 317952K, 33% used [0x00000006c1200000,0x00000006c7b5b240,0x00000006d4880000)
 Metaspace       used 59725K, capacity 70286K, committed 70400K, reserved 1110016K
  class space    used 6885K, capacity 9447K, committed 9472K, reserved 1048576K
}
Event: 18.416 GC heap before
{Heap before GC invocations=29 (full 4):
 PSYoungGen      total 1098752K, used 176052K [0x000000076b100000, 0x00000007c0000000, 0x00000007c0000000)
  eden space 813568K, 0% used [0x000000076b100000,0x000000076b100000,0x000000079cb80000)
  from space 285184K, 61% used [0x000000079cb80000,0x00000007a776d010,0x00000007ae200000)
  to   space 291840K, 0% used [0x00000007ae300000,0x00000007ae300000,0x00000007c0000000)
 ParOldGen       total 317952K, used 107884K [0x00000006c1200000, 0x00000006d4880000, 0x000000076b100000)
  object space 317952K, 33% used [0x00000006c1200000,0x00000006c7b5b240,0x00000006d4880000)
 Metaspace       used 59725K, capacity 70286K, committed 70400K, reserved 1110016K
  class space    used 6885K, capacity 9447K, committed 9472K, reserved 1048576K
Event: 18.704 GC heap after
Heap after GC invocations=29 (full 4):
 PSYoungGen      total 1098752K, used 0K [0x000000076b100000, 0x00000007c0000000, 0x00000007c0000000)
  eden space 813568K, 0% used [0x000000076b100000,0x000000076b100000,0x000000079cb80000)
  from space 285184K, 0% used [0x000000079cb80000,0x000000079cb80000,0x00000007ae200000)
  to   space 291840K, 0% used [0x00000007ae300000,0x00000007ae300000,0x00000007c0000000)
 ParOldGen       total 531968K, used 274394K [0x00000006c1200000, 0x00000006e1980000, 0x000000076b100000)
  object space 531968K, 51% used [0x00000006c1200000,0x00000006d1df6b00,0x00000006e1980000)
 Metaspace       used 59173K, capacity 69486K, committed 70400K, reserved 1110016K
  class space    used 6854K, capacity 9342K, committed 9472K, reserved 1048576K
}
Event: 19.878 GC heap before
{Heap before GC invocations=30 (full 4):
 PSYoungGen      total 1098752K, used 813568K [0x000000076b100000, 0x00000007c0000000, 0x00000007c0000000)
  eden space 813568K, 100% used [0x000000076b100000,0x000000079cb80000,0x000000079cb80000)
  from space 285184K, 0% used [0x000000079cb80000,0x000000079cb80000,0x00000007ae200000)
  to   space 291840K, 0% used [0x00000007ae300000,0x00000007ae300000,0x00000007c0000000)
 ParOldGen       total 531968K, used 274394K [0x00000006c1200000, 0x00000006e1980000, 0x000000076b100000)
  object space 531968K, 51% used [0x00000006c1200000,0x00000006d1df6b00,0x00000006e1980000)
 Metaspace       used 61655K, capacity 73048K, committed 73088K, reserved 1112064K
  class space    used 7009K, capacity 9836K, committed 9856K, reserved 1048576K
Event: 19.890 GC heap after
Heap after GC invocations=30 (full 4):
 PSYoungGen      total 1102336K, used 39520K [0x000000076b100000, 0x00000007bfe80000, 0x00000007c0000000)
  eden space 812032K, 0% used [0x000000076b100000,0x000000076b100000,0x000000079ca00000)
  from space 290304K, 13% used [0x00000007ae300000,0x00000007b0998000,0x00000007bfe80000)
  to   space 287744K, 0% used [0x000000079ca00000,0x000000079ca00000,0x00000007ae300000)
 ParOldGen       total 531968K, used 274402K [0x00000006c1200000, 0x00000006e1980000, 0x000000076b100000)
  object space 531968K, 51% used [0x00000006c1200000,0x00000006d1df8b00,0x00000006e1980000)
 Metaspace       used 61655K, capacity 73048K, committed 73088K, reserved 1112064K
  class space    used 7009K, capacity 9836K, committed 9856K, reserved 1048576K
}
Event: 20.839 GC heap before
{Heap before GC invocations=31 (full 4):
 PSYoungGen      total 1102336K, used 851552K [0x000000076b100000, 0x00000007bfe80000, 0x00000007c0000000)
  eden space 812032K, 100% used [0x000000076b100000,0x000000079ca00000,0x000000079ca00000)
  from space 290304K, 13% used [0x00000007ae300000,0x00000007b0998000,0x00000007bfe80000)
  to   space 287744K, 0% used [0x000000079ca00000,0x000000079ca00000,0x00000007ae300000)
 ParOldGen       total 531968K, used 274402K [0x00000006c1200000, 0x00000006e1980000, 0x000000076b100000)
  object space 531968K, 51% used [0x00000006c1200000,0x00000006d1df8b00,0x00000006e1980000)
 Metaspace       used 61955K, capacity 73456K, committed 73600K, reserved 1114112K
  class space    used 7016K, capacity 9842K, committed 9856K, reserved 1048576K
Event: 20.861 GC heap after
Heap after GC invocations=31 (full 4):
 PSYoungGen      total 871936K, used 59456K [0x000000076b100000, 0x00000007beb80000, 0x00000007c0000000)
  eden space 812032K, 0% used [0x000000076b100000,0x000000076b100000,0x000000079ca00000)
  from space 59904K, 99% used [0x000000079ca00000,0x00000007a0410020,0x00000007a0480000)
  to   space 278528K, 0% used [0x00000007adb80000,0x00000007adb80000,0x00000007beb80000)
 ParOldGen       total 531968K, used 274410K [0x00000006c1200000, 0x00000006e1980000, 0x000000076b100000)
  object space 531968K, 51% used [0x00000006c1200000,0x00000006d1dfab00,0x00000006e1980000)
 Metaspace       used 61955K, capacity 73456K, committed 73600K, reserved 1114112K
  class space    used 7016K, capacity 9842K, committed 9856K, reserved 1048576K
}

Deoptimization events (10 events):
Event: 19.717 Thread 0x000000001ee3d800 Uncommon trap: reason=bimorphic action=maybe_recompile pc=0x00000000043c61c0 method=android.view.View.$$robo$$android_view_View$sendAccessibilityEvent(I)V @ 21
Event: 19.717 Thread 0x000000001ee3d800 Uncommon trap: reason=speculate_class_check action=maybe_recompile pc=0x000000000338b50c method=java.lang.invoke.LambdaForm$MH/305623748.delegate(Ljava/lang/Object;Ljava/lang/Object;Ljava/lang/Object;Ljava/lang/Object;)Ljava/lang/Object; @ 1
Event: 19.754 Thread 0x000000001ee3d800 Uncommon trap: reason=unstable_if action=reinterpret pc=0x0000000003e54a24 method=android.widget.TextView.$$robo$$android_widget_TextView$onPreDraw()Z @ 37
Event: 19.754 Thread 0x000000001ee3d800 Uncommon trap: reason=unstable_if action=reinterpret pc=0x0000000005c5ec80 method=com.android.internal.util.ArrayUtils.$$robo$$com_android_internal_util_ArrayUtils$emptyArray(Ljava/lang/Class;)[Ljava/lang/Object; @ 28
Event: 19.754 Thread 0x000000001ee3d800 Uncommon trap: reason=unstable_if action=reinterpret pc=0x0000000006b2bd90 method=android.text.TextLine.$$robo$$android_text_TextLine$handleText(Landroid/text/TextPaint;IIIIZLandroid/graphics/Canvas;FIIILandroid/graphics/Paint$FontMetricsInt;ZILjava/util/
Event: 19.914 Thread 0x000000001ee3d800 Uncommon trap: reason=bimorphic action=maybe_recompile pc=0x0000000004758bb8 method=android.view.View.$$robo$$android_view_View$sendAccessibilityEvent(I)V @ 21
Event: 19.980 Thread 0x000000001ee3d800 Uncommon trap: reason=bimorphic action=maybe_recompile pc=0x00000000040f4b5c method=java.util.regex.Pattern$Curly.match(Ljava/util/regex/Matcher;ILjava/lang/CharSequence;)Z @ 19
Event: 20.469 Thread 0x000000001ee3d800 Uncommon trap: reason=unstable_if action=reinterpret pc=0x0000000003655e88 method=android.os.MessageQueue.$$robo$$android_os_MessageQueue$removeMessages(Landroid/os/Handler;ILjava/lang/Object;)V @ 27
Event: 20.479 Thread 0x000000001ee3d800 Uncommon trap: reason=bimorphic action=maybe_recompile pc=0x00000000040f4b5c method=java.util.regex.Pattern$Curly.match(Ljava/util/regex/Matcher;ILjava/lang/CharSequence;)Z @ 19
Event: 20.981 Thread 0x000000001ee3d800 Uncommon trap: reason=bimorphic action=maybe_recompile pc=0x00000000040f4b5c method=java.util.regex.Pattern$Curly.match(Ljava/util/regex/Matcher;ILjava/lang/CharSequence;)Z @ 19

Classes redefined (0 events):
No events

Internal exceptions (10 events):
Event: 18.740 Thread 0x000000001ee3d800 Implicit null exception at 0x0000000006295a53 to 0x0000000006297db5
Event: 18.742 Thread 0x000000001ee3d800 Implicit null exception at 0x0000000004bbf84a to 0x0000000004bbfbd5
Event: 18.792 Thread 0x000000001ee3d800 Implicit null exception at 0x00000000032c2cac to 0x00000000032c2f6d
Event: 18.966 Thread 0x000000001ee3d800 Exception <a 'sun/nio/fs/WindowsException'> (0x0000000771a5cf18) thrown at [C:\src\AOSP-openjdk-git\hotspot\src\share\vm\prims\jni.cpp, line 710]
Event: 19.102 Thread 0x000000001ee3d800 Exception <a 'sun/nio/fs/WindowsException'> (0x00000007784af270) thrown at [C:\src\AOSP-openjdk-git\hotspot\src\share\vm\prims\jni.cpp, line 710]
Event: 19.313 Thread 0x000000001ee3d800 Exception <a 'sun/nio/fs/WindowsException'> (0x000000077f82b058) thrown at [C:\src\AOSP-openjdk-git\hotspot\src\share\vm\prims\jni.cpp, line 710]
Event: 19.754 Thread 0x000000001ee3d800 Implicit null exception at 0x0000000005c5c353 to 0x0000000005c5ec65
Event: 19.754 Thread 0x000000001ee3d800 Implicit null exception at 0x0000000006b2ab2d to 0x0000000006b2bd71
Event: 19.893 Thread 0x000000001c172800 Exception <a 'java/lang/NullPointerException'> (0x000000076c0a41d8) thrown at [C:\src\AOSP-openjdk-git\hotspot\src\share\vm\interpreter\linkResolver.cpp, line 1287]
Event: 19.917 Thread 0x000000001c172800 Exception <a 'java/lang/NullPointerException'> (0x000000076c0e3b68) thrown at [C:\src\AOSP-openjdk-git\hotspot\src\share\vm\interpreter\linkResolver.cpp, line 1287]

Events (10 events):
Event: 20.876 Thread 0x000000001c1cc000 flushing nmethod 0x0000000003d8bad0
Event: 20.876 Thread 0x000000001c1cc000 flushing nmethod 0x0000000003d94990
Event: 20.877 Thread 0x000000001c1cc000 flushing nmethod 0x0000000003e45990
Event: 20.877 Thread 0x000000001c1cc000 flushing nmethod 0x0000000003f1d210
Event: 20.897 Thread 0x000000001c1cc000 flushing nmethod 0x0000000004b83290
Event: 20.901 Thread 0x000000001c1c8800 flushing nmethod 0x000000000569b290
Event: 20.914 Thread 0x000000001d943800 flushing nmethod 0x0000000007026a50
Event: 20.981 Thread 0x000000001ee3d800 Uncommon trap: trap_request=0xffffffc6 fr.pc=0x00000000040f4b5c
Event: 20.981 Thread 0x000000001ee3d800 DEOPT PACKING pc=0x00000000040f4b5c sp=0x000000001ff3da80
Event: 20.981 Thread 0x000000001ee3d800 DEOPT UNPACKING pc=0x0000000002ba557b sp=0x000000001ff3da38 mode 2


Dynamic libraries:
0x00007ff787310000 - 0x00007ff787341000 	C:\Program Files\Android\Android Studio\jre\bin\java.exe
0x00007fff34cc0000 - 0x00007fff34eb0000 	C:\WINDOWS\SYSTEM32\ntdll.dll
0x00007fff33840000 - 0x00007fff338f2000 	C:\WINDOWS\System32\KERNEL32.DLL
0x00007fff32a60000 - 0x00007fff32d05000 	C:\WINDOWS\System32\KERNELBASE.dll
0x00007fff334f0000 - 0x00007fff33593000 	C:\WINDOWS\System32\ADVAPI32.dll
0x00007fff33730000 - 0x00007fff337ce000 	C:\WINDOWS\System32\msvcrt.dll
0x00007fff32d70000 - 0x00007fff32e07000 	C:\WINDOWS\System32\sechost.dll
0x00007fff34600000 - 0x00007fff34720000 	C:\WINDOWS\System32\RPCRT4.dll
0x00007fff348a0000 - 0x00007fff34a34000 	C:\WINDOWS\System32\USER32.dll
0x00007fff32890000 - 0x00007fff328b1000 	C:\WINDOWS\System32\win32u.dll
0x00007fff333e0000 - 0x00007fff33406000 	C:\WINDOWS\System32\GDI32.dll
0x00007fff328c0000 - 0x00007fff32a56000 	C:\WINDOWS\System32\gdi32full.dll
0x00007fff327f0000 - 0x00007fff3288e000 	C:\WINDOWS\System32\msvcp_win.dll
0x00007fff31d70000 - 0x00007fff31e6a000 	C:\WINDOWS\System32\ucrtbase.dll
0x00007fff20200000 - 0x00007fff20484000 	C:\WINDOWS\WinSxS\amd64_microsoft.windows.common-controls_6595b64144ccf1df_6.0.18362.1139_none_9e7bf2d3e4605ac6\COMCTL32.dll
0x00007fff33020000 - 0x00007fff33355000 	C:\WINDOWS\System32\combase.dll
0x00007fff31e70000 - 0x00007fff31ef0000 	C:\WINDOWS\System32\bcryptPrimitives.dll
0x00007fff335a0000 - 0x00007fff335ce000 	C:\WINDOWS\System32\IMM32.DLL
0x000000006fcf0000 - 0x000000006fdc2000 	C:\Program Files\Android\Android Studio\jre\jre\bin\msvcr100.dll
0x000000006fdd0000 - 0x000000007061b000 	C:\Program Files\Android\Android Studio\jre\jre\bin\server\jvm.dll
0x00007fff34830000 - 0x00007fff34838000 	C:\WINDOWS\System32\PSAPI.DLL
0x00007fff1cd70000 - 0x00007fff1cd79000 	C:\WINDOWS\SYSTEM32\WSOCK32.dll
0x00007fff337d0000 - 0x00007fff3383f000 	C:\WINDOWS\System32\WS2_32.dll
0x00007fff2fc00000 - 0x00007fff2fc24000 	C:\WINDOWS\SYSTEM32\WINMM.dll
0x00007fff2bbd0000 - 0x00007fff2bbda000 	C:\WINDOWS\SYSTEM32\VERSION.dll
0x00007fff2fbc0000 - 0x00007fff2fbed000 	C:\WINDOWS\SYSTEM32\WINMMBASE.dll
0x00007fff31d20000 - 0x00007fff31d6a000 	C:\WINDOWS\System32\cfgmgr32.dll
0x00007fff2e4b0000 - 0x00007fff2e4bf000 	C:\Program Files\Android\Android Studio\jre\jre\bin\verify.dll
0x00007fff2e480000 - 0x00007fff2e4a9000 	C:\Program Files\Android\Android Studio\jre\jre\bin\java.dll
0x00007fff29d40000 - 0x00007fff29d63000 	C:\Program Files\Android\Android Studio\jre\jre\bin\instrument.dll
0x00007fff2e460000 - 0x00007fff2e476000 	C:\Program Files\Android\Android Studio\jre\jre\bin\zip.dll
0x00007fff33aa0000 - 0x00007fff34187000 	C:\WINDOWS\System32\SHELL32.dll
0x00007fff32f70000 - 0x00007fff33019000 	C:\WINDOWS\System32\shcore.dll
0x00007fff32070000 - 0x00007fff327f0000 	C:\WINDOWS\System32\windows.storage.dll
0x00007fff31c20000 - 0x00007fff31c43000 	C:\WINDOWS\System32\profapi.dll
0x00007fff31bb0000 - 0x00007fff31bfa000 	C:\WINDOWS\System32\powrprof.dll
0x00007fff31b80000 - 0x00007fff31b90000 	C:\WINDOWS\System32\UMPDC.dll
0x00007fff34720000 - 0x00007fff34772000 	C:\WINDOWS\System32\shlwapi.dll
0x00007fff31b90000 - 0x00007fff31ba1000 	C:\WINDOWS\System32\kernel.appcore.dll
0x00007fff31c50000 - 0x00007fff31c67000 	C:\WINDOWS\System32\cryptsp.dll
0x00007fff2a7f0000 - 0x00007fff2a80a000 	C:\Program Files\Android\Android Studio\bin\breakgen64.dll
0x00007fff2e440000 - 0x00007fff2e45a000 	C:\Program Files\Android\Android Studio\jre\jre\bin\net.dll
0x00007fff31370000 - 0x00007fff313d7000 	C:\WINDOWS\system32\mswsock.dll
0x00007fff2e420000 - 0x00007fff2e433000 	C:\Program Files\Android\Android Studio\jre\jre\bin\nio.dll
0x00007fff30ee0000 - 0x00007fff30f13000 	C:\WINDOWS\system32\rsaenh.dll
0x00007fff32040000 - 0x00007fff32066000 	C:\WINDOWS\System32\bcrypt.dll
0x00007fff31a60000 - 0x00007fff31a85000 	C:\WINDOWS\SYSTEM32\USERENV.dll
0x00007fff31540000 - 0x00007fff3154c000 	C:\WINDOWS\SYSTEM32\CRYPTBASE.dll
0x00007fff31080000 - 0x00007fff310ba000 	C:\WINDOWS\SYSTEM32\IPHLPAPI.DLL
0x00007fff34a40000 - 0x00007fff34a48000 	C:\WINDOWS\System32\NSI.dll
0x00007fff2a3a0000 - 0x00007fff2a3b6000 	C:\WINDOWS\SYSTEM32\dhcpcsvc6.DLL
0x00007fff2a320000 - 0x00007fff2a33c000 	C:\WINDOWS\SYSTEM32\dhcpcsvc.DLL
0x00007fff310c0000 - 0x00007fff3118b000 	C:\WINDOWS\SYSTEM32\DNSAPI.dll
0x00007fff2d550000 - 0x00007fff2d574000 	C:\Program Files\Android\Android Studio\jre\jre\bin\sunec.dll
0x00007fff2e3e0000 - 0x00007fff2e3eb000 	C:\Program Files\Android\Android Studio\jre\jre\bin\sunmscapi.dll
0x00007fff31ef0000 - 0x00007fff32039000 	C:\WINDOWS\System32\CRYPT32.dll
0x00007fff31c00000 - 0x00007fff31c12000 	C:\WINDOWS\System32\MSASN1.dll
0x00007fff1c680000 - 0x00007fff1c874000 	C:\WINDOWS\SYSTEM32\dbghelp.dll

VM Arguments:
jvm_args: -ea -Didea.test.cyclic.buffer.size=1048576 -javaagent:C:\Program Files\Android\Android Studio\lib\idea_rt.jar=57967:C:\Program Files\Android\Android Studio\bin -Dfile.encoding=UTF-8 
java_command: com.intellij.rt.junit.JUnitStarter -ideVersion5 -junit4 com.example.titancalculator.MainActivityTest
java_class_path (initial): C:\Program Files\Android\Android Studio\lib\idea_rt.jar;C:\Program Files\Android\Android Studio\plugins\junit\lib\junit5-rt.jar;C:\Program Files\Android\Android Studio\plugins\junit\lib\junit-rt.jar;C:\Users\johan\AppData\Local\Android\Sdk\platforms\android-28\data\res;C:\Users\johan\GitHub\Emerald-Calculator\app\build\intermediates\javac\debugUnitTest\classes;C:\Users\johan\GitHub\Emerald-Calculator\app\build\intermediates\javac\debug\classes;C:\Users\johan\GitHub\Emerald-Calculator\app\build\intermediates\unit_test_config_directory\debugUnitTest\out;C:\Users\johan\GitHub\Emerald-Calculator\app\build\intermediates\compile_and_runtime_not_namespaced_r_class_jar\debug\R.jar;C:\Users\johan\GitHub\Emerald-Calculator\app\build\intermediates\compile_and_runtime_not_namespaced_r_class_jar\debugAndroidTest\R.jar;C:\Users\johan\.gradle\caches\modules-2\files-2.1\junit\junit\4.12\2973d150c0dc1fefe998f834810d68f278ea58ec\junit-4.12.jar;C:\Users\johan\.gradle\caches\modules-2\files-2.1\org.hamcrest\hamcrest-library\1.3\4785a3c21320980282f9f33d0d1264a69040538f\hamcrest-library-1.3.jar;C:\Users\johan\.gradle\caches\modules-2\files-2.1\org.hamcrest\hamcrest-core\1.3\42a25dc3219429f0e5d060061f71acb49bf010a0\hamcrest-core-1.3.jar;C:\Users\johan\.gradle\caches\modules-2\files-2.1\javax.inject\javax.inject\1\6975da39a7040257bd51d21a231b76c915872d38\javax.inject-1.jar;C:\Users\johan\.gradle\caches\modules-2\files-2.1\org.robolectric\robolectric\4.5-alpha-1\e5de041896244b76029200b17fa277738d759913\robolectric-4.5-alpha-1.jar;C:\Users\johan\.gradle\caches\modules-2\files-2.1\org.robolectric\shadows-framework\4.5-alpha-1\d6fa6306e47ddd03c5d25408d607b4db375fb465\shadows-framework-4.5-alpha-1.jar;C:\Users\johan\.gradle\caches\modules-2\files-2.1\org.robolectric\resources\4.5-alpha-1\f3203b0c8c3367d24177abc7717e6ce633292ab2\resources-4.5-alpha-1.jar;C:\Users\johan\.gradle\caches\modules-2\files-2.1\org.robolectric\junit\4.5-alpha-1\1c54b4c16280ea7ad6beb7ef6a64d5
Launcher Type: SUN_STANDARD

Environment Variables:
PATH=C:\Program Files (x86)\Common Files\Oracle\Java\javapath;C:\WINDOWS\system32;C:\WINDOWS;C:\WINDOWS\System32\Wbem;C:\WINDOWS\System32\WindowsPowerShell\v1.0\;C:\WINDOWS\System32\OpenSSH\;C:\Program Files\Git\cmd;C:\Users\johan\AppData\Local\Microsoft\WindowsApps;C:\Users\johan\AppData\Local\GitHubDesktop\bin
USERNAME=johan
OS=Windows_NT
PROCESSOR_IDENTIFIER=Intel64 Family 6 Model 158 Stepping 11, GenuineIntel



---------------  S Y S T E M  ---------------

OS: Windows 10.0 , 64 bit Build 18362 (10.0.18362.1110)

CPU:total 4 (initial active 4) (4 cores per cpu, 1 threads per core) family 6 model 158 stepping 11, cmov, cx8, fxsr, mmx, sse, sse2, sse3, ssse3, sse4.1, sse4.2, popcnt, avx, avx2, aes, clmul, erms, 3dnowpref, lzcnt, tsc, tscinvbit, bmi1, bmi2, adx

Memory: 4k page, physical 16696028k(2501856k free), swap 27195700k(3496308k free)

vm_info: OpenJDK 64-Bit Server VM (25.242-b01) for windows-amd64 JRE (1.8.0_242-release-1644-b01), built by "builder" with MS VC++ 10.0 (VS2010)

time: Mon Nov 02 15:27:56 2020
timezone: Mitteleuropäische Zeit
elapsed time: 21 seconds (0d 0h 0m 21s)

