#
# A fatal error has been detected by the Java Runtime Environment:
#
#  EXCEPTION_ACCESS_VIOLATION (0xc0000005) at pc=0x0000000064458180, pid=1116, tid=0x0000000000002cb0
#
# JRE version: OpenJDK Runtime Environment (8.0_242-b01) (build 1.8.0_242-release-1644-b01)
# Java VM: OpenJDK 64-Bit Server VM (25.242-b01 mixed mode windows-amd64 compressed oops)
# Problematic frame:
# V  [jvm.dll+0x4c8180]
#
# Failed to write core dump. Minidumps are not enabled by default on client versions of Windows
#
# If you would like to submit a bug report, please visit:
#   
#

---------------  T H R E A D  ---------------

Current thread (0x000000001d9c3800):  JavaThread "C2 CompilerThread0" daemon [_thread_in_native, id=11440, stack(0x000000001de80000,0x000000001df80000)]

siginfo: ExceptionCode=0xc0000005, reading address 0x000000000000002c

Registers:
RAX=0x00000000264c9b90, RBX=0x000000002e9b3570, RCX=0x0000000000000000, RDX=0x000000000000014d
RSP=0x000000001df791a8, RBP=0x000000002c100f10, RSI=0x0000000000000000, RDI=0x000000002d46f290
R8 =0x000000000292bfe8, R9 =0x0000000000000002, R10=0x000000001c2032e0, R11=0x000000001df79100
R12=0x0000000000000001, R13=0x0000000026502c60, R14=0x000000001df792f0, R15=0x000000001df79380
RIP=0x0000000064458180, EFLAGS=0x0000000000010206

Top of Stack: (sp=0x000000001df791a8)
0x000000001df791a8:   00000000643ba2ea 000000002e9b3570
0x000000001df791b8:   000000002c100f10 000000002cd007a0
0x000000001df791c8:   00000000643b9d2e 000000001df79240
0x000000001df791d8:   000000001df79240 000000002cd007a0
0x000000001df791e8:   0000000000000000 000000001df79270
0x000000001df791f8:   00000000643bac42 000000002c100f10
0x000000001df79208:   0000000000000024 000000002d2a4750
0x000000001df79218:   000000002e9b3570 000000002d2a4750
0x000000001df79228:   000000001df79380 000000001df79240
0x000000001df79238:   000000001df792f0 0000000000000000
0x000000001df79248:   0000000000000000 0000000000000000
0x000000001df79258:   0000000000000000 0000000000000000
0x000000001df79268:   0000000000000000 00000000fffffffc
0x000000001df79278:   00000000000000b7 0000000000000000
0x000000001df79288:   000000001df7ebc0 000000001df793a0
0x000000001df79298:   00000000643df3be 000000002c100f10 

Instructions: (pc=0x0000000064458180)
0x0000000064458160:   40 f8 75 ec 41 ff 4a 18 49 8b 42 08 41 8b 4a 18
0x0000000064458170:   48 8b 5c 24 08 48 c7 04 c8 00 00 00 00 c3 cc cc
0x0000000064458180:   0f b7 51 2c 0f b6 c2 24 1f 3c 14 74 08 80 e2 3f
0x0000000064458190:   80 fa 24 75 28 83 79 18 02 75 22 0f b7 51 2c 0f 


Register to memory mapping:

RAX=0x00000000264c9b90 is an unknown value
RBX=0x000000002e9b3570 is an unknown value
RCX=0x0000000000000000 is an unknown value
RDX=0x000000000000014d is an unknown value
RSP=0x000000001df791a8 is pointing into the stack for thread: 0x000000001d9c3800
RBP=0x000000002c100f10 is an unknown value
RSI=0x0000000000000000 is an unknown value
RDI=0x000000002d46f290 is an unknown value
R8 =0x000000000292bfe8 is an unknown value
R9 =0x0000000000000002 is an unknown value
R10=0x000000001c2032e0 is an unknown value
R11=0x000000001df79100 is pointing into the stack for thread: 0x000000001d9c3800
R12=0x0000000000000001 is an unknown value
R13=0x0000000026502c60 is an unknown value
R14=0x000000001df792f0 is pointing into the stack for thread: 0x000000001d9c3800
R15=0x000000001df79380 is pointing into the stack for thread: 0x000000001d9c3800


Stack: [0x000000001de80000,0x000000001df80000],  sp=0x000000001df791a8,  free space=996k
Native frames: (J=compiled Java code, j=interpreted, Vv=VM code, C=native code)
V  [jvm.dll+0x4c8180]


Current CompileTask:
C2:  23207 13261       4       androidx.appcompat.widget.TintTypedArray::obtainStyledAttributes (12 bytes)


---------------  P R O C E S S  ---------------

Java Threads: ( => current thread )
  0x000000001faf4800 JavaThread "magnifier pixel copy result handler" [_thread_blocked, id=7524, stack(0x000000001fec0000,0x000000001ffc0000)]
  0x000000001faf7800 JavaThread "SDK 28 Main Thread" [_thread_in_Java, id=10340, stack(0x0000000020fc0000,0x00000000210c0000)]
  0x000000001da43800 JavaThread "Service Thread" daemon [_thread_blocked, id=9196, stack(0x000000001e180000,0x000000001e280000)]
  0x000000001c222800 JavaThread "C1 CompilerThread2" daemon [_thread_blocked, id=11492, stack(0x000000001e080000,0x000000001e180000)]
  0x000000001c221800 JavaThread "C2 CompilerThread1" daemon [_thread_in_native, id=11368, stack(0x000000001df80000,0x000000001e080000)]
=>0x000000001d9c3800 JavaThread "C2 CompilerThread0" daemon [_thread_in_native, id=11440, stack(0x000000001de80000,0x000000001df80000)]
  0x000000001c224800 JavaThread "Monitor Ctrl-Break" daemon [_thread_in_native, id=9876, stack(0x000000001dd80000,0x000000001de80000)]
  0x000000001c1f4800 JavaThread "Attach Listener" daemon [_thread_blocked, id=3884, stack(0x000000001d880000,0x000000001d980000)]
  0x000000001c1f3800 JavaThread "Signal Dispatcher" daemon [_thread_blocked, id=7024, stack(0x000000001d780000,0x000000001d880000)]
  0x000000001c1d4000 JavaThread "Finalizer" daemon [_thread_blocked, id=3604, stack(0x000000001d450000,0x000000001d550000)]
  0x000000001c1cb800 JavaThread "Reference Handler" daemon [_thread_blocked, id=6040, stack(0x000000001d350000,0x000000001d450000)]
  0x000000000293a000 JavaThread "main" [_thread_blocked, id=8592, stack(0x00000000027e0000,0x00000000028e0000)]

Other Threads:
  0x000000001c1a7800 VMThread [stack: 0x000000001d250000,0x000000001d350000] [id=12308]
  0x000000001da44800 WatcherThread [stack: 0x000000001e280000,0x000000001e380000] [id=11848]

VM state:not at safepoint (normal execution)

VM Mutex/Monitor currently owned by a thread: None

heap address: 0x00000006c1200000, size: 4078 MB, Compressed Oops mode: Zero based, Oop shift amount: 3
Narrow klass base: 0x0000000000000000, Narrow klass shift: 3
Compressed class space size: 1073741824 Address: 0x00000007c0000000

Heap:
 PSYoungGen      total 873984K, used 834702K [0x000000076b100000, 0x00000007b2d80000, 0x00000007c0000000)
  eden space 675328K, 95% used [0x000000076b100000,0x00000007929b3900,0x0000000794480000)
  from space 198656K, 94% used [0x00000007a2280000,0x00000007ad8f0000,0x00000007ae480000)
  to   space 227328K, 0% used [0x0000000794480000,0x0000000794480000,0x00000007a2280000)
 ParOldGen       total 433152K, used 117083K [0x00000006c1200000, 0x00000006db900000, 0x000000076b100000)
  object space 433152K, 27% used [0x00000006c1200000,0x00000006c8456ec0,0x00000006db900000)
 Metaspace       used 62720K, capacity 74266K, committed 74496K, reserved 1114112K
  class space    used 7090K, capacity 9929K, committed 9984K, reserved 1048576K

Card table byte_map: [0x0000000011f80000,0x0000000012780000] byte_map_base: 0x000000000e977000

Marking Bits: (ParMarkBitMap*) 0x000000006475f030
 Begin Bits: [0x00000000130d0000, 0x0000000017088000)
 End Bits:   [0x0000000017088000, 0x000000001b040000)

Polling page: 0x0000000000ba0000

CodeCache: size=245760Kb used=80857Kb max_used=81604Kb free=164902Kb
 bounds [0x0000000002bc0000, 0x0000000007bb0000, 0x0000000011bc0000]
 total_blobs=11706 nmethods=10229 adapters=1388
 compilation: enabled

Compilation events (10 events):
Event: 23.136 Thread 0x000000001d9c3800 nmethod 13257 0x0000000004242a50 code [0x0000000004242be0, 0x0000000004242f70]
Event: 23.136 Thread 0x000000001d9c3800 13258       4       android.widget.TextView::onAttachedToWindow (7 bytes)
Event: 23.148 Thread 0x000000001c222800 13260       3       com.example.titancalculator.MainActivity$27::onClick (14 bytes)
Event: 23.148 Thread 0x000000001c222800 nmethod 13260 0x0000000004242610 code [0x0000000004242780, 0x0000000004242948]
Event: 23.184 Thread 0x000000001d9c3800 nmethod 13258 0x0000000004345d10 code [0x00000000043460c0, 0x0000000004347e38]
Event: 23.184 Thread 0x000000001d9c3800 13261       4       androidx.appcompat.widget.TintTypedArray::obtainStyledAttributes (12 bytes)
Event: 23.190 Thread 0x000000001c221800 nmethod 13255 0x0000000005c7ec10 code [0x0000000005c7f1e0, 0x0000000005c82098]
Event: 23.190 Thread 0x000000001c221800 13259       4       android.widget.TextView::$$robo$$android_widget_TextView$onAttachedToWindow (39 bytes)
Event: 23.201 Thread 0x000000001c222800 13262       3       java.io.BufferedWriter::newLine (9 bytes)
Event: 23.201 Thread 0x000000001c222800 nmethod 13262 0x0000000005c7e5d0 code [0x0000000005c7e740, 0x0000000005c7eaa8]

GC Heap History (10 events):
Event: 18.857 GC heap before
{Heap before GC invocations=24 (full 4):
 PSYoungGen      total 594432K, used 594432K [0x000000076b100000, 0x000000079a880000, 0x00000007c0000000)
  eden space 502272K, 100% used [0x000000076b100000,0x0000000789b80000,0x0000000789b80000)
  from space 92160K, 100% used [0x0000000789b80000,0x000000078f580000,0x000000078f580000)
  to   space 108544K, 0% used [0x0000000793e80000,0x0000000793e80000,0x000000079a880000)
 ParOldGen       total 433152K, used 115330K [0x00000006c1200000, 0x00000006db900000, 0x000000076b100000)
  object space 433152K, 26% used [0x00000006c1200000,0x00000006c82a0950,0x00000006db900000)
 Metaspace       used 62070K, capacity 73482K, committed 73728K, reserved 1114112K
  class space    used 7066K, capacity 9909K, committed 9984K, reserved 1048576K
Event: 18.906 GC heap after
Heap after GC invocations=24 (full 4):
 PSYoungGen      total 650752K, used 108544K [0x000000076b100000, 0x000000079d700000, 0x00000007c0000000)
  eden space 542208K, 0% used [0x000000076b100000,0x000000076b100000,0x000000078c280000)
  from space 108544K, 100% used [0x0000000793e80000,0x000000079a880000,0x000000079a880000)
  to   space 126976K, 0% used [0x000000078c280000,0x000000078c280000,0x0000000793e80000)
 ParOldGen       total 433152K, used 117005K [0x00000006c1200000, 0x00000006db900000, 0x000000076b100000)
  object space 433152K, 27% used [0x00000006c1200000,0x00000006c84436e8,0x00000006db900000)
 Metaspace       used 62070K, capacity 73482K, committed 73728K, reserved 1114112K
  class space    used 7066K, capacity 9909K, committed 9984K, reserved 1048576K
}
Event: 19.780 GC heap before
{Heap before GC invocations=25 (full 4):
 PSYoungGen      total 650752K, used 650752K [0x000000076b100000, 0x000000079d700000, 0x00000007c0000000)
  eden space 542208K, 100% used [0x000000076b100000,0x000000078c280000,0x000000078c280000)
  from space 108544K, 100% used [0x0000000793e80000,0x000000079a880000,0x000000079a880000)
  to   space 126976K, 0% used [0x000000078c280000,0x000000078c280000,0x0000000793e80000)
 ParOldGen       total 433152K, used 117005K [0x00000006c1200000, 0x00000006db900000, 0x000000076b100000)
  object space 433152K, 27% used [0x00000006c1200000,0x00000006c84436e8,0x00000006db900000)
 Metaspace       used 62202K, capacity 73618K, committed 73728K, reserved 1114112K
  class space    used 7070K, capacity 9913K, committed 9984K, reserved 1048576K
Event: 19.810 GC heap after
Heap after GC invocations=25 (full 4):
 PSYoungGen      total 669184K, used 126976K [0x000000076b100000, 0x00000007a2f00000, 0x00000007c0000000)
  eden space 542208K, 0% used [0x000000076b100000,0x000000076b100000,0x000000078c280000)
  from space 126976K, 100% used [0x000000078c280000,0x0000000793e80000,0x0000000793e80000)
  to   space 147968K, 0% used [0x0000000799e80000,0x0000000799e80000,0x00000007a2f00000)
 ParOldGen       total 433152K, used 117067K [0x00000006c1200000, 0x00000006db900000, 0x000000076b100000)
  object space 433152K, 27% used [0x00000006c1200000,0x00000006c8452ec0,0x00000006db900000)
 Metaspace       used 62202K, capacity 73618K, committed 73728K, reserved 1114112K
  class space    used 7070K, capacity 9913K, committed 9984K, reserved 1048576K
}
Event: 20.549 GC heap before
{Heap before GC invocations=26 (full 4):
 PSYoungGen      total 669184K, used 669184K [0x000000076b100000, 0x00000007a2f00000, 0x00000007c0000000)
  eden space 542208K, 100% used [0x000000076b100000,0x000000078c280000,0x000000078c280000)
  from space 126976K, 100% used [0x000000078c280000,0x0000000793e80000,0x0000000793e80000)
  to   space 147968K, 0% used [0x0000000799e80000,0x0000000799e80000,0x00000007a2f00000)
 ParOldGen       total 433152K, used 117067K [0x00000006c1200000, 0x00000006db900000, 0x000000076b100000)
  object space 433152K, 27% used [0x00000006c1200000,0x00000006c8452ec0,0x00000006db900000)
 Metaspace       used 62337K, capacity 73838K, committed 73984K, reserved 1114112K
  class space    used 7075K, capacity 9917K, committed 9984K, reserved 1048576K
Event: 20.607 GC heap after
Heap after GC invocations=26 (full 4):
 PSYoungGen      total 743424K, used 146304K [0x000000076b100000, 0x00000007a6e80000, 0x00000007c0000000)
  eden space 595456K, 0% used [0x000000076b100000,0x000000076b100000,0x000000078f680000)
  from space 147968K, 98% used [0x0000000799e80000,0x00000007a2d60000,0x00000007a2f00000)
  to   space 172032K, 0% used [0x000000078f680000,0x000000078f680000,0x0000000799e80000)
 ParOldGen       total 433152K, used 117067K [0x00000006c1200000, 0x00000006db900000, 0x000000076b100000)
  object space 433152K, 27% used [0x00000006c1200000,0x00000006c8452ec0,0x00000006db900000)
 Metaspace       used 62337K, capacity 73838K, committed 73984K, reserved 1114112K
  class space    used 7075K, capacity 9917K, committed 9984K, reserved 1048576K
}
Event: 21.551 GC heap before
{Heap before GC invocations=27 (full 4):
 PSYoungGen      total 743424K, used 741760K [0x000000076b100000, 0x00000007a6e80000, 0x00000007c0000000)
  eden space 595456K, 100% used [0x000000076b100000,0x000000078f680000,0x000000078f680000)
  from space 147968K, 98% used [0x0000000799e80000,0x00000007a2d60000,0x00000007a2f00000)
  to   space 172032K, 0% used [0x000000078f680000,0x000000078f680000,0x0000000799e80000)
 ParOldGen       total 433152K, used 117067K [0x00000006c1200000, 0x00000006db900000, 0x000000076b100000)
  object space 433152K, 27% used [0x00000006c1200000,0x00000006c8452ec0,0x00000006db900000)
 Metaspace       used 62523K, capacity 73990K, committed 74240K, reserved 1114112K
  class space    used 7080K, capacity 9921K, committed 9984K, reserved 1048576K
Event: 21.604 GC heap after
Heap after GC invocations=27 (full 4):
 PSYoungGen      total 767488K, used 167040K [0x000000076b100000, 0x00000007ae480000, 0x00000007c0000000)
  eden space 595456K, 0% used [0x000000076b100000,0x000000076b100000,0x000000078f680000)
  from space 172032K, 97% used [0x000000078f680000,0x00000007999a0000,0x0000000799e80000)
  to   space 198656K, 0% used [0x00000007a2280000,0x00000007a2280000,0x00000007ae480000)
 ParOldGen       total 433152K, used 117075K [0x00000006c1200000, 0x00000006db900000, 0x000000076b100000)
  object space 433152K, 27% used [0x00000006c1200000,0x00000006c8454ec0,0x00000006db900000)
 Metaspace       used 62523K, capacity 73990K, committed 74240K, reserved 1114112K
  class space    used 7080K, capacity 9921K, committed 9984K, reserved 1048576K
}
Event: 22.322 GC heap before
{Heap before GC invocations=28 (full 4):
 PSYoungGen      total 767488K, used 762496K [0x000000076b100000, 0x00000007ae480000, 0x00000007c0000000)
  eden space 595456K, 100% used [0x000000076b100000,0x000000078f680000,0x000000078f680000)
  from space 172032K, 97% used [0x000000078f680000,0x00000007999a0000,0x0000000799e80000)
  to   space 198656K, 0% used [0x00000007a2280000,0x00000007a2280000,0x00000007ae480000)
 ParOldGen       total 433152K, used 117075K [0x00000006c1200000, 0x00000006db900000, 0x000000076b100000)
  object space 433152K, 27% used [0x00000006c1200000,0x00000006c8454ec0,0x00000006db900000)
 Metaspace       used 62646K, capacity 74170K, committed 74240K, reserved 1114112K
  class space    used 7085K, capacity 9925K, committed 9984K, reserved 1048576K
Event: 22.401 GC heap after
Heap after GC invocations=28 (full 4):
 PSYoungGen      total 873984K, used 186816K [0x000000076b100000, 0x00000007b2d80000, 0x00000007c0000000)
  eden space 675328K, 0% used [0x000000076b100000,0x000000076b100000,0x0000000794480000)
  from space 198656K, 94% used [0x00000007a2280000,0x00000007ad8f0000,0x00000007ae480000)
  to   space 227328K, 0% used [0x0000000794480000,0x0000000794480000,0x00000007a2280000)
 ParOldGen       total 433152K, used 117083K [0x00000006c1200000, 0x00000006db900000, 0x000000076b100000)
  object space 433152K, 27% used [0x00000006c1200000,0x00000006c8456ec0,0x00000006db900000)
 Metaspace       used 62646K, capacity 74170K, committed 74240K, reserved 1114112K
  class space    used 7085K, capacity 9925K, committed 9984K, reserved 1048576K
}

Deoptimization events (10 events):
Event: 13.712 Thread 0x000000001faf7800 Uncommon trap: reason=bimorphic action=maybe_recompile pc=0x0000000006bf1724 method=org.robolectric.shadows.ShadowView.invalidate()V @ 9
Event: 13.713 Thread 0x000000001faf7800 Uncommon trap: reason=bimorphic action=maybe_recompile pc=0x0000000006c1c010 method=org.robolectric.shadows.ShadowView.requestLayout()V @ 9
Event: 13.714 Thread 0x000000001faf7800 Uncommon trap: reason=bimorphic action=maybe_recompile pc=0x0000000006c1c010 method=org.robolectric.shadows.ShadowView.requestLayout()V @ 9
Event: 13.772 Thread 0x000000001faf7800 Uncommon trap: reason=speculate_class_check action=maybe_recompile pc=0x0000000002e17554 method=java.io.ObjectOutputStream.writeObject0(Ljava/lang/Object;Z)V @ 482
Event: 13.772 Thread 0x000000001faf7800 Uncommon trap: reason=speculate_class_check action=maybe_recompile pc=0x0000000002e17554 method=java.io.ObjectOutputStream.writeObject0(Ljava/lang/Object;Z)V @ 482
Event: 13.875 Thread 0x000000001faf7800 Uncommon trap: reason=unstable_if action=reinterpret pc=0x0000000003d62fb8 method=org.robolectric.internal.bytecode.ClassValueMap.get(Ljava/lang/Class;)Ljava/lang/Object; @ 44
Event: 14.379 Thread 0x000000001faf7800 Uncommon trap: reason=unstable_if action=reinterpret pc=0x0000000006c458d8 method=android.text.SpannableStringBuilder.$$robo$$android_text_SpannableStringBuilder$nextSpanTransitionRec(IILjava/lang/Class;I)I @ 112
Event: 14.408 Thread 0x000000001faf7800 Uncommon trap: reason=unstable_if action=reinterpret pc=0x000000000671326c method=java.lang.StrictMath.floorOrCeil(DDDD)D @ 90
Event: 14.408 Thread 0x000000001faf7800 Uncommon trap: reason=unstable_if action=reinterpret pc=0x00000000066789f4 method=java.lang.StrictMath.floorOrCeil(DDDD)D @ 90
Event: 16.893 Thread 0x000000001faf7800 Uncommon trap: reason=unstable_if action=reinterpret pc=0x0000000004845638 method=java.nio.Buffer.hasRemaining()Z @ 8

Classes redefined (0 events):
No events

Internal exceptions (10 events):
Event: 9.104 Thread 0x000000001faf7800 Exception <a 'java/lang/NoSuchMethodError': java.lang.Object.lambda$get$0(Ljava/lang/Object;)V> (0x0000000777c9cf58) thrown at [C:\src\AOSP-openjdk-git\hotspot\src\share\vm\interpreter\linkResolver.cpp, line 620]
Event: 9.142 Thread 0x000000000293a000 Implicit null exception at 0x0000000003b67e2f to 0x0000000003b67ec5
Event: 9.152 Thread 0x000000001faf7800 Implicit null exception at 0x00000000032c9625 to 0x00000000032c96c6
Event: 9.158 Thread 0x000000001faf7800 Exception <a 'sun/nio/fs/WindowsException'> (0x000000077952dd58) thrown at [C:\src\AOSP-openjdk-git\hotspot\src\share\vm\prims\jni.cpp, line 710]
Event: 9.445 Thread 0x000000001faf7800 Exception <a 'sun/nio/fs/WindowsException'> (0x000000077f442fb8) thrown at [C:\src\AOSP-openjdk-git\hotspot\src\share\vm\prims\jni.cpp, line 710]
Event: 13.668 Thread 0x000000001faf7800 Exception <a 'sun/nio/fs/WindowsException'> (0x000000077dee1fc8) thrown at [C:\src\AOSP-openjdk-git\hotspot\src\share\vm\prims\jni.cpp, line 710]
Event: 13.787 Thread 0x000000001faf7800 Exception <a 'sun/nio/fs/WindowsException'> (0x00000007813799a8) thrown at [C:\src\AOSP-openjdk-git\hotspot\src\share\vm\prims\jni.cpp, line 710]
Event: 13.945 Thread 0x000000001faf7800 Exception <a 'sun/nio/fs/WindowsException'> (0x00000007847ef9f0) thrown at [C:\src\AOSP-openjdk-git\hotspot\src\share\vm\prims\jni.cpp, line 710]
Event: 14.014 Thread 0x000000001c1d4000 Exception <a 'java/lang/NullPointerException'> (0x000000076bc81d30) thrown at [C:\src\AOSP-openjdk-git\hotspot\src\share\vm\interpreter\linkResolver.cpp, line 1287]
Event: 14.015 Thread 0x000000001c1d4000 Exception <a 'java/lang/NullPointerException'> (0x000000076bc83510) thrown at [C:\src\AOSP-openjdk-git\hotspot\src\share\vm\interpreter\linkResolver.cpp, line 1287]

Events (10 events):
Event: 22.615 Thread 0x000000001c221800 flushing nmethod 0x0000000005789fd0
Event: 22.616 Thread 0x000000001c221800 flushing nmethod 0x00000000058d7590
Event: 22.616 Thread 0x000000001c221800 flushing nmethod 0x000000000594f810
Event: 22.616 Thread 0x000000001c221800 flushing nmethod 0x0000000005959310
Event: 22.616 Thread 0x000000001c221800 flushing nmethod 0x0000000005960b10
Event: 22.617 Thread 0x000000001c221800 flushing nmethod 0x0000000006251a10
Event: 22.627 Thread 0x000000001c222800 flushing nmethod 0x0000000006a06ed0
Event: 22.627 Thread 0x000000001c222800 flushing nmethod 0x0000000006e921d0
Event: 22.966 loading class java/util/concurrent/CopyOnWriteArrayList$1
Event: 22.966 loading class java/util/concurrent/CopyOnWriteArrayList$1 done


Dynamic libraries:
0x00007ff601870000 - 0x00007ff6018a1000 	C:\Program Files\Android\Android Studio\jre\bin\java.exe
0x00007ffc160e0000 - 0x00007ffc162d0000 	C:\WINDOWS\SYSTEM32\ntdll.dll
0x00007ffc14780000 - 0x00007ffc14832000 	C:\WINDOWS\System32\KERNEL32.DLL
0x00007ffc13280000 - 0x00007ffc13525000 	C:\WINDOWS\System32\KERNELBASE.dll
0x00007ffc14190000 - 0x00007ffc14233000 	C:\WINDOWS\System32\ADVAPI32.dll
0x00007ffc152e0000 - 0x00007ffc1537e000 	C:\WINDOWS\System32\msvcrt.dll
0x00007ffc15500000 - 0x00007ffc15597000 	C:\WINDOWS\System32\sechost.dll
0x00007ffc15f80000 - 0x00007ffc160a0000 	C:\WINDOWS\System32\RPCRT4.dll
0x00007ffc150d0000 - 0x00007ffc15264000 	C:\WINDOWS\System32\USER32.dll
0x00007ffc13580000 - 0x00007ffc135a1000 	C:\WINDOWS\System32\win32u.dll
0x00007ffc15f50000 - 0x00007ffc15f76000 	C:\WINDOWS\System32\GDI32.dll
0x00007ffc13e20000 - 0x00007ffc13fb6000 	C:\WINDOWS\System32\gdi32full.dll
0x00007ffc13d80000 - 0x00007ffc13e1e000 	C:\WINDOWS\System32\msvcp_win.dll
0x00007ffc13070000 - 0x00007ffc1316a000 	C:\WINDOWS\System32\ucrtbase.dll
0x00007ffc02e60000 - 0x00007ffc030e4000 	C:\WINDOWS\WinSxS\amd64_microsoft.windows.common-controls_6595b64144ccf1df_6.0.18362.1139_none_9e7bf2d3e4605ac6\COMCTL32.dll
0x00007ffc159e0000 - 0x00007ffc15d15000 	C:\WINDOWS\System32\combase.dll
0x00007ffc13fc0000 - 0x00007ffc14040000 	C:\WINDOWS\System32\bcryptPrimitives.dll
0x00007ffc154d0000 - 0x00007ffc154fe000 	C:\WINDOWS\System32\IMM32.DLL
0x0000000063eb0000 - 0x0000000063f82000 	C:\Program Files\Android\Android Studio\jre\jre\bin\msvcr100.dll
0x0000000063f90000 - 0x00000000647db000 	C:\Program Files\Android\Android Studio\jre\jre\bin\server\jvm.dll
0x00007ffc157c0000 - 0x00007ffc157c8000 	C:\WINDOWS\System32\PSAPI.DLL
0x00007ffbfbad0000 - 0x00007ffbfbad9000 	C:\WINDOWS\SYSTEM32\WSOCK32.dll
0x00007ffc15270000 - 0x00007ffc152df000 	C:\WINDOWS\System32\WS2_32.dll
0x00007ffc11080000 - 0x00007ffc110a4000 	C:\WINDOWS\SYSTEM32\WINMM.dll
0x00007ffc0cd70000 - 0x00007ffc0cd7a000 	C:\WINDOWS\SYSTEM32\VERSION.dll
0x00007ffc11050000 - 0x00007ffc1107d000 	C:\WINDOWS\SYSTEM32\WINMMBASE.dll
0x00007ffc135b0000 - 0x00007ffc135fa000 	C:\WINDOWS\System32\cfgmgr32.dll
0x00007ffc0f810000 - 0x00007ffc0f81f000 	C:\Program Files\Android\Android Studio\jre\jre\bin\verify.dll
0x00007ffc0f7e0000 - 0x00007ffc0f809000 	C:\Program Files\Android\Android Studio\jre\jre\bin\java.dll
0x00007ffbf2910000 - 0x00007ffbf2933000 	C:\Program Files\Android\Android Studio\jre\jre\bin\instrument.dll
0x00007ffc0efb0000 - 0x00007ffc0efc6000 	C:\Program Files\Android\Android Studio\jre\jre\bin\zip.dll
0x00007ffc148b0000 - 0x00007ffc14f97000 	C:\WINDOWS\System32\SHELL32.dll
0x00007ffc15d20000 - 0x00007ffc15dc9000 	C:\WINDOWS\System32\shcore.dll
0x00007ffc13600000 - 0x00007ffc13d80000 	C:\WINDOWS\System32\windows.storage.dll
0x00007ffc13020000 - 0x00007ffc13043000 	C:\WINDOWS\System32\profapi.dll
0x00007ffc12fd0000 - 0x00007ffc1301a000 	C:\WINDOWS\System32\powrprof.dll
0x00007ffc12fa0000 - 0x00007ffc12fb0000 	C:\WINDOWS\System32\UMPDC.dll
0x00007ffc15980000 - 0x00007ffc159d2000 	C:\WINDOWS\System32\shlwapi.dll
0x00007ffc13050000 - 0x00007ffc13061000 	C:\WINDOWS\System32\kernel.appcore.dll
0x00007ffc13530000 - 0x00007ffc13547000 	C:\WINDOWS\System32\cryptsp.dll
0x00007ffc0b520000 - 0x00007ffc0b53a000 	C:\Program Files\Android\Android Studio\bin\breakgen64.dll
0x00007ffc0ef90000 - 0x00007ffc0efaa000 	C:\Program Files\Android\Android Studio\jre\jre\bin\net.dll
0x00007ffc12790000 - 0x00007ffc127f7000 	C:\WINDOWS\system32\mswsock.dll
0x00007ffc0ef70000 - 0x00007ffc0ef83000 	C:\Program Files\Android\Android Studio\jre\jre\bin\nio.dll
0x00007ffc12300000 - 0x00007ffc12333000 	C:\WINDOWS\system32\rsaenh.dll
0x00007ffc13550000 - 0x00007ffc13576000 	C:\WINDOWS\System32\bcrypt.dll
0x00007ffc12e80000 - 0x00007ffc12ea5000 	C:\WINDOWS\SYSTEM32\USERENV.dll
0x00007ffc129c0000 - 0x00007ffc129cc000 	C:\WINDOWS\SYSTEM32\CRYPTBASE.dll
0x00007ffc124a0000 - 0x00007ffc124da000 	C:\WINDOWS\SYSTEM32\IPHLPAPI.DLL
0x00007ffc148a0000 - 0x00007ffc148a8000 	C:\WINDOWS\System32\NSI.dll
0x00007ffc0b910000 - 0x00007ffc0b926000 	C:\WINDOWS\SYSTEM32\dhcpcsvc6.DLL
0x00007ffc0c650000 - 0x00007ffc0c66c000 	C:\WINDOWS\SYSTEM32\dhcpcsvc.DLL
0x00007ffc124e0000 - 0x00007ffc125ab000 	C:\WINDOWS\SYSTEM32\DNSAPI.dll
0x00007ffc0b030000 - 0x00007ffc0b054000 	C:\Program Files\Android\Android Studio\jre\jre\bin\sunec.dll
0x00007ffc0b0e0000 - 0x00007ffc0b0eb000 	C:\Program Files\Android\Android Studio\jre\jre\bin\sunmscapi.dll
0x00007ffc14040000 - 0x00007ffc14189000 	C:\WINDOWS\System32\CRYPT32.dll
0x00007ffc12fb0000 - 0x00007ffc12fc2000 	C:\WINDOWS\System32\MSASN1.dll
0x00007ffbfc020000 - 0x00007ffbfc214000 	C:\WINDOWS\SYSTEM32\dbghelp.dll

VM Arguments:
jvm_args: -ea -Didea.test.cyclic.buffer.size=1048576 -javaagent:C:\Program Files\Android\Android Studio\lib\idea_rt.jar=52887:C:\Program Files\Android\Android Studio\bin -Dfile.encoding=UTF-8 
java_command: com.intellij.rt.junit.JUnitStarter -ideVersion5 -junit4 com.example.titancalculator.MainActivityTest
java_class_path (initial): C:\Program Files\Android\Android Studio\lib\idea_rt.jar;C:\Program Files\Android\Android Studio\plugins\junit\lib\junit5-rt.jar;C:\Program Files\Android\Android Studio\plugins\junit\lib\junit-rt.jar;C:\Users\johan\AppData\Local\Android\Sdk\platforms\android-28\data\res;C:\Users\johan\GitHub\Emerald-Calculator\app\build\intermediates\javac\debugUnitTest\classes;C:\Users\johan\GitHub\Emerald-Calculator\app\build\intermediates\javac\debug\classes;C:\Users\johan\GitHub\Emerald-Calculator\app\build\intermediates\compile_and_runtime_not_namespaced_r_class_jar\debug\R.jar;C:\Users\johan\GitHub\Emerald-Calculator\app\build\intermediates\unit_test_config_directory\debugUnitTest\out;C:\Users\johan\GitHub\Emerald-Calculator\app\build\intermediates\compile_and_runtime_not_namespaced_r_class_jar\debugAndroidTest\R.jar;C:\Users\johan\.gradle\caches\modules-2\files-2.1\junit\junit\4.12\2973d150c0dc1fefe998f834810d68f278ea58ec\junit-4.12.jar;C:\Users\johan\.gradle\caches\modules-2\files-2.1\org.hamcrest\hamcrest-library\1.3\4785a3c21320980282f9f33d0d1264a69040538f\hamcrest-library-1.3.jar;C:\Users\johan\.gradle\caches\modules-2\files-2.1\org.hamcrest\hamcrest-core\1.3\42a25dc3219429f0e5d060061f71acb49bf010a0\hamcrest-core-1.3.jar;C:\Users\johan\.gradle\caches\modules-2\files-2.1\javax.inject\javax.inject\1\6975da39a7040257bd51d21a231b76c915872d38\javax.inject-1.jar;C:\Users\johan\.gradle\caches\modules-2\files-2.1\org.robolectric\robolectric\4.5-alpha-3\972e13854423857316cd23f6b96888502824032b\robolectric-4.5-alpha-3.jar;C:\Users\johan\.gradle\caches\modules-2\files-2.1\org.robolectric\shadows-framework\4.5-alpha-3\b73f33f3abaac4f5d446675f8cb5c3071e17a57f\shadows-framework-4.5-alpha-3.jar;C:\Users\johan\.gradle\caches\modules-2\files-2.1\org.robolectric\resources\4.5-alpha-3\1aa8990d596e950ce5664e007531d27e73cb6505\resources-4.5-alpha-3.jar;C:\Users\johan\.gradle\caches\modules-2\files-2.1\org.robolectric\junit\4.5-alpha-3\1197f214c26bd8055253ea2f5c6da2
Launcher Type: SUN_STANDARD

Environment Variables:
PATH=C:\Program Files (x86)\Common Files\Oracle\Java\javapath;C:\WINDOWS\system32;C:\WINDOWS;C:\WINDOWS\System32\Wbem;C:\WINDOWS\System32\WindowsPowerShell\v1.0\;C:\WINDOWS\System32\OpenSSH\;C:\Program Files\Git\cmd;C:\Program Files (x86)\Calibre2\;C:\Users\johan\AppData\Local\Microsoft\WindowsApps;C:\Users\johan\AppData\Local\GitHubDesktop\bin;C:\Program Files\JetBrains\IntelliJ IDEA Community Edition 2020.2.3\bin;
USERNAME=johan
OS=Windows_NT
PROCESSOR_IDENTIFIER=Intel64 Family 6 Model 158 Stepping 11, GenuineIntel



---------------  S Y S T E M  ---------------

OS: Windows 10.0 , 64 bit Build 18362 (10.0.18362.1110)

CPU:total 4 (initial active 4) (4 cores per cpu, 1 threads per core) family 6 model 158 stepping 11, cmov, cx8, fxsr, mmx, sse, sse2, sse3, ssse3, sse4.1, sse4.2, popcnt, avx, avx2, aes, clmul, erms, 3dnowpref, lzcnt, tsc, tscinvbit, bmi1, bmi2, adx

Memory: 4k page, physical 16696028k(3729304k free), swap 20255216k(2950972k free)

vm_info: OpenJDK 64-Bit Server VM (25.242-b01) for windows-amd64 JRE (1.8.0_242-release-1644-b01), built by "builder" with MS VC++ 10.0 (VS2010)

time: Mon Nov 16 12:14:05 2020
timezone: Mitteleuropäische Zeit
elapsed time: 23 seconds (0d 0h 0m 23s)

