#
# A fatal error has been detected by the Java Runtime Environment:
#
#  EXCEPTION_ACCESS_VIOLATION (0xc0000005) at pc=0x0000000064458180, pid=1300, tid=0x0000000000001d64
#
# JRE version: OpenJDK Runtime Environment (8.0_242-b01) (build 1.8.0_242-release-1644-b01)
# Java VM: OpenJDK 64-Bit Server VM (25.242-b01 mixed mode windows-amd64 compressed oops)
# Problematic frame:
# V  [jvm.dll+0x4c8180]
#
# Failed to write core dump. Minidumps are not enabled by default on client versions of Windows
#
# If you would like to submit a bug report, please visit:
#   
#

---------------  T H R E A D  ---------------

Current thread (0x000000001c893800):  JavaThread "C2 CompilerThread1" daemon [_thread_in_native, id=7524, stack(0x000000001e5e0000,0x000000001e6e0000)]

siginfo: ExceptionCode=0xc0000005, reading address 0x000000000000002c

Registers:
RAX=0x000000001fc2e410, RBX=0x00000000205b92d0, RCX=0x0000000000000000, RDX=0x0000000000000131
RSP=0x000000001e6d9128, RBP=0x000000001f7256c0, RSI=0x0000000000000000, RDI=0x0000000028e541c0
R8 =0x000000000111bff8, R9 =0x0000000000000002, R10=0x000000001e023820, R11=0x000000001e6d9080
R12=0x0000000000000001, R13=0x0000000020144758, R14=0x000000001e6d9270, R15=0x000000001e6d9300
RIP=0x0000000064458180, EFLAGS=0x0000000000010202

Top of Stack: (sp=0x000000001e6d9128)
0x000000001e6d9128:   00000000643ba2ea 00000000205b92d0
0x000000001e6d9138:   000000001f7256c0 0000000020172420
0x000000001e6d9148:   00000000643b9d2e 000000001e6d91c0
0x000000001e6d9158:   000000001e6d91c0 0000000020172420
0x000000001e6d9168:   0000000000000000 000000001e6d91f0
0x000000001e6d9178:   00000000643bac42 000000001f7256c0
0x000000001e6d9188:   0000000000000024 000000002a8508e0
0x000000001e6d9198:   00000000205b92d0 000000002a8508e0
0x000000001e6d91a8:   000000001e6d9300 000000001e6d91c0
0x000000001e6d91b8:   000000001e6d9270 0000000000000000
0x000000001e6d91c8:   0000000000000000 0000000000000000
0x000000001e6d91d8:   0000000000000000 0000000000000000
0x000000001e6d91e8:   0000000000000000 00000000fffffffc
0x000000001e6d91f8:   00000000000000b7 0000000000000000
0x000000001e6d9208:   000000001e6deb40 000000001e6d9320
0x000000001e6d9218:   00000000643df3be 000000001f7256c0 

Instructions: (pc=0x0000000064458180)
0x0000000064458160:   40 f8 75 ec 41 ff 4a 18 49 8b 42 08 41 8b 4a 18
0x0000000064458170:   48 8b 5c 24 08 48 c7 04 c8 00 00 00 00 c3 cc cc
0x0000000064458180:   0f b7 51 2c 0f b6 c2 24 1f 3c 14 74 08 80 e2 3f
0x0000000064458190:   80 fa 24 75 28 83 79 18 02 75 22 0f b7 51 2c 0f 


Register to memory mapping:

RAX=0x000000001fc2e410 is an unknown value
RBX=0x00000000205b92d0 is an unknown value
RCX=0x0000000000000000 is an unknown value
RDX=0x0000000000000131 is an unknown value
RSP=0x000000001e6d9128 is pointing into the stack for thread: 0x000000001c893800
RBP=0x000000001f7256c0 is an unknown value
RSI=0x0000000000000000 is an unknown value
RDI=0x0000000028e541c0 is an unknown value
R8 =0x000000000111bff8 is an unknown value
R9 =0x0000000000000002 is an unknown value
R10=0x000000001e023820 is an unknown value
R11=0x000000001e6d9080 is pointing into the stack for thread: 0x000000001c893800
R12=0x0000000000000001 is an unknown value
R13=0x0000000020144758 is an unknown value
R14=0x000000001e6d9270 is pointing into the stack for thread: 0x000000001c893800
R15=0x000000001e6d9300 is pointing into the stack for thread: 0x000000001c893800


Stack: [0x000000001e5e0000,0x000000001e6e0000],  sp=0x000000001e6d9128,  free space=996k
Native frames: (J=compiled Java code, j=interpreted, Vv=VM code, C=native code)
V  [jvm.dll+0x4c8180]


Current CompileTask:
C2:  19929 13401       4       androidx.appcompat.widget.TintTypedArray::obtainStyledAttributes (9 bytes)


---------------  P R O C E S S  ---------------

Java Threads: ( => current thread )
  0x00000000205a7800 JavaThread "magnifier pixel copy result handler" [_thread_blocked, id=9312, stack(0x00000000214f0000,0x00000000215f0000)]
  0x00000000205ae800 JavaThread "SDK 28 Main Thread" [_thread_in_Java, id=11572, stack(0x0000000021620000,0x0000000021720000)]
  0x000000001e0ad800 JavaThread "Service Thread" daemon [_thread_blocked, id=13664, stack(0x000000001e7e0000,0x000000001e8e0000)]
  0x000000001c894800 JavaThread "C1 CompilerThread2" daemon [_thread_blocked, id=11328, stack(0x000000001e6e0000,0x000000001e7e0000)]
=>0x000000001c893800 JavaThread "C2 CompilerThread1" daemon [_thread_in_native, id=7524, stack(0x000000001e5e0000,0x000000001e6e0000)]
  0x000000001c897000 JavaThread "C2 CompilerThread0" daemon [_thread_blocked, id=9788, stack(0x000000001e4e0000,0x000000001e5e0000)]
  0x000000001e022800 JavaThread "Monitor Ctrl-Break" daemon [_thread_in_native, id=8428, stack(0x000000001e3e0000,0x000000001e4e0000)]
  0x000000001c866800 JavaThread "Attach Listener" daemon [_thread_blocked, id=5772, stack(0x000000001dee0000,0x000000001dfe0000)]
  0x000000001c865800 JavaThread "Signal Dispatcher" daemon [_thread_blocked, id=6904, stack(0x000000001dde0000,0x000000001dee0000)]
  0x000000001c842800 JavaThread "Finalizer" daemon [_thread_blocked, id=13888, stack(0x000000001dab0000,0x000000001dbb0000)]
  0x000000001c839800 JavaThread "Reference Handler" daemon [_thread_blocked, id=2888, stack(0x000000001d9b0000,0x000000001dab0000)]
  0x0000000002f7a000 JavaThread "main" [_thread_blocked, id=13484, stack(0x0000000002d70000,0x0000000002e70000)]

Other Threads:
  0x000000001c816000 VMThread [stack: 0x000000001d8b0000,0x000000001d9b0000] [id=4076]
  0x000000001e0af000 WatcherThread [stack: 0x000000001e8e0000,0x000000001e9e0000] [id=13416]

VM state:not at safepoint (normal execution)

VM Mutex/Monitor currently owned by a thread: None

heap address: 0x00000006c1200000, size: 4078 MB, Compressed Oops mode: Zero based, Oop shift amount: 3
Narrow klass base: 0x0000000000000000, Narrow klass shift: 3
Compressed class space size: 1073741824 Address: 0x00000007c0000000

Heap:
 PSYoungGen      total 921600K, used 664655K [0x000000076b100000, 0x00000007b7380000, 0x00000007c0000000)
  eden space 702976K, 64% used [0x000000076b100000,0x0000000786eabcc0,0x0000000795f80000)
  from space 218624K, 95% used [0x00000007a5500000,0x00000007b2068000,0x00000007b2a80000)
  to   space 251392K, 0% used [0x0000000795f80000,0x0000000795f80000,0x00000007a5500000)
 ParOldGen       total 441856K, used 124934K [0x00000006c1200000, 0x00000006dc180000, 0x000000076b100000)
  object space 441856K, 28% used [0x00000006c1200000,0x00000006c8c01a00,0x00000006dc180000)
 Metaspace       used 63237K, capacity 74972K, committed 75136K, reserved 1114112K
  class space    used 7116K, capacity 10005K, committed 10112K, reserved 1048576K

Card table byte_map: [0x00000000125f0000,0x0000000012df0000] byte_map_base: 0x000000000efe7000

Marking Bits: (ParMarkBitMap*) 0x000000006475f030
 Begin Bits: [0x0000000013740000, 0x00000000176f8000)
 End Bits:   [0x00000000176f8000, 0x000000001b6b0000)

Polling page: 0x0000000000df0000

CodeCache: size=245760Kb used=83540Kb max_used=83633Kb free=162219Kb
 bounds [0x0000000003230000, 0x0000000008410000, 0x0000000012230000]
 total_blobs=11769 nmethods=10291 adapters=1388
 compilation: enabled

Compilation events (10 events):
Event: 19.884 Thread 0x000000001c897000 nmethod 13399 0x00000000047be010 code [0x00000000047be140, 0x00000000047be198]
Event: 19.894 Thread 0x000000001c894800 13400       3       androidx.appcompat.view.SupportMenuInflater::$$robo$$androidx_appcompat_view_SupportMenuInflater$parseMenu (374 bytes)
Event: 19.908 Thread 0x000000001c894800 nmethod 13400 0x00000000083db390 code [0x00000000083dd0c0, 0x00000000083f47f8]
Event: 19.909 Thread 0x000000001c893800 13401       4       androidx.appcompat.widget.TintTypedArray::obtainStyledAttributes (9 bytes)
Event: 19.915 Thread 0x000000001c897000 13402       4       android.widget.TextView::applyTextAppearance (8 bytes)
Event: 19.920 Thread 0x000000001c894800 13404       3       android.view.DisplayInfo::getAppMetrics (9 bytes)
Event: 19.921 Thread 0x000000001c894800 nmethod 13404 0x00000000036cf810 code [0x00000000036cfb40, 0x00000000036d1628]
Event: 19.922 Thread 0x000000001c897000 nmethod 13402 0x00000000036ab010 code [0x00000000036ab1c0, 0x00000000036ab790]
Event: 19.922 Thread 0x000000001c897000 13403       4       android.widget.TextView::$$robo$$android_widget_TextView$applyTextAppearance (231 bytes)
Event: 19.922 Thread 0x000000001c894800 13405       3       android.view.DisplayInfo::$$robo$$android_view_DisplayInfo$getAppMetrics (22 bytes)

GC Heap History (10 events):
Event: 15.834 GC heap before
{Heap before GC invocations=24 (full 4):
 PSYoungGen      total 607744K, used 607744K [0x000000076b100000, 0x000000079c580000, 0x00000007c0000000)
  eden space 506880K, 100% used [0x000000076b100000,0x000000078a000000,0x000000078a000000)
  from space 100864K, 100% used [0x000000078a000000,0x0000000790280000,0x0000000790280000)
  to   space 118272K, 0% used [0x0000000795200000,0x0000000795200000,0x000000079c580000)
 ParOldGen       total 441856K, used 120852K [0x00000006c1200000, 0x00000006dc180000, 0x000000076b100000)
  object space 441856K, 27% used [0x00000006c1200000,0x00000006c8805150,0x00000006dc180000)
 Metaspace       used 61977K, capacity 73340K, committed 73472K, reserved 1112064K
  class space    used 7058K, capacity 9876K, committed 9984K, reserved 1048576K
Event: 15.875 GC heap after
Heap after GC invocations=24 (full 4):
 PSYoungGen      total 668160K, used 118272K [0x000000076b100000, 0x000000079f880000, 0x00000007c0000000)
  eden space 549888K, 0% used [0x000000076b100000,0x000000076b100000,0x000000078ca00000)
  from space 118272K, 100% used [0x0000000795200000,0x000000079c580000,0x000000079c580000)
  to   space 139264K, 0% used [0x000000078ca00000,0x000000078ca00000,0x0000000795200000)
 ParOldGen       total 441856K, used 124748K [0x00000006c1200000, 0x00000006dc180000, 0x000000076b100000)
  object space 441856K, 28% used [0x00000006c1200000,0x00000006c8bd3278,0x00000006dc180000)
 Metaspace       used 61977K, capacity 73340K, committed 73472K, reserved 1112064K
  class space    used 7058K, capacity 9876K, committed 9984K, reserved 1048576K
}
Event: 16.663 GC heap before
{Heap before GC invocations=25 (full 4):
 PSYoungGen      total 668160K, used 668160K [0x000000076b100000, 0x000000079f880000, 0x00000007c0000000)
  eden space 549888K, 100% used [0x000000076b100000,0x000000078ca00000,0x000000078ca00000)
  from space 118272K, 100% used [0x0000000795200000,0x000000079c580000,0x000000079c580000)
  to   space 139264K, 0% used [0x000000078ca00000,0x000000078ca00000,0x0000000795200000)
 ParOldGen       total 441856K, used 124748K [0x00000006c1200000, 0x00000006dc180000, 0x000000076b100000)
  object space 441856K, 28% used [0x00000006c1200000,0x00000006c8bd3278,0x00000006dc180000)
 Metaspace       used 62097K, capacity 73432K, committed 73728K, reserved 1114112K
  class space    used 7063K, capacity 9880K, committed 9984K, reserved 1048576K
Event: 16.718 GC heap after
Heap after GC invocations=25 (full 4):
 PSYoungGen      total 689152K, used 139264K [0x000000076b100000, 0x00000007a6200000, 0x00000007c0000000)
  eden space 549888K, 0% used [0x000000076b100000,0x000000076b100000,0x000000078ca00000)
  from space 139264K, 100% used [0x000000078ca00000,0x0000000795200000,0x0000000795200000)
  to   space 162816K, 0% used [0x000000079c300000,0x000000079c300000,0x00000007a6200000)
 ParOldGen       total 441856K, used 124910K [0x00000006c1200000, 0x00000006dc180000, 0x000000076b100000)
  object space 441856K, 28% used [0x00000006c1200000,0x00000006c8bfba00,0x00000006dc180000)
 Metaspace       used 62097K, capacity 73432K, committed 73728K, reserved 1114112K
  class space    used 7063K, capacity 9880K, committed 9984K, reserved 1048576K
}
Event: 17.514 GC heap before
{Heap before GC invocations=26 (full 4):
 PSYoungGen      total 689152K, used 689152K [0x000000076b100000, 0x00000007a6200000, 0x00000007c0000000)
  eden space 549888K, 100% used [0x000000076b100000,0x000000078ca00000,0x000000078ca00000)
  from space 139264K, 100% used [0x000000078ca00000,0x0000000795200000,0x0000000795200000)
  to   space 162816K, 0% used [0x000000079c300000,0x000000079c300000,0x00000007a6200000)
 ParOldGen       total 441856K, used 124910K [0x00000006c1200000, 0x00000006dc180000, 0x000000076b100000)
  object space 441856K, 28% used [0x00000006c1200000,0x00000006c8bfba00,0x00000006dc180000)
 Metaspace       used 62287K, capacity 73716K, committed 73984K, reserved 1114112K
  class space    used 7067K, capacity 9884K, committed 9984K, reserved 1048576K
Event: 17.564 GC heap after
Heap after GC invocations=26 (full 4):
 PSYoungGen      total 778752K, used 159488K [0x000000076b100000, 0x00000007a9b00000, 0x00000007c0000000)
  eden space 615936K, 0% used [0x000000076b100000,0x000000076b100000,0x0000000790a80000)
  from space 162816K, 97% used [0x000000079c300000,0x00000007a5ec0000,0x00000007a6200000)
  to   space 188928K, 0% used [0x0000000790a80000,0x0000000790a80000,0x000000079c300000)
 ParOldGen       total 441856K, used 124918K [0x00000006c1200000, 0x00000006dc180000, 0x000000076b100000)
  object space 441856K, 28% used [0x00000006c1200000,0x00000006c8bfda00,0x00000006dc180000)
 Metaspace       used 62287K, capacity 73716K, committed 73984K, reserved 1114112K
  class space    used 7067K, capacity 9884K, committed 9984K, reserved 1048576K
}
Event: 18.400 GC heap before
{Heap before GC invocations=27 (full 4):
 PSYoungGen      total 778752K, used 775424K [0x000000076b100000, 0x00000007a9b00000, 0x00000007c0000000)
  eden space 615936K, 100% used [0x000000076b100000,0x0000000790a80000,0x0000000790a80000)
  from space 162816K, 97% used [0x000000079c300000,0x00000007a5ec0000,0x00000007a6200000)
  to   space 188928K, 0% used [0x0000000790a80000,0x0000000790a80000,0x000000079c300000)
 ParOldGen       total 441856K, used 124918K [0x00000006c1200000, 0x00000006dc180000, 0x000000076b100000)
  object space 441856K, 28% used [0x00000006c1200000,0x00000006c8bfda00,0x00000006dc180000)
 Metaspace       used 62425K, capacity 73838K, committed 73984K, reserved 1114112K
  class space    used 7073K, capacity 9889K, committed 9984K, reserved 1048576K
Event: 18.468 GC heap after
Heap after GC invocations=27 (full 4):
 PSYoungGen      total 804864K, used 183840K [0x000000076b100000, 0x00000007b2a80000, 0x00000007c0000000)
  eden space 615936K, 0% used [0x000000076b100000,0x000000076b100000,0x0000000790a80000)
  from space 188928K, 97% used [0x0000000790a80000,0x000000079be08000,0x000000079c300000)
  to   space 218624K, 0% used [0x00000007a5500000,0x00000007a5500000,0x00000007b2a80000)
 ParOldGen       total 441856K, used 124926K [0x00000006c1200000, 0x00000006dc180000, 0x000000076b100000)
  object space 441856K, 28% used [0x00000006c1200000,0x00000006c8bffa00,0x00000006dc180000)
 Metaspace       used 62425K, capacity 73838K, committed 73984K, reserved 1114112K
  class space    used 7073K, capacity 9889K, committed 9984K, reserved 1048576K
}
Event: 19.261 GC heap before
{Heap before GC invocations=28 (full 4):
 PSYoungGen      total 804864K, used 799776K [0x000000076b100000, 0x00000007b2a80000, 0x00000007c0000000)
  eden space 615936K, 100% used [0x000000076b100000,0x0000000790a80000,0x0000000790a80000)
  from space 188928K, 97% used [0x0000000790a80000,0x000000079be08000,0x000000079c300000)
  to   space 218624K, 0% used [0x00000007a5500000,0x00000007a5500000,0x00000007b2a80000)
 ParOldGen       total 441856K, used 124926K [0x00000006c1200000, 0x00000006dc180000, 0x000000076b100000)
  object space 441856K, 28% used [0x00000006c1200000,0x00000006c8bffa00,0x00000006dc180000)
 Metaspace       used 62527K, capacity 73942K, committed 74240K, reserved 1114112K
  class space    used 7078K, capacity 9893K, committed 9984K, reserved 1048576K
Event: 19.335 GC heap after
Heap after GC invocations=28 (full 4):
 PSYoungGen      total 921600K, used 208288K [0x000000076b100000, 0x00000007b7380000, 0x00000007c0000000)
  eden space 702976K, 0% used [0x000000076b100000,0x000000076b100000,0x0000000795f80000)
  from space 218624K, 95% used [0x00000007a5500000,0x00000007b2068000,0x00000007b2a80000)
  to   space 251392K, 0% used [0x0000000795f80000,0x0000000795f80000,0x00000007a5500000)
 ParOldGen       total 441856K, used 124934K [0x00000006c1200000, 0x00000006dc180000, 0x000000076b100000)
  object space 441856K, 28% used [0x00000006c1200000,0x00000006c8c01a00,0x00000006dc180000)
 Metaspace       used 62527K, capacity 73942K, committed 74240K, reserved 1114112K
  class space    used 7078K, capacity 9893K, committed 9984K, reserved 1048576K
}

Deoptimization events (10 events):
Event: 12.100 Thread 0x00000000205ae800 Uncommon trap: reason=bimorphic action=maybe_recompile pc=0x00000000051bdfc0 method=org.robolectric.shadows.ShadowView.invalidate()V @ 9
Event: 12.149 Thread 0x00000000205ae800 Uncommon trap: reason=speculate_class_check action=maybe_recompile pc=0x0000000003a7d2d4 method=java.io.ObjectOutputStream.writeObject0(Ljava/lang/Object;Z)V @ 482
Event: 12.149 Thread 0x00000000205ae800 Uncommon trap: reason=speculate_class_check action=maybe_recompile pc=0x0000000003a7d2d4 method=java.io.ObjectOutputStream.writeObject0(Ljava/lang/Object;Z)V @ 482
Event: 12.177 Thread 0x00000000205ae800 Uncommon trap: reason=bimorphic action=maybe_recompile pc=0x00000000051b0bd8 method=org.robolectric.shadows.ShadowView.requestLayout()V @ 9
Event: 12.179 Thread 0x00000000205ae800 Uncommon trap: reason=bimorphic action=maybe_recompile pc=0x00000000051b0bb4 method=org.robolectric.shadows.ShadowView.requestLayout()V @ 9
Event: 12.361 Thread 0x00000000205ae800 Uncommon trap: reason=unstable_if action=reinterpret pc=0x00000000074ed2ec method=android.text.SpannableStringBuilder.$$robo$$android_text_SpannableStringBuilder$nextSpanTransitionRec(IILjava/lang/Class;I)I @ 112
Event: 12.381 Thread 0x00000000205ae800 Uncommon trap: reason=unstable_if action=reinterpret pc=0x00000000039a966c method=java.lang.StrictMath.floorOrCeil(DDDD)D @ 90
Event: 12.480 Thread 0x00000000205ae800 Uncommon trap: reason=unstable_if action=reinterpret pc=0x00000000034698b4 method=java.lang.StrictMath.floorOrCeil(DDDD)D @ 90
Event: 13.863 Thread 0x00000000205ae800 Uncommon trap: reason=unstable_if action=reinterpret pc=0x0000000007872bb4 method=java.nio.Buffer.hasRemaining()Z @ 8
Event: 19.819 Thread 0x0000000002f7a000 Uncommon trap: reason=unstable_if action=reinterpret pc=0x00000000076c8f1c method=java.nio.Buffer.hasRemaining()Z @ 8

Classes redefined (0 events):
No events

Internal exceptions (10 events):
Event: 8.514 Thread 0x00000000205ae800 Exception <a 'java/lang/NoSuchMethodError': java.lang.Object.lambda$get$0(Ljava/lang/Object;)V> (0x000000077404e708) thrown at [C:\src\AOSP-openjdk-git\hotspot\src\share\vm\interpreter\linkResolver.cpp, line 620]
Event: 8.554 Thread 0x0000000002f7a000 Implicit null exception at 0x00000000041b98ef to 0x00000000041b9985
Event: 8.572 Thread 0x00000000205ae800 Exception <a 'sun/nio/fs/WindowsException'> (0x00000007754c7788) thrown at [C:\src\AOSP-openjdk-git\hotspot\src\share\vm\prims\jni.cpp, line 710]
Event: 8.915 Thread 0x00000000205ae800 Exception <a 'sun/nio/fs/WindowsException'> (0x000000077b398cc0) thrown at [C:\src\AOSP-openjdk-git\hotspot\src\share\vm\prims\jni.cpp, line 710]
Event: 11.945 Thread 0x00000000205ae800 Exception <a 'sun/nio/fs/WindowsException'> (0x0000000776a45b18) thrown at [C:\src\AOSP-openjdk-git\hotspot\src\share\vm\prims\jni.cpp, line 710]
Event: 12.058 Thread 0x00000000205ae800 Exception <a 'sun/nio/fs/WindowsException'> (0x0000000779ab5e10) thrown at [C:\src\AOSP-openjdk-git\hotspot\src\share\vm\prims\jni.cpp, line 710]
Event: 12.161 Thread 0x00000000205ae800 Exception <a 'sun/nio/fs/WindowsException'> (0x000000077cb1d358) thrown at [C:\src\AOSP-openjdk-git\hotspot\src\share\vm\prims\jni.cpp, line 710]
Event: 12.438 Thread 0x000000001c842800 Exception <a 'java/lang/NullPointerException'> (0x000000076ba10e90) thrown at [C:\src\AOSP-openjdk-git\hotspot\src\share\vm\interpreter\linkResolver.cpp, line 1287]
Event: 12.457 Thread 0x000000001c842800 Exception <a 'java/lang/NullPointerException'> (0x000000076ba4d8b0) thrown at [C:\src\AOSP-openjdk-git\hotspot\src\share\vm\interpreter\linkResolver.cpp, line 1287]
Event: 19.831 Thread 0x00000000205ae800 Exception <a 'sun/nio/fs/WindowsException'> (0x0000000781d2d420) thrown at [C:\src\AOSP-openjdk-git\hotspot\src\share\vm\prims\jni.cpp, line 710]

Events (10 events):
Event: 19.874 Thread 0x000000001c894800 flushing nmethod 0x0000000003533dd0
Event: 19.874 Thread 0x000000001c894800 flushing nmethod 0x00000000036a9b90
Event: 19.874 Thread 0x000000001c894800 flushing nmethod 0x00000000036cf450
Event: 19.875 Thread 0x000000001c894800 flushing nmethod 0x000000000379ce10
Event: 19.875 Thread 0x000000001c894800 flushing nmethod 0x00000000037f4cd0
Event: 19.875 Thread 0x000000001c894800 flushing nmethod 0x00000000038494d0
Event: 19.883 Thread 0x000000001c894800 flushing nmethod 0x0000000003873e10
Event: 19.883 Executing VM operation: RevokeBias
Event: 19.883 Executing VM operation: RevokeBias done
Event: 19.922 Thread 0x000000001c894800 flushing nmethod 0x0000000003c6bc50


Dynamic libraries:
0x00007ff601870000 - 0x00007ff6018a1000 	C:\Program Files\Android\Android Studio\jre\bin\java.exe
0x00007ffc160e0000 - 0x00007ffc162d0000 	C:\WINDOWS\SYSTEM32\ntdll.dll
0x00007ffc14780000 - 0x00007ffc14832000 	C:\WINDOWS\System32\KERNEL32.DLL
0x00007ffc13280000 - 0x00007ffc13525000 	C:\WINDOWS\System32\KERNELBASE.dll
0x00007ffc14190000 - 0x00007ffc14233000 	C:\WINDOWS\System32\ADVAPI32.dll
0x00007ffc152e0000 - 0x00007ffc1537e000 	C:\WINDOWS\System32\msvcrt.dll
0x00007ffc15500000 - 0x00007ffc15597000 	C:\WINDOWS\System32\sechost.dll
0x00007ffc15f80000 - 0x00007ffc160a0000 	C:\WINDOWS\System32\RPCRT4.dll
0x00007ffc150d0000 - 0x00007ffc15264000 	C:\WINDOWS\System32\USER32.dll
0x00007ffc13580000 - 0x00007ffc135a1000 	C:\WINDOWS\System32\win32u.dll
0x00007ffc15f50000 - 0x00007ffc15f76000 	C:\WINDOWS\System32\GDI32.dll
0x00007ffc13e20000 - 0x00007ffc13fb6000 	C:\WINDOWS\System32\gdi32full.dll
0x00007ffc13d80000 - 0x00007ffc13e1e000 	C:\WINDOWS\System32\msvcp_win.dll
0x00007ffc13070000 - 0x00007ffc1316a000 	C:\WINDOWS\System32\ucrtbase.dll
0x00007ffc02e60000 - 0x00007ffc030e4000 	C:\WINDOWS\WinSxS\amd64_microsoft.windows.common-controls_6595b64144ccf1df_6.0.18362.1139_none_9e7bf2d3e4605ac6\COMCTL32.dll
0x00007ffc159e0000 - 0x00007ffc15d15000 	C:\WINDOWS\System32\combase.dll
0x00007ffc13fc0000 - 0x00007ffc14040000 	C:\WINDOWS\System32\bcryptPrimitives.dll
0x00007ffc154d0000 - 0x00007ffc154fe000 	C:\WINDOWS\System32\IMM32.DLL
0x0000000063eb0000 - 0x0000000063f82000 	C:\Program Files\Android\Android Studio\jre\jre\bin\msvcr100.dll
0x0000000063f90000 - 0x00000000647db000 	C:\Program Files\Android\Android Studio\jre\jre\bin\server\jvm.dll
0x00007ffc157c0000 - 0x00007ffc157c8000 	C:\WINDOWS\System32\PSAPI.DLL
0x00007ffbfbad0000 - 0x00007ffbfbad9000 	C:\WINDOWS\SYSTEM32\WSOCK32.dll
0x00007ffc15270000 - 0x00007ffc152df000 	C:\WINDOWS\System32\WS2_32.dll
0x00007ffc11080000 - 0x00007ffc110a4000 	C:\WINDOWS\SYSTEM32\WINMM.dll
0x00007ffc0cd70000 - 0x00007ffc0cd7a000 	C:\WINDOWS\SYSTEM32\VERSION.dll
0x00007ffc11050000 - 0x00007ffc1107d000 	C:\WINDOWS\SYSTEM32\WINMMBASE.dll
0x00007ffc135b0000 - 0x00007ffc135fa000 	C:\WINDOWS\System32\cfgmgr32.dll
0x00007ffc0f810000 - 0x00007ffc0f81f000 	C:\Program Files\Android\Android Studio\jre\jre\bin\verify.dll
0x00007ffc0f7e0000 - 0x00007ffc0f809000 	C:\Program Files\Android\Android Studio\jre\jre\bin\java.dll
0x00007ffc04260000 - 0x00007ffc04283000 	C:\Program Files\Android\Android Studio\jre\jre\bin\instrument.dll
0x00007ffc0efb0000 - 0x00007ffc0efc6000 	C:\Program Files\Android\Android Studio\jre\jre\bin\zip.dll
0x00007ffc148b0000 - 0x00007ffc14f97000 	C:\WINDOWS\System32\SHELL32.dll
0x00007ffc15d20000 - 0x00007ffc15dc9000 	C:\WINDOWS\System32\shcore.dll
0x00007ffc13600000 - 0x00007ffc13d80000 	C:\WINDOWS\System32\windows.storage.dll
0x00007ffc13020000 - 0x00007ffc13043000 	C:\WINDOWS\System32\profapi.dll
0x00007ffc12fd0000 - 0x00007ffc1301a000 	C:\WINDOWS\System32\powrprof.dll
0x00007ffc12fa0000 - 0x00007ffc12fb0000 	C:\WINDOWS\System32\UMPDC.dll
0x00007ffc15980000 - 0x00007ffc159d2000 	C:\WINDOWS\System32\shlwapi.dll
0x00007ffc13050000 - 0x00007ffc13061000 	C:\WINDOWS\System32\kernel.appcore.dll
0x00007ffc13530000 - 0x00007ffc13547000 	C:\WINDOWS\System32\cryptsp.dll
0x00007ffc04240000 - 0x00007ffc0425a000 	C:\Program Files\Android\Android Studio\bin\breakgen64.dll
0x00007ffc0ef90000 - 0x00007ffc0efaa000 	C:\Program Files\Android\Android Studio\jre\jre\bin\net.dll
0x00007ffc12790000 - 0x00007ffc127f7000 	C:\WINDOWS\system32\mswsock.dll
0x00007ffc0ef70000 - 0x00007ffc0ef83000 	C:\Program Files\Android\Android Studio\jre\jre\bin\nio.dll
0x00007ffc12300000 - 0x00007ffc12333000 	C:\WINDOWS\system32\rsaenh.dll
0x00007ffc13550000 - 0x00007ffc13576000 	C:\WINDOWS\System32\bcrypt.dll
0x00007ffc12e80000 - 0x00007ffc12ea5000 	C:\WINDOWS\SYSTEM32\USERENV.dll
0x00007ffc129c0000 - 0x00007ffc129cc000 	C:\WINDOWS\SYSTEM32\CRYPTBASE.dll
0x00007ffc124a0000 - 0x00007ffc124da000 	C:\WINDOWS\SYSTEM32\IPHLPAPI.DLL
0x00007ffc148a0000 - 0x00007ffc148a8000 	C:\WINDOWS\System32\NSI.dll
0x00007ffc0b910000 - 0x00007ffc0b926000 	C:\WINDOWS\SYSTEM32\dhcpcsvc6.DLL
0x00007ffc0c650000 - 0x00007ffc0c66c000 	C:\WINDOWS\SYSTEM32\dhcpcsvc.DLL
0x00007ffc124e0000 - 0x00007ffc125ab000 	C:\WINDOWS\SYSTEM32\DNSAPI.dll
0x00007ffc0b030000 - 0x00007ffc0b054000 	C:\Program Files\Android\Android Studio\jre\jre\bin\sunec.dll
0x00007ffc0b0e0000 - 0x00007ffc0b0eb000 	C:\Program Files\Android\Android Studio\jre\jre\bin\sunmscapi.dll
0x00007ffc14040000 - 0x00007ffc14189000 	C:\WINDOWS\System32\CRYPT32.dll
0x00007ffc12fb0000 - 0x00007ffc12fc2000 	C:\WINDOWS\System32\MSASN1.dll
0x00007ffbfc020000 - 0x00007ffbfc214000 	C:\WINDOWS\SYSTEM32\dbghelp.dll

VM Arguments:
jvm_args: -ea -Didea.test.cyclic.buffer.size=1048576 -javaagent:C:\Program Files\Android\Android Studio\lib\idea_rt.jar=54875:C:\Program Files\Android\Android Studio\bin -Dfile.encoding=UTF-8 
java_command: com.intellij.rt.junit.JUnitStarter -ideVersion5 -junit4 com.example.titancalculator.MainActivityTest
java_class_path (initial): C:\Program Files\Android\Android Studio\lib\idea_rt.jar;C:\Program Files\Android\Android Studio\plugins\junit\lib\junit5-rt.jar;C:\Program Files\Android\Android Studio\plugins\junit\lib\junit-rt.jar;C:\Users\johan\AppData\Local\Android\Sdk\platforms\android-28\data\res;C:\Users\johan\GitHub\Emerald-Calculator\app\build\intermediates\javac\debugUnitTest\classes;C:\Users\johan\GitHub\Emerald-Calculator\app\build\intermediates\javac\debug\classes;C:\Users\johan\GitHub\Emerald-Calculator\app\build\intermediates\compile_and_runtime_not_namespaced_r_class_jar\debug\R.jar;C:\Users\johan\GitHub\Emerald-Calculator\app\build\intermediates\unit_test_config_directory\debugUnitTest\out;C:\Users\johan\GitHub\Emerald-Calculator\app\build\intermediates\compile_and_runtime_not_namespaced_r_class_jar\debugAndroidTest\R.jar;C:\Users\johan\.gradle\caches\modules-2\files-2.1\junit\junit\4.12\2973d150c0dc1fefe998f834810d68f278ea58ec\junit-4.12.jar;C:\Users\johan\.gradle\caches\modules-2\files-2.1\org.hamcrest\hamcrest-library\1.3\4785a3c21320980282f9f33d0d1264a69040538f\hamcrest-library-1.3.jar;C:\Users\johan\.gradle\caches\modules-2\files-2.1\org.hamcrest\hamcrest-core\1.3\42a25dc3219429f0e5d060061f71acb49bf010a0\hamcrest-core-1.3.jar;C:\Users\johan\.gradle\caches\modules-2\files-2.1\javax.inject\javax.inject\1\6975da39a7040257bd51d21a231b76c915872d38\javax.inject-1.jar;C:\Users\johan\.gradle\caches\modules-2\files-2.1\org.robolectric\robolectric\4.5-alpha-3\972e13854423857316cd23f6b96888502824032b\robolectric-4.5-alpha-3.jar;C:\Users\johan\.gradle\caches\modules-2\files-2.1\org.robolectric\shadows-framework\4.5-alpha-3\b73f33f3abaac4f5d446675f8cb5c3071e17a57f\shadows-framework-4.5-alpha-3.jar;C:\Users\johan\.gradle\caches\modules-2\files-2.1\org.robolectric\resources\4.5-alpha-3\1aa8990d596e950ce5664e007531d27e73cb6505\resources-4.5-alpha-3.jar;C:\Users\johan\.gradle\caches\modules-2\files-2.1\org.robolectric\junit\4.5-alpha-3\1197f214c26bd8055253ea2f5c6da2
Launcher Type: SUN_STANDARD

Environment Variables:
PATH=C:\Program Files (x86)\Common Files\Oracle\Java\javapath;C:\WINDOWS\system32;C:\WINDOWS;C:\WINDOWS\System32\Wbem;C:\WINDOWS\System32\WindowsPowerShell\v1.0\;C:\WINDOWS\System32\OpenSSH\;C:\Program Files\Git\cmd;C:\Program Files (x86)\Calibre2\;C:\Users\johan\AppData\Local\Microsoft\WindowsApps;C:\Users\johan\AppData\Local\GitHubDesktop\bin;C:\Program Files\JetBrains\IntelliJ IDEA Community Edition 2020.2.3\bin;
USERNAME=johan
OS=Windows_NT
PROCESSOR_IDENTIFIER=Intel64 Family 6 Model 158 Stepping 11, GenuineIntel



---------------  S Y S T E M  ---------------

OS: Windows 10.0 , 64 bit Build 18362 (10.0.18362.1110)

CPU:total 4 (initial active 4) (4 cores per cpu, 1 threads per core) family 6 model 158 stepping 11, cmov, cx8, fxsr, mmx, sse, sse2, sse3, ssse3, sse4.1, sse4.2, popcnt, avx, avx2, aes, clmul, erms, 3dnowpref, lzcnt, tsc, tscinvbit, bmi1, bmi2, adx

Memory: 4k page, physical 16696028k(2832276k free), swap 20514140k(2071016k free)

vm_info: OpenJDK 64-Bit Server VM (25.242-b01) for windows-amd64 JRE (1.8.0_242-release-1644-b01), built by "builder" with MS VC++ 10.0 (VS2010)

time: Mon Nov 16 14:10:23 2020
timezone: Mitteleuropäische Zeit
elapsed time: 19 seconds (0d 0h 0m 19s)

