#
# A fatal error has been detected by the Java Runtime Environment:
#
#  EXCEPTION_ACCESS_VIOLATION (0xc0000005) at pc=0x0000000066708180, pid=8500, tid=0x00000000000003f8
#
# JRE version: OpenJDK Runtime Environment (8.0_242-b01) (build 1.8.0_242-release-1644-b01)
# Java VM: OpenJDK 64-Bit Server VM (25.242-b01 mixed mode windows-amd64 compressed oops)
# Problematic frame:
# V  [jvm.dll+0x4c8180]
#
# Failed to write core dump. Minidumps are not enabled by default on client versions of Windows
#
# If you would like to submit a bug report, please visit:
#   
#

---------------  T H R E A D  ---------------

Current thread (0x000000001cc51800):  JavaThread "C2 CompilerThread1" daemon [_thread_in_native, id=1016, stack(0x000000001e8a0000,0x000000001e9a0000)]

siginfo: ExceptionCode=0xc0000005, reading address 0x000000000000002c

Registers:
RAX=0x000000002beb8b18, RBX=0x00000000204aef30, RCX=0x0000000000000000, RDX=0x00000000000000f9
RSP=0x000000001e998b78, RBP=0x0000000021191bf0, RSI=0x0000000000000000, RDI=0x000000002e402ef0
R8 =0x000000001cc54ea8, R9 =0x0000000000000002, R10=0x000000001cc33130, R11=0x000000001e998ad0
R12=0x0000000000000001, R13=0x000000002efe6dd0, R14=0x000000001e998cc0, R15=0x000000001e998d50
RIP=0x0000000066708180, EFLAGS=0x0000000000010206

Top of Stack: (sp=0x000000001e998b78)
0x000000001e998b78:   000000006666a2ea 00000000204aef30
0x000000001e998b88:   0000000021191bf0 000000002118ea70
0x000000001e998b98:   0000000066669d2e 000000001e998c10
0x000000001e998ba8:   000000001e998c10 000000002118ea70
0x000000001e998bb8:   0000000000000000 000000001e998c40
0x000000001e998bc8:   000000006666ac42 0000000021191bf0
0x000000001e998bd8:   0000000000000024 000000002f10d3a0
0x000000001e998be8:   00000000204aef30 000000002f10d3a0
0x000000001e998bf8:   000000001e998d50 000000001e998c10
0x000000001e998c08:   000000001e998cc0 0000000000000000
0x000000001e998c18:   0000000000000000 0000000000000000
0x000000001e998c28:   0000000000000000 0000000000000000
0x000000001e998c38:   0000000000000000 00000000fffffffc
0x000000001e998c48:   00000000000000b7 0000000000000000
0x000000001e998c58:   000000001e99e590 000000001e998d70
0x000000001e998c68:   000000006668f3be 0000000021191bf0 

Instructions: (pc=0x0000000066708180)
0x0000000066708160:   40 f8 75 ec 41 ff 4a 18 49 8b 42 08 41 8b 4a 18
0x0000000066708170:   48 8b 5c 24 08 48 c7 04 c8 00 00 00 00 c3 cc cc
0x0000000066708180:   0f b7 51 2c 0f b6 c2 24 1f 3c 14 74 08 80 e2 3f
0x0000000066708190:   80 fa 24 75 28 83 79 18 02 75 22 0f b7 51 2c 0f 


Register to memory mapping:

RAX=0x000000002beb8b18 is an unknown value
RBX=0x00000000204aef30 is an unknown value
RCX=0x0000000000000000 is an unknown value
RDX=0x00000000000000f9 is an unknown value
RSP=0x000000001e998b78 is pointing into the stack for thread: 0x000000001cc51800
RBP=0x0000000021191bf0 is an unknown value
RSI=0x0000000000000000 is an unknown value
RDI=0x000000002e402ef0 is an unknown value
R8 =0x000000001cc54ea8 is an unknown value
R9 =0x0000000000000002 is an unknown value
R10=0x000000001cc33130 is an unknown value
R11=0x000000001e998ad0 is pointing into the stack for thread: 0x000000001cc51800
R12=0x0000000000000001 is an unknown value
R13=0x000000002efe6dd0 is an unknown value
R14=0x000000001e998cc0 is pointing into the stack for thread: 0x000000001cc51800
R15=0x000000001e998d50 is pointing into the stack for thread: 0x000000001cc51800


Stack: [0x000000001e8a0000,0x000000001e9a0000],  sp=0x000000001e998b78,  free space=994k
Native frames: (J=compiled Java code, j=interpreted, Vv=VM code, C=native code)
V  [jvm.dll+0x4c8180]


Current CompileTask:
C2:  16795 12064       4       android.view.LayoutInflater::$$robo$$android_view_LayoutInflater$rInflate (231 bytes)


---------------  P R O C E S S  ---------------

Java Threads: ( => current thread )
  0x000000001f572000 JavaThread "magnifier pixel copy result handler" [_thread_blocked, id=2080, stack(0x0000000022020000,0x0000000022120000)]
  0x000000001f56d000 JavaThread "SDK 28 Main Thread" [_thread_in_Java, id=8028, stack(0x00000000207e0000,0x00000000208e0000)]
  0x000000001e366000 JavaThread "Service Thread" daemon [_thread_blocked, id=8176, stack(0x000000001eaa0000,0x000000001eba0000)]
  0x000000001cc55000 JavaThread "C1 CompilerThread2" daemon [_thread_blocked, id=2708, stack(0x000000001e9a0000,0x000000001eaa0000)]
=>0x000000001cc51800 JavaThread "C2 CompilerThread1" daemon [_thread_in_native, id=1016, stack(0x000000001e8a0000,0x000000001e9a0000)]
  0x000000001e2e3800 JavaThread "C2 CompilerThread0" daemon [_thread_in_native, id=6748, stack(0x000000001e7a0000,0x000000001e8a0000)]
  0x000000001cc54800 JavaThread "Monitor Ctrl-Break" daemon [_thread_in_native, id=6084, stack(0x000000001e6a0000,0x000000001e7a0000)]
  0x000000001cc24800 JavaThread "Attach Listener" daemon [_thread_blocked, id=11008, stack(0x000000001e1a0000,0x000000001e2a0000)]
  0x000000001cc23800 JavaThread "Signal Dispatcher" daemon [_thread_blocked, id=9848, stack(0x000000001e0a0000,0x000000001e1a0000)]
  0x000000001cc02800 JavaThread "Finalizer" daemon [_thread_blocked, id=8160, stack(0x000000001de70000,0x000000001df70000)]
  0x000000001cbf9800 JavaThread "Reference Handler" daemon [_thread_blocked, id=5532, stack(0x000000001dd70000,0x000000001de70000)]
  0x00000000032fa000 JavaThread "main" [_thread_blocked, id=32, stack(0x0000000003180000,0x0000000003280000)]

Other Threads:
  0x000000001cbd6000 VMThread [stack: 0x000000001dc70000,0x000000001dd70000] [id=532]
  0x000000001e367800 WatcherThread [stack: 0x000000001eba0000,0x000000001eca0000] [id=1472]

VM state:not at safepoint (normal execution)

VM Mutex/Monitor currently owned by a thread: None

heap address: 0x00000006c1200000, size: 4078 MB, Compressed Oops mode: Zero based, Oop shift amount: 3
Narrow klass base: 0x0000000000000000, Narrow klass shift: 3
Compressed class space size: 1073741824 Address: 0x00000007c0000000

Heap:
 PSYoungGen      total 677376K, used 217258K [0x000000076b100000, 0x00000007a5c80000, 0x00000007c0000000)
  eden space 527360K, 14% used [0x000000076b100000,0x000000076f91d988,0x000000078b400000)
  from space 150016K, 95% used [0x000000078b400000,0x000000079400d010,0x0000000794680000)
  to   space 173056K, 0% used [0x000000079b380000,0x000000079b380000,0x00000007a5c80000)
 ParOldGen       total 300544K, used 84217K [0x00000006c1200000, 0x00000006d3780000, 0x000000076b100000)
  object space 300544K, 28% used [0x00000006c1200000,0x00000006c643e6d0,0x00000006d3780000)
 Metaspace       used 58087K, capacity 68614K, committed 68736K, reserved 1107968K
  class space    used 6745K, capacity 9332K, committed 9344K, reserved 1048576K

Card table byte_map: [0x00000000129b0000,0x00000000131b0000] byte_map_base: 0x000000000f3a7000

Marking Bits: (ParMarkBitMap*) 0x0000000066a0f030
 Begin Bits: [0x0000000013b00000, 0x0000000017ab8000)
 End Bits:   [0x0000000017ab8000, 0x000000001ba70000)

Polling page: 0x0000000001860000

CodeCache: size=245760Kb used=75618Kb max_used=76676Kb free=170141Kb
 bounds [0x00000000035f0000, 0x0000000008110000, 0x00000000125f0000]
 total_blobs=10987 nmethods=9541 adapters=1357
 compilation: enabled

Compilation events (10 events):
Event: 16.743 Thread 0x000000001cc55000 12059       3       android.transition.ChangeTransform::$$robo$$android_transition_ChangeTransform$__constructor__ (55 bytes)
Event: 16.748 Thread 0x000000001cc55000 nmethod 12059 0x00000000056a93d0 code [0x00000000056a9e20, 0x00000000056b1978]
Event: 16.757 Thread 0x000000001e2e3800 12060   !   4       android.content.res.ResourcesImpl::$$robo$$android_content_res_ResourcesImpl$loadDrawable (558 bytes)
Event: 16.757 Thread 0x000000001cc51800 12061       4       android.graphics.drawable.Drawable::setChangingConfigurations (8 bytes)
Event: 16.758 Thread 0x000000001cc51800 nmethod 12061 0x0000000004c1e050 code [0x0000000004c1e180, 0x0000000004c1e1d8]
Event: 16.766 Thread 0x000000001cc51800 12062       4       java.lang.invoke.LambdaForm$MH/1764683306::guard (121 bytes)
Event: 16.767 Thread 0x000000001cc51800 nmethod 12062 0x0000000005aab8d0 code [0x0000000005aaba40, 0x0000000005aabd68]
Event: 16.767 Thread 0x000000001cc51800 12063       4       java.lang.invoke.LambdaForm$DMH/469378847::invokeSpecial_L5I_V (24 bytes)
Event: 16.768 Thread 0x000000001cc51800 nmethod 12063 0x0000000004289110 code [0x0000000004289260, 0x0000000004289348]
Event: 16.768 Thread 0x000000001cc51800 12064       4       android.view.LayoutInflater::$$robo$$android_view_LayoutInflater$rInflate (231 bytes)

GC Heap History (10 events):
Event: 13.185 GC heap before
{Heap before GC invocations=18 (full 3):
 PSYoungGen      total 486400K, used 486368K [0x000000076b100000, 0x000000078f980000, 0x00000007c0000000)
  eden space 419840K, 100% used [0x000000076b100000,0x0000000784b00000,0x0000000784b00000)
  from space 66560K, 99% used [0x0000000789880000,0x000000078d978010,0x000000078d980000)
  to   space 79360K, 0% used [0x0000000784b00000,0x0000000784b00000,0x0000000789880000)
 ParOldGen       total 300544K, used 67623K [0x00000006c1200000, 0x00000006d3780000, 0x000000076b100000)
  object space 300544K, 22% used [0x00000006c1200000,0x00000006c5409e18,0x00000006d3780000)
 Metaspace       used 57431K, capacity 67724K, committed 67968K, reserved 1107968K
  class space    used 6733K, capacity 9287K, committed 9344K, reserved 1048576K
Event: 13.213 GC heap after
Heap after GC invocations=18 (full 3):
 PSYoungGen      total 499200K, used 79348K [0x000000076b100000, 0x0000000794680000, 0x00000007c0000000)
  eden space 419840K, 0% used [0x000000076b100000,0x000000076b100000,0x0000000784b00000)
  from space 79360K, 99% used [0x0000000784b00000,0x000000078987d020,0x0000000789880000)
  to   space 94208K, 0% used [0x000000078ea80000,0x000000078ea80000,0x0000000794680000)
 ParOldGen       total 300544K, used 71844K [0x00000006c1200000, 0x00000006d3780000, 0x000000076b100000)
  object space 300544K, 23% used [0x00000006c1200000,0x00000006c58291e8,0x00000006d3780000)
 Metaspace       used 57431K, capacity 67724K, committed 67968K, reserved 1107968K
  class space    used 6733K, capacity 9287K, committed 9344K, reserved 1048576K
}
Event: 13.959 GC heap before
{Heap before GC invocations=19 (full 3):
 PSYoungGen      total 499200K, used 499188K [0x000000076b100000, 0x0000000794680000, 0x00000007c0000000)
  eden space 419840K, 100% used [0x000000076b100000,0x0000000784b00000,0x0000000784b00000)
  from space 79360K, 99% used [0x0000000784b00000,0x000000078987d020,0x0000000789880000)
  to   space 94208K, 0% used [0x000000078ea80000,0x000000078ea80000,0x0000000794680000)
 ParOldGen       total 300544K, used 71844K [0x00000006c1200000, 0x00000006d3780000, 0x000000076b100000)
  object space 300544K, 23% used [0x00000006c1200000,0x00000006c58291e8,0x00000006d3780000)
 Metaspace       used 57586K, capacity 67922K, committed 68224K, reserved 1107968K
  class space    used 6736K, capacity 9290K, committed 9344K, reserved 1048576K
Event: 14.000 GC heap after
Heap after GC invocations=19 (full 3):
 PSYoungGen      total 566272K, used 94196K [0x000000076b100000, 0x0000000797680000, 0x00000007c0000000)
  eden space 472064K, 0% used [0x000000076b100000,0x000000076b100000,0x0000000787e00000)
  from space 94208K, 99% used [0x000000078ea80000,0x000000079467d020,0x0000000794680000)
  to   space 111104K, 0% used [0x0000000787e00000,0x0000000787e00000,0x000000078ea80000)
 ParOldGen       total 300544K, used 74511K [0x00000006c1200000, 0x00000006d3780000, 0x000000076b100000)
  object space 300544K, 24% used [0x00000006c1200000,0x00000006c5ac3d90,0x00000006d3780000)
 Metaspace       used 57586K, capacity 67922K, committed 68224K, reserved 1107968K
  class space    used 6736K, capacity 9290K, committed 9344K, reserved 1048576K
}
Event: 14.763 GC heap before
{Heap before GC invocations=20 (full 3):
 PSYoungGen      total 566272K, used 566260K [0x000000076b100000, 0x0000000797680000, 0x00000007c0000000)
  eden space 472064K, 100% used [0x000000076b100000,0x0000000787e00000,0x0000000787e00000)
  from space 94208K, 99% used [0x000000078ea80000,0x000000079467d020,0x0000000794680000)
  to   space 111104K, 0% used [0x0000000787e00000,0x0000000787e00000,0x000000078ea80000)
 ParOldGen       total 300544K, used 74511K [0x00000006c1200000, 0x00000006d3780000, 0x000000076b100000)
  object space 300544K, 24% used [0x00000006c1200000,0x00000006c5ac3d90,0x00000006d3780000)
 Metaspace       used 57750K, capacity 68144K, committed 68224K, reserved 1107968K
  class space    used 6739K, capacity 9295K, committed 9344K, reserved 1048576K
Event: 14.815 GC heap after
Heap after GC invocations=20 (full 3):
 PSYoungGen      total 583168K, used 111072K [0x000000076b100000, 0x000000079c680000, 0x00000007c0000000)
  eden space 472064K, 0% used [0x000000076b100000,0x000000076b100000,0x0000000787e00000)
  from space 111104K, 99% used [0x0000000787e00000,0x000000078ea78010,0x000000078ea80000)
  to   space 131072K, 0% used [0x0000000794680000,0x0000000794680000,0x000000079c680000)
 ParOldGen       total 300544K, used 76679K [0x00000006c1200000, 0x00000006d3780000, 0x000000076b100000)
  object space 300544K, 25% used [0x00000006c1200000,0x00000006c5ce1f58,0x00000006d3780000)
 Metaspace       used 57750K, capacity 68144K, committed 68224K, reserved 1107968K
  class space    used 6739K, capacity 9295K, committed 9344K, reserved 1048576K
}
Event: 15.746 GC heap before
{Heap before GC invocations=21 (full 3):
 PSYoungGen      total 583168K, used 583136K [0x000000076b100000, 0x000000079c680000, 0x00000007c0000000)
  eden space 472064K, 100% used [0x000000076b100000,0x0000000787e00000,0x0000000787e00000)
  from space 111104K, 99% used [0x0000000787e00000,0x000000078ea78010,0x000000078ea80000)
  to   space 131072K, 0% used [0x0000000794680000,0x0000000794680000,0x000000079c680000)
 ParOldGen       total 300544K, used 76679K [0x00000006c1200000, 0x00000006d3780000, 0x000000076b100000)
  object space 300544K, 25% used [0x00000006c1200000,0x00000006c5ce1f58,0x00000006d3780000)
 Metaspace       used 57927K, capacity 68312K, committed 68480K, reserved 1107968K
  class space    used 6741K, capacity 9297K, committed 9344K, reserved 1048576K
Event: 15.794 GC heap after
Heap after GC invocations=21 (full 3):
 PSYoungGen      total 658432K, used 122004K [0x000000076b100000, 0x000000079ee80000, 0x00000007c0000000)
  eden space 527360K, 0% used [0x000000076b100000,0x000000076b100000,0x000000078b400000)
  from space 131072K, 93% used [0x0000000794680000,0x000000079bda5010,0x000000079c680000)
  to   space 150016K, 0% used [0x000000078b400000,0x000000078b400000,0x0000000794680000)
 ParOldGen       total 300544K, used 84193K [0x00000006c1200000, 0x00000006d3780000, 0x000000076b100000)
  object space 300544K, 28% used [0x00000006c1200000,0x00000006c64386d0,0x00000006d3780000)
 Metaspace       used 57927K, capacity 68312K, committed 68480K, reserved 1107968K
  class space    used 6741K, capacity 9297K, committed 9344K, reserved 1048576K
}
Event: 16.607 GC heap before
{Heap before GC invocations=22 (full 3):
 PSYoungGen      total 658432K, used 649364K [0x000000076b100000, 0x000000079ee80000, 0x00000007c0000000)
  eden space 527360K, 100% used [0x000000076b100000,0x000000078b400000,0x000000078b400000)
  from space 131072K, 93% used [0x0000000794680000,0x000000079bda5010,0x000000079c680000)
  to   space 150016K, 0% used [0x000000078b400000,0x000000078b400000,0x0000000794680000)
 ParOldGen       total 300544K, used 84193K [0x00000006c1200000, 0x00000006d3780000, 0x000000076b100000)
  object space 300544K, 28% used [0x00000006c1200000,0x00000006c64386d0,0x00000006d3780000)
 Metaspace       used 58061K, capacity 68576K, committed 68736K, reserved 1107968K
  class space    used 6744K, capacity 9299K, committed 9344K, reserved 1048576K
Event: 16.648 GC heap after
Heap after GC invocations=22 (full 3):
 PSYoungGen      total 677376K, used 143412K [0x000000076b100000, 0x00000007a5c80000, 0x00000007c0000000)
  eden space 527360K, 0% used [0x000000076b100000,0x000000076b100000,0x000000078b400000)
  from space 150016K, 95% used [0x000000078b400000,0x000000079400d010,0x0000000794680000)
  to   space 173056K, 0% used [0x000000079b380000,0x000000079b380000,0x00000007a5c80000)
 ParOldGen       total 300544K, used 84217K [0x00000006c1200000, 0x00000006d3780000, 0x000000076b100000)
  object space 300544K, 28% used [0x00000006c1200000,0x00000006c643e6d0,0x00000006d3780000)
 Metaspace       used 58061K, capacity 68576K, committed 68736K, reserved 1107968K
  class space    used 6744K, capacity 9299K, committed 9344K, reserved 1048576K
}

Deoptimization events (10 events):
Event: 10.481 Thread 0x000000001f56d000 Uncommon trap: reason=array_check action=maybe_recompile pc=0x00000000068f33f8 method=android.text.SpannableStringBuilder.$$robo$$android_text_SpannableStringBuilder$sort([Ljava/lang/Object;[I[I)V @ 62
Event: 10.481 Thread 0x000000001f56d000 Uncommon trap: reason=array_check action=maybe_recompile pc=0x00000000068f33f8 method=android.text.SpannableStringBuilder.$$robo$$android_text_SpannableStringBuilder$sort([Ljava/lang/Object;[I[I)V @ 62
Event: 12.549 Thread 0x000000001f56d000 Uncommon trap: reason=speculate_class_check action=maybe_recompile pc=0x0000000004bfc854 method=android.text.Layout.$$robo$$android_text_Layout$__constructor__(Ljava/lang/CharSequence;Landroid/text/TextPaint;ILandroid/text/Layout$Alignment;Landroid/text/T
Event: 12.549 Thread 0x000000001f56d000 Uncommon trap: reason=speculate_class_check action=maybe_recompile pc=0x0000000004bfc854 method=android.text.Layout.$$robo$$android_text_Layout$__constructor__(Ljava/lang/CharSequence;Landroid/text/TextPaint;ILandroid/text/Layout$Alignment;Landroid/text/T
Event: 12.550 Thread 0x000000001f56d000 Uncommon trap: reason=speculate_class_check action=maybe_recompile pc=0x0000000004bfc854 method=android.text.Layout.$$robo$$android_text_Layout$__constructor__(Ljava/lang/CharSequence;Landroid/text/TextPaint;ILandroid/text/Layout$Alignment;Landroid/text/T
Event: 12.550 Thread 0x000000001f56d000 Uncommon trap: reason=speculate_class_check action=maybe_recompile pc=0x0000000004bfc854 method=android.text.Layout.$$robo$$android_text_Layout$__constructor__(Ljava/lang/CharSequence;Landroid/text/TextPaint;ILandroid/text/Layout$Alignment;Landroid/text/T
Event: 14.076 Thread 0x000000001f56d000 Uncommon trap: reason=array_check action=maybe_recompile pc=0x00000000044219c4 method=com.android.internal.util.GrowingArrayUtils.$$robo$$com_android_internal_util_GrowingArrayUtils$append([Ljava/lang/Object;ILjava/lang/Object;)[Ljava/lang/Object; @ 58
Event: 14.101 Thread 0x000000001f56d000 Uncommon trap: reason=array_check action=maybe_recompile pc=0x00000000044219c4 method=com.android.internal.util.GrowingArrayUtils.$$robo$$com_android_internal_util_GrowingArrayUtils$append([Ljava/lang/Object;ILjava/lang/Object;)[Ljava/lang/Object; @ 58
Event: 14.129 Thread 0x000000001f56d000 Uncommon trap: reason=array_check action=maybe_recompile pc=0x00000000044219c4 method=com.android.internal.util.GrowingArrayUtils.$$robo$$com_android_internal_util_GrowingArrayUtils$append([Ljava/lang/Object;ILjava/lang/Object;)[Ljava/lang/Object; @ 58
Event: 14.159 Thread 0x000000001f56d000 Uncommon trap: reason=array_check action=maybe_recompile pc=0x00000000044219c4 method=com.android.internal.util.GrowingArrayUtils.$$robo$$com_android_internal_util_GrowingArrayUtils$append([Ljava/lang/Object;ILjava/lang/Object;)[Ljava/lang/Object; @ 58

Classes redefined (0 events):
No events

Internal exceptions (10 events):
Event: 2.720 Thread 0x000000001f56d000 Exception <a 'java/lang/NoSuchFieldError': method resolution failed> (0x000000076d02bc90) thrown at [C:\src\AOSP-openjdk-git\hotspot\src\share\vm\prims\methodHandles.cpp, line 1167]
Event: 2.750 Thread 0x000000001f56d000 Exception <a 'java/lang/NoSuchFieldError': method resolution failed> (0x000000076d5338d0) thrown at [C:\src\AOSP-openjdk-git\hotspot\src\share\vm\prims\methodHandles.cpp, line 1167]
Event: 3.325 Thread 0x000000001f56d000 Exception <a 'sun/nio/fs/WindowsException'> (0x0000000771a60940) thrown at [C:\src\AOSP-openjdk-git\hotspot\src\share\vm\prims\jni.cpp, line 710]
Event: 3.534 Thread 0x000000001f56d000 Exception <a 'java/lang/NoSuchFieldError': method resolution failed> (0x000000076bbf7fd0) thrown at [C:\src\AOSP-openjdk-git\hotspot\src\share\vm\prims\methodHandles.cpp, line 1167]
Event: 4.182 Thread 0x000000001f572800 Exception <a 'java/lang/NoSuchFieldError': method resolution failed> (0x0000000771150f90) thrown at [C:\src\AOSP-openjdk-git\hotspot\src\share\vm\prims\methodHandles.cpp, line 1167]
Event: 4.316 Thread 0x000000001f56d000 Exception <a 'java/lang/NoSuchFieldError': method resolution failed> (0x00000007745a5af0) thrown at [C:\src\AOSP-openjdk-git\hotspot\src\share\vm\prims\methodHandles.cpp, line 1167]
Event: 5.057 Thread 0x000000001f56d000 Exception <a 'java/lang/NoSuchMethodError': java.lang.Object.lambda$comparingDouble$8dcf42ea$1(Ljava/util/function/ToDoubleFunction;Ljava/lang/Object;Ljava/lang/Object;)I> (0x000000076e88cd48) thrown at [C:\src\AOSP-openjdk-git\hotspot\src\share\vm\interp
Event: 5.393 Thread 0x000000001f56d000 Implicit null exception at 0x000000000437ddb3 to 0x000000000437e309
Event: 5.486 Thread 0x000000001f56d000 Exception <a 'java/lang/NoSuchFieldError': method resolution failed> (0x0000000774e73c70) thrown at [C:\src\AOSP-openjdk-git\hotspot\src\share\vm\prims\methodHandles.cpp, line 1167]
Event: 5.540 Thread 0x000000001f56d000 Exception <a 'java/lang/NoSuchFieldError': method resolution failed> (0x0000000775abf288) thrown at [C:\src\AOSP-openjdk-git\hotspot\src\share\vm\prims\methodHandles.cpp, line 1167]

Events (10 events):
Event: 16.679 Thread 0x000000001cc55000 flushing nmethod 0x0000000005d68590
Event: 16.679 Thread 0x000000001cc55000 flushing nmethod 0x0000000005d84950
Event: 16.679 Thread 0x000000001cc55000 flushing nmethod 0x0000000005d9ae50
Event: 16.679 Thread 0x000000001cc55000 flushing nmethod 0x0000000005daa090
Event: 16.680 Thread 0x000000001cc55000 flushing nmethod 0x00000000060c4b90
Event: 16.682 Thread 0x000000001cc55000 flushing nmethod 0x0000000006432490
Event: 16.682 Thread 0x000000001cc55000 flushing nmethod 0x0000000006713f50
Event: 16.683 Thread 0x000000001cc55000 flushing nmethod 0x0000000006b540d0
Event: 16.683 Thread 0x000000001cc55000 flushing nmethod 0x0000000006e7b910
Event: 16.683 Thread 0x000000001cc55000 flushing nmethod 0x0000000007059050


Dynamic libraries:
0x00007ff72fcd0000 - 0x00007ff72fd01000 	C:\Program Files\Android\Android Studio\jre\bin\java.exe
0x00007ffbfa3a0000 - 0x00007ffbfa590000 	C:\WINDOWS\SYSTEM32\ntdll.dll
0x00007ffbf95c0000 - 0x00007ffbf9672000 	C:\WINDOWS\System32\KERNEL32.DLL
0x00007ffbf7570000 - 0x00007ffbf7815000 	C:\WINDOWS\System32\KERNELBASE.dll
0x00007ffbf9920000 - 0x00007ffbf99c3000 	C:\WINDOWS\System32\ADVAPI32.dll
0x00007ffbfa2c0000 - 0x00007ffbfa35e000 	C:\WINDOWS\System32\msvcrt.dll
0x00007ffbf8d00000 - 0x00007ffbf8d97000 	C:\WINDOWS\System32\sechost.dll
0x00007ffbf9800000 - 0x00007ffbf9920000 	C:\WINDOWS\System32\RPCRT4.dll
0x00007ffbf8ab0000 - 0x00007ffbf8c44000 	C:\WINDOWS\System32\USER32.dll
0x00007ffbf7520000 - 0x00007ffbf7541000 	C:\WINDOWS\System32\win32u.dll
0x00007ffbf8cd0000 - 0x00007ffbf8cf6000 	C:\WINDOWS\System32\GDI32.dll
0x00007ffbf8120000 - 0x00007ffbf82b6000 	C:\WINDOWS\System32\gdi32full.dll
0x00007ffbf7330000 - 0x00007ffbf73ce000 	C:\WINDOWS\System32\msvcp_win.dll
0x00007ffbf7820000 - 0x00007ffbf791a000 	C:\WINDOWS\System32\ucrtbase.dll
0x00007ffbe70f0000 - 0x00007ffbe7374000 	C:\WINDOWS\WinSxS\amd64_microsoft.windows.common-controls_6595b64144ccf1df_6.0.18362.1139_none_9e7bf2d3e4605ac6\COMCTL32.dll
0x00007ffbf8da0000 - 0x00007ffbf90d5000 	C:\WINDOWS\System32\combase.dll
0x00007ffbf7920000 - 0x00007ffbf79a0000 	C:\WINDOWS\System32\bcryptPrimitives.dll
0x00007ffbf8450000 - 0x00007ffbf847e000 	C:\WINDOWS\System32\IMM32.DLL
0x0000000066160000 - 0x0000000066232000 	C:\Program Files\Android\Android Studio\jre\jre\bin\msvcr100.dll
0x0000000066240000 - 0x0000000066a8b000 	C:\Program Files\Android\Android Studio\jre\jre\bin\server\jvm.dll
0x00007ffbf9680000 - 0x00007ffbf9688000 	C:\WINDOWS\System32\PSAPI.DLL
0x00007ffbe1230000 - 0x00007ffbe1239000 	C:\WINDOWS\SYSTEM32\WSOCK32.dll
0x00007ffbf92e0000 - 0x00007ffbf934f000 	C:\WINDOWS\System32\WS2_32.dll
0x00007ffbf51e0000 - 0x00007ffbf5204000 	C:\WINDOWS\SYSTEM32\WINMM.dll
0x00007ffbf0e70000 - 0x00007ffbf0e7a000 	C:\WINDOWS\SYSTEM32\VERSION.dll
0x00007ffbf51b0000 - 0x00007ffbf51dd000 	C:\WINDOWS\SYSTEM32\WINMMBASE.dll
0x00007ffbf83d0000 - 0x00007ffbf841a000 	C:\WINDOWS\System32\cfgmgr32.dll
0x00007ffbf3bc0000 - 0x00007ffbf3bcf000 	C:\Program Files\Android\Android Studio\jre\jre\bin\verify.dll
0x00007ffbf0300000 - 0x00007ffbf0329000 	C:\Program Files\Android\Android Studio\jre\jre\bin\java.dll
0x00007ffbe6480000 - 0x00007ffbe64a3000 	C:\Program Files\Android\Android Studio\jre\jre\bin\instrument.dll
0x00007ffbf2e30000 - 0x00007ffbf2e46000 	C:\Program Files\Android\Android Studio\jre\jre\bin\zip.dll
0x00007ffbf9b50000 - 0x00007ffbfa237000 	C:\WINDOWS\System32\SHELL32.dll
0x00007ffbf9160000 - 0x00007ffbf9209000 	C:\WINDOWS\System32\shcore.dll
0x00007ffbf79a0000 - 0x00007ffbf8120000 	C:\WINDOWS\System32\windows.storage.dll
0x00007ffbf7300000 - 0x00007ffbf7323000 	C:\WINDOWS\System32\profapi.dll
0x00007ffbf72b0000 - 0x00007ffbf72fa000 	C:\WINDOWS\System32\powrprof.dll
0x00007ffbf7260000 - 0x00007ffbf7270000 	C:\WINDOWS\System32\UMPDC.dll
0x00007ffbf9690000 - 0x00007ffbf96e2000 	C:\WINDOWS\System32\shlwapi.dll
0x00007ffbf7290000 - 0x00007ffbf72a1000 	C:\WINDOWS\System32\kernel.appcore.dll
0x00007ffbf7550000 - 0x00007ffbf7567000 	C:\WINDOWS\System32\cryptsp.dll
0x00007ffbda740000 - 0x00007ffbda75a000 	C:\Program Files\Android\Android Studio\bin\breakgen64.dll
0x00007ffbf2480000 - 0x00007ffbf249a000 	C:\Program Files\Android\Android Studio\jre\jre\bin\net.dll
0x00007ffbf6a50000 - 0x00007ffbf6ab7000 	C:\WINDOWS\system32\mswsock.dll
0x00007ffbe6810000 - 0x00007ffbe6823000 	C:\Program Files\Android\Android Studio\jre\jre\bin\nio.dll
0x00007ffbf65c0000 - 0x00007ffbf65f3000 	C:\WINDOWS\system32\rsaenh.dll
0x00007ffbf8420000 - 0x00007ffbf8446000 	C:\WINDOWS\System32\bcrypt.dll
0x00007ffbf7140000 - 0x00007ffbf7165000 	C:\WINDOWS\SYSTEM32\USERENV.dll
0x00007ffbf6c20000 - 0x00007ffbf6c2c000 	C:\WINDOWS\SYSTEM32\CRYPTBASE.dll
0x00007ffbf6760000 - 0x00007ffbf679a000 	C:\WINDOWS\SYSTEM32\IPHLPAPI.DLL
0x00007ffbf8630000 - 0x00007ffbf8638000 	C:\WINDOWS\System32\NSI.dll
0x00007ffbf0750000 - 0x00007ffbf0766000 	C:\WINDOWS\SYSTEM32\dhcpcsvc6.DLL
0x00007ffbf0e50000 - 0x00007ffbf0e6c000 	C:\WINDOWS\SYSTEM32\dhcpcsvc.DLL
0x00007ffbf67a0000 - 0x00007ffbf686b000 	C:\WINDOWS\SYSTEM32\DNSAPI.dll
0x00007ffbe5700000 - 0x00007ffbe5724000 	C:\Program Files\Android\Android Studio\jre\jre\bin\sunec.dll
0x00007ffbf3b00000 - 0x00007ffbf3b0b000 	C:\Program Files\Android\Android Studio\jre\jre\bin\sunmscapi.dll
0x00007ffbf73d0000 - 0x00007ffbf7519000 	C:\WINDOWS\System32\CRYPT32.dll
0x00007ffbf7270000 - 0x00007ffbf7282000 	C:\WINDOWS\System32\MSASN1.dll
0x00007ffbdf6a0000 - 0x00007ffbdf894000 	C:\WINDOWS\SYSTEM32\dbghelp.dll

VM Arguments:
jvm_args: -ea -Didea.test.cyclic.buffer.size=1048576 -javaagent:C:\Program Files\Android\Android Studio\lib\idea_rt.jar=63834:C:\Program Files\Android\Android Studio\bin -Dfile.encoding=UTF-8 
java_command: com.intellij.rt.junit.JUnitStarter -ideVersion5 -junit4 com.example.titancalculator.MainActivityTest,testBasic2Functions
java_class_path (initial): C:\Program Files\Android\Android Studio\lib\idea_rt.jar;C:\Program Files\Android\Android Studio\plugins\junit\lib\junit5-rt.jar;C:\Program Files\Android\Android Studio\plugins\junit\lib\junit-rt.jar;C:\Users\johan\AppData\Local\Android\Sdk\platforms\android-28\data\res;C:\Users\johan\GitHub\Emerald-Calculator\app\build\intermediates\javac\debugUnitTest\classes;C:\Users\johan\GitHub\Emerald-Calculator\app\build\intermediates\javac\debug\classes;C:\Users\johan\GitHub\Emerald-Calculator\app\build\intermediates\unit_test_config_directory\debugUnitTest\out;C:\Users\johan\GitHub\Emerald-Calculator\app\build\intermediates\compile_and_runtime_not_namespaced_r_class_jar\debug\R.jar;C:\Users\johan\GitHub\Emerald-Calculator\app\build\intermediates\compile_and_runtime_not_namespaced_r_class_jar\debugAndroidTest\R.jar;C:\Users\johan\.gradle\caches\modules-2\files-2.1\junit\junit\4.12\2973d150c0dc1fefe998f834810d68f278ea58ec\junit-4.12.jar;C:\Users\johan\.gradle\caches\modules-2\files-2.1\org.hamcrest\hamcrest-library\1.3\4785a3c21320980282f9f33d0d1264a69040538f\hamcrest-library-1.3.jar;C:\Users\johan\.gradle\caches\modules-2\files-2.1\org.hamcrest\hamcrest-core\1.3\42a25dc3219429f0e5d060061f71acb49bf010a0\hamcrest-core-1.3.jar;C:\Users\johan\.gradle\caches\modules-2\files-2.1\javax.inject\javax.inject\1\6975da39a7040257bd51d21a231b76c915872d38\javax.inject-1.jar;C:\Users\johan\.gradle\caches\modules-2\files-2.1\org.robolectric\robolectric\4.5-alpha-2\5006283a227b26859c3ab119ce81b2a91066f54f\robolectric-4.5-alpha-2.jar;C:\Users\johan\.gradle\caches\modules-2\files-2.1\org.robolectric\shadows-framework\4.5-alpha-2\61081cc6fe429a92a940e8d48203cca9263a310f\shadows-framework-4.5-alpha-2.jar;C:\Users\johan\.gradle\caches\modules-2\files-2.1\org.robolectric\resources\4.5-alpha-2\8999ddcc2f21c027c410f67227408ff18c46feb7\resources-4.5-alpha-2.jar;C:\Users\johan\.gradle\caches\modules-2\files-2.1\org.robolectric\junit\4.5-alpha-2\6c39d01b3a8ef6da77a643cd4ac274
Launcher Type: SUN_STANDARD

Environment Variables:
PATH=C:\Program Files (x86)\Common Files\Oracle\Java\javapath;C:\WINDOWS\system32;C:\WINDOWS;C:\WINDOWS\System32\Wbem;C:\WINDOWS\System32\WindowsPowerShell\v1.0\;C:\WINDOWS\System32\OpenSSH\;C:\Program Files\Git\cmd;C:\Program Files (x86)\Calibre2\;C:\Users\johan\AppData\Local\Microsoft\WindowsApps;C:\Users\johan\AppData\Local\GitHubDesktop\bin;C:\Program Files\JetBrains\IntelliJ IDEA Community Edition 2020.2.3\bin
USERNAME=johan
OS=Windows_NT
PROCESSOR_IDENTIFIER=Intel64 Family 6 Model 158 Stepping 11, GenuineIntel



---------------  S Y S T E M  ---------------

OS: Windows 10.0 , 64 bit Build 18362 (10.0.18362.1110)

CPU:total 4 (initial active 4) (4 cores per cpu, 1 threads per core) family 6 model 158 stepping 11, cmov, cx8, fxsr, mmx, sse, sse2, sse3, ssse3, sse4.1, sse4.2, popcnt, avx, avx2, aes, clmul, erms, 3dnowpref, lzcnt, tsc, tscinvbit, bmi1, bmi2, adx

Memory: 4k page, physical 16696028k(4169844k free), swap 19186396k(3872312k free)

vm_info: OpenJDK 64-Bit Server VM (25.242-b01) for windows-amd64 JRE (1.8.0_242-release-1644-b01), built by "builder" with MS VC++ 10.0 (VS2010)

time: Wed Nov 04 11:55:43 2020
timezone: Mitteleuropäische Zeit
elapsed time: 16 seconds (0d 0h 0m 16s)

