#
# A fatal error has been detected by the Java Runtime Environment:
#
#  EXCEPTION_ACCESS_VIOLATION (0xc0000005) at pc=0x0000000066708180, pid=2088, tid=0x0000000000001240
#
# JRE version: OpenJDK Runtime Environment (8.0_242-b01) (build 1.8.0_242-release-1644-b01)
# Java VM: OpenJDK 64-Bit Server VM (25.242-b01 mixed mode windows-amd64 compressed oops)
# Problematic frame:
# V  [jvm.dll+0x4c8180]
#
# Failed to write core dump. Minidumps are not enabled by default on client versions of Windows
#
# If you would like to submit a bug report, please visit:
#   
#

---------------  T H R E A D  ---------------

Current thread (0x000000001c9a1800):  JavaThread "C2 CompilerThread1" daemon [_thread_in_native, id=4672, stack(0x000000001e5f0000,0x000000001e6f0000)]

siginfo: ExceptionCode=0xc0000005, reading address 0x000000000000002c

Registers:
RAX=0x0000000026e26d80, RBX=0x0000000021dc38e0, RCX=0x0000000000000000, RDX=0x0000000000000131
RSP=0x000000001e6e9328, RBP=0x000000002ac72750, RSI=0x0000000000000000, RDI=0x000000002c931d80
R8 =0x000000001c9a4ea8, R9 =0x0000000000000002, R10=0x000000001c9831c0, R11=0x000000001e6e9280
R12=0x0000000000000001, R13=0x000000002bd12e00, R14=0x000000001e6e9470, R15=0x000000001e6e9500
RIP=0x0000000066708180, EFLAGS=0x0000000000010202

Top of Stack: (sp=0x000000001e6e9328)
0x000000001e6e9328:   000000006666a2ea 0000000021dc38e0
0x000000001e6e9338:   000000002ac72750 000000002c63adc0
0x000000001e6e9348:   0000000066669d2e 000000001e6e93c0
0x000000001e6e9358:   000000001e6e93c0 000000002c63adc0
0x000000001e6e9368:   0000000000000000 000000001e6e93f0
0x000000001e6e9378:   000000006666ac42 000000002ac72750
0x000000001e6e9388:   0000000000000024 000000002766c640
0x000000001e6e9398:   0000000021dc38e0 000000002766c640
0x000000001e6e93a8:   000000001e6e9500 000000001e6e93c0
0x000000001e6e93b8:   000000001e6e9470 0000000000000000
0x000000001e6e93c8:   0000000000000000 0000000000000000
0x000000001e6e93d8:   0000000000000000 0000000000000000
0x000000001e6e93e8:   0000000000000000 00000000fffffffc
0x000000001e6e93f8:   00000000000000b7 0000000000000000
0x000000001e6e9408:   000000001e6eed40 000000001e6e9520
0x000000001e6e9418:   000000006668f3be 000000002ac72750 

Instructions: (pc=0x0000000066708180)
0x0000000066708160:   40 f8 75 ec 41 ff 4a 18 49 8b 42 08 41 8b 4a 18
0x0000000066708170:   48 8b 5c 24 08 48 c7 04 c8 00 00 00 00 c3 cc cc
0x0000000066708180:   0f b7 51 2c 0f b6 c2 24 1f 3c 14 74 08 80 e2 3f
0x0000000066708190:   80 fa 24 75 28 83 79 18 02 75 22 0f b7 51 2c 0f 


Register to memory mapping:

RAX=0x0000000026e26d80 is an unknown value
RBX=0x0000000021dc38e0 is an unknown value
RCX=0x0000000000000000 is an unknown value
RDX=0x0000000000000131 is an unknown value
RSP=0x000000001e6e9328 is pointing into the stack for thread: 0x000000001c9a1800
RBP=0x000000002ac72750 is an unknown value
RSI=0x0000000000000000 is an unknown value
RDI=0x000000002c931d80 is an unknown value
R8 =0x000000001c9a4ea8 is an unknown value
R9 =0x0000000000000002 is an unknown value
R10=0x000000001c9831c0 is an unknown value
R11=0x000000001e6e9280 is pointing into the stack for thread: 0x000000001c9a1800
R12=0x0000000000000001 is an unknown value
R13=0x000000002bd12e00 is an unknown value
R14=0x000000001e6e9470 is pointing into the stack for thread: 0x000000001c9a1800
R15=0x000000001e6e9500 is pointing into the stack for thread: 0x000000001c9a1800


Stack: [0x000000001e5f0000,0x000000001e6f0000],  sp=0x000000001e6e9328,  free space=996k
Native frames: (J=compiled Java code, j=interpreted, Vv=VM code, C=native code)
V  [jvm.dll+0x4c8180]


Current CompileTask:
C2:  20292 12961       4       androidx.appcompat.widget.TintTypedArray::obtainStyledAttributes (9 bytes)


---------------  P R O C E S S  ---------------

Java Threads: ( => current thread )
  0x0000000021957800 JavaThread "magnifier pixel copy result handler" [_thread_blocked, id=456, stack(0x0000000020530000,0x0000000020630000)]
  0x000000001fa5f000 JavaThread "SDK 28 Main Thread" [_thread_in_Java, id=9404, stack(0x0000000020660000,0x0000000020760000)]
  0x000000001e111000 JavaThread "Service Thread" daemon [_thread_blocked, id=8436, stack(0x000000001e7f0000,0x000000001e8f0000)]
  0x000000001c9a5000 JavaThread "C1 CompilerThread2" daemon [_thread_blocked, id=2112, stack(0x000000001e6f0000,0x000000001e7f0000)]
=>0x000000001c9a1800 JavaThread "C2 CompilerThread1" daemon [_thread_in_native, id=4672, stack(0x000000001e5f0000,0x000000001e6f0000)]
  0x000000001e033800 JavaThread "C2 CompilerThread0" daemon [_thread_blocked, id=12276, stack(0x000000001e4f0000,0x000000001e5f0000)]
  0x000000001c9a4800 JavaThread "Monitor Ctrl-Break" daemon [_thread_in_native, id=10872, stack(0x000000001e3f0000,0x000000001e4f0000)]
  0x000000001c974800 JavaThread "Attach Listener" daemon [_thread_blocked, id=7216, stack(0x000000001def0000,0x000000001dff0000)]
  0x000000001c973800 JavaThread "Signal Dispatcher" daemon [_thread_blocked, id=6124, stack(0x000000001ddf0000,0x000000001def0000)]
  0x000000001c952800 JavaThread "Finalizer" daemon [_thread_blocked, id=4832, stack(0x000000001dbc0000,0x000000001dcc0000)]
  0x000000001c949000 JavaThread "Reference Handler" daemon [_thread_blocked, id=12088, stack(0x000000001dac0000,0x000000001dbc0000)]
  0x000000000314a000 JavaThread "main" [_thread_blocked, id=7376, stack(0x0000000003030000,0x0000000003130000)]

Other Threads:
  0x000000001c926000 VMThread [stack: 0x000000001d9c0000,0x000000001dac0000] [id=11128]
  0x000000001e114000 WatcherThread [stack: 0x000000001e8f0000,0x000000001e9f0000] [id=4468]

VM state:not at safepoint (normal execution)

VM Mutex/Monitor currently owned by a thread: None

heap address: 0x00000006c1200000, size: 4078 MB, Compressed Oops mode: Zero based, Oop shift amount: 3
Narrow klass base: 0x0000000000000000, Narrow klass shift: 3
Compressed class space size: 1073741824 Address: 0x00000007c0000000

Heap:
 PSYoungGen      total 1132032K, used 215333K [0x000000076b100000, 0x00000007c0000000, 0x00000007c0000000)
  eden space 1001984K, 13% used [0x000000076b100000,0x00000007739f9620,0x00000007a8380000)
  from space 130048K, 57% used [0x00000007a8380000,0x00000007accd0000,0x00000007b0280000)
  to   space 130560K, 0% used [0x00000007b8080000,0x00000007b8080000,0x00000007c0000000)
 ParOldGen       total 542720K, used 267996K [0x00000006c1200000, 0x00000006e2400000, 0x000000076b100000)
  object space 542720K, 49% used [0x00000006c1200000,0x00000006d17b7070,0x00000006e2400000)
 Metaspace       used 58510K, capacity 69130K, committed 69208K, reserved 1110016K
  class space    used 6749K, capacity 9332K, committed 9344K, reserved 1048576K

Card table byte_map: [0x0000000012700000,0x0000000012f00000] byte_map_base: 0x000000000f0f7000

Marking Bits: (ParMarkBitMap*) 0x0000000066a0f030
 Begin Bits: [0x0000000013850000, 0x0000000017808000)
 End Bits:   [0x0000000017808000, 0x000000001b7c0000)

Polling page: 0x0000000001540000

CodeCache: size=245760Kb used=78423Kb max_used=80102Kb free=167336Kb
 bounds [0x0000000003340000, 0x0000000008220000, 0x0000000012340000]
 total_blobs=11395 nmethods=9948 adapters=1357
 compilation: enabled

Compilation events (10 events):
Event: 20.280 Thread 0x000000001e033800 12965       4       android.widget.Editor::stopTextActionMode (7 bytes)
Event: 20.281 Thread 0x000000001e033800 nmethod 12965 0x0000000003817bd0 code [0x0000000003817d00, 0x0000000003817d78]
Event: 20.282 Thread 0x000000001c9a5000 12966       3       android.content.res.CompatibilityInfo::isScalingRequired (7 bytes)
Event: 20.283 Thread 0x000000001c9a5000 nmethod 12966 0x0000000005b41d10 code [0x0000000005b42040, 0x0000000005b43b58]
Event: 20.283 Thread 0x000000001c9a5000 12967       3       android.content.res.CompatibilityInfo::$$robo$$android_content_res_CompatibilityInfo$isScalingRequired (15 bytes)
Event: 20.283 Thread 0x000000001c9a5000 nmethod 12967 0x00000000051cdf50 code [0x00000000051ce0a0, 0x00000000051ce250]
Event: 20.283 Thread 0x000000001c9a5000 12968       3       android.content.res.CompatibilityInfo::equals (8 bytes)
Event: 20.284 Thread 0x000000001c9a5000 nmethod 12968 0x0000000005ab9950 code [0x0000000005ab9c80, 0x0000000005abb768]
Event: 20.284 Thread 0x000000001c9a5000 12969   !   3       android.content.res.CompatibilityInfo::$$robo$$android_content_res_CompatibilityInfo$equals (71 bytes)
Event: 20.285 Thread 0x000000001c9a5000 nmethod 12969 0x0000000003a28890 code [0x0000000003a28a00, 0x0000000003a28e50]

GC Heap History (10 events):
Event: 15.981 GC heap before
{Heap before GC invocations=21 (full 3):
 PSYoungGen      total 858112K, used 858112K [0x000000076b100000, 0x00000007acb80000, 0x00000007c0000000)
  eden space 780800K, 100% used [0x000000076b100000,0x000000079ab80000,0x000000079ab80000)
  from space 77312K, 100% used [0x000000079ab80000,0x000000079f700000,0x000000079f700000)
  to   space 93696K, 0% used [0x00000007a7000000,0x00000007a7000000,0x00000007acb80000)
 ParOldGen       total 268288K, used 166322K [0x00000006c1200000, 0x00000006d1800000, 0x000000076b100000)
  object space 268288K, 61% used [0x00000006c1200000,0x00000006cb46ca88,0x00000006d1800000)
 Metaspace       used 58077K, capacity 68578K, committed 68696K, reserved 1107968K
  class space    used 6737K, capacity 9292K, committed 9344K, reserved 1048576K
Event: 16.028 GC heap after
Heap after GC invocations=21 (full 3):
 PSYoungGen      total 972800K, used 78432K [0x000000076b100000, 0x00000007ae900000, 0x00000007c0000000)
  eden space 879104K, 0% used [0x000000076b100000,0x000000076b100000,0x00000007a0b80000)
  from space 93696K, 83% used [0x00000007a7000000,0x00000007abc98000,0x00000007acb80000)
  to   space 102912K, 0% used [0x00000007a0b80000,0x00000007a0b80000,0x00000007a7000000)
 ParOldGen       total 268288K, used 194519K [0x00000006c1200000, 0x00000006d1800000, 0x000000076b100000)
  object space 268288K, 72% used [0x00000006c1200000,0x00000006ccff5d70,0x00000006d1800000)
 Metaspace       used 58077K, capacity 68578K, committed 68696K, reserved 1107968K
  class space    used 6737K, capacity 9292K, committed 9344K, reserved 1048576K
}
Event: 17.292 GC heap before
{Heap before GC invocations=22 (full 3):
 PSYoungGen      total 972800K, used 957536K [0x000000076b100000, 0x00000007ae900000, 0x00000007c0000000)
  eden space 879104K, 100% used [0x000000076b100000,0x00000007a0b80000,0x00000007a0b80000)
  from space 93696K, 83% used [0x00000007a7000000,0x00000007abc98000,0x00000007acb80000)
  to   space 102912K, 0% used [0x00000007a0b80000,0x00000007a0b80000,0x00000007a7000000)
 ParOldGen       total 268288K, used 194519K [0x00000006c1200000, 0x00000006d1800000, 0x000000076b100000)
  object space 268288K, 72% used [0x00000006c1200000,0x00000006ccff5d70,0x00000006d1800000)
 Metaspace       used 58196K, capacity 68688K, committed 68952K, reserved 1110016K
  class space    used 6739K, capacity 9293K, committed 9344K, reserved 1048576K
Event: 17.324 GC heap after
Heap after GC invocations=22 (full 3):
 PSYoungGen      total 982016K, used 102912K [0x000000076b100000, 0x00000007b7880000, 0x00000007c0000000)
  eden space 879104K, 0% used [0x000000076b100000,0x000000076b100000,0x00000007a0b80000)
  from space 102912K, 100% used [0x00000007a0b80000,0x00000007a7000000,0x00000007a7000000)
  to   space 120832K, 0% used [0x00000007b0280000,0x00000007b0280000,0x00000007b7880000)
 ParOldGen       total 268288K, used 199223K [0x00000006c1200000, 0x00000006d1800000, 0x000000076b100000)
  object space 268288K, 74% used [0x00000006c1200000,0x00000006cd48df78,0x00000006d1800000)
 Metaspace       used 58196K, capacity 68688K, committed 68952K, reserved 1110016K
  class space    used 6739K, capacity 9293K, committed 9344K, reserved 1048576K
}
Event: 18.341 GC heap before
{Heap before GC invocations=23 (full 3):
 PSYoungGen      total 982016K, used 982016K [0x000000076b100000, 0x00000007b7880000, 0x00000007c0000000)
  eden space 879104K, 100% used [0x000000076b100000,0x00000007a0b80000,0x00000007a0b80000)
  from space 102912K, 100% used [0x00000007a0b80000,0x00000007a7000000,0x00000007a7000000)
  to   space 120832K, 0% used [0x00000007b0280000,0x00000007b0280000,0x00000007b7880000)
 ParOldGen       total 268288K, used 199223K [0x00000006c1200000, 0x00000006d1800000, 0x000000076b100000)
  object space 268288K, 74% used [0x00000006c1200000,0x00000006cd48df78,0x00000006d1800000)
 Metaspace       used 58256K, capacity 68798K, committed 68952K, reserved 1110016K
  class space    used 6740K, capacity 9294K, committed 9344K, reserved 1048576K
Event: 18.388 GC heap after
Heap after GC invocations=23 (full 3):
 PSYoungGen      total 1122816K, used 94208K [0x000000076b100000, 0x00000007b9680000, 0x00000007c0000000)
  eden space 1001984K, 0% used [0x000000076b100000,0x000000076b100000,0x00000007a8380000)
  from space 120832K, 77% used [0x00000007b0280000,0x00000007b5e80000,0x00000007b7880000)
  to   space 130048K, 0% used [0x00000007a8380000,0x00000007a8380000,0x00000007b0280000)
 ParOldGen       total 268288K, used 237451K [0x00000006c1200000, 0x00000006d1800000, 0x000000076b100000)
  object space 268288K, 88% used [0x00000006c1200000,0x00000006cf9e2da0,0x00000006d1800000)
 Metaspace       used 58256K, capacity 68798K, committed 68952K, reserved 1110016K
  class space    used 6740K, capacity 9294K, committed 9344K, reserved 1048576K
}
Event: 18.388 GC heap before
{Heap before GC invocations=24 (full 4):
 PSYoungGen      total 1122816K, used 94208K [0x000000076b100000, 0x00000007b9680000, 0x00000007c0000000)
  eden space 1001984K, 0% used [0x000000076b100000,0x000000076b100000,0x00000007a8380000)
  from space 120832K, 77% used [0x00000007b0280000,0x00000007b5e80000,0x00000007b7880000)
  to   space 130048K, 0% used [0x00000007a8380000,0x00000007a8380000,0x00000007b0280000)
 ParOldGen       total 268288K, used 237451K [0x00000006c1200000, 0x00000006d1800000, 0x000000076b100000)
  object space 268288K, 88% used [0x00000006c1200000,0x00000006cf9e2da0,0x00000006d1800000)
 Metaspace       used 58256K, capacity 68798K, committed 68952K, reserved 1110016K
  class space    used 6740K, capacity 9294K, committed 9344K, reserved 1048576K
Event: 18.816 GC heap after
Heap after GC invocations=24 (full 4):
 PSYoungGen      total 1122816K, used 28929K [0x000000076b100000, 0x00000007b9680000, 0x00000007c0000000)
  eden space 1001984K, 0% used [0x000000076b100000,0x000000076b100000,0x00000007a8380000)
  from space 120832K, 23% used [0x00000007b0280000,0x00000007b1ec0630,0x00000007b7880000)
  to   space 130048K, 0% used [0x00000007a8380000,0x00000007a8380000,0x00000007b0280000)
 ParOldGen       total 542720K, used 267988K [0x00000006c1200000, 0x00000006e2400000, 0x000000076b100000)
  object space 542720K, 49% used [0x00000006c1200000,0x00000006d17b5070,0x00000006e2400000)
 Metaspace       used 58256K, capacity 68798K, committed 68952K, reserved 1110016K
  class space    used 6740K, capacity 9294K, committed 9344K, reserved 1048576K
}
Event: 20.100 GC heap before
{Heap before GC invocations=25 (full 4):
 PSYoungGen      total 1122816K, used 1030913K [0x000000076b100000, 0x00000007b9680000, 0x00000007c0000000)
  eden space 1001984K, 100% used [0x000000076b100000,0x00000007a8380000,0x00000007a8380000)
  from space 120832K, 23% used [0x00000007b0280000,0x00000007b1ec0630,0x00000007b7880000)
  to   space 130048K, 0% used [0x00000007a8380000,0x00000007a8380000,0x00000007b0280000)
 ParOldGen       total 542720K, used 267988K [0x00000006c1200000, 0x00000006e2400000, 0x000000076b100000)
  object space 542720K, 49% used [0x00000006c1200000,0x00000006d17b5070,0x00000006e2400000)
 Metaspace       used 58467K, capacity 69118K, committed 69208K, reserved 1110016K
  class space    used 6745K, capacity 9330K, committed 9344K, reserved 1048576K
Event: 20.137 GC heap after
Heap after GC invocations=25 (full 4):
 PSYoungGen      total 1132032K, used 75072K [0x000000076b100000, 0x00000007c0000000, 0x00000007c0000000)
  eden space 1001984K, 0% used [0x000000076b100000,0x000000076b100000,0x00000007a8380000)
  from space 130048K, 57% used [0x00000007a8380000,0x00000007accd0000,0x00000007b0280000)
  to   space 130560K, 0% used [0x00000007b8080000,0x00000007b8080000,0x00000007c0000000)
 ParOldGen       total 542720K, used 267996K [0x00000006c1200000, 0x00000006e2400000, 0x000000076b100000)
  object space 542720K, 49% used [0x00000006c1200000,0x00000006d17b7070,0x00000006e2400000)
 Metaspace       used 58467K, capacity 69118K, committed 69208K, reserved 1110016K
  class space    used 6745K, capacity 9330K, committed 9344K, reserved 1048576K
}

Deoptimization events (10 events):
Event: 8.458 Thread 0x000000001fa5f000 Uncommon trap: reason=array_check action=maybe_recompile pc=0x0000000005e9231c method=android.text.SpannableStringBuilder.$$robo$$android_text_SpannableStringBuilder$sort([Ljava/lang/Object;[I[I)V @ 56
Event: 8.525 Thread 0x000000001fa5f000 Uncommon trap: reason=speculate_class_check action=maybe_recompile pc=0x000000000401274c method=java.lang.invoke.LambdaForm$MH/2085857771.delegate(Ljava/lang/Object;Ljava/lang/Object;Ljava/lang/Object;Ljava/lang/Object;)Ljava/lang/Object; @ 1
Event: 8.540 Thread 0x000000001fa5f000 Uncommon trap: reason=array_check action=maybe_recompile pc=0x0000000003e7dc14 method=android.text.SpannableStringBuilder.$$robo$$android_text_SpannableStringBuilder$sort([Ljava/lang/Object;[I[I)V @ 62
Event: 8.540 Thread 0x000000001fa5f000 Uncommon trap: reason=array_check action=maybe_recompile pc=0x0000000003e7dc14 method=android.text.SpannableStringBuilder.$$robo$$android_text_SpannableStringBuilder$sort([Ljava/lang/Object;[I[I)V @ 62
Event: 8.656 Thread 0x000000001fa5f000 Uncommon trap: reason=speculate_class_check action=maybe_recompile pc=0x000000000401274c method=java.lang.invoke.LambdaForm$MH/2085857771.delegate(Ljava/lang/Object;Ljava/lang/Object;Ljava/lang/Object;Ljava/lang/Object;)Ljava/lang/Object; @ 1
Event: 8.807 Thread 0x000000001fa5f000 Uncommon trap: reason=speculate_class_check action=maybe_recompile pc=0x000000000401274c method=java.lang.invoke.LambdaForm$MH/2085857771.delegate(Ljava/lang/Object;Ljava/lang/Object;Ljava/lang/Object;Ljava/lang/Object;)Ljava/lang/Object; @ 1
Event: 15.702 Thread 0x000000001fa5f000 Uncommon trap: reason=array_check action=maybe_recompile pc=0x00000000048cd4f4 method=com.android.internal.util.GrowingArrayUtils.$$robo$$com_android_internal_util_GrowingArrayUtils$append([Ljava/lang/Object;ILjava/lang/Object;)[Ljava/lang/Object; @ 58
Event: 15.729 Thread 0x000000001fa5f000 Uncommon trap: reason=array_check action=maybe_recompile pc=0x00000000048cd4f4 method=com.android.internal.util.GrowingArrayUtils.$$robo$$com_android_internal_util_GrowingArrayUtils$append([Ljava/lang/Object;ILjava/lang/Object;)[Ljava/lang/Object; @ 58
Event: 15.755 Thread 0x000000001fa5f000 Uncommon trap: reason=array_check action=maybe_recompile pc=0x00000000048cd4f4 method=com.android.internal.util.GrowingArrayUtils.$$robo$$com_android_internal_util_GrowingArrayUtils$append([Ljava/lang/Object;ILjava/lang/Object;)[Ljava/lang/Object; @ 58
Event: 15.781 Thread 0x000000001fa5f000 Uncommon trap: reason=array_check action=maybe_recompile pc=0x00000000048cd4f4 method=com.android.internal.util.GrowingArrayUtils.$$robo$$com_android_internal_util_GrowingArrayUtils$append([Ljava/lang/Object;ILjava/lang/Object;)[Ljava/lang/Object; @ 58

Classes redefined (0 events):
No events

Internal exceptions (10 events):
Event: 2.407 Thread 0x000000001fa5f000 Exception <a 'java/lang/NoSuchFieldError': method resolution failed> (0x000000076d54c5b8) thrown at [C:\src\AOSP-openjdk-git\hotspot\src\share\vm\prims\methodHandles.cpp, line 1167]
Event: 3.045 Thread 0x000000001fa5f000 Exception <a 'sun/nio/fs/WindowsException'> (0x00000007710eeb90) thrown at [C:\src\AOSP-openjdk-git\hotspot\src\share\vm\prims\jni.cpp, line 710]
Event: 3.267 Thread 0x000000001fa5f000 Implicit null exception at 0x0000000003ec84a4 to 0x0000000003ec8f27
Event: 3.354 Thread 0x000000001fa5f000 Exception <a 'java/lang/NoSuchFieldError': method resolution failed> (0x000000076fd375b0) thrown at [C:\src\AOSP-openjdk-git\hotspot\src\share\vm\prims\methodHandles.cpp, line 1167]
Event: 3.894 Thread 0x00000000237b0000 Exception <a 'java/lang/NoSuchFieldError': method resolution failed> (0x000000077f3a7298) thrown at [C:\src\AOSP-openjdk-git\hotspot\src\share\vm\prims\methodHandles.cpp, line 1167]
Event: 4.068 Thread 0x000000001fa5f000 Exception <a 'java/lang/NoSuchFieldError': method resolution failed> (0x000000076b2cb7b0) thrown at [C:\src\AOSP-openjdk-git\hotspot\src\share\vm\prims\methodHandles.cpp, line 1167]
Event: 4.518 Thread 0x000000001fa5f000 Exception <a 'java/lang/NoSuchMethodError': java.lang.Object.lambda$comparingDouble$8dcf42ea$1(Ljava/util/function/ToDoubleFunction;Ljava/lang/Object;Ljava/lang/Object;)I> (0x0000000776dd6388) thrown at [C:\src\AOSP-openjdk-git\hotspot\src\share\vm\interp
Event: 4.807 Thread 0x000000001fa5f000 Implicit null exception at 0x000000000418a7b6 to 0x000000000418aeb1
Event: 4.900 Thread 0x000000001fa5f000 Exception <a 'java/lang/NoSuchFieldError': method resolution failed> (0x000000077d9494e8) thrown at [C:\src\AOSP-openjdk-git\hotspot\src\share\vm\prims\methodHandles.cpp, line 1167]
Event: 5.116 Thread 0x000000001fa5f000 Exception <a 'java/lang/NoSuchFieldError': method resolution failed> (0x000000076bc4dd50) thrown at [C:\src\AOSP-openjdk-git\hotspot\src\share\vm\prims\methodHandles.cpp, line 1167]

Events (10 events):
Event: 20.181 Thread 0x000000001e033800 flushing nmethod 0x0000000005b52dd0
Event: 20.181 Thread 0x000000001e033800 flushing nmethod 0x0000000005b83750
Event: 20.181 Thread 0x000000001e033800 flushing nmethod 0x0000000005be4510
Event: 20.181 Thread 0x000000001e033800 flushing nmethod 0x0000000005c79010
Event: 20.181 Thread 0x000000001e033800 flushing nmethod 0x0000000005c89810
Event: 20.181 Thread 0x000000001e033800 flushing nmethod 0x0000000005da8150
Event: 20.182 Thread 0x000000001e033800 flushing nmethod 0x0000000005f1b490
Event: 20.182 Thread 0x000000001e033800 flushing nmethod 0x00000000062eda10
Event: 20.182 Thread 0x000000001e033800 flushing nmethod 0x00000000064276d0
Event: 20.184 Thread 0x000000001c9a1800 flushing nmethod 0x000000000685d050


Dynamic libraries:
0x00007ff72fcd0000 - 0x00007ff72fd01000 	C:\Program Files\Android\Android Studio\jre\bin\java.exe
0x00007ffbfa3a0000 - 0x00007ffbfa590000 	C:\WINDOWS\SYSTEM32\ntdll.dll
0x00007ffbf95c0000 - 0x00007ffbf9672000 	C:\WINDOWS\System32\KERNEL32.DLL
0x00007ffbf7570000 - 0x00007ffbf7815000 	C:\WINDOWS\System32\KERNELBASE.dll
0x00007ffbf9920000 - 0x00007ffbf99c3000 	C:\WINDOWS\System32\ADVAPI32.dll
0x00007ffbfa2c0000 - 0x00007ffbfa35e000 	C:\WINDOWS\System32\msvcrt.dll
0x00007ffbf8d00000 - 0x00007ffbf8d97000 	C:\WINDOWS\System32\sechost.dll
0x00007ffbf9800000 - 0x00007ffbf9920000 	C:\WINDOWS\System32\RPCRT4.dll
0x00007ffbf8ab0000 - 0x00007ffbf8c44000 	C:\WINDOWS\System32\USER32.dll
0x00007ffbf7520000 - 0x00007ffbf7541000 	C:\WINDOWS\System32\win32u.dll
0x00007ffbf8cd0000 - 0x00007ffbf8cf6000 	C:\WINDOWS\System32\GDI32.dll
0x00007ffbf8120000 - 0x00007ffbf82b6000 	C:\WINDOWS\System32\gdi32full.dll
0x00007ffbf7330000 - 0x00007ffbf73ce000 	C:\WINDOWS\System32\msvcp_win.dll
0x00007ffbf7820000 - 0x00007ffbf791a000 	C:\WINDOWS\System32\ucrtbase.dll
0x00007ffbe70f0000 - 0x00007ffbe7374000 	C:\WINDOWS\WinSxS\amd64_microsoft.windows.common-controls_6595b64144ccf1df_6.0.18362.1139_none_9e7bf2d3e4605ac6\COMCTL32.dll
0x00007ffbf8da0000 - 0x00007ffbf90d5000 	C:\WINDOWS\System32\combase.dll
0x00007ffbf7920000 - 0x00007ffbf79a0000 	C:\WINDOWS\System32\bcryptPrimitives.dll
0x00007ffbf8450000 - 0x00007ffbf847e000 	C:\WINDOWS\System32\IMM32.DLL
0x0000000066160000 - 0x0000000066232000 	C:\Program Files\Android\Android Studio\jre\jre\bin\msvcr100.dll
0x0000000066240000 - 0x0000000066a8b000 	C:\Program Files\Android\Android Studio\jre\jre\bin\server\jvm.dll
0x00007ffbf9680000 - 0x00007ffbf9688000 	C:\WINDOWS\System32\PSAPI.DLL
0x00007ffbe1230000 - 0x00007ffbe1239000 	C:\WINDOWS\SYSTEM32\WSOCK32.dll
0x00007ffbf92e0000 - 0x00007ffbf934f000 	C:\WINDOWS\System32\WS2_32.dll
0x00007ffbf51e0000 - 0x00007ffbf5204000 	C:\WINDOWS\SYSTEM32\WINMM.dll
0x00007ffbf0e70000 - 0x00007ffbf0e7a000 	C:\WINDOWS\SYSTEM32\VERSION.dll
0x00007ffbf51b0000 - 0x00007ffbf51dd000 	C:\WINDOWS\SYSTEM32\WINMMBASE.dll
0x00007ffbf83d0000 - 0x00007ffbf841a000 	C:\WINDOWS\System32\cfgmgr32.dll
0x00007ffbf3bc0000 - 0x00007ffbf3bcf000 	C:\Program Files\Android\Android Studio\jre\jre\bin\verify.dll
0x00007ffbf0300000 - 0x00007ffbf0329000 	C:\Program Files\Android\Android Studio\jre\jre\bin\java.dll
0x00007ffbe6480000 - 0x00007ffbe64a3000 	C:\Program Files\Android\Android Studio\jre\jre\bin\instrument.dll
0x00007ffbf2e30000 - 0x00007ffbf2e46000 	C:\Program Files\Android\Android Studio\jre\jre\bin\zip.dll
0x00007ffbf9b50000 - 0x00007ffbfa237000 	C:\WINDOWS\System32\SHELL32.dll
0x00007ffbf9160000 - 0x00007ffbf9209000 	C:\WINDOWS\System32\shcore.dll
0x00007ffbf79a0000 - 0x00007ffbf8120000 	C:\WINDOWS\System32\windows.storage.dll
0x00007ffbf7300000 - 0x00007ffbf7323000 	C:\WINDOWS\System32\profapi.dll
0x00007ffbf72b0000 - 0x00007ffbf72fa000 	C:\WINDOWS\System32\powrprof.dll
0x00007ffbf7260000 - 0x00007ffbf7270000 	C:\WINDOWS\System32\UMPDC.dll
0x00007ffbf9690000 - 0x00007ffbf96e2000 	C:\WINDOWS\System32\shlwapi.dll
0x00007ffbf7290000 - 0x00007ffbf72a1000 	C:\WINDOWS\System32\kernel.appcore.dll
0x00007ffbf7550000 - 0x00007ffbf7567000 	C:\WINDOWS\System32\cryptsp.dll
0x00007ffbe7940000 - 0x00007ffbe795a000 	C:\Program Files\Android\Android Studio\bin\breakgen64.dll
0x00007ffbf2480000 - 0x00007ffbf249a000 	C:\Program Files\Android\Android Studio\jre\jre\bin\net.dll
0x00007ffbf6a50000 - 0x00007ffbf6ab7000 	C:\WINDOWS\system32\mswsock.dll
0x00007ffbe6810000 - 0x00007ffbe6823000 	C:\Program Files\Android\Android Studio\jre\jre\bin\nio.dll
0x00007ffbf65c0000 - 0x00007ffbf65f3000 	C:\WINDOWS\system32\rsaenh.dll
0x00007ffbf8420000 - 0x00007ffbf8446000 	C:\WINDOWS\System32\bcrypt.dll
0x00007ffbf7140000 - 0x00007ffbf7165000 	C:\WINDOWS\SYSTEM32\USERENV.dll
0x00007ffbf6c20000 - 0x00007ffbf6c2c000 	C:\WINDOWS\SYSTEM32\CRYPTBASE.dll
0x00007ffbf6760000 - 0x00007ffbf679a000 	C:\WINDOWS\SYSTEM32\IPHLPAPI.DLL
0x00007ffbf8630000 - 0x00007ffbf8638000 	C:\WINDOWS\System32\NSI.dll
0x00007ffbf0750000 - 0x00007ffbf0766000 	C:\WINDOWS\SYSTEM32\dhcpcsvc6.DLL
0x00007ffbf0e50000 - 0x00007ffbf0e6c000 	C:\WINDOWS\SYSTEM32\dhcpcsvc.DLL
0x00007ffbf67a0000 - 0x00007ffbf686b000 	C:\WINDOWS\SYSTEM32\DNSAPI.dll
0x00007ffbe5700000 - 0x00007ffbe5724000 	C:\Program Files\Android\Android Studio\jre\jre\bin\sunec.dll
0x00007ffbf3b00000 - 0x00007ffbf3b0b000 	C:\Program Files\Android\Android Studio\jre\jre\bin\sunmscapi.dll
0x00007ffbf73d0000 - 0x00007ffbf7519000 	C:\WINDOWS\System32\CRYPT32.dll
0x00007ffbf7270000 - 0x00007ffbf7282000 	C:\WINDOWS\System32\MSASN1.dll
0x00007ffbdf6a0000 - 0x00007ffbdf894000 	C:\WINDOWS\SYSTEM32\dbghelp.dll

VM Arguments:
jvm_args: -ea -Didea.test.cyclic.buffer.size=1048576 -javaagent:C:\Program Files\Android\Android Studio\lib\idea_rt.jar=64216:C:\Program Files\Android\Android Studio\bin -Dfile.encoding=UTF-8 
java_command: com.intellij.rt.junit.JUnitStarter -ideVersion5 -junit4 com.example.titancalculator.MainActivityTest,testBasic2Functions
java_class_path (initial): C:\Program Files\Android\Android Studio\lib\idea_rt.jar;C:\Program Files\Android\Android Studio\plugins\junit\lib\junit5-rt.jar;C:\Program Files\Android\Android Studio\plugins\junit\lib\junit-rt.jar;C:\Users\johan\AppData\Local\Android\Sdk\platforms\android-28\data\res;C:\Users\johan\GitHub\Emerald-Calculator\app\build\intermediates\javac\debugUnitTest\classes;C:\Users\johan\GitHub\Emerald-Calculator\app\build\intermediates\javac\debug\classes;C:\Users\johan\GitHub\Emerald-Calculator\app\build\intermediates\unit_test_config_directory\debugUnitTest\out;C:\Users\johan\GitHub\Emerald-Calculator\app\build\intermediates\compile_and_runtime_not_namespaced_r_class_jar\debug\R.jar;C:\Users\johan\GitHub\Emerald-Calculator\app\build\intermediates\compile_and_runtime_not_namespaced_r_class_jar\debugAndroidTest\R.jar;C:\Users\johan\.gradle\caches\modules-2\files-2.1\junit\junit\4.12\2973d150c0dc1fefe998f834810d68f278ea58ec\junit-4.12.jar;C:\Users\johan\.gradle\caches\modules-2\files-2.1\org.hamcrest\hamcrest-library\1.3\4785a3c21320980282f9f33d0d1264a69040538f\hamcrest-library-1.3.jar;C:\Users\johan\.gradle\caches\modules-2\files-2.1\org.hamcrest\hamcrest-core\1.3\42a25dc3219429f0e5d060061f71acb49bf010a0\hamcrest-core-1.3.jar;C:\Users\johan\.gradle\caches\modules-2\files-2.1\javax.inject\javax.inject\1\6975da39a7040257bd51d21a231b76c915872d38\javax.inject-1.jar;C:\Users\johan\.gradle\caches\modules-2\files-2.1\org.robolectric\robolectric\4.5-alpha-2\5006283a227b26859c3ab119ce81b2a91066f54f\robolectric-4.5-alpha-2.jar;C:\Users\johan\.gradle\caches\modules-2\files-2.1\org.robolectric\shadows-framework\4.5-alpha-2\61081cc6fe429a92a940e8d48203cca9263a310f\shadows-framework-4.5-alpha-2.jar;C:\Users\johan\.gradle\caches\modules-2\files-2.1\org.robolectric\resources\4.5-alpha-2\8999ddcc2f21c027c410f67227408ff18c46feb7\resources-4.5-alpha-2.jar;C:\Users\johan\.gradle\caches\modules-2\files-2.1\org.robolectric\junit\4.5-alpha-2\6c39d01b3a8ef6da77a643cd4ac274
Launcher Type: SUN_STANDARD

Environment Variables:
PATH=C:\Program Files (x86)\Common Files\Oracle\Java\javapath;C:\WINDOWS\system32;C:\WINDOWS;C:\WINDOWS\System32\Wbem;C:\WINDOWS\System32\WindowsPowerShell\v1.0\;C:\WINDOWS\System32\OpenSSH\;C:\Program Files\Git\cmd;C:\Program Files (x86)\Calibre2\;C:\Users\johan\AppData\Local\Microsoft\WindowsApps;C:\Users\johan\AppData\Local\GitHubDesktop\bin;C:\Program Files\JetBrains\IntelliJ IDEA Community Edition 2020.2.3\bin
USERNAME=johan
OS=Windows_NT
PROCESSOR_IDENTIFIER=Intel64 Family 6 Model 158 Stepping 11, GenuineIntel



---------------  S Y S T E M  ---------------

OS: Windows 10.0 , 64 bit Build 18362 (10.0.18362.1110)

CPU:total 4 (initial active 4) (4 cores per cpu, 1 threads per core) family 6 model 158 stepping 11, cmov, cx8, fxsr, mmx, sse, sse2, sse3, ssse3, sse4.1, sse4.2, popcnt, avx, avx2, aes, clmul, erms, 3dnowpref, lzcnt, tsc, tscinvbit, bmi1, bmi2, adx

Memory: 4k page, physical 16696028k(3759156k free), swap 19186396k(2776708k free)

vm_info: OpenJDK 64-Bit Server VM (25.242-b01) for windows-amd64 JRE (1.8.0_242-release-1644-b01), built by "builder" with MS VC++ 10.0 (VS2010)

time: Wed Nov 04 12:15:46 2020
timezone: Mitteleuropäische Zeit
elapsed time: 20 seconds (0d 0h 0m 20s)

