#
# A fatal error has been detected by the Java Runtime Environment:
#
#  EXCEPTION_ACCESS_VIOLATION (0xc0000005) at pc=0x00000000557b8180, pid=3236, tid=0x0000000000001890
#
# JRE version: OpenJDK Runtime Environment (8.0_242-b01) (build 1.8.0_242-release-1644-b01)
# Java VM: OpenJDK 64-Bit Server VM (25.242-b01 mixed mode windows-amd64 compressed oops)
# Problematic frame:
# V  [jvm.dll+0x4c8180]
#
# Failed to write core dump. Minidumps are not enabled by default on client versions of Windows
#
# If you would like to submit a bug report, please visit:
#   
#

---------------  T H R E A D  ---------------

Current thread (0x000000001d453800):  JavaThread "C2 CompilerThread0" daemon [_thread_in_native, id=6288, stack(0x000000001d910000,0x000000001da10000)]

siginfo: ExceptionCode=0xc0000005, reading address 0x000000000000002c

Registers:
RAX=0x0000000021feddd0, RBX=0x000000002c2136d0, RCX=0x0000000000000000, RDX=0x0000000000000131
RSP=0x000000001da08d28, RBP=0x00000000204aceb0, RSI=0x0000000000000000, RDI=0x00000000279b07e0
R8 =0x000000001bd948d8, R9 =0x0000000000000002, R10=0x000000001bd940d0, R11=0x000000001da08c80
R12=0x0000000000000001, R13=0x000000002dc3cb68, R14=0x000000001da08e70, R15=0x000000001da08f00
RIP=0x00000000557b8180, EFLAGS=0x0000000000010202

Top of Stack: (sp=0x000000001da08d28)
0x000000001da08d28:   000000005571a2ea 000000002c2136d0
0x000000001da08d38:   00000000204aceb0 000000002d8904a0
0x000000001da08d48:   0000000055719d2e 000000001da08dc0
0x000000001da08d58:   000000001da08dc0 000000002d8904a0
0x000000001da08d68:   0000000000000000 000000001da08df0
0x000000001da08d78:   000000005571ac42 00000000204aceb0
0x000000001da08d88:   0000000000000024 000000002ef6c270
0x000000001da08d98:   000000002c2136d0 000000002ef6c270
0x000000001da08da8:   000000001da08f00 000000001da08dc0
0x000000001da08db8:   000000001da08e70 0000000000000000
0x000000001da08dc8:   0000000000000000 0000000000000000
0x000000001da08dd8:   0000000000000000 0000000000000000
0x000000001da08de8:   0000000000000000 00000000fffffffc
0x000000001da08df8:   00000000000000b7 0000000000000000
0x000000001da08e08:   000000001da0e740 000000001da08f20
0x000000001da08e18:   000000005573f3be 00000000204aceb0 

Instructions: (pc=0x00000000557b8180)
0x00000000557b8160:   40 f8 75 ec 41 ff 4a 18 49 8b 42 08 41 8b 4a 18
0x00000000557b8170:   48 8b 5c 24 08 48 c7 04 c8 00 00 00 00 c3 cc cc
0x00000000557b8180:   0f b7 51 2c 0f b6 c2 24 1f 3c 14 74 08 80 e2 3f
0x00000000557b8190:   80 fa 24 75 28 83 79 18 02 75 22 0f b7 51 2c 0f 


Register to memory mapping:

RAX=0x0000000021feddd0 is an unknown value
RBX=0x000000002c2136d0 is an unknown value
RCX=0x0000000000000000 is an unknown value
RDX=0x0000000000000131 is an unknown value
RSP=0x000000001da08d28 is pointing into the stack for thread: 0x000000001d453800
RBP=0x00000000204aceb0 is an unknown value
RSI=0x0000000000000000 is an unknown value
RDI=0x00000000279b07e0 is an unknown value
R8 =0x000000001bd948d8 is an unknown value
R9 =0x0000000000000002 is an unknown value
R10=0x000000001bd940d0 is an unknown value
R11=0x000000001da08c80 is pointing into the stack for thread: 0x000000001d453800
R12=0x0000000000000001 is an unknown value
R13=0x000000002dc3cb68 is an unknown value
R14=0x000000001da08e70 is pointing into the stack for thread: 0x000000001d453800
R15=0x000000001da08f00 is pointing into the stack for thread: 0x000000001d453800


Stack: [0x000000001d910000,0x000000001da10000],  sp=0x000000001da08d28,  free space=995k
Native frames: (J=compiled Java code, j=interpreted, Vv=VM code, C=native code)
V  [jvm.dll+0x4c8180]


Current CompileTask:
C2:  65054 13490       4       androidx.appcompat.widget.TintTypedArray::obtainStyledAttributes (9 bytes)


---------------  P R O C E S S  ---------------

Java Threads: ( => current thread )
  0x000000001dfa9000 JavaThread "magnifier pixel copy result handler" [_thread_blocked, id=9456, stack(0x0000000022750000,0x0000000022850000)]
  0x000000001ee9e000 JavaThread "SDK 28 Main Thread" [_thread_in_vm, id=4112, stack(0x000000001f950000,0x000000001fa50000)]
  0x000000001d4bf000 JavaThread "Service Thread" daemon [_thread_blocked, id=8792, stack(0x000000001dc10000,0x000000001dd10000)]
  0x000000001bdb6000 JavaThread "C1 CompilerThread2" daemon [_thread_blocked, id=7360, stack(0x000000001db10000,0x000000001dc10000)]
  0x000000001bdb2800 JavaThread "C2 CompilerThread1" daemon [_thread_blocked, id=9268, stack(0x000000001da10000,0x000000001db10000)]
=>0x000000001d453800 JavaThread "C2 CompilerThread0" daemon [_thread_in_native, id=6288, stack(0x000000001d910000,0x000000001da10000)]
  0x000000001bdb5800 JavaThread "Monitor Ctrl-Break" daemon [_thread_in_native, id=1932, stack(0x000000001d810000,0x000000001d910000)]
  0x000000001bd85800 JavaThread "Attach Listener" daemon [_thread_blocked, id=6912, stack(0x000000001d310000,0x000000001d410000)]
  0x000000001bd85000 JavaThread "Signal Dispatcher" daemon [_thread_blocked, id=9848, stack(0x000000001d210000,0x000000001d310000)]
  0x000000001bd64000 JavaThread "Finalizer" daemon [_thread_blocked, id=9872, stack(0x000000001cfe0000,0x000000001d0e0000)]
  0x000000001bd5b800 JavaThread "Reference Handler" daemon [_thread_blocked, id=5696, stack(0x000000001cee0000,0x000000001cfe0000)]
  0x000000000247a000 JavaThread "main" [_thread_blocked, id=10488, stack(0x0000000002370000,0x0000000002470000)]

Other Threads:
  0x000000001bd37000 VMThread [stack: 0x000000001cde0000,0x000000001cee0000] [id=11012]
  0x000000001d4c0000 WatcherThread [stack: 0x000000001dd10000,0x000000001de10000] [id=464]

VM state:not at safepoint (normal execution)

VM Mutex/Monitor currently owned by a thread: None

heap address: 0x00000006c1200000, size: 4078 MB, Compressed Oops mode: Zero based, Oop shift amount: 3
Narrow klass base: 0x0000000000000000, Narrow klass shift: 3
Compressed class space size: 1073741824 Address: 0x00000007c0000000

Heap:
 PSYoungGen      total 1309696K, used 1061235K [0x000000076b100000, 0x00000007c0000000, 0x00000007c0000000)
  eden space 1227776K, 79% used [0x000000076b100000,0x00000007a6d5e298,0x00000007b6000000)
  from space 81920K, 99% used [0x00000007b6000000,0x00000007baffec68,0x00000007bb000000)
  to   space 81920K, 0% used [0x00000007bb000000,0x00000007bb000000,0x00000007c0000000)
 ParOldGen       total 641536K, used 542335K [0x00000006c1200000, 0x00000006e8480000, 0x000000076b100000)
  object space 641536K, 84% used [0x00000006c1200000,0x00000006e239fe80,0x00000006e8480000)
 Metaspace       used 58975K, capacity 69627K, committed 69888K, reserved 1110016K
  class space    used 6785K, capacity 9379K, committed 9472K, reserved 1048576K

Card table byte_map: [0x0000000011b10000,0x0000000012310000] byte_map_base: 0x000000000e507000

Marking Bits: (ParMarkBitMap*) 0x0000000055abf030
 Begin Bits: [0x0000000012c60000, 0x0000000016c18000)
 End Bits:   [0x0000000016c18000, 0x000000001abd0000)

Polling page: 0x00000000009a0000

CodeCache: size=245760Kb used=83949Kb max_used=83962Kb free=161810Kb
 bounds [0x0000000002750000, 0x0000000007990000, 0x0000000011750000]
 total_blobs=11811 nmethods=10362 adapters=1359
 compilation: enabled

Compilation events (10 events):
Event: 65.028 Thread 0x000000001bdb6000 nmethod 13488 0x0000000007933cd0 code [0x0000000007933f00, 0x0000000007934868]
Event: 65.028 Thread 0x000000001d453800 nmethod 13489 0x0000000005280a50 code [0x0000000005280ba0, 0x0000000005280c98]
Event: 65.028 Thread 0x000000001bdb2800 nmethod 13485 0x000000000797af90 code [0x000000000797b1a0, 0x000000000797be00]
Event: 65.034 Thread 0x000000001d453800 13490       4       androidx.appcompat.widget.TintTypedArray::obtainStyledAttributes (9 bytes)
Event: 65.044 Thread 0x000000001bdb6000 13491       3       org.robolectric.shadows.ShadowSystemProperties::native_get_int (18 bytes)
Event: 65.044 Thread 0x000000001bdb6000 nmethod 13491 0x0000000007928190 code [0x0000000007928340, 0x0000000007928868]
Event: 65.045 Thread 0x000000001bdb6000 13492       3       android.content.res.CompatibilityInfo::isScalingRequired (7 bytes)
Event: 65.046 Thread 0x000000001bdb6000 nmethod 13492 0x000000000797fa90 code [0x000000000797fdc0, 0x00000000079818d8]
Event: 65.047 Thread 0x000000001bdb6000 13493       3       android.content.res.CompatibilityInfo::$$robo$$android_content_res_CompatibilityInfo$isScalingRequired (15 bytes)
Event: 65.047 Thread 0x000000001bdb6000 nmethod 13493 0x0000000007796550 code [0x00000000077966a0, 0x0000000007796850]

GC Heap History (10 events):
Event: 60.402 GC heap before
{Heap before GC invocations=137 (full 4):
 PSYoungGen      total 1342976K, used 1315429K [0x000000076b100000, 0x00000007c0000000, 0x00000007c0000000)
  eden space 1296896K, 100% used [0x000000076b100000,0x00000007ba380000,0x00000007ba380000)
  from space 46080K, 40% used [0x00000007bd000000,0x00000007be219748,0x00000007bfd00000)
  to   space 45568K, 0% used [0x00000007ba380000,0x00000007ba380000,0x00000007bd000000)
 ParOldGen       total 641536K, used 286188K [0x00000006c1200000, 0x00000006e8480000, 0x000000076b100000)
  object space 641536K, 44% used [0x00000006c1200000,0x00000006d297b390,0x00000006e8480000)
 Metaspace       used 58347K, capacity 68885K, committed 68992K, reserved 1110016K
  class space    used 6754K, capacity 9338K, committed 9344K, reserved 1048576K
Event: 60.405 GC heap after
Heap after GC invocations=137 (full 4):
 PSYoungGen      total 1342464K, used 19537K [0x000000076b100000, 0x00000007bfe80000, 0x00000007c0000000)
  eden space 1296896K, 0% used [0x000000076b100000,0x000000076b100000,0x00000007ba380000)
  from space 45568K, 42% used [0x00000007ba380000,0x00000007bb6947a0,0x00000007bd000000)
  to   space 45056K, 0% used [0x00000007bd280000,0x00000007bd280000,0x00000007bfe80000)
 ParOldGen       total 641536K, used 286188K [0x00000006c1200000, 0x00000006e8480000, 0x000000076b100000)
  object space 641536K, 44% used [0x00000006c1200000,0x00000006d297b390,0x00000006e8480000)
 Metaspace       used 58347K, capacity 68885K, committed 68992K, reserved 1110016K
  class space    used 6754K, capacity 9338K, committed 9344K, reserved 1048576K
}
Event: 60.832 GC heap before
{Heap before GC invocations=138 (full 4):
 PSYoungGen      total 1342464K, used 1316433K [0x000000076b100000, 0x00000007bfe80000, 0x00000007c0000000)
  eden space 1296896K, 100% used [0x000000076b100000,0x00000007ba380000,0x00000007ba380000)
  from space 45568K, 42% used [0x00000007ba380000,0x00000007bb6947a0,0x00000007bd000000)
  to   space 45056K, 0% used [0x00000007bd280000,0x00000007bd280000,0x00000007bfe80000)
 ParOldGen       total 641536K, used 286188K [0x00000006c1200000, 0x00000006e8480000, 0x000000076b100000)
  object space 641536K, 44% used [0x00000006c1200000,0x00000006d297b390,0x00000006e8480000)
 Metaspace       used 58347K, capacity 68885K, committed 68992K, reserved 1110016K
  class space    used 6754K, capacity 9338K, committed 9344K, reserved 1048576K
Event: 60.835 GC heap after
Heap after GC invocations=138 (full 4):
 PSYoungGen      total 1344000K, used 7252K [0x000000076b100000, 0x00000007c0000000, 0x00000007c0000000)
  eden space 1298944K, 0% used [0x000000076b100000,0x000000076b100000,0x00000007ba580000)
  from space 45056K, 16% used [0x00000007bd280000,0x00000007bd995228,0x00000007bfe80000)
  to   space 46080K, 0% used [0x00000007ba580000,0x00000007ba580000,0x00000007bd280000)
 ParOldGen       total 641536K, used 289652K [0x00000006c1200000, 0x00000006e8480000, 0x000000076b100000)
  object space 641536K, 45% used [0x00000006c1200000,0x00000006d2cdd3a0,0x00000006e8480000)
 Metaspace       used 58347K, capacity 68885K, committed 68992K, reserved 1110016K
  class space    used 6754K, capacity 9338K, committed 9344K, reserved 1048576K
}
Event: 61.201 GC heap before
{Heap before GC invocations=139 (full 4):
 PSYoungGen      total 1344000K, used 1297158K [0x000000076b100000, 0x00000007c0000000, 0x00000007c0000000)
  eden space 1298944K, 99% used [0x000000076b100000,0x00000007b9cac750,0x00000007ba580000)
  from space 45056K, 16% used [0x00000007bd280000,0x00000007bd995228,0x00000007bfe80000)
  to   space 46080K, 0% used [0x00000007ba580000,0x00000007ba580000,0x00000007bd280000)
 ParOldGen       total 641536K, used 289652K [0x00000006c1200000, 0x00000006e8480000, 0x000000076b100000)
  object space 641536K, 45% used [0x00000006c1200000,0x00000006d2cdd3a0,0x00000006e8480000)
 Metaspace       used 58347K, capacity 68885K, committed 68992K, reserved 1110016K
  class space    used 6754K, capacity 9338K, committed 9344K, reserved 1048576K
Event: 61.232 GC heap after
Heap after GC invocations=139 (full 4):
 PSYoungGen      total 1334272K, used 35163K [0x000000076b100000, 0x00000007c0000000, 0x00000007c0000000)
  eden space 1298944K, 0% used [0x000000076b100000,0x000000076b100000,0x00000007ba580000)
  from space 35328K, 99% used [0x00000007ba580000,0x00000007bc7d6c68,0x00000007bc800000)
  to   space 48128K, 0% used [0x00000007bd100000,0x00000007bd100000,0x00000007c0000000)
 ParOldGen       total 641536K, used 439333K [0x00000006c1200000, 0x00000006e8480000, 0x000000076b100000)
  object space 641536K, 68% used [0x00000006c1200000,0x00000006dbf09720,0x00000006e8480000)
 Metaspace       used 58347K, capacity 68885K, committed 68992K, reserved 1110016K
  class space    used 6754K, capacity 9338K, committed 9344K, reserved 1048576K
}
Event: 62.606 GC heap before
{Heap before GC invocations=140 (full 4):
 PSYoungGen      total 1334272K, used 1334107K [0x000000076b100000, 0x00000007c0000000, 0x00000007c0000000)
  eden space 1298944K, 100% used [0x000000076b100000,0x00000007ba580000,0x00000007ba580000)
  from space 35328K, 99% used [0x00000007ba580000,0x00000007bc7d6c68,0x00000007bc800000)
  to   space 48128K, 0% used [0x00000007bd100000,0x00000007bd100000,0x00000007c0000000)
 ParOldGen       total 641536K, used 439333K [0x00000006c1200000, 0x00000006e8480000, 0x000000076b100000)
  object space 641536K, 68% used [0x00000006c1200000,0x00000006dbf09720,0x00000006e8480000)
 Metaspace       used 58698K, capacity 69301K, committed 69632K, reserved 1110016K
  class space    used 6784K, capacity 9378K, committed 9472K, reserved 1048576K
Event: 62.630 GC heap after
Heap after GC invocations=140 (full 4):
 PSYoungGen      total 1275904K, used 48123K [0x000000076b100000, 0x00000007c0000000, 0x00000007c0000000)
  eden space 1227776K, 0% used [0x000000076b100000,0x000000076b100000,0x00000007b6000000)
  from space 48128K, 99% used [0x00000007bd100000,0x00000007bfffec68,0x00000007c0000000)
  to   space 81920K, 0% used [0x00000007b6000000,0x00000007b6000000,0x00000007bb000000)
 ParOldGen       total 641536K, used 512962K [0x00000006c1200000, 0x00000006e8480000, 0x000000076b100000)
  object space 641536K, 79% used [0x00000006c1200000,0x00000006e06f0800,0x00000006e8480000)
 Metaspace       used 58698K, capacity 69301K, committed 69632K, reserved 1110016K
  class space    used 6784K, capacity 9378K, committed 9472K, reserved 1048576K
}
Event: 63.988 GC heap before
{Heap before GC invocations=141 (full 4):
 PSYoungGen      total 1275904K, used 1275899K [0x000000076b100000, 0x00000007c0000000, 0x00000007c0000000)
  eden space 1227776K, 100% used [0x000000076b100000,0x00000007b6000000,0x00000007b6000000)
  from space 48128K, 99% used [0x00000007bd100000,0x00000007bfffec68,0x00000007c0000000)
  to   space 81920K, 0% used [0x00000007b6000000,0x00000007b6000000,0x00000007bb000000)
 ParOldGen       total 641536K, used 512962K [0x00000006c1200000, 0x00000006e8480000, 0x000000076b100000)
  object space 641536K, 79% used [0x00000006c1200000,0x00000006e06f0800,0x00000006e8480000)
 Metaspace       used 58825K, capacity 69439K, committed 69632K, reserved 1110016K
  class space    used 6785K, capacity 9379K, committed 9472K, reserved 1048576K
Event: 64.012 GC heap after
Heap after GC invocations=141 (full 4):
 PSYoungGen      total 1309696K, used 81915K [0x000000076b100000, 0x00000007c0000000, 0x00000007c0000000)
  eden space 1227776K, 0% used [0x000000076b100000,0x000000076b100000,0x00000007b6000000)
  from space 81920K, 99% used [0x00000007b6000000,0x00000007baffec68,0x00000007bb000000)
  to   space 81920K, 0% used [0x00000007bb000000,0x00000007bb000000,0x00000007c0000000)
 ParOldGen       total 641536K, used 542335K [0x00000006c1200000, 0x00000006e8480000, 0x000000076b100000)
  object space 641536K, 84% used [0x00000006c1200000,0x00000006e239fe80,0x00000006e8480000)
 Metaspace       used 58825K, capacity 69439K, committed 69632K, reserved 1110016K
  class space    used 6785K, capacity 9379K, committed 9472K, reserved 1048576K
}

Deoptimization events (10 events):
Event: 39.857 Thread 0x000000001ee9e000 Uncommon trap: reason=unstable_if action=reinterpret pc=0x0000000005c5c310 method=java.math.MutableBigInteger.addDisjoint(Ljava/math/MutableBigInteger;I)V @ 184
Event: 39.858 Thread 0x000000001ee9e000 Uncommon trap: reason=unstable_if action=reinterpret pc=0x0000000005c5c310 method=java.math.MutableBigInteger.addDisjoint(Ljava/math/MutableBigInteger;I)V @ 184
Event: 39.964 Thread 0x000000001ee9e000 Uncommon trap: reason=unstable_if action=reinterpret pc=0x0000000005c5c310 method=java.math.MutableBigInteger.addDisjoint(Ljava/math/MutableBigInteger;I)V @ 184
Event: 40.535 Thread 0x000000001ee9e000 Uncommon trap: reason=unstable_if action=reinterpret pc=0x0000000005c38e98 method=java.math.BigInteger.getLower(I)Ljava/math/BigInteger; @ 8
Event: 40.535 Thread 0x000000001ee9e000 Uncommon trap: reason=unstable_if action=reinterpret pc=0x0000000005308c90 method=java.math.BigInteger.getUpper(I)Ljava/math/BigInteger; @ 8
Event: 61.282 Thread 0x000000001ee9e000 Uncommon trap: reason=unstable_if action=reinterpret pc=0x0000000003068fcc method=java.lang.Float.isNaN(F)Z @ 3
Event: 61.287 Thread 0x000000001ee9e000 Uncommon trap: reason=unstable_if action=reinterpret pc=0x0000000002e713d4 method=java.io.ExpiringCache.entryFor(Ljava/lang/String;)Ljava/io/ExpiringCache$Entry; @ 39
Event: 61.372 Thread 0x000000001ee9e000 Uncommon trap: reason=unstable_if action=reinterpret pc=0x00000000035c14a4 method=java.math.BigInteger.add(Ljava/math/BigInteger;)Ljava/math/BigInteger; @ 26
Event: 61.442 Thread 0x000000001ee9e000 Uncommon trap: reason=unstable_if action=reinterpret pc=0x0000000005bff13c method=java.math.BigInteger.getLower(I)Ljava/math/BigInteger; @ 8
Event: 61.482 Thread 0x000000001ee9e000 Uncommon trap: reason=unstable_if action=reinterpret pc=0x0000000004635f38 method=java.math.MutableBigInteger.getMagnitudeArray()[I @ 16

Classes redefined (0 events):
No events

Internal exceptions (10 events):
Event: 2.671 Thread 0x000000001ee9e000 Exception <a 'java/lang/NoSuchFieldError': method resolution failed> (0x000000076d7b0eb8) thrown at [C:\src\AOSP-openjdk-git\hotspot\src\share\vm\prims\methodHandles.cpp, line 1167]
Event: 3.256 Thread 0x000000001ee9e000 Exception <a 'sun/nio/fs/WindowsException'> (0x0000000771c6e608) thrown at [C:\src\AOSP-openjdk-git\hotspot\src\share\vm\prims\jni.cpp, line 710]
Event: 3.370 Thread 0x000000001ee9e000 Implicit null exception at 0x0000000003152546 to 0x0000000003153c33
Event: 3.460 Thread 0x000000001ee9e000 Exception <a 'java/lang/NoSuchFieldError': method resolution failed> (0x000000076bdb2820) thrown at [C:\src\AOSP-openjdk-git\hotspot\src\share\vm\prims\methodHandles.cpp, line 1167]
Event: 4.141 Thread 0x000000001f460800 Exception <a 'java/lang/NoSuchFieldError': method resolution failed> (0x00000007707d90e0) thrown at [C:\src\AOSP-openjdk-git\hotspot\src\share\vm\prims\methodHandles.cpp, line 1167]
Event: 4.290 Thread 0x000000001ee9e000 Exception <a 'java/lang/NoSuchFieldError': method resolution failed> (0x00000007740a25b8) thrown at [C:\src\AOSP-openjdk-git\hotspot\src\share\vm\prims\methodHandles.cpp, line 1167]
Event: 4.779 Thread 0x000000001ee9e000 Exception <a 'java/lang/NoSuchMethodError': java.lang.Object.lambda$comparingDouble$8dcf42ea$1(Ljava/util/function/ToDoubleFunction;Ljava/lang/Object;Ljava/lang/Object;)I> (0x000000076f021a10) thrown at [C:\src\AOSP-openjdk-git\hotspot\src\share\vm\interp
Event: 5.116 Thread 0x000000001ee9e000 Implicit null exception at 0x0000000002cc24c3 to 0x0000000002cc2931
Event: 5.217 Thread 0x000000001ee9e000 Exception <a 'java/lang/NoSuchFieldError': method resolution failed> (0x0000000775892480) thrown at [C:\src\AOSP-openjdk-git\hotspot\src\share\vm\prims\methodHandles.cpp, line 1167]
Event: 5.273 Thread 0x000000001ee9e000 Exception <a 'java/lang/NoSuchFieldError': method resolution failed> (0x00000007764d9ee0) thrown at [C:\src\AOSP-openjdk-git\hotspot\src\share\vm\prims\methodHandles.cpp, line 1167]

Events (10 events):
Event: 64.060 Thread 0x000000001bdb6000 flushing nmethod 0x0000000005731c90
Event: 64.061 Thread 0x000000001bdb6000 flushing nmethod 0x0000000005c2eb10
Event: 64.061 Thread 0x000000001bdb6000 flushing nmethod 0x0000000005c4e690
Event: 64.154 Thread 0x000000001ee9e000 DEOPT PACKING pc=0x0000000006a24db1 sp=0x000000001fa4dc40
Event: 64.154 Thread 0x000000001ee9e000 DEOPT UNPACKING pc=0x00000000027975d0 sp=0x000000001fa4db68 mode 0
Event: 65.044 Thread 0x000000001bdb6000 flushing nmethod 0x000000000288e250
Event: 65.045 Thread 0x000000001bdb6000 flushing nmethod 0x000000000295c250
Event: 65.046 Thread 0x000000001bdb6000 flushing nmethod 0x0000000002acb050
Event: 65.047 Thread 0x000000001bdb6000 flushing nmethod 0x0000000002bcaf90
Event: 65.047 Thread 0x000000001bdb6000 flushing nmethod 0x0000000002cea710


Dynamic libraries:
0x00007ff68eae0000 - 0x00007ff68eb11000 	C:\Program Files\Android\Android Studio\jre\bin\java.exe
0x00007ffe6f000000 - 0x00007ffe6f1f0000 	C:\WINDOWS\SYSTEM32\ntdll.dll
0x00007ffe6e740000 - 0x00007ffe6e7f2000 	C:\WINDOWS\System32\KERNEL32.DLL
0x00007ffe6c1c0000 - 0x00007ffe6c465000 	C:\WINDOWS\System32\KERNELBASE.dll
0x00007ffe6d0b0000 - 0x00007ffe6d153000 	C:\WINDOWS\System32\ADVAPI32.dll
0x00007ffe6eb40000 - 0x00007ffe6ebde000 	C:\WINDOWS\System32\msvcrt.dll
0x00007ffe6ebe0000 - 0x00007ffe6ec77000 	C:\WINDOWS\System32\sechost.dll
0x00007ffe6d280000 - 0x00007ffe6d3a0000 	C:\WINDOWS\System32\RPCRT4.dll
0x00007ffe6e860000 - 0x00007ffe6e9f4000 	C:\WINDOWS\System32\USER32.dll
0x00007ffe6cdc0000 - 0x00007ffe6cde1000 	C:\WINDOWS\System32\win32u.dll
0x00007ffe6e110000 - 0x00007ffe6e136000 	C:\WINDOWS\System32\GDI32.dll
0x00007ffe6ceb0000 - 0x00007ffe6d046000 	C:\WINDOWS\System32\gdi32full.dll
0x00007ffe6ce10000 - 0x00007ffe6ceae000 	C:\WINDOWS\System32\msvcp_win.dll
0x00007ffe6c4c0000 - 0x00007ffe6c5ba000 	C:\WINDOWS\System32\ucrtbase.dll
0x00007ffe5be40000 - 0x00007ffe5c0c4000 	C:\WINDOWS\WinSxS\amd64_microsoft.windows.common-controls_6595b64144ccf1df_6.0.18362.1139_none_9e7bf2d3e4605ac6\COMCTL32.dll
0x00007ffe6ec80000 - 0x00007ffe6efb5000 	C:\WINDOWS\System32\combase.dll
0x00007ffe6c5c0000 - 0x00007ffe6c640000 	C:\WINDOWS\System32\bcryptPrimitives.dll
0x00007ffe6d3a0000 - 0x00007ffe6d3ce000 	C:\WINDOWS\System32\IMM32.DLL
0x0000000056e40000 - 0x0000000056f12000 	C:\Program Files\Android\Android Studio\jre\jre\bin\msvcr100.dll
0x00000000552f0000 - 0x0000000055b3b000 	C:\Program Files\Android\Android Studio\jre\jre\bin\server\jvm.dll
0x00007ffe6df70000 - 0x00007ffe6df78000 	C:\WINDOWS\System32\PSAPI.DLL
0x00007ffe56bc0000 - 0x00007ffe56bc9000 	C:\WINDOWS\SYSTEM32\WSOCK32.dll
0x00007ffe69f40000 - 0x00007ffe69f64000 	C:\WINDOWS\SYSTEM32\WINMM.dll
0x00007ffe65e60000 - 0x00007ffe65e6a000 	C:\WINDOWS\SYSTEM32\VERSION.dll
0x00007ffe69e10000 - 0x00007ffe69e3d000 	C:\WINDOWS\SYSTEM32\WINMMBASE.dll
0x00007ffe6dc00000 - 0x00007ffe6dc6f000 	C:\WINDOWS\System32\WS2_32.dll
0x00007ffe6c470000 - 0x00007ffe6c4ba000 	C:\WINDOWS\System32\cfgmgr32.dll
0x00007ffe68970000 - 0x00007ffe6897f000 	C:\Program Files\Android\Android Studio\jre\jre\bin\verify.dll
0x00007ffe4bd90000 - 0x00007ffe4bdb9000 	C:\Program Files\Android\Android Studio\jre\jre\bin\java.dll
0x00007ffe59560000 - 0x00007ffe59583000 	C:\Program Files\Android\Android Studio\jre\jre\bin\instrument.dll
0x00007ffe499e0000 - 0x00007ffe499f6000 	C:\Program Files\Android\Android Studio\jre\jre\bin\zip.dll
0x00007ffe6d510000 - 0x00007ffe6dbf7000 	C:\WINDOWS\System32\SHELL32.dll
0x00007ffe6e060000 - 0x00007ffe6e109000 	C:\WINDOWS\System32\shcore.dll
0x00007ffe6c640000 - 0x00007ffe6cdc0000 	C:\WINDOWS\System32\windows.storage.dll
0x00007ffe6bf60000 - 0x00007ffe6bf83000 	C:\WINDOWS\System32\profapi.dll
0x00007ffe6bed0000 - 0x00007ffe6bf1a000 	C:\WINDOWS\System32\powrprof.dll
0x00007ffe6bec0000 - 0x00007ffe6bed0000 	C:\WINDOWS\System32\UMPDC.dll
0x00007ffe6ea60000 - 0x00007ffe6eab2000 	C:\WINDOWS\System32\shlwapi.dll
0x00007ffe6bf20000 - 0x00007ffe6bf31000 	C:\WINDOWS\System32\kernel.appcore.dll
0x00007ffe6cdf0000 - 0x00007ffe6ce07000 	C:\WINDOWS\System32\cryptsp.dll
0x00007ffe67540000 - 0x00007ffe6755a000 	C:\Program Files\Android\Android Studio\bin\breakgen64.dll
0x00007ffe499c0000 - 0x00007ffe499da000 	C:\Program Files\Android\Android Studio\jre\jre\bin\net.dll
0x00007ffe6b6b0000 - 0x00007ffe6b717000 	C:\WINDOWS\system32\mswsock.dll
0x00007ffe435b0000 - 0x00007ffe435c3000 	C:\Program Files\Android\Android Studio\jre\jre\bin\nio.dll
0x00007ffe6b220000 - 0x00007ffe6b253000 	C:\WINDOWS\system32\rsaenh.dll
0x00007ffe6c040000 - 0x00007ffe6c066000 	C:\WINDOWS\System32\bcrypt.dll
0x00007ffe6bde0000 - 0x00007ffe6be05000 	C:\WINDOWS\SYSTEM32\USERENV.dll
0x00007ffe6b880000 - 0x00007ffe6b88c000 	C:\WINDOWS\SYSTEM32\CRYPTBASE.dll
0x00007ffe6b3c0000 - 0x00007ffe6b3fa000 	C:\WINDOWS\SYSTEM32\IPHLPAPI.DLL
0x00007ffe6e2c0000 - 0x00007ffe6e2c8000 	C:\WINDOWS\System32\NSI.dll
0x00007ffe64b50000 - 0x00007ffe64b66000 	C:\WINDOWS\SYSTEM32\dhcpcsvc6.DLL
0x00007ffe65890000 - 0x00007ffe658ac000 	C:\WINDOWS\SYSTEM32\dhcpcsvc.DLL
0x00007ffe6b400000 - 0x00007ffe6b4cb000 	C:\WINDOWS\SYSTEM32\DNSAPI.dll
0x00007ffe3b050000 - 0x00007ffe3b074000 	C:\Program Files\Android\Android Studio\jre\jre\bin\sunec.dll
0x00007ffe4be40000 - 0x00007ffe4be4b000 	C:\Program Files\Android\Android Studio\jre\jre\bin\sunmscapi.dll
0x00007ffe6c070000 - 0x00007ffe6c1b9000 	C:\WINDOWS\System32\CRYPT32.dll
0x00007ffe6bf40000 - 0x00007ffe6bf52000 	C:\WINDOWS\System32\MSASN1.dll
0x00007ffe568b0000 - 0x00007ffe56aa4000 	C:\WINDOWS\SYSTEM32\dbghelp.dll

VM Arguments:
jvm_args: -ea -Didea.test.cyclic.buffer.size=1048576 -javaagent:C:\Program Files\Android\Android Studio\lib\idea_rt.jar=50245:C:\Program Files\Android\Android Studio\bin -Dfile.encoding=UTF-8 
java_command: com.intellij.rt.junit.JUnitStarter -ideVersion5 -junit4 com.example.titancalculator.MainActivityTest,testBasicFunctions
java_class_path (initial): C:\Program Files\Android\Android Studio\lib\idea_rt.jar;C:\Program Files\Android\Android Studio\plugins\junit\lib\junit5-rt.jar;C:\Program Files\Android\Android Studio\plugins\junit\lib\junit-rt.jar;C:\Users\johan\AppData\Local\Android\Sdk\platforms\android-28\data\res;C:\Users\johan\GitHub\Emerald-Calculator\app\build\intermediates\javac\debugUnitTest\classes;C:\Users\johan\GitHub\Emerald-Calculator\app\build\intermediates\javac\debug\classes;C:\Users\johan\GitHub\Emerald-Calculator\app\build\intermediates\unit_test_config_directory\debugUnitTest\out;C:\Users\johan\GitHub\Emerald-Calculator\app\build\intermediates\compile_and_runtime_not_namespaced_r_class_jar\debug\R.jar;C:\Users\johan\GitHub\Emerald-Calculator\app\build\intermediates\compile_and_runtime_not_namespaced_r_class_jar\debugAndroidTest\R.jar;C:\Users\johan\.gradle\caches\modules-2\files-2.1\junit\junit\4.12\2973d150c0dc1fefe998f834810d68f278ea58ec\junit-4.12.jar;C:\Users\johan\.gradle\caches\modules-2\files-2.1\org.hamcrest\hamcrest-library\1.3\4785a3c21320980282f9f33d0d1264a69040538f\hamcrest-library-1.3.jar;C:\Users\johan\.gradle\caches\modules-2\files-2.1\org.hamcrest\hamcrest-core\1.3\42a25dc3219429f0e5d060061f71acb49bf010a0\hamcrest-core-1.3.jar;C:\Users\johan\.gradle\caches\modules-2\files-2.1\javax.inject\javax.inject\1\6975da39a7040257bd51d21a231b76c915872d38\javax.inject-1.jar;C:\Users\johan\.gradle\caches\modules-2\files-2.1\org.robolectric\robolectric\4.5-alpha-3\972e13854423857316cd23f6b96888502824032b\robolectric-4.5-alpha-3.jar;C:\Users\johan\.gradle\caches\modules-2\files-2.1\org.robolectric\shadows-framework\4.5-alpha-3\b73f33f3abaac4f5d446675f8cb5c3071e17a57f\shadows-framework-4.5-alpha-3.jar;C:\Users\johan\.gradle\caches\modules-2\files-2.1\org.robolectric\resources\4.5-alpha-3\1aa8990d596e950ce5664e007531d27e73cb6505\resources-4.5-alpha-3.jar;C:\Users\johan\.gradle\caches\modules-2\files-2.1\org.robolectric\junit\4.5-alpha-3\1197f214c26bd8055253ea2f5c6da2
Launcher Type: SUN_STANDARD

Environment Variables:
PATH=C:\Program Files (x86)\Common Files\Oracle\Java\javapath;C:\WINDOWS\system32;C:\WINDOWS;C:\WINDOWS\System32\Wbem;C:\WINDOWS\System32\WindowsPowerShell\v1.0\;C:\WINDOWS\System32\OpenSSH\;C:\Program Files\Git\cmd;C:\Program Files (x86)\Calibre2\;C:\Users\johan\AppData\Local\Microsoft\WindowsApps;C:\Users\johan\AppData\Local\GitHubDesktop\bin;C:\Program Files\JetBrains\IntelliJ IDEA Community Edition 2020.2.3\bin;
USERNAME=johan
OS=Windows_NT
PROCESSOR_IDENTIFIER=Intel64 Family 6 Model 158 Stepping 11, GenuineIntel



---------------  S Y S T E M  ---------------

OS: Windows 10.0 , 64 bit Build 18362 (10.0.18362.1110)

CPU:total 4 (initial active 4) (4 cores per cpu, 1 threads per core) family 6 model 158 stepping 11, cmov, cx8, fxsr, mmx, sse, sse2, sse3, ssse3, sse4.1, sse4.2, popcnt, avx, avx2, aes, clmul, erms, 3dnowpref, lzcnt, tsc, tscinvbit, bmi1, bmi2, adx

Memory: 4k page, physical 16696028k(7412448k free), swap 20628188k(10034580k free)

vm_info: OpenJDK 64-Bit Server VM (25.242-b01) for windows-amd64 JRE (1.8.0_242-release-1644-b01), built by "builder" with MS VC++ 10.0 (VS2010)

time: Thu Nov 26 14:41:53 2020
timezone: Mitteleuropäische Zeit
elapsed time: 65 seconds (0d 0h 1m 5s)

