#
# A fatal error has been detected by the Java Runtime Environment:
#
#  EXCEPTION_ACCESS_VIOLATION (0xc0000005) at pc=0x0000000067028180, pid=11496, tid=0x0000000000002dbc
#
# JRE version: OpenJDK Runtime Environment (8.0_242-b01) (build 1.8.0_242-release-1644-b01)
# Java VM: OpenJDK 64-Bit Server VM (25.242-b01 mixed mode windows-amd64 compressed oops)
# Problematic frame:
# V  [jvm.dll+0x4c8180]
#
# Failed to write core dump. Minidumps are not enabled by default on client versions of Windows
#
# If you would like to submit a bug report, please visit:
#   
#

---------------  T H R E A D  ---------------

Current thread (0x000000001c04d800):  JavaThread "C2 CompilerThread1" daemon [_thread_in_native, id=11708, stack(0x000000001d8c0000,0x000000001d9c0000)]

siginfo: ExceptionCode=0xc0000005, reading address 0x000000000000002c

Registers:
RAX=0x000000001e1d6230, RBX=0x000000002f9aafc0, RCX=0x0000000000000000, RDX=0x000000000000014d
RSP=0x000000001d9b92f8, RBP=0x00000000234ca560, RSI=0x0000000000000000, RDI=0x000000002f00a750
R8 =0x000000000293a668, R9 =0x0000000000000002, R10=0x000000001c006820, R11=0x000000001d9b9250
R12=0x0000000000000001, R13=0x000000002dabd510, R14=0x000000001d9b9440, R15=0x000000001d9b94d0
RIP=0x0000000067028180, EFLAGS=0x0000000000010206

Top of Stack: (sp=0x000000001d9b92f8)
0x000000001d9b92f8:   0000000066f8a2ea 000000002f9aafc0
0x000000001d9b9308:   00000000234ca560 000000002a11dbb0
0x000000001d9b9318:   0000000066f89d2e 000000001d9b9390
0x000000001d9b9328:   000000001d9b9390 000000002a11dbb0
0x000000001d9b9338:   0000000000000000 000000001d9b93c0
0x000000001d9b9348:   0000000066f8ac42 00000000234ca560
0x000000001d9b9358:   0000000000000024 000000002d31b1c0
0x000000001d9b9368:   000000002f9aafc0 000000002d31b1c0
0x000000001d9b9378:   000000001d9b94d0 000000001d9b9390
0x000000001d9b9388:   000000001d9b9440 0000000000000000
0x000000001d9b9398:   0000000000000000 0000000000000000
0x000000001d9b93a8:   0000000000000000 0000000000000000
0x000000001d9b93b8:   0000000000000000 00000000fffffffc
0x000000001d9b93c8:   00000000000000b7 0000000000000000
0x000000001d9b93d8:   000000001d9bed10 000000001d9b94f0
0x000000001d9b93e8:   0000000066faf3be 00000000234ca560 

Instructions: (pc=0x0000000067028180)
0x0000000067028160:   40 f8 75 ec 41 ff 4a 18 49 8b 42 08 41 8b 4a 18
0x0000000067028170:   48 8b 5c 24 08 48 c7 04 c8 00 00 00 00 c3 cc cc
0x0000000067028180:   0f b7 51 2c 0f b6 c2 24 1f 3c 14 74 08 80 e2 3f
0x0000000067028190:   80 fa 24 75 28 83 79 18 02 75 22 0f b7 51 2c 0f 


Register to memory mapping:

RAX=0x000000001e1d6230 is an unknown value
RBX=0x000000002f9aafc0 is an unknown value
RCX=0x0000000000000000 is an unknown value
RDX=0x000000000000014d is an unknown value
RSP=0x000000001d9b92f8 is pointing into the stack for thread: 0x000000001c04d800
RBP=0x00000000234ca560 is an unknown value
RSI=0x0000000000000000 is an unknown value
RDI=0x000000002f00a750 is an unknown value
R8 =0x000000000293a668 is an unknown value
R9 =0x0000000000000002 is an unknown value
R10=0x000000001c006820 is an unknown value
R11=0x000000001d9b9250 is pointing into the stack for thread: 0x000000001c04d800
R12=0x0000000000000001 is an unknown value
R13=0x000000002dabd510 is an unknown value
R14=0x000000001d9b9440 is pointing into the stack for thread: 0x000000001c04d800
R15=0x000000001d9b94d0 is pointing into the stack for thread: 0x000000001c04d800


Stack: [0x000000001d8c0000,0x000000001d9c0000],  sp=0x000000001d9b92f8,  free space=996k
Native frames: (J=compiled Java code, j=interpreted, Vv=VM code, C=native code)
V  [jvm.dll+0x4c8180]


Current CompileTask:
C2:  19889 14645       4       androidx.appcompat.widget.TintTypedArray::obtainStyledAttributes (12 bytes)


---------------  P R O C E S S  ---------------

Java Threads: ( => current thread )
  0x000000001e98b000 JavaThread "magnifier pixel copy result handler" [_thread_blocked, id=9620, stack(0x0000000022530000,0x0000000022630000)]
  0x000000001dc51000 JavaThread "SDK 28 Main Thread" [_thread_in_Java, id=6968, stack(0x0000000022230000,0x0000000022330000)]
  0x000000001db19800 JavaThread "Service Thread" daemon [_thread_blocked, id=1204, stack(0x000000001dec0000,0x000000001dfc0000)]
  0x000000001c05b000 JavaThread "C1 CompilerThread2" daemon [_thread_blocked, id=9844, stack(0x000000001d9c0000,0x000000001dac0000)]
=>0x000000001c04d800 JavaThread "C2 CompilerThread1" daemon [_thread_in_native, id=11708, stack(0x000000001d8c0000,0x000000001d9c0000)]
  0x000000001c04c000 JavaThread "C2 CompilerThread0" daemon [_thread_blocked, id=1728, stack(0x000000001d7c0000,0x000000001d8c0000)]
  0x000000001c04a800 JavaThread "Attach Listener" daemon [_thread_blocked, id=6276, stack(0x000000001d6c0000,0x000000001d7c0000)]
  0x000000001c059800 JavaThread "Signal Dispatcher" daemon [_thread_blocked, id=668, stack(0x000000001d5c0000,0x000000001d6c0000)]
  0x000000001c033800 JavaThread "Finalizer" daemon [_thread_blocked, id=4220, stack(0x000000001d290000,0x000000001d390000)]
  0x0000000002a1d000 JavaThread "Reference Handler" daemon [_thread_blocked, id=11104, stack(0x000000001d190000,0x000000001d290000)]
  0x0000000000d8d800 JavaThread "main" [_thread_blocked, id=5400, stack(0x0000000002720000,0x0000000002820000)]

Other Threads:
  0x000000001c006000 VMThread [stack: 0x000000001d090000,0x000000001d190000] [id=11380]
  0x000000001db1a800 WatcherThread [stack: 0x000000001dfc0000,0x000000001e0c0000] [id=10136]

VM state:not at safepoint (normal execution)

VM Mutex/Monitor currently owned by a thread: None

heap address: 0x00000006c1200000, size: 4078 MB, Compressed Oops mode: Zero based, Oop shift amount: 3
Narrow klass base: 0x0000000000000000, Narrow klass shift: 3
Compressed class space size: 1073741824 Address: 0x00000007c0000000

Heap:
 PSYoungGen      total 1116160K, used 823666K [0x000000076b100000, 0x00000007c0000000, 0x00000007c0000000)
  eden space 1035264K, 71% used [0x000000076b100000,0x000000079865cb10,0x00000007aa400000)
  from space 80896K, 100% used [0x00000007aa400000,0x00000007af300000,0x00000007af300000)
  to   space 100864K, 0% used [0x00000007b9d80000,0x00000007b9d80000,0x00000007c0000000)
 ParOldGen       total 395776K, used 258137K [0x00000006c1200000, 0x00000006d9480000, 0x000000076b100000)
  object space 395776K, 65% used [0x00000006c1200000,0x00000006d0e16430,0x00000006d9480000)
 Metaspace       used 70178K, capacity 81996K, committed 84248K, reserved 1122304K
  class space    used 8645K, capacity 11438K, committed 11816K, reserved 1048576K

Card table byte_map: [0x0000000011de0000,0x00000000125e0000] byte_map_base: 0x000000000e7d7000

Marking Bits: (ParMarkBitMap*) 0x000000006732f030
 Begin Bits: [0x0000000012f30000, 0x0000000016ee8000)
 End Bits:   [0x0000000016ee8000, 0x000000001aea0000)

Polling page: 0x0000000000b30000

CodeCache: size=245760Kb used=87449Kb max_used=87449Kb free=158310Kb
 bounds [0x0000000002a20000, 0x0000000007fc0000, 0x0000000011a20000]
 total_blobs=12847 nmethods=11349 adapters=1404
 compilation: enabled

Compilation events (10 events):
Event: 19.861 Thread 0x000000001c05b000 14642       3       android.transition.ChangeBounds::$$robo$$android_transition_ChangeBounds$__constructor__ (45 bytes)
Event: 19.862 Thread 0x000000001c04d800 nmethod 14640 0x00000000056ac050 code [0x00000000056ac220, 0x00000000056ad600]
Event: 19.864 Thread 0x000000001c05b000 nmethod 14642 0x0000000007fa1b10 code [0x0000000007fa2200, 0x0000000007fa6fe8]
Event: 19.864 Thread 0x000000001c05b000 14643       3       android.transition.ChangeTransform::$$robo$$android_transition_ChangeTransform$__constructor__ (55 bytes)
Event: 19.866 Thread 0x000000001c04c000 14644       4       android.graphics.drawable.RippleDrawable::updateLocalState (7 bytes)
Event: 19.866 Thread 0x000000001c04d800 14645       4       androidx.appcompat.widget.TintTypedArray::obtainStyledAttributes (12 bytes)
Event: 19.868 Thread 0x000000001c05b000 nmethod 14643 0x0000000007fab790 code [0x0000000007fac1e0, 0x0000000007fb3b38]
Event: 19.868 Thread 0x000000001c04c000 nmethod 14644 0x00000000048d21d0 code [0x00000000048d2320, 0x00000000048d2438]
Event: 19.877 Thread 0x000000001c05b000 14646       3       com.android.internal.policy.DecorView::updateColorViews (9 bytes)
Event: 19.879 Thread 0x000000001c05b000 nmethod 14646 0x0000000007fbaed0 code [0x0000000007fbb200, 0x0000000007fbcce8]

GC Heap History (10 events):
Event: 15.038 GC heap before
{Heap before GC invocations=23 (full 4):
 PSYoungGen      total 850432K, used 38048K [0x000000076b100000, 0x00000007a9900000, 0x00000007c0000000)
  eden space 795648K, 0% used [0x000000076b100000,0x000000076b100000,0x000000079ba00000)
  from space 54784K, 69% used [0x000000079ba00000,0x000000079df28000,0x000000079ef80000)
  to   space 57344K, 0% used [0x00000007a6100000,0x00000007a6100000,0x00000007a9900000)
 ParOldGen       total 206336K, used 193894K [0x00000006c1200000, 0x00000006cdb80000, 0x000000076b100000)
  object space 206336K, 93% used [0x00000006c1200000,0x00000006ccf59980,0x00000006cdb80000)
 Metaspace       used 71468K, capacity 83994K, committed 84248K, reserved 1122304K
  class space    used 8741K, capacity 11801K, committed 11816K, reserved 1048576K
Event: 15.252 GC heap after
Heap after GC invocations=23 (full 4):
 PSYoungGen      total 850432K, used 0K [0x000000076b100000, 0x00000007a9900000, 0x00000007c0000000)
  eden space 795648K, 0% used [0x000000076b100000,0x000000076b100000,0x000000079ba00000)
  from space 54784K, 0% used [0x000000079ba00000,0x000000079ba00000,0x000000079ef80000)
  to   space 57344K, 0% used [0x00000007a6100000,0x00000007a6100000,0x00000007a9900000)
 ParOldGen       total 395776K, used 204583K [0x00000006c1200000, 0x00000006d9480000, 0x000000076b100000)
  object space 395776K, 51% used [0x00000006c1200000,0x00000006cd9c9f08,0x00000006d9480000)
 Metaspace       used 68726K, capacity 80006K, committed 84248K, reserved 1122304K
  class space    used 8586K, capacity 11278K, committed 11816K, reserved 1048576K
}
Event: 16.238 GC heap before
{Heap before GC invocations=24 (full 4):
 PSYoungGen      total 850432K, used 795648K [0x000000076b100000, 0x00000007a9900000, 0x00000007c0000000)
  eden space 795648K, 100% used [0x000000076b100000,0x000000079ba00000,0x000000079ba00000)
  from space 54784K, 0% used [0x000000079ba00000,0x000000079ba00000,0x000000079ef80000)
  to   space 57344K, 0% used [0x00000007a6100000,0x00000007a6100000,0x00000007a9900000)
 ParOldGen       total 395776K, used 204583K [0x00000006c1200000, 0x00000006d9480000, 0x000000076b100000)
  object space 395776K, 51% used [0x00000006c1200000,0x00000006cd9c9f08,0x00000006d9480000)
 Metaspace       used 69497K, capacity 81148K, committed 84248K, reserved 1122304K
  class space    used 8626K, capacity 11422K, committed 11816K, reserved 1048576K
Event: 16.253 GC heap after
Heap after GC invocations=24 (full 4):
 PSYoungGen      total 964608K, used 38272K [0x000000076b100000, 0x00000007a9c80000, 0x00000007c0000000)
  eden space 907264K, 0% used [0x000000076b100000,0x000000076b100000,0x00000007a2700000)
  from space 57344K, 66% used [0x00000007a6100000,0x00000007a8660000,0x00000007a9900000)
  to   space 59392K, 0% used [0x00000007a2700000,0x00000007a2700000,0x00000007a6100000)
 ParOldGen       total 395776K, used 204591K [0x00000006c1200000, 0x00000006d9480000, 0x000000076b100000)
  object space 395776K, 51% used [0x00000006c1200000,0x00000006cd9cbf08,0x00000006d9480000)
 Metaspace       used 69497K, capacity 81148K, committed 84248K, reserved 1122304K
  class space    used 8626K, capacity 11422K, committed 11816K, reserved 1048576K
}
Event: 17.203 GC heap before
{Heap before GC invocations=25 (full 4):
 PSYoungGen      total 964608K, used 945536K [0x000000076b100000, 0x00000007a9c80000, 0x00000007c0000000)
  eden space 907264K, 100% used [0x000000076b100000,0x00000007a2700000,0x00000007a2700000)
  from space 57344K, 66% used [0x00000007a6100000,0x00000007a8660000,0x00000007a9900000)
  to   space 59392K, 0% used [0x00000007a2700000,0x00000007a2700000,0x00000007a6100000)
 ParOldGen       total 395776K, used 204591K [0x00000006c1200000, 0x00000006d9480000, 0x000000076b100000)
  object space 395776K, 51% used [0x00000006c1200000,0x00000006cd9cbf08,0x00000006d9480000)
 Metaspace       used 69650K, capacity 81340K, committed 84248K, reserved 1122304K
  class space    used 8632K, capacity 11426K, committed 11816K, reserved 1048576K
Event: 17.229 GC heap after
Heap after GC invocations=25 (full 4):
 PSYoungGen      total 966656K, used 59392K [0x000000076b100000, 0x00000007b3980000, 0x00000007c0000000)
  eden space 907264K, 0% used [0x000000076b100000,0x000000076b100000,0x00000007a2700000)
  from space 59392K, 100% used [0x00000007a2700000,0x00000007a6100000,0x00000007a6100000)
  to   space 72192K, 0% used [0x00000007af300000,0x00000007af300000,0x00000007b3980000)
 ParOldGen       total 395776K, used 213641K [0x00000006c1200000, 0x00000006d9480000, 0x000000076b100000)
  object space 395776K, 53% used [0x00000006c1200000,0x00000006ce2a2480,0x00000006d9480000)
 Metaspace       used 69650K, capacity 81340K, committed 84248K, reserved 1122304K
  class space    used 8632K, capacity 11426K, committed 11816K, reserved 1048576K
}
Event: 18.211 GC heap before
{Heap before GC invocations=26 (full 4):
 PSYoungGen      total 966656K, used 966656K [0x000000076b100000, 0x00000007b3980000, 0x00000007c0000000)
  eden space 907264K, 100% used [0x000000076b100000,0x00000007a2700000,0x00000007a2700000)
  from space 59392K, 100% used [0x00000007a2700000,0x00000007a6100000,0x00000007a6100000)
  to   space 72192K, 0% used [0x00000007af300000,0x00000007af300000,0x00000007b3980000)
 ParOldGen       total 395776K, used 213641K [0x00000006c1200000, 0x00000006d9480000, 0x000000076b100000)
  object space 395776K, 53% used [0x00000006c1200000,0x00000006ce2a2480,0x00000006d9480000)
 Metaspace       used 69867K, capacity 81552K, committed 84248K, reserved 1122304K
  class space    used 8636K, capacity 11430K, committed 11816K, reserved 1048576K
Event: 18.261 GC heap after
Heap after GC invocations=26 (full 4):
 PSYoungGen      total 1107456K, used 64960K [0x000000076b100000, 0x00000007b6200000, 0x00000007c0000000)
  eden space 1035264K, 0% used [0x000000076b100000,0x000000076b100000,0x00000007aa400000)
  from space 72192K, 89% used [0x00000007af300000,0x00000007b3270000,0x00000007b3980000)
  to   space 80896K, 0% used [0x00000007aa400000,0x00000007aa400000,0x00000007af300000)
 ParOldGen       total 395776K, used 239856K [0x00000006c1200000, 0x00000006d9480000, 0x000000076b100000)
  object space 395776K, 60% used [0x00000006c1200000,0x00000006cfc3c2c8,0x00000006d9480000)
 Metaspace       used 69867K, capacity 81552K, committed 84248K, reserved 1122304K
  class space    used 8636K, capacity 11430K, committed 11816K, reserved 1048576K
}
Event: 19.218 GC heap before
{Heap before GC invocations=27 (full 4):
 PSYoungGen      total 1107456K, used 1100224K [0x000000076b100000, 0x00000007b6200000, 0x00000007c0000000)
  eden space 1035264K, 100% used [0x000000076b100000,0x00000007aa400000,0x00000007aa400000)
  from space 72192K, 89% used [0x00000007af300000,0x00000007b3270000,0x00000007b3980000)
  to   space 80896K, 0% used [0x00000007aa400000,0x00000007aa400000,0x00000007af300000)
 ParOldGen       total 395776K, used 239856K [0x00000006c1200000, 0x00000006d9480000, 0x000000076b100000)
  object space 395776K, 60% used [0x00000006c1200000,0x00000006cfc3c2c8,0x00000006d9480000)
 Metaspace       used 69970K, capacity 81652K, committed 84248K, reserved 1122304K
  class space    used 8641K, capacity 11434K, committed 11816K, reserved 1048576K
Event: 19.256 GC heap after
Heap after GC invocations=27 (full 4):
 PSYoungGen      total 1116160K, used 80896K [0x000000076b100000, 0x00000007c0000000, 0x00000007c0000000)
  eden space 1035264K, 0% used [0x000000076b100000,0x000000076b100000,0x00000007aa400000)
  from space 80896K, 100% used [0x00000007aa400000,0x00000007af300000,0x00000007af300000)
  to   space 100864K, 0% used [0x00000007b9d80000,0x00000007b9d80000,0x00000007c0000000)
 ParOldGen       total 395776K, used 258137K [0x00000006c1200000, 0x00000006d9480000, 0x000000076b100000)
  object space 395776K, 65% used [0x00000006c1200000,0x00000006d0e16430,0x00000006d9480000)
 Metaspace       used 69970K, capacity 81652K, committed 84248K, reserved 1122304K
  class space    used 8641K, capacity 11434K, committed 11816K, reserved 1048576K
}

Deoptimization events (10 events):
Event: 16.133 Thread 0x000000001dc51000 Uncommon trap: reason=class_check action=maybe_recompile pc=0x0000000004543ffc method=org.robolectric.shadows.ShadowView.requestLayout()V @ 9
Event: 16.133 Thread 0x000000001dc51000 Uncommon trap: reason=class_check action=maybe_recompile pc=0x0000000003dbeda4 method=org.robolectric.shadows.ShadowView.requestLayout()V @ 9
Event: 16.153 Thread 0x000000001dc51000 Uncommon trap: reason=class_check action=maybe_recompile pc=0x0000000004970470 method=org.robolectric.shadows.ShadowView.requestLayout()V @ 9
Event: 16.176 Thread 0x000000001e98b000 Uncommon trap: reason=class_check action=maybe_recompile pc=0x000000000521781c method=org.robolectric.shadows.ShadowPausedMessageQueue.isIdle()Z @ 20
Event: 16.176 Thread 0x000000001dc51000 Uncommon trap: reason=class_check action=maybe_recompile pc=0x000000000521781c method=org.robolectric.shadows.ShadowPausedMessageQueue.isIdle()Z @ 20
Event: 18.358 Thread 0x000000001dc51000 Uncommon trap: reason=bimorphic action=maybe_recompile pc=0x0000000007bd2070 method=org.robolectric.shadows.ShadowView.getAttachInfo()Ljava/lang/Object; @ 12
Event: 18.360 Thread 0x000000001dc51000 Uncommon trap: reason=bimorphic action=maybe_recompile pc=0x0000000007bd2070 method=org.robolectric.shadows.ShadowView.getAttachInfo()Ljava/lang/Object; @ 12
Event: 18.361 Thread 0x000000001dc51000 Uncommon trap: reason=bimorphic action=maybe_recompile pc=0x0000000007bd2030 method=org.robolectric.shadows.ShadowView.getAttachInfo()Ljava/lang/Object; @ 12
Event: 18.362 Thread 0x000000001dc51000 Uncommon trap: reason=bimorphic action=maybe_recompile pc=0x0000000007bd2030 method=org.robolectric.shadows.ShadowView.getAttachInfo()Ljava/lang/Object; @ 12
Event: 18.436 Thread 0x000000001dc51000 Uncommon trap: reason=unstable_if action=reinterpret pc=0x000000000481988c method=android.os.MessageQueue.$$robo$$android_os_MessageQueue$next()Landroid/os/Message; @ 86

Classes redefined (0 events):
No events

Internal exceptions (10 events):
Event: 10.010 Thread 0x000000001dc51000 Exception <a 'sun/nio/fs/WindowsException'> (0x000000077d21f8a0) thrown at [C:\src\AOSP-openjdk-git\hotspot\src\share\vm\prims\jni.cpp, line 710]
Event: 10.836 Thread 0x000000001c033800 Exception <a 'java/lang/NullPointerException'> (0x000000076bc0ca80) thrown at [C:\src\AOSP-openjdk-git\hotspot\src\share\vm\interpreter\linkResolver.cpp, line 1287]
Event: 13.786 Thread 0x000000001dc51000 Exception <a 'sun/nio/fs/WindowsException'> (0x000000078e7f29c0) thrown at [C:\src\AOSP-openjdk-git\hotspot\src\share\vm\prims\jni.cpp, line 710]
Event: 14.448 Thread 0x000000001dc51000 Exception <a 'sun/nio/fs/WindowsException'> (0x000000078211a870) thrown at [C:\src\AOSP-openjdk-git\hotspot\src\share\vm\prims\jni.cpp, line 710]
Event: 14.609 Thread 0x000000001dc51000 Exception <a 'sun/nio/fs/WindowsException'> (0x000000078638d620) thrown at [C:\src\AOSP-openjdk-git\hotspot\src\share\vm\prims\jni.cpp, line 710]
Event: 15.254 Thread 0x000000001c033800 Exception <a 'java/lang/NullPointerException'> (0x000000076c04f630) thrown at [C:\src\AOSP-openjdk-git\hotspot\src\share\vm\interpreter\linkResolver.cpp, line 1287]
Event: 15.255 Thread 0x000000001c033800 Exception <a 'java/lang/NullPointerException'> (0x000000076c058cd0) thrown at [C:\src\AOSP-openjdk-git\hotspot\src\share\vm\interpreter\linkResolver.cpp, line 1287]
Event: 15.257 Thread 0x000000001c033800 Exception <a 'java/lang/NullPointerException'> (0x000000076c067068) thrown at [C:\src\AOSP-openjdk-git\hotspot\src\share\vm\interpreter\linkResolver.cpp, line 1287]
Event: 15.258 Thread 0x000000001dc51000 Implicit null exception at 0x00000000062448e3 to 0x000000000624499d
Event: 16.117 Thread 0x000000001dc51000 Exception <a 'sun/nio/fs/WindowsException'> (0x00000007956b7b80) thrown at [C:\src\AOSP-openjdk-git\hotspot\src\share\vm\prims\jni.cpp, line 710]

Events (10 events):
Event: 19.297 Thread 0x000000001c05b000 flushing nmethod 0x0000000006126150
Event: 19.297 Thread 0x000000001c05b000 flushing nmethod 0x0000000006129910
Event: 19.298 Thread 0x000000001c05b000 flushing nmethod 0x0000000006381410
Event: 19.299 Thread 0x000000001c05b000 flushing nmethod 0x0000000006489c50
Event: 19.299 Thread 0x000000001c05b000 flushing nmethod 0x00000000064b2c50
Event: 19.299 Thread 0x000000001c05b000 flushing nmethod 0x0000000006588310
Event: 19.299 Thread 0x000000001c05b000 flushing nmethod 0x00000000065c39d0
Event: 19.300 Thread 0x000000001c05b000 flushing nmethod 0x0000000006bec010
Event: 19.301 Thread 0x000000001c05b000 flushing nmethod 0x0000000006df8510
Event: 19.306 Thread 0x000000001c04d800 flushing nmethod 0x000000000746eb10


Dynamic libraries:
0x00007ff7b0200000 - 0x00007ff7b0231000 	C:\Program Files\Android\Android Studio\jre\bin\java.exe
0x00007ffd7e420000 - 0x00007ffd7e610000 	C:\WINDOWS\SYSTEM32\ntdll.dll
0x00007ffd7e320000 - 0x00007ffd7e3d2000 	C:\WINDOWS\System32\KERNEL32.DLL
0x00007ffd7beb0000 - 0x00007ffd7c155000 	C:\WINDOWS\System32\KERNELBASE.dll
0x00007ffd7e270000 - 0x00007ffd7e313000 	C:\WINDOWS\System32\ADVAPI32.dll
0x00007ffd7d9b0000 - 0x00007ffd7da4e000 	C:\WINDOWS\System32\msvcrt.dll
0x00007ffd7c4e0000 - 0x00007ffd7c577000 	C:\WINDOWS\System32\sechost.dll
0x00007ffd7d860000 - 0x00007ffd7d980000 	C:\WINDOWS\System32\RPCRT4.dll
0x00007ffd7c5a0000 - 0x00007ffd7c734000 	C:\WINDOWS\System32\USER32.dll
0x00007ffd7bce0000 - 0x00007ffd7bd01000 	C:\WINDOWS\System32\win32u.dll
0x00007ffd7d980000 - 0x00007ffd7d9a6000 	C:\WINDOWS\System32\GDI32.dll
0x00007ffd7bd10000 - 0x00007ffd7bea6000 	C:\WINDOWS\System32\gdi32full.dll
0x00007ffd7c160000 - 0x00007ffd7c1fe000 	C:\WINDOWS\System32\msvcp_win.dll
0x00007ffd7bb80000 - 0x00007ffd7bc7a000 	C:\WINDOWS\System32\ucrtbase.dll
0x00007ffd6b060000 - 0x00007ffd6b2e4000 	C:\WINDOWS\WinSxS\amd64_microsoft.windows.common-controls_6595b64144ccf1df_6.0.18362.1139_none_9e7bf2d3e4605ac6\COMCTL32.dll
0x00007ffd7ce30000 - 0x00007ffd7d165000 	C:\WINDOWS\System32\combase.dll
0x00007ffd7c300000 - 0x00007ffd7c380000 	C:\WINDOWS\System32\bcryptPrimitives.dll
0x00007ffd7d170000 - 0x00007ffd7d19e000 	C:\WINDOWS\System32\IMM32.DLL
0x0000000066a80000 - 0x0000000066b52000 	C:\Program Files\Android\Android Studio\jre\jre\bin\msvcr100.dll
0x0000000066b60000 - 0x00000000673ab000 	C:\Program Files\Android\Android Studio\jre\jre\bin\server\jvm.dll
0x00007ffd7c590000 - 0x00007ffd7c598000 	C:\WINDOWS\System32\PSAPI.DLL
0x00007ffd64140000 - 0x00007ffd64149000 	C:\WINDOWS\SYSTEM32\WSOCK32.dll
0x00007ffd7e1a0000 - 0x00007ffd7e20f000 	C:\WINDOWS\System32\WS2_32.dll
0x00007ffd79360000 - 0x00007ffd79384000 	C:\WINDOWS\SYSTEM32\WINMM.dll
0x00007ffd74c00000 - 0x00007ffd74c0a000 	C:\WINDOWS\SYSTEM32\VERSION.dll
0x00007ffd79230000 - 0x00007ffd7925d000 	C:\WINDOWS\SYSTEM32\WINMMBASE.dll
0x00007ffd7bb30000 - 0x00007ffd7bb7a000 	C:\WINDOWS\System32\cfgmgr32.dll
0x00007ffd77b80000 - 0x00007ffd77b8f000 	C:\Program Files\Android\Android Studio\jre\jre\bin\verify.dll
0x00007ffd6cde0000 - 0x00007ffd6ce09000 	C:\Program Files\Android\Android Studio\jre\jre\bin\java.dll
0x00007ffd74d80000 - 0x00007ffd74d96000 	C:\Program Files\Android\Android Studio\jre\jre\bin\zip.dll
0x00007ffd7c740000 - 0x00007ffd7ce27000 	C:\WINDOWS\System32\SHELL32.dll
0x00007ffd7d6c0000 - 0x00007ffd7d769000 	C:\WINDOWS\System32\shcore.dll
0x00007ffd7b3b0000 - 0x00007ffd7bb30000 	C:\WINDOWS\System32\windows.storage.dll
0x00007ffd7b360000 - 0x00007ffd7b383000 	C:\WINDOWS\System32\profapi.dll
0x00007ffd7b2f0000 - 0x00007ffd7b33a000 	C:\WINDOWS\System32\powrprof.dll
0x00007ffd7b2e0000 - 0x00007ffd7b2f0000 	C:\WINDOWS\System32\UMPDC.dll
0x00007ffd7d500000 - 0x00007ffd7d552000 	C:\WINDOWS\System32\shlwapi.dll
0x00007ffd7b340000 - 0x00007ffd7b351000 	C:\WINDOWS\System32\kernel.appcore.dll
0x00007ffd7c230000 - 0x00007ffd7c247000 	C:\WINDOWS\System32\cryptsp.dll
0x00007ffd6bc30000 - 0x00007ffd6bc4a000 	C:\Program Files\Android\Android Studio\jre\jre\bin\net.dll
0x00007ffd7aad0000 - 0x00007ffd7ab37000 	C:\WINDOWS\system32\mswsock.dll
0x00007ffd6bb80000 - 0x00007ffd6bb93000 	C:\Program Files\Android\Android Studio\jre\jre\bin\nio.dll
0x00007ffd7a640000 - 0x00007ffd7a673000 	C:\WINDOWS\system32\rsaenh.dll
0x00007ffd7c200000 - 0x00007ffd7c226000 	C:\WINDOWS\System32\bcrypt.dll
0x00007ffd7b200000 - 0x00007ffd7b225000 	C:\WINDOWS\SYSTEM32\USERENV.dll
0x00007ffd7aca0000 - 0x00007ffd7acac000 	C:\WINDOWS\SYSTEM32\CRYPTBASE.dll
0x00007ffd7a7e0000 - 0x00007ffd7a81a000 	C:\WINDOWS\SYSTEM32\IPHLPAPI.DLL
0x00007ffd7c4d0000 - 0x00007ffd7c4d8000 	C:\WINDOWS\System32\NSI.dll
0x00007ffd74070000 - 0x00007ffd74086000 	C:\WINDOWS\SYSTEM32\dhcpcsvc6.DLL
0x00007ffd74be0000 - 0x00007ffd74bfc000 	C:\WINDOWS\SYSTEM32\dhcpcsvc.DLL
0x00007ffd7a820000 - 0x00007ffd7a8eb000 	C:\WINDOWS\SYSTEM32\DNSAPI.dll
0x00007ffd6b030000 - 0x00007ffd6b054000 	C:\Program Files\Android\Android Studio\jre\jre\bin\sunec.dll
0x00007ffd71ed0000 - 0x00007ffd71edb000 	C:\Program Files\Android\Android Studio\jre\jre\bin\sunmscapi.dll
0x00007ffd7c380000 - 0x00007ffd7c4c9000 	C:\WINDOWS\System32\CRYPT32.dll
0x00007ffd7b390000 - 0x00007ffd7b3a2000 	C:\WINDOWS\System32\MSASN1.dll
0x00007ffd644f0000 - 0x00007ffd646e4000 	C:\WINDOWS\SYSTEM32\dbghelp.dll

VM Arguments:
jvm_args: -ea -Didea.test.cyclic.buffer.size=1048576 -Dfile.encoding=UTF-8 
java_command: com.intellij.rt.junit.JUnitStarter -ideVersion5 -junit5 @w@C:\Users\johan\AppData\Local\Temp\idea_working_dirs_junit.tmp @C:\Users\johan\AppData\Local\Temp\idea_junit.tmp -socket53517
java_class_path (initial): C:\Program Files\Android\Android Studio\lib\idea_rt.jar;C:\Program Files\Android\Android Studio\plugins\junit\lib\junit5-rt.jar;C:\Program Files\Android\Android Studio\plugins\junit\lib\junit-rt.jar;C:\Users\johan\AppData\Local\Android\Sdk\platforms\android-28\data\res;C:\Users\johan\GitHub\Emerald-Calculator\app\build\intermediates\javac\debugUnitTest\classes;C:\Users\johan\GitHub\Emerald-Calculator\app\build\intermediates\javac\debug\classes;C:\Users\johan\GitHub\Emerald-Calculator\app\build\intermediates\unit_test_config_directory\debugUnitTest\out;C:\Users\johan\GitHub\Emerald-Calculator\app\build\intermediates\compile_and_runtime_not_namespaced_r_class_jar\debug\R.jar;C:\Users\johan\GitHub\Emerald-Calculator\app\build\intermediates\compile_and_runtime_not_namespaced_r_class_jar\debugAndroidTest\R.jar;C:\Users\johan\.gradle\caches\modules-2\files-2.1\junit\junit\4.12\2973d150c0dc1fefe998f834810d68f278ea58ec\junit-4.12.jar;C:\Users\johan\.gradle\caches\modules-2\files-2.1\org.hamcrest\hamcrest-library\1.3\4785a3c21320980282f9f33d0d1264a69040538f\hamcrest-library-1.3.jar;C:\Users\johan\.gradle\caches\modules-2\files-2.1\org.hamcrest\hamcrest-core\1.3\42a25dc3219429f0e5d060061f71acb49bf010a0\hamcrest-core-1.3.jar;C:\Users\johan\.gradle\caches\modules-2\files-2.1\javax.inject\javax.inject\1\6975da39a7040257bd51d21a231b76c915872d38\javax.inject-1.jar;C:\Users\johan\.gradle\caches\modules-2\files-2.1\org.robolectric\robolectric\4.5-alpha-3\972e13854423857316cd23f6b96888502824032b\robolectric-4.5-alpha-3.jar;C:\Users\johan\.gradle\caches\modules-2\files-2.1\org.robolectric\shadows-framework\4.5-alpha-3\b73f33f3abaac4f5d446675f8cb5c3071e17a57f\shadows-framework-4.5-alpha-3.jar;C:\Users\johan\.gradle\caches\modules-2\files-2.1\org.robolectric\resources\4.5-alpha-3\1aa8990d596e950ce5664e007531d27e73cb6505\resources-4.5-alpha-3.jar;C:\Users\johan\.gradle\caches\modules-2\files-2.1\org.robolectric\junit\4.5-alpha-3\1197f214c26bd8055253ea2f5c6da2
Launcher Type: SUN_STANDARD

Environment Variables:
PATH=C:\Program Files (x86)\Common Files\Oracle\Java\javapath;C:\WINDOWS\system32;C:\WINDOWS;C:\WINDOWS\System32\Wbem;C:\WINDOWS\System32\WindowsPowerShell\v1.0\;C:\WINDOWS\System32\OpenSSH\;C:\Program Files\Git\cmd;C:\Program Files (x86)\Calibre2\;C:\Users\johan\AppData\Local\Microsoft\WindowsApps;C:\Users\johan\AppData\Local\GitHubDesktop\bin;C:\Program Files\JetBrains\IntelliJ IDEA Community Edition 2020.2.3\bin;
USERNAME=johan
OS=Windows_NT
PROCESSOR_IDENTIFIER=Intel64 Family 6 Model 158 Stepping 11, GenuineIntel



---------------  S Y S T E M  ---------------

OS: Windows 10.0 , 64 bit Build 18362 (10.0.18362.1110)

CPU:total 4 (initial active 4) (4 cores per cpu, 1 threads per core) family 6 model 158 stepping 11, cmov, cx8, fxsr, mmx, sse, sse2, sse3, ssse3, sse4.1, sse4.2, popcnt, avx, avx2, aes, clmul, erms, 3dnowpref, lzcnt, tsc, tscinvbit, bmi1, bmi2, adx

Memory: 4k page, physical 16696028k(6731068k free), swap 20628188k(7975668k free)

vm_info: OpenJDK 64-Bit Server VM (25.242-b01) for windows-amd64 JRE (1.8.0_242-release-1644-b01), built by "builder" with MS VC++ 10.0 (VS2010)

time: Fri Nov 27 15:31:31 2020
timezone: Mitteleuropäische Zeit
elapsed time: 19 seconds (0d 0h 0m 19s)

