#
# A fatal error has been detected by the Java Runtime Environment:
#
#  EXCEPTION_ACCESS_VIOLATION (0xc0000005) at pc=0x000000006b8a8180, pid=5388, tid=0x0000000000002844
#
# JRE version: OpenJDK Runtime Environment (8.0_242-b01) (build 1.8.0_242-release-1644-b01)
# Java VM: OpenJDK 64-Bit Server VM (25.242-b01 mixed mode windows-amd64 compressed oops)
# Problematic frame:
# V  [jvm.dll+0x4c8180]
#
# Failed to write core dump. Minidumps are not enabled by default on client versions of Windows
#
# If you would like to submit a bug report, please visit:
#   
#

---------------  T H R E A D  ---------------

Current thread (0x000000001dcd3800):  JavaThread "C2 CompilerThread0" daemon [_thread_in_native, id=10308, stack(0x000000001e190000,0x000000001e290000)]

siginfo: ExceptionCode=0xc0000005, reading address 0x000000000000002c

Registers:
RAX=0x00000000271845b0, RBX=0x000000001f9d1fb0, RCX=0x0000000000000000, RDX=0x0000000000000131
RSP=0x000000001e289038, RBP=0x000000002e8f15e0, RSI=0x0000000000000000, RDI=0x0000000026f9ecd0
R8 =0x0000000002d0bfe8, R9 =0x0000000000000002, R10=0x000000001c6225a0, R11=0x000000001e288f90
R12=0x0000000000000001, R13=0x0000000027146330, R14=0x000000001e289180, R15=0x000000001e289210
RIP=0x000000006b8a8180, EFLAGS=0x0000000000010202

Top of Stack: (sp=0x000000001e289038)
0x000000001e289038:   000000006b80a2ea 000000001f9d1fb0
0x000000001e289048:   000000002e8f15e0 000000002e8be490
0x000000001e289058:   000000006b809d2e 000000001e2890d0
0x000000001e289068:   000000001e2890d0 000000002e8be490
0x000000001e289078:   0000000000000000 000000001e289100
0x000000001e289088:   000000006b80ac42 000000002e8f15e0
0x000000001e289098:   0000000000000024 0000000027a78b60
0x000000001e2890a8:   000000001f9d1fb0 0000000027a78b60
0x000000001e2890b8:   000000001e289210 000000001e2890d0
0x000000001e2890c8:   000000001e289180 0000000000000000
0x000000001e2890d8:   0000000000000000 0000000000000000
0x000000001e2890e8:   0000000000000000 0000000000000000
0x000000001e2890f8:   0000000000000000 00000000fffffffc
0x000000001e289108:   00000000000000b7 0000000000000000
0x000000001e289118:   000000001e28ea50 000000001e289230
0x000000001e289128:   000000006b82f3be 000000002e8f15e0 

Instructions: (pc=0x000000006b8a8180)
0x000000006b8a8160:   40 f8 75 ec 41 ff 4a 18 49 8b 42 08 41 8b 4a 18
0x000000006b8a8170:   48 8b 5c 24 08 48 c7 04 c8 00 00 00 00 c3 cc cc
0x000000006b8a8180:   0f b7 51 2c 0f b6 c2 24 1f 3c 14 74 08 80 e2 3f
0x000000006b8a8190:   80 fa 24 75 28 83 79 18 02 75 22 0f b7 51 2c 0f 


Register to memory mapping:

RAX=0x00000000271845b0 is an unknown value
RBX=0x000000001f9d1fb0 is an unknown value
RCX=0x0000000000000000 is an unknown value
RDX=0x0000000000000131 is an unknown value
RSP=0x000000001e289038 is pointing into the stack for thread: 0x000000001dcd3800
RBP=0x000000002e8f15e0 is an unknown value
RSI=0x0000000000000000 is an unknown value
RDI=0x0000000026f9ecd0 is an unknown value
R8 =0x0000000002d0bfe8 is an unknown value
R9 =0x0000000000000002 is an unknown value
R10=0x000000001c6225a0 is an unknown value
R11=0x000000001e288f90 is pointing into the stack for thread: 0x000000001dcd3800
R12=0x0000000000000001 is an unknown value
R13=0x0000000027146330 is an unknown value
R14=0x000000001e289180 is pointing into the stack for thread: 0x000000001dcd3800
R15=0x000000001e289210 is pointing into the stack for thread: 0x000000001dcd3800


Stack: [0x000000001e190000,0x000000001e290000],  sp=0x000000001e289038,  free space=996k
Native frames: (J=compiled Java code, j=interpreted, Vv=VM code, C=native code)
V  [jvm.dll+0x4c8180]


Current CompileTask:
C2:  19329 13435       4       androidx.appcompat.widget.TintTypedArray::obtainStyledAttributes (9 bytes)


---------------  P R O C E S S  ---------------

Java Threads: ( => current thread )
  0x000000001f7d4000 JavaThread "magnifier pixel copy result handler" [_thread_blocked, id=9792, stack(0x0000000022dd0000,0x0000000022ed0000)]
  0x000000001f7d3800 JavaThread "SDK 28 Main Thread" [_thread_in_vm, id=7932, stack(0x00000000201d0000,0x00000000202d0000)]
  0x000000001c65d800 JavaThread "Service Thread" daemon [_thread_blocked, id=8704, stack(0x000000001e490000,0x000000001e590000)]
  0x000000001c644000 JavaThread "C1 CompilerThread2" daemon [_thread_blocked, id=8940, stack(0x000000001e390000,0x000000001e490000)]
  0x000000001c640800 JavaThread "C2 CompilerThread1" daemon [_thread_blocked, id=5276, stack(0x000000001e290000,0x000000001e390000)]
=>0x000000001dcd3800 JavaThread "C2 CompilerThread0" daemon [_thread_in_native, id=10308, stack(0x000000001e190000,0x000000001e290000)]
  0x000000001c643800 JavaThread "Monitor Ctrl-Break" daemon [_thread_in_native, id=7528, stack(0x000000001e090000,0x000000001e190000)]
  0x000000001c613800 JavaThread "Attach Listener" daemon [_thread_blocked, id=11668, stack(0x000000001db90000,0x000000001dc90000)]
  0x000000001c612800 JavaThread "Signal Dispatcher" daemon [_thread_blocked, id=11524, stack(0x000000001da90000,0x000000001db90000)]
  0x000000001c5f2800 JavaThread "Finalizer" daemon [_thread_blocked, id=8624, stack(0x000000001d860000,0x000000001d960000)]
  0x000000001c5e9800 JavaThread "Reference Handler" daemon [_thread_blocked, id=1924, stack(0x000000001d760000,0x000000001d860000)]
  0x0000000002d1a000 JavaThread "main" [_thread_blocked, id=12104, stack(0x0000000002b60000,0x0000000002c60000)]

Other Threads:
  0x000000001c5c6000 VMThread [stack: 0x000000001d660000,0x000000001d760000] [id=9612]
  0x000000001dd61000 WatcherThread [stack: 0x000000001e590000,0x000000001e690000] [id=6504]

VM state:not at safepoint (normal execution)

VM Mutex/Monitor currently owned by a thread: None

heap address: 0x00000006c1200000, size: 4078 MB, Compressed Oops mode: Zero based, Oop shift amount: 3
Narrow klass base: 0x0000000000000000, Narrow klass shift: 3
Compressed class space size: 1073741824 Address: 0x00000007c0000000

Heap:
 PSYoungGen      total 813568K, used 335634K [0x000000076b100000, 0x00000007ae280000, 0x00000007c0000000)
  eden space 663552K, 27% used [0x000000076b100000,0x000000077664c7e0,0x0000000793900000)
  from space 150016K, 99% used [0x0000000793900000,0x000000079cb78020,0x000000079cb80000)
  to   space 175616K, 0% used [0x00000007a3700000,0x00000007a3700000,0x00000007ae280000)
 ParOldGen       total 479232K, used 197242K [0x00000006c1200000, 0x00000006de600000, 0x000000076b100000)
  object space 479232K, 41% used [0x00000006c1200000,0x00000006cd29e828,0x00000006de600000)
 Metaspace       used 62545K, capacity 74088K, committed 74240K, reserved 1114112K
  class space    used 7079K, capacity 9886K, committed 9984K, reserved 1048576K

Card table byte_map: [0x00000000123a0000,0x0000000012ba0000] byte_map_base: 0x000000000ed97000

Marking Bits: (ParMarkBitMap*) 0x000000006bbaf030
 Begin Bits: [0x00000000134f0000, 0x00000000174a8000)
 End Bits:   [0x00000000174a8000, 0x000000001b460000)

Polling page: 0x0000000000bf0000

CodeCache: size=245760Kb used=80277Kb max_used=81238Kb free=165482Kb
 bounds [0x0000000002fe0000, 0x0000000007fa0000, 0x0000000011fe0000]
 total_blobs=11674 nmethods=10196 adapters=1388
 compilation: enabled

Compilation events (10 events):
Event: 19.299 Thread 0x000000001c644000 nmethod 13432 0x0000000004c87350 code [0x0000000004c874c0, 0x0000000004c87688]
Event: 19.299 Thread 0x000000001c644000 13431       3       sun.reflect.ClassFileAssembler::opc_sipush (16 bytes)
Event: 19.299 Thread 0x000000001c644000 nmethod 13431 0x00000000058f7250 code [0x00000000058f7420, 0x00000000058f79c8]
Event: 19.308 Thread 0x000000001dcd3800 13435       4       androidx.appcompat.widget.TintTypedArray::obtainStyledAttributes (9 bytes)
Event: 19.316 Thread 0x000000001c640800 13436       4       androidx.appcompat.widget.TintTypedArray::recycle (7 bytes)
Event: 19.318 Thread 0x000000001c644000 13437       3       android.view.DisplayAdjustments::$$robo$$android_view_DisplayAdjustments$__constructor__ (44 bytes)
Event: 19.320 Thread 0x000000001c644000 nmethod 13437 0x00000000061a49d0 code [0x00000000061a5020, 0x00000000061a9708]
Event: 19.321 Thread 0x000000001c640800 nmethod 13436 0x0000000005bb4050 code [0x0000000005bb41a0, 0x0000000005bb4658]
Event: 19.322 Thread 0x000000001c640800 13438       4       android.text.method.ReplacementTransformationMethod$ReplacementCharSequence::getChars (12 bytes)
Event: 19.323 Thread 0x000000001c640800 nmethod 13438 0x0000000005bb3b90 code [0x0000000005bb3ce0, 0x0000000005bb3de8]

GC Heap History (10 events):
Event: 15.780 GC heap before
{Heap before GC invocations=25 (full 4):
 PSYoungGen      total 608768K, used 608768K [0x000000076b100000, 0x0000000797880000, 0x00000007c0000000)
  eden space 535040K, 100% used [0x000000076b100000,0x000000078bb80000,0x000000078bb80000)
  from space 73728K, 100% used [0x0000000791100000,0x0000000795900000,0x0000000795900000)
  to   space 87552K, 0% used [0x000000078bb80000,0x000000078bb80000,0x0000000791100000)
 ParOldGen       total 479232K, used 157888K [0x00000006c1200000, 0x00000006de600000, 0x000000076b100000)
  object space 479232K, 32% used [0x00000006c1200000,0x00000006cac300e8,0x00000006de600000)
 Metaspace       used 61903K, capacity 73230K, committed 73472K, reserved 1112064K
  class space    used 7054K, capacity 9865K, committed 9984K, reserved 1048576K
Event: 15.806 GC heap after
Heap after GC invocations=25 (full 4):
 PSYoungGen      total 622592K, used 87552K [0x000000076b100000, 0x000000079cb80000, 0x00000007c0000000)
  eden space 535040K, 0% used [0x000000076b100000,0x000000076b100000,0x000000078bb80000)
  from space 87552K, 100% used [0x000000078bb80000,0x0000000791100000,0x0000000791100000)
  to   space 104960K, 0% used [0x0000000796500000,0x0000000796500000,0x000000079cb80000)
 ParOldGen       total 479232K, used 167825K [0x00000006c1200000, 0x00000006de600000, 0x000000076b100000)
  object space 479232K, 35% used [0x00000006c1200000,0x00000006cb5e4510,0x00000006de600000)
 Metaspace       used 61903K, capacity 73230K, committed 73472K, reserved 1112064K
  class space    used 7054K, capacity 9865K, committed 9984K, reserved 1048576K
}
Event: 16.624 GC heap before
{Heap before GC invocations=26 (full 4):
 PSYoungGen      total 622592K, used 622592K [0x000000076b100000, 0x000000079cb80000, 0x00000007c0000000)
  eden space 535040K, 100% used [0x000000076b100000,0x000000078bb80000,0x000000078bb80000)
  from space 87552K, 100% used [0x000000078bb80000,0x0000000791100000,0x0000000791100000)
  to   space 104960K, 0% used [0x0000000796500000,0x0000000796500000,0x000000079cb80000)
 ParOldGen       total 479232K, used 167825K [0x00000006c1200000, 0x00000006de600000, 0x000000076b100000)
  object space 479232K, 35% used [0x00000006c1200000,0x00000006cb5e4510,0x00000006de600000)
 Metaspace       used 62054K, capacity 73426K, committed 73728K, reserved 1114112K
  class space    used 7060K, capacity 9869K, committed 9984K, reserved 1048576K
Event: 16.675 GC heap after
Heap after GC invocations=26 (full 4):
 PSYoungGen      total 699392K, used 83808K [0x000000076b100000, 0x000000079e980000, 0x00000007c0000000)
  eden space 594432K, 0% used [0x000000076b100000,0x000000076b100000,0x000000078f580000)
  from space 104960K, 79% used [0x0000000796500000,0x000000079b6d8000,0x000000079cb80000)
  to   space 114176K, 0% used [0x000000078f580000,0x000000078f580000,0x0000000796500000)
 ParOldGen       total 479232K, used 193242K [0x00000006c1200000, 0x00000006de600000, 0x000000076b100000)
  object space 479232K, 40% used [0x00000006c1200000,0x00000006cceb6bb8,0x00000006de600000)
 Metaspace       used 62054K, capacity 73426K, committed 73728K, reserved 1114112K
  class space    used 7060K, capacity 9869K, committed 9984K, reserved 1048576K
}
Event: 17.488 GC heap before
{Heap before GC invocations=27 (full 4):
 PSYoungGen      total 699392K, used 678240K [0x000000076b100000, 0x000000079e980000, 0x00000007c0000000)
  eden space 594432K, 100% used [0x000000076b100000,0x000000078f580000,0x000000078f580000)
  from space 104960K, 79% used [0x0000000796500000,0x000000079b6d8000,0x000000079cb80000)
  to   space 114176K, 0% used [0x000000078f580000,0x000000078f580000,0x0000000796500000)
 ParOldGen       total 479232K, used 193242K [0x00000006c1200000, 0x00000006de600000, 0x000000076b100000)
  object space 479232K, 40% used [0x00000006c1200000,0x00000006cceb6bb8,0x00000006de600000)
 Metaspace       used 62195K, capacity 73626K, committed 73984K, reserved 1114112K
  class space    used 7064K, capacity 9873K, committed 9984K, reserved 1048576K
Event: 17.516 GC heap after
Heap after GC invocations=27 (full 4):
 PSYoungGen      total 708608K, used 106336K [0x000000076b100000, 0x00000007a4a00000, 0x00000007c0000000)
  eden space 594432K, 0% used [0x000000076b100000,0x000000076b100000,0x000000078f580000)
  from space 114176K, 93% used [0x000000078f580000,0x0000000795d58000,0x0000000796500000)
  to   space 129536K, 0% used [0x000000079cb80000,0x000000079cb80000,0x00000007a4a00000)
 ParOldGen       total 479232K, used 193250K [0x00000006c1200000, 0x00000006de600000, 0x000000076b100000)
  object space 479232K, 40% used [0x00000006c1200000,0x00000006cceb8bb8,0x00000006de600000)
 Metaspace       used 62195K, capacity 73626K, committed 73984K, reserved 1114112K
  class space    used 7064K, capacity 9873K, committed 9984K, reserved 1048576K
}
Event: 18.232 GC heap before
{Heap before GC invocations=28 (full 4):
 PSYoungGen      total 708608K, used 700768K [0x000000076b100000, 0x00000007a4a00000, 0x00000007c0000000)
  eden space 594432K, 100% used [0x000000076b100000,0x000000078f580000,0x000000078f580000)
  from space 114176K, 93% used [0x000000078f580000,0x0000000795d58000,0x0000000796500000)
  to   space 129536K, 0% used [0x000000079cb80000,0x000000079cb80000,0x00000007a4a00000)
 ParOldGen       total 479232K, used 193250K [0x00000006c1200000, 0x00000006de600000, 0x000000076b100000)
  object space 479232K, 40% used [0x00000006c1200000,0x00000006cceb8bb8,0x00000006de600000)
 Metaspace       used 62306K, capacity 73798K, committed 73984K, reserved 1114112K
  class space    used 7069K, capacity 9877K, committed 9984K, reserved 1048576K
Event: 18.276 GC heap after
Heap after GC invocations=28 (full 4):
 PSYoungGen      total 793088K, used 128960K [0x000000076b100000, 0x00000007a7a80000, 0x00000007c0000000)
  eden space 663552K, 0% used [0x000000076b100000,0x000000076b100000,0x0000000793900000)
  from space 129536K, 99% used [0x000000079cb80000,0x00000007a4970000,0x00000007a4a00000)
  to   space 150016K, 0% used [0x0000000793900000,0x0000000793900000,0x000000079cb80000)
 ParOldGen       total 479232K, used 193250K [0x00000006c1200000, 0x00000006de600000, 0x000000076b100000)
  object space 479232K, 40% used [0x00000006c1200000,0x00000006cceb8bb8,0x00000006de600000)
 Metaspace       used 62306K, capacity 73798K, committed 73984K, reserved 1114112K
  class space    used 7069K, capacity 9877K, committed 9984K, reserved 1048576K
}
Event: 19.070 GC heap before
{Heap before GC invocations=29 (full 4):
 PSYoungGen      total 793088K, used 792512K [0x000000076b100000, 0x00000007a7a80000, 0x00000007c0000000)
  eden space 663552K, 100% used [0x000000076b100000,0x0000000793900000,0x0000000793900000)
  from space 129536K, 99% used [0x000000079cb80000,0x00000007a4970000,0x00000007a4a00000)
  to   space 150016K, 0% used [0x0000000793900000,0x0000000793900000,0x000000079cb80000)
 ParOldGen       total 479232K, used 193250K [0x00000006c1200000, 0x00000006de600000, 0x000000076b100000)
  object space 479232K, 40% used [0x00000006c1200000,0x00000006cceb8bb8,0x00000006de600000)
 Metaspace       used 62464K, capacity 73972K, committed 74240K, reserved 1114112K
  class space    used 7074K, capacity 9882K, committed 9984K, reserved 1048576K
Event: 19.110 GC heap after
Heap after GC invocations=29 (full 4):
 PSYoungGen      total 813568K, used 149984K [0x000000076b100000, 0x00000007ae280000, 0x00000007c0000000)
  eden space 663552K, 0% used [0x000000076b100000,0x000000076b100000,0x0000000793900000)
  from space 150016K, 99% used [0x0000000793900000,0x000000079cb78020,0x000000079cb80000)
  to   space 175616K, 0% used [0x00000007a3700000,0x00000007a3700000,0x00000007ae280000)
 ParOldGen       total 479232K, used 197242K [0x00000006c1200000, 0x00000006de600000, 0x000000076b100000)
  object space 479232K, 41% used [0x00000006c1200000,0x00000006cd29e828,0x00000006de600000)
 Metaspace       used 62464K, capacity 73972K, committed 74240K, reserved 1114112K
  class space    used 7074K, capacity 9882K, committed 9984K, reserved 1048576K
}

Deoptimization events (10 events):
Event: 12.167 Thread 0x000000001f7d3800 Uncommon trap: reason=unstable_if action=reinterpret pc=0x00000000041ecdc0 method=android.text.StaticLayout.$$robo$$android_text_StaticLayout$out(Ljava/lang/CharSequence;IIIIIIIFF[Landroid/text/style/LineHeightSpan;[ILandroid/graphics/Paint$FontMetricsInt
Event: 12.211 Thread 0x000000001f7d3800 Uncommon trap: reason=unstable_if action=reinterpret pc=0x000000000684be68 method=android.text.SpannableStringBuilder.$$robo$$android_text_SpannableStringBuilder$nextSpanTransitionRec(IILjava/lang/Class;I)I @ 83
Event: 12.444 Thread 0x000000001f7d3800 Uncommon trap: reason=bimorphic action=maybe_recompile pc=0x0000000004e3c7e4 method=org.robolectric.shadows.ShadowView.getAttachInfo()Ljava/lang/Object; @ 12
Event: 12.448 Thread 0x000000001f7d3800 Uncommon trap: reason=bimorphic action=maybe_recompile pc=0x0000000004e3c7e4 method=org.robolectric.shadows.ShadowView.getAttachInfo()Ljava/lang/Object; @ 12
Event: 12.448 Thread 0x000000001f7d3800 Uncommon trap: reason=bimorphic action=maybe_recompile pc=0x0000000004e3c7e4 method=org.robolectric.shadows.ShadowView.getAttachInfo()Ljava/lang/Object; @ 12
Event: 12.450 Thread 0x000000001f7d3800 Uncommon trap: reason=bimorphic action=maybe_recompile pc=0x0000000004e3c7e4 method=org.robolectric.shadows.ShadowView.getAttachInfo()Ljava/lang/Object; @ 12
Event: 13.107 Thread 0x000000001f7d3800 Uncommon trap: reason=speculate_class_check action=maybe_recompile pc=0x000000000372f70c method=java.lang.invoke.LambdaForm$MH/305623748.delegate(Ljava/lang/Object;Ljava/lang/Object;Ljava/lang/Object;Ljava/lang/Object;)Ljava/lang/Object; @ 1
Event: 13.786 Thread 0x000000001f7d3800 Uncommon trap: reason=unstable_if action=reinterpret pc=0x0000000004632f8c method=android.os.MessageQueue.$$robo$$android_os_MessageQueue$removeMessages(Landroid/os/Handler;ILjava/lang/Object;)V @ 27
Event: 14.028 Thread 0x000000001f7d3800 Uncommon trap: reason=unstable_if action=reinterpret pc=0x00000000077802d4 method=java.nio.Buffer.hasRemaining()Z @ 8
Event: 14.245 Thread 0x000000001f7d3800 Uncommon trap: reason=unstable_if action=reinterpret pc=0x000000000466b224 method=java.util.regex.Pattern$BnM.match(Ljava/util/regex/Matcher;ILjava/lang/CharSequence;)Z @ 56

Classes redefined (0 events):
No events

Internal exceptions (10 events):
Event: 11.095 Thread 0x000000001f7d3800 Implicit null exception at 0x000000000454f39a to 0x000000000454fb29
Event: 11.095 Thread 0x000000001f7d3800 Implicit null exception at 0x000000000391bc2c to 0x000000000391bee9
Event: 11.112 Thread 0x000000001f7d3800 Implicit null exception at 0x000000000641e02b to 0x000000000641ff5d
Event: 11.359 Thread 0x000000001f7d3800 Exception <a 'sun/nio/fs/WindowsException'> (0x0000000777f29960) thrown at [C:\src\AOSP-openjdk-git\hotspot\src\share\vm\prims\jni.cpp, line 710]
Event: 11.804 Thread 0x000000001f7d3800 Exception <a 'java/lang/reflect/InvocationTargetException'> (0x00000007721c52b8) thrown at [C:\src\AOSP-openjdk-git\hotspot\src\share\vm\runtime\reflection.cpp, line 1092]
Event: 11.823 Thread 0x000000001f7d3800 Exception <a 'sun/nio/fs/WindowsException'> (0x0000000772acd8f8) thrown at [C:\src\AOSP-openjdk-git\hotspot\src\share\vm\prims\jni.cpp, line 710]
Event: 11.929 Thread 0x000000001f7d3800 Exception <a 'sun/nio/fs/WindowsException'> (0x0000000775c233a8) thrown at [C:\src\AOSP-openjdk-git\hotspot\src\share\vm\prims\jni.cpp, line 710]
Event: 12.028 Thread 0x000000001f7d3800 Exception <a 'sun/nio/fs/WindowsException'> (0x0000000778d39738) thrown at [C:\src\AOSP-openjdk-git\hotspot\src\share\vm\prims\jni.cpp, line 710]
Event: 12.456 Thread 0x000000001c5f2800 Exception <a 'java/lang/NullPointerException'> (0x000000076b9c6b90) thrown at [C:\src\AOSP-openjdk-git\hotspot\src\share\vm\interpreter\linkResolver.cpp, line 1287]
Event: 12.457 Thread 0x000000001c5f2800 Exception <a 'java/lang/NullPointerException'> (0x000000076b9c8c28) thrown at [C:\src\AOSP-openjdk-git\hotspot\src\share\vm\interpreter\linkResolver.cpp, line 1287]

Events (10 events):
Event: 19.160 Thread 0x000000001c644000 flushing nmethod 0x0000000005dc6050
Event: 19.160 Thread 0x000000001c644000 flushing nmethod 0x0000000005dcc790
Event: 19.160 Thread 0x000000001c644000 flushing nmethod 0x0000000005e6cc90
Event: 19.160 Thread 0x000000001c644000 flushing nmethod 0x0000000005e8c810
Event: 19.160 Thread 0x000000001c644000 flushing nmethod 0x0000000005ecd950
Event: 19.160 Thread 0x000000001c644000 flushing nmethod 0x0000000005f19150
Event: 19.160 Thread 0x000000001c644000 flushing nmethod 0x0000000005f34c10
Event: 19.160 Thread 0x000000001c644000 flushing nmethod 0x00000000061a0f50
Event: 19.161 Thread 0x000000001c644000 flushing nmethod 0x0000000006382ed0
Event: 19.178 Thread 0x000000001c640800 flushing nmethod 0x000000000733a0d0


Dynamic libraries:
0x00007ff6e6d70000 - 0x00007ff6e6da1000 	C:\Program Files\Android\Android Studio\jre\bin\java.exe
0x00007ff934ec0000 - 0x00007ff9350b0000 	C:\WINDOWS\SYSTEM32\ntdll.dll
0x00007ff933a40000 - 0x00007ff933af2000 	C:\WINDOWS\System32\KERNEL32.DLL
0x00007ff9328d0000 - 0x00007ff932b75000 	C:\WINDOWS\System32\KERNELBASE.dll
0x00007ff934dd0000 - 0x00007ff934e73000 	C:\WINDOWS\System32\ADVAPI32.dll
0x00007ff933860000 - 0x00007ff9338fe000 	C:\WINDOWS\System32\msvcrt.dll
0x00007ff9334d0000 - 0x00007ff933567000 	C:\WINDOWS\System32\sechost.dll
0x00007ff9342d0000 - 0x00007ff9343f0000 	C:\WINDOWS\System32\RPCRT4.dll
0x00007ff933330000 - 0x00007ff9334c4000 	C:\WINDOWS\System32\USER32.dll
0x00007ff931e50000 - 0x00007ff931e71000 	C:\WINDOWS\System32\win32u.dll
0x00007ff933b00000 - 0x00007ff933b26000 	C:\WINDOWS\System32\GDI32.dll
0x00007ff932c20000 - 0x00007ff932db6000 	C:\WINDOWS\System32\gdi32full.dll
0x00007ff932b80000 - 0x00007ff932c1e000 	C:\WINDOWS\System32\msvcp_win.dll
0x00007ff932dc0000 - 0x00007ff932eba000 	C:\WINDOWS\System32\ucrtbase.dll
0x00007ff920590000 - 0x00007ff920814000 	C:\WINDOWS\WinSxS\amd64_microsoft.windows.common-controls_6595b64144ccf1df_6.0.18362.1139_none_9e7bf2d3e4605ac6\COMCTL32.dll
0x00007ff934550000 - 0x00007ff934885000 	C:\WINDOWS\System32\combase.dll
0x00007ff932ec0000 - 0x00007ff932f40000 	C:\WINDOWS\System32\bcryptPrimitives.dll
0x00007ff933b40000 - 0x00007ff933b6e000 	C:\WINDOWS\System32\IMM32.DLL
0x000000006b300000 - 0x000000006b3d2000 	C:\Program Files\Android\Android Studio\jre\jre\bin\msvcr100.dll
0x000000006b3e0000 - 0x000000006bc2b000 	C:\Program Files\Android\Android Studio\jre\jre\bin\server\jvm.dll
0x00007ff933b30000 - 0x00007ff933b38000 	C:\WINDOWS\System32\PSAPI.DLL
0x00007ff91cbb0000 - 0x00007ff91cbb9000 	C:\WINDOWS\SYSTEM32\WSOCK32.dll
0x00007ff9348f0000 - 0x00007ff93495f000 	C:\WINDOWS\System32\WS2_32.dll
0x00007ff92fe00000 - 0x00007ff92fe24000 	C:\WINDOWS\SYSTEM32\WINMM.dll
0x00007ff92ba30000 - 0x00007ff92ba3a000 	C:\WINDOWS\SYSTEM32\VERSION.dll
0x00007ff92fcd0000 - 0x00007ff92fcfd000 	C:\WINDOWS\SYSTEM32\WINMMBASE.dll
0x00007ff9327d0000 - 0x00007ff93281a000 	C:\WINDOWS\System32\cfgmgr32.dll
0x00007ff92e580000 - 0x00007ff92e58f000 	C:\Program Files\Android\Android Studio\jre\jre\bin\verify.dll
0x00007ff91f6e0000 - 0x00007ff91f709000 	C:\Program Files\Android\Android Studio\jre\jre\bin\java.dll
0x00007ff922450000 - 0x00007ff922473000 	C:\Program Files\Android\Android Studio\jre\jre\bin\instrument.dll
0x00007ff923360000 - 0x00007ff923376000 	C:\Program Files\Android\Android Studio\jre\jre\bin\zip.dll
0x00007ff933bd0000 - 0x00007ff9342b7000 	C:\WINDOWS\System32\SHELL32.dll
0x00007ff9330c0000 - 0x00007ff933169000 	C:\WINDOWS\System32\shcore.dll
0x00007ff931ee0000 - 0x00007ff932660000 	C:\WINDOWS\System32\windows.storage.dll
0x00007ff931e20000 - 0x00007ff931e43000 	C:\WINDOWS\System32\profapi.dll
0x00007ff931d90000 - 0x00007ff931dda000 	C:\WINDOWS\System32\powrprof.dll
0x00007ff931d80000 - 0x00007ff931d90000 	C:\WINDOWS\System32\UMPDC.dll
0x00007ff932f70000 - 0x00007ff932fc2000 	C:\WINDOWS\System32\shlwapi.dll
0x00007ff931de0000 - 0x00007ff931df1000 	C:\WINDOWS\System32\kernel.appcore.dll
0x00007ff932660000 - 0x00007ff932677000 	C:\WINDOWS\System32\cryptsp.dll
0x00007ff914530000 - 0x00007ff91454a000 	C:\Program Files\Android\Android Studio\bin\breakgen64.dll
0x00007ff9223e0000 - 0x00007ff9223fa000 	C:\Program Files\Android\Android Studio\jre\jre\bin\net.dll
0x00007ff931570000 - 0x00007ff9315d7000 	C:\WINDOWS\system32\mswsock.dll
0x00007ff91fd00000 - 0x00007ff91fd13000 	C:\Program Files\Android\Android Studio\jre\jre\bin\nio.dll
0x00007ff9310e0000 - 0x00007ff931113000 	C:\WINDOWS\system32\rsaenh.dll
0x00007ff932f40000 - 0x00007ff932f66000 	C:\WINDOWS\System32\bcrypt.dll
0x00007ff931ca0000 - 0x00007ff931cc5000 	C:\WINDOWS\SYSTEM32\USERENV.dll
0x00007ff931740000 - 0x00007ff93174c000 	C:\WINDOWS\SYSTEM32\CRYPTBASE.dll
0x00007ff931280000 - 0x00007ff9312ba000 	C:\WINDOWS\SYSTEM32\IPHLPAPI.DLL
0x00007ff9342c0000 - 0x00007ff9342c8000 	C:\WINDOWS\System32\NSI.dll
0x00007ff92ae40000 - 0x00007ff92ae56000 	C:\WINDOWS\SYSTEM32\dhcpcsvc6.DLL
0x00007ff92b8e0000 - 0x00007ff92b8fc000 	C:\WINDOWS\SYSTEM32\dhcpcsvc.DLL
0x00007ff9312c0000 - 0x00007ff93138b000 	C:\WINDOWS\SYSTEM32\DNSAPI.dll
0x00007ff91d0f0000 - 0x00007ff91d114000 	C:\Program Files\Android\Android Studio\jre\jre\bin\sunec.dll
0x00007ff9224a0000 - 0x00007ff9224ab000 	C:\Program Files\Android\Android Studio\jre\jre\bin\sunmscapi.dll
0x00007ff932680000 - 0x00007ff9327c9000 	C:\WINDOWS\System32\CRYPT32.dll
0x00007ff931e00000 - 0x00007ff931e12000 	C:\WINDOWS\System32\MSASN1.dll
0x00007ff91c770000 - 0x00007ff91c964000 	C:\WINDOWS\SYSTEM32\dbghelp.dll

VM Arguments:
jvm_args: -ea -Didea.test.cyclic.buffer.size=1048576 -javaagent:C:\Program Files\Android\Android Studio\lib\idea_rt.jar=52917:C:\Program Files\Android\Android Studio\bin -Dfile.encoding=UTF-8 
java_command: com.intellij.rt.junit.JUnitStarter -ideVersion5 -junit4 com.example.titancalculator.MainActivityTest
java_class_path (initial): C:\Program Files\Android\Android Studio\lib\idea_rt.jar;C:\Program Files\Android\Android Studio\plugins\junit\lib\junit5-rt.jar;C:\Program Files\Android\Android Studio\plugins\junit\lib\junit-rt.jar;C:\Users\johan\AppData\Local\Android\Sdk\platforms\android-28\data\res;C:\Users\johan\GitHub\Emerald-Calculator\app\build\intermediates\javac\debugUnitTest\classes;C:\Users\johan\GitHub\Emerald-Calculator\app\build\intermediates\javac\debug\classes;C:\Users\johan\GitHub\Emerald-Calculator\app\build\intermediates\unit_test_config_directory\debugUnitTest\out;C:\Users\johan\GitHub\Emerald-Calculator\app\build\intermediates\compile_and_runtime_not_namespaced_r_class_jar\debug\R.jar;C:\Users\johan\GitHub\Emerald-Calculator\app\build\intermediates\compile_and_runtime_not_namespaced_r_class_jar\debugAndroidTest\R.jar;C:\Users\johan\.gradle\caches\modules-2\files-2.1\junit\junit\4.12\2973d150c0dc1fefe998f834810d68f278ea58ec\junit-4.12.jar;C:\Users\johan\.gradle\caches\modules-2\files-2.1\org.hamcrest\hamcrest-library\1.3\4785a3c21320980282f9f33d0d1264a69040538f\hamcrest-library-1.3.jar;C:\Users\johan\.gradle\caches\modules-2\files-2.1\org.hamcrest\hamcrest-core\1.3\42a25dc3219429f0e5d060061f71acb49bf010a0\hamcrest-core-1.3.jar;C:\Users\johan\.gradle\caches\modules-2\files-2.1\javax.inject\javax.inject\1\6975da39a7040257bd51d21a231b76c915872d38\javax.inject-1.jar;C:\Users\johan\.gradle\caches\modules-2\files-2.1\org.robolectric\robolectric\4.5-alpha-2\5006283a227b26859c3ab119ce81b2a91066f54f\robolectric-4.5-alpha-2.jar;C:\Users\johan\.gradle\caches\modules-2\files-2.1\org.robolectric\shadows-framework\4.5-alpha-2\61081cc6fe429a92a940e8d48203cca9263a310f\shadows-framework-4.5-alpha-2.jar;C:\Users\johan\.gradle\caches\modules-2\files-2.1\org.robolectric\resources\4.5-alpha-2\8999ddcc2f21c027c410f67227408ff18c46feb7\resources-4.5-alpha-2.jar;C:\Users\johan\.gradle\caches\modules-2\files-2.1\org.robolectric\junit\4.5-alpha-2\6c39d01b3a8ef6da77a643cd4ac274
Launcher Type: SUN_STANDARD

Environment Variables:
PATH=C:\Program Files (x86)\Common Files\Oracle\Java\javapath;C:\WINDOWS\system32;C:\WINDOWS;C:\WINDOWS\System32\Wbem;C:\WINDOWS\System32\WindowsPowerShell\v1.0\;C:\WINDOWS\System32\OpenSSH\;C:\Program Files\Git\cmd;C:\Program Files (x86)\Calibre2\;C:\Users\johan\AppData\Local\Microsoft\WindowsApps;C:\Users\johan\AppData\Local\GitHubDesktop\bin;C:\Program Files\JetBrains\IntelliJ IDEA Community Edition 2020.2.3\bin;
USERNAME=johan
OS=Windows_NT
PROCESSOR_IDENTIFIER=Intel64 Family 6 Model 158 Stepping 11, GenuineIntel



---------------  S Y S T E M  ---------------

OS: Windows 10.0 , 64 bit Build 18362 (10.0.18362.1110)

CPU:total 4 (initial active 4) (4 cores per cpu, 1 threads per core) family 6 model 158 stepping 11, cmov, cx8, fxsr, mmx, sse, sse2, sse3, ssse3, sse4.1, sse4.2, popcnt, avx, avx2, aes, clmul, erms, 3dnowpref, lzcnt, tsc, tscinvbit, bmi1, bmi2, adx

Memory: 4k page, physical 16696028k(3798236k free), swap 19186396k(2850284k free)

vm_info: OpenJDK 64-Bit Server VM (25.242-b01) for windows-amd64 JRE (1.8.0_242-release-1644-b01), built by "builder" with MS VC++ 10.0 (VS2010)

time: Thu Nov 05 15:57:24 2020
timezone: Mitteleuropäische Zeit
elapsed time: 19 seconds (0d 0h 0m 19s)

