#
# A fatal error has been detected by the Java Runtime Environment:
#
#  EXCEPTION_ACCESS_VIOLATION (0xc0000005) at pc=0x00000000557b8180, pid=5528, tid=0x0000000000000b54
#
# JRE version: OpenJDK Runtime Environment (8.0_242-b01) (build 1.8.0_242-release-1644-b01)
# Java VM: OpenJDK 64-Bit Server VM (25.242-b01 mixed mode windows-amd64 compressed oops)
# Problematic frame:
# V  [jvm.dll+0x4c8180]
#
# Failed to write core dump. Minidumps are not enabled by default on client versions of Windows
#
# If you would like to submit a bug report, please visit:
#   
#

---------------  T H R E A D  ---------------

Current thread (0x000000001c9d1800):  JavaThread "C2 CompilerThread1" daemon [_thread_in_native, id=2900, stack(0x000000001e610000,0x000000001e710000)]

siginfo: ExceptionCode=0xc0000005, reading address 0x000000000000002c

Registers:
RAX=0x0000000022a5d6d0, RBX=0x000000002927e1a0, RCX=0x0000000000000000, RDX=0x0000000000000131
RSP=0x000000001e709218, RBP=0x000000002c1c0e50, RSI=0x0000000000000000, RDI=0x0000000023be4cc0
R8 =0x000000001c9d4e48, R9 =0x0000000000000002, R10=0x000000001c9b3670, R11=0x000000001e709170
R12=0x0000000000000001, R13=0x000000002bc2b740, R14=0x000000001e709360, R15=0x000000001e7093f0
RIP=0x00000000557b8180, EFLAGS=0x0000000000010202

Top of Stack: (sp=0x000000001e709218)
0x000000001e709218:   000000005571a2ea 000000002927e1a0
0x000000001e709228:   000000002c1c0e50 0000000021389960
0x000000001e709238:   0000000055719d2e 000000001e7092b0
0x000000001e709248:   000000001e7092b0 0000000021389960
0x000000001e709258:   0000000000000000 000000001e7092e0
0x000000001e709268:   000000005571ac42 000000002c1c0e50
0x000000001e709278:   0000000000000024 0000000026310160
0x000000001e709288:   000000002927e1a0 0000000026310160
0x000000001e709298:   000000001e7093f0 000000001e7092b0
0x000000001e7092a8:   000000001e709360 0000000000000000
0x000000001e7092b8:   0000000000000000 0000000000000000
0x000000001e7092c8:   0000000000000000 0000000000000000
0x000000001e7092d8:   0000000000000000 00000000fffffffc
0x000000001e7092e8:   00000000000000b7 0000000000000000
0x000000001e7092f8:   000000001e70ec30 000000001e709410
0x000000001e709308:   000000005573f3be 000000002c1c0e50 

Instructions: (pc=0x00000000557b8180)
0x00000000557b8160:   40 f8 75 ec 41 ff 4a 18 49 8b 42 08 41 8b 4a 18
0x00000000557b8170:   48 8b 5c 24 08 48 c7 04 c8 00 00 00 00 c3 cc cc
0x00000000557b8180:   0f b7 51 2c 0f b6 c2 24 1f 3c 14 74 08 80 e2 3f
0x00000000557b8190:   80 fa 24 75 28 83 79 18 02 75 22 0f b7 51 2c 0f 


Register to memory mapping:

RAX=0x0000000022a5d6d0 is an unknown value
RBX=0x000000002927e1a0 is an unknown value
RCX=0x0000000000000000 is an unknown value
RDX=0x0000000000000131 is an unknown value
RSP=0x000000001e709218 is pointing into the stack for thread: 0x000000001c9d1800
RBP=0x000000002c1c0e50 is an unknown value
RSI=0x0000000000000000 is an unknown value
RDI=0x0000000023be4cc0 is an unknown value
R8 =0x000000001c9d4e48 is an unknown value
R9 =0x0000000000000002 is an unknown value
R10=0x000000001c9b3670 is an unknown value
R11=0x000000001e709170 is pointing into the stack for thread: 0x000000001c9d1800
R12=0x0000000000000001 is an unknown value
R13=0x000000002bc2b740 is an unknown value
R14=0x000000001e709360 is pointing into the stack for thread: 0x000000001c9d1800
R15=0x000000001e7093f0 is pointing into the stack for thread: 0x000000001c9d1800


Stack: [0x000000001e610000,0x000000001e710000],  sp=0x000000001e709218,  free space=996k
Native frames: (J=compiled Java code, j=interpreted, Vv=VM code, C=native code)
V  [jvm.dll+0x4c8180]


Current CompileTask:
C2:  18559 13722       4       androidx.appcompat.widget.TintTypedArray::obtainStyledAttributes (9 bytes)


---------------  P R O C E S S  ---------------

Java Threads: ( => current thread )
  0x0000000022ca6800 JavaThread "magnifier pixel copy result handler" [_thread_blocked, id=5464, stack(0x0000000022f50000,0x0000000023050000)]
  0x000000001f704800 JavaThread "SDK 28 Main Thread" [_thread_in_Java, id=7488, stack(0x0000000020550000,0x0000000020650000)]
  0x000000001e0dc000 JavaThread "Service Thread" daemon [_thread_blocked, id=1216, stack(0x000000001e810000,0x000000001e910000)]
  0x000000001c9d2800 JavaThread "C1 CompilerThread2" daemon [_thread_in_vm, id=6424, stack(0x000000001e710000,0x000000001e810000)]
=>0x000000001c9d1800 JavaThread "C2 CompilerThread1" daemon [_thread_in_native, id=2900, stack(0x000000001e610000,0x000000001e710000)]
  0x000000001e053800 JavaThread "C2 CompilerThread0" daemon [_thread_blocked, id=10504, stack(0x000000001e510000,0x000000001e610000)]
  0x000000001c9d4800 JavaThread "Monitor Ctrl-Break" daemon [_thread_in_native, id=10720, stack(0x000000001e410000,0x000000001e510000)]
  0x000000001c9a4800 JavaThread "Attach Listener" daemon [_thread_blocked, id=7268, stack(0x000000001df10000,0x000000001e010000)]
  0x000000001c9a3800 JavaThread "Signal Dispatcher" daemon [_thread_blocked, id=4556, stack(0x000000001de10000,0x000000001df10000)]
  0x000000001c982800 JavaThread "Finalizer" daemon [_thread_blocked, id=5240, stack(0x000000001dbe0000,0x000000001dce0000)]
  0x000000001c979800 JavaThread "Reference Handler" daemon [_thread_blocked, id=8084, stack(0x000000001dae0000,0x000000001dbe0000)]
  0x00000000030da000 JavaThread "main" [_thread_blocked, id=8800, stack(0x0000000002fd0000,0x00000000030d0000)]

Other Threads:
  0x000000001c956000 VMThread [stack: 0x000000001d9e0000,0x000000001dae0000] [id=10868]
  0x000000001e0dd800 WatcherThread [stack: 0x000000001e910000,0x000000001ea10000] [id=9588]

VM state:not at safepoint (normal execution)

VM Mutex/Monitor currently owned by a thread: None

heap address: 0x00000006c1200000, size: 4078 MB, Compressed Oops mode: Zero based, Oop shift amount: 3
Narrow klass base: 0x0000000000000000, Narrow klass shift: 3
Compressed class space size: 1073741824 Address: 0x00000007c0000000

Heap:
 PSYoungGen      total 1086976K, used 240082K [0x000000076b100000, 0x00000007bac80000, 0x00000007c0000000)
  eden space 867840K, 13% used [0x000000076b100000,0x0000000772694a40,0x00000007a0080000)
  from space 219136K, 54% used [0x00000007ad680000,0x00000007b4b60020,0x00000007bac80000)
  to   space 219136K, 0% used [0x00000007a0080000,0x00000007a0080000,0x00000007ad680000)
 ParOldGen       total 411136K, used 117068K [0x00000006c1200000, 0x00000006da380000, 0x000000076b100000)
  object space 411136K, 28% used [0x00000006c1200000,0x00000006c8453238,0x00000006da380000)
 Metaspace       used 66828K, capacity 80305K, committed 80384K, reserved 1118208K
  class space    used 7362K, capacity 10728K, committed 10752K, reserved 1048576K

Card table byte_map: [0x00000000126e0000,0x0000000012ee0000] byte_map_base: 0x000000000f0d7000

Marking Bits: (ParMarkBitMap*) 0x0000000055abf030
 Begin Bits: [0x0000000013830000, 0x00000000177e8000)
 End Bits:   [0x00000000177e8000, 0x000000001b7a0000)

Polling page: 0x0000000002e20000

CodeCache: size=245760Kb used=79519Kb max_used=82738Kb free=166241Kb
 bounds [0x0000000003320000, 0x0000000008430000, 0x0000000012320000]
 total_blobs=11868 nmethods=10377 adapters=1399
 compilation: enabled

Compilation events (10 events):
Event: 18.539 Thread 0x000000001c9d2800 13721       3       sun.reflect.NativeConstructorAccessorImpl::newInstance (89 bytes)
Event: 18.539 Thread 0x000000001c9d2800 nmethod 13721 0x000000000495f6d0 code [0x000000000495f940, 0x0000000004960cb8]
Event: 18.539 Thread 0x000000001c9d2800 13719       3       java.util.concurrent.CopyOnWriteArrayList::size (6 bytes)
Event: 18.539 Thread 0x000000001c9d2800 nmethod 13719 0x00000000039a2690 code [0x00000000039a27e0, 0x00000000039a29d0]
Event: 18.539 Thread 0x000000001c9d2800 13720       3       sun.util.locale.provider.LocaleResources::removeEmptyReferences (33 bytes)
Event: 18.540 Thread 0x000000001c9d2800 nmethod 13720 0x00000000069bb7d0 code [0x00000000069bb980, 0x00000000069bc078]
Event: 18.546 Thread 0x000000001c9d2800 13723       3       android.view.View::setVisibility (8 bytes)
Event: 18.548 Thread 0x000000001c9d2800 nmethod 13723 0x000000000776cbd0 code [0x000000000776d040, 0x000000000776fb28]
Event: 18.548 Thread 0x000000001c9d2800 13724       3       android.view.View::$$robo$$android_view_View$setVisibility (8 bytes)
Event: 18.549 Thread 0x000000001c9d2800 nmethod 13724 0x00000000059ff950 code [0x00000000059ffc80, 0x0000000005a017a8]

GC Heap History (10 events):
Event: 14.959 GC heap before
{Heap before GC invocations=26 (full 4):
 PSYoungGen      total 714240K, used 714240K [0x000000076b100000, 0x00000007a5a80000, 0x00000007c0000000)
  eden space 601600K, 100% used [0x000000076b100000,0x000000078fc80000,0x000000078fc80000)
  from space 112640K, 100% used [0x000000078fc80000,0x0000000796a80000,0x0000000796a80000)
  to   space 133120K, 0% used [0x000000079d880000,0x000000079d880000,0x00000007a5a80000)
 ParOldGen       total 411136K, used 117036K [0x00000006c1200000, 0x00000006da380000, 0x000000076b100000)
  object space 411136K, 28% used [0x00000006c1200000,0x00000006c844b238,0x00000006da380000)
 Metaspace       used 63362K, capacity 75403K, committed 75520K, reserved 1114112K
  class space    used 7183K, capacity 10184K, committed 10240K, reserved 1048576K
Event: 14.997 GC heap after
Heap after GC invocations=26 (full 4):
 PSYoungGen      total 812032K, used 114816K [0x000000076b100000, 0x00000007a7a80000, 0x00000007c0000000)
  eden space 678912K, 0% used [0x000000076b100000,0x000000076b100000,0x0000000794800000)
  from space 133120K, 86% used [0x000000079d880000,0x00000007a48a0000,0x00000007a5a80000)
  to   space 147968K, 0% used [0x0000000794800000,0x0000000794800000,0x000000079d880000)
 ParOldGen       total 411136K, used 117044K [0x00000006c1200000, 0x00000006da380000, 0x000000076b100000)
  object space 411136K, 28% used [0x00000006c1200000,0x00000006c844d238,0x00000006da380000)
 Metaspace       used 63362K, capacity 75403K, committed 75520K, reserved 1114112K
  class space    used 7183K, capacity 10184K, committed 10240K, reserved 1048576K
}
Event: 15.856 GC heap before
{Heap before GC invocations=27 (full 4):
 PSYoungGen      total 812032K, used 793728K [0x000000076b100000, 0x00000007a7a80000, 0x00000007c0000000)
  eden space 678912K, 100% used [0x000000076b100000,0x0000000794800000,0x0000000794800000)
  from space 133120K, 86% used [0x000000079d880000,0x00000007a48a0000,0x00000007a5a80000)
  to   space 147968K, 0% used [0x0000000794800000,0x0000000794800000,0x000000079d880000)
 ParOldGen       total 411136K, used 117044K [0x00000006c1200000, 0x00000006da380000, 0x000000076b100000)
  object space 411136K, 28% used [0x00000006c1200000,0x00000006c844d238,0x00000006da380000)
 Metaspace       used 63533K, capacity 75617K, committed 75776K, reserved 1114112K
  class space    used 7187K, capacity 10187K, committed 10240K, reserved 1048576K
Event: 15.891 GC heap after
Heap after GC invocations=27 (full 4):
 PSYoungGen      total 826880K, used 137408K [0x000000076b100000, 0x00000007afa00000, 0x00000007c0000000)
  eden space 678912K, 0% used [0x000000076b100000,0x000000076b100000,0x0000000794800000)
  from space 147968K, 92% used [0x0000000794800000,0x000000079ce30000,0x000000079d880000)
  to   space 168448K, 0% used [0x00000007a5580000,0x00000007a5580000,0x00000007afa00000)
 ParOldGen       total 411136K, used 117044K [0x00000006c1200000, 0x00000006da380000, 0x000000076b100000)
  object space 411136K, 28% used [0x00000006c1200000,0x00000006c844d238,0x00000006da380000)
 Metaspace       used 63533K, capacity 75617K, committed 75776K, reserved 1114112K
  class space    used 7187K, capacity 10187K, committed 10240K, reserved 1048576K
}
Event: 16.651 GC heap before
{Heap before GC invocations=28 (full 4):
 PSYoungGen      total 826880K, used 816320K [0x000000076b100000, 0x00000007afa00000, 0x00000007c0000000)
  eden space 678912K, 100% used [0x000000076b100000,0x0000000794800000,0x0000000794800000)
  from space 147968K, 92% used [0x0000000794800000,0x000000079ce30000,0x000000079d880000)
  to   space 168448K, 0% used [0x00000007a5580000,0x00000007a5580000,0x00000007afa00000)
 ParOldGen       total 411136K, used 117044K [0x00000006c1200000, 0x00000006da380000, 0x000000076b100000)
  object space 411136K, 28% used [0x00000006c1200000,0x00000006c844d238,0x00000006da380000)
 Metaspace       used 63683K, capacity 75863K, committed 76032K, reserved 1116160K
  class space    used 7191K, capacity 10190K, committed 10240K, reserved 1048576K
Event: 16.701 GC heap after
Heap after GC invocations=28 (full 4):
 PSYoungGen      total 931328K, used 157248K [0x000000076b100000, 0x00000007b3100000, 0x00000007c0000000)
  eden space 762880K, 0% used [0x000000076b100000,0x000000076b100000,0x0000000799a00000)
  from space 168448K, 93% used [0x00000007a5580000,0x00000007aef10000,0x00000007afa00000)
  to   space 192000K, 0% used [0x0000000799a00000,0x0000000799a00000,0x00000007a5580000)
 ParOldGen       total 411136K, used 117052K [0x00000006c1200000, 0x00000006da380000, 0x000000076b100000)
  object space 411136K, 28% used [0x00000006c1200000,0x00000006c844f238,0x00000006da380000)
 Metaspace       used 63683K, capacity 75863K, committed 76032K, reserved 1116160K
  class space    used 7191K, capacity 10190K, committed 10240K, reserved 1048576K
}
Event: 17.613 GC heap before
{Heap before GC invocations=29 (full 4):
 PSYoungGen      total 931328K, used 920128K [0x000000076b100000, 0x00000007b3100000, 0x00000007c0000000)
  eden space 762880K, 100% used [0x000000076b100000,0x0000000799a00000,0x0000000799a00000)
  from space 168448K, 93% used [0x00000007a5580000,0x00000007aef10000,0x00000007afa00000)
  to   space 192000K, 0% used [0x0000000799a00000,0x0000000799a00000,0x00000007a5580000)
 ParOldGen       total 411136K, used 117052K [0x00000006c1200000, 0x00000006da380000, 0x000000076b100000)
  object space 411136K, 28% used [0x00000006c1200000,0x00000006c844f238,0x00000006da380000)
 Metaspace       used 65454K, capacity 78329K, committed 78464K, reserved 1118208K
  class space    used 7289K, capacity 10510K, committed 10624K, reserved 1048576K
Event: 17.674 GC heap after
Heap after GC invocations=29 (full 4):
 PSYoungGen      total 954880K, used 183328K [0x000000076b100000, 0x00000007bad80000, 0x00000007c0000000)
  eden space 762880K, 0% used [0x000000076b100000,0x000000076b100000,0x0000000799a00000)
  from space 192000K, 95% used [0x0000000799a00000,0x00000007a4d08000,0x00000007a5580000)
  to   space 220160K, 0% used [0x00000007ad680000,0x00000007ad680000,0x00000007bad80000)
 ParOldGen       total 411136K, used 117060K [0x00000006c1200000, 0x00000006da380000, 0x000000076b100000)
  object space 411136K, 28% used [0x00000006c1200000,0x00000006c8451238,0x00000006da380000)
 Metaspace       used 65454K, capacity 78329K, committed 78464K, reserved 1118208K
  class space    used 7289K, capacity 10510K, committed 10624K, reserved 1048576K
}
Event: 18.412 GC heap before
{Heap before GC invocations=30 (full 4):
 PSYoungGen      total 954880K, used 946208K [0x000000076b100000, 0x00000007bad80000, 0x00000007c0000000)
  eden space 762880K, 100% used [0x000000076b100000,0x0000000799a00000,0x0000000799a00000)
  from space 192000K, 95% used [0x0000000799a00000,0x00000007a4d08000,0x00000007a5580000)
  to   space 220160K, 0% used [0x00000007ad680000,0x00000007ad680000,0x00000007bad80000)
 ParOldGen       total 411136K, used 117060K [0x00000006c1200000, 0x00000006da380000, 0x000000076b100000)
  object space 411136K, 28% used [0x00000006c1200000,0x00000006c8451238,0x00000006da380000)
 Metaspace       used 66778K, capacity 80217K, committed 80384K, reserved 1118208K
  class space    used 7359K, capacity 10726K, committed 10752K, reserved 1048576K
Event: 18.453 GC heap after
Heap after GC invocations=30 (full 4):
 PSYoungGen      total 1086976K, used 119680K [0x000000076b100000, 0x00000007bac80000, 0x00000007c0000000)
  eden space 867840K, 0% used [0x000000076b100000,0x000000076b100000,0x00000007a0080000)
  from space 219136K, 54% used [0x00000007ad680000,0x00000007b4b60020,0x00000007bac80000)
  to   space 219136K, 0% used [0x00000007a0080000,0x00000007a0080000,0x00000007ad680000)
 ParOldGen       total 411136K, used 117068K [0x00000006c1200000, 0x00000006da380000, 0x000000076b100000)
  object space 411136K, 28% used [0x00000006c1200000,0x00000006c8453238,0x00000006da380000)
 Metaspace       used 66778K, capacity 80217K, committed 80384K, reserved 1118208K
  class space    used 7359K, capacity 10726K, committed 10752K, reserved 1048576K
}

Deoptimization events (10 events):
Event: 17.391 Thread 0x000000001f704800 Uncommon trap: reason=unstable_if action=reinterpret pc=0x00000000053eefa4 method=android.view.View.$$robo$$android_view_View$setFlags(II)V @ 285
Event: 17.391 Thread 0x000000001f704800 Uncommon trap: reason=unstable_if action=reinterpret pc=0x0000000004676b50 method=android.view.ViewRootImpl.$$robo$$android_view_ViewRootImpl$invalidate()V @ 21
Event: 17.391 Thread 0x000000001f704800 Uncommon trap: reason=unstable_if action=reinterpret pc=0x0000000003de3278 method=android.view.View.$$robo$$android_view_View$needGlobalAttributesUpdate(Z)V @ 17
Event: 17.458 Thread 0x000000001f704800 Uncommon trap: reason=unstable_if action=reinterpret pc=0x000000000358e784 method=org.robolectric.shadows.ShadowAccessibilityManager.getInstance(Landroid/content/Context;)Landroid/view/accessibility/AccessibilityManager; @ 9
Event: 17.802 Thread 0x000000001f704800 Uncommon trap: reason=unstable_if action=reinterpret pc=0x0000000005288034 method=com.example.titancalculator.helper.StringUtils.split(Ljava/lang/String;[Ljava/lang/String;)[Ljava/lang/String; @ 5
Event: 17.870 Thread 0x000000001f704800 Uncommon trap: reason=unstable_if action=reinterpret pc=0x0000000003cbc640 method=android.text.SpannableStringBuilder.$$robo$$android_text_SpannableStringBuilder$getSpansRec(IILjava/lang/Class;I[Ljava/lang/Object;[I[IIZ)I @ 143
Event: 17.870 Thread 0x000000001f704800 Uncommon trap: reason=unstable_if action=reinterpret pc=0x0000000007d16ca0 method=android.widget.Editor.$$robo$$android_widget_Editor$shouldBlink()Z @ 49
Event: 17.870 Thread 0x000000001f704800 Uncommon trap: reason=unstable_if action=reinterpret pc=0x000000000754fedc method=android.widget.TextView.$$robo$$android_widget_TextView$hasSelection()Z @ 20
Event: 17.870 Thread 0x000000001f704800 Uncommon trap: reason=unstable_if action=reinterpret pc=0x0000000007f167a4 method=android.widget.Editor.$$robo$$android_widget_Editor$refreshTextActionMode()V @ 60
Event: 17.909 Thread 0x000000001f704800 Uncommon trap: reason=unstable_if action=reinterpret pc=0x0000000007f1f56c method=android.widget.Editor.$$robo$$android_widget_Editor$refreshTextActionMode()V @ 60

Classes redefined (0 events):
No events

Internal exceptions (10 events):
Event: 17.278 Thread 0x000000001f704800 Exception <a 'sun/nio/fs/WindowsException'> (0x000000078abe4ad8) thrown at [C:\src\AOSP-openjdk-git\hotspot\src\share\vm\prims\jni.cpp, line 710]
Event: 17.451 Thread 0x000000001f704800 Exception <a 'sun/nio/fs/WindowsException'> (0x0000000791879e00) thrown at [C:\src\AOSP-openjdk-git\hotspot\src\share\vm\prims\jni.cpp, line 710]
Event: 17.573 Thread 0x000000001f704800 Exception <a 'sun/nio/fs/WindowsException'> (0x00000007976b7238) thrown at [C:\src\AOSP-openjdk-git\hotspot\src\share\vm\prims\jni.cpp, line 710]
Event: 17.676 Thread 0x000000001c982800 Exception <a 'java/lang/NullPointerException'> (0x000000076bfcc188) thrown at [C:\src\AOSP-openjdk-git\hotspot\src\share\vm\interpreter\linkResolver.cpp, line 1287]
Event: 17.678 Thread 0x000000001c982800 Exception <a 'java/lang/NullPointerException'> (0x000000076bfefb90) thrown at [C:\src\AOSP-openjdk-git\hotspot\src\share\vm\interpreter\linkResolver.cpp, line 1287]
Event: 17.711 Thread 0x000000001f704800 Exception <a 'sun/nio/fs/WindowsException'> (0x000000076c5f7210) thrown at [C:\src\AOSP-openjdk-git\hotspot\src\share\vm\prims\jni.cpp, line 710]
Event: 18.038 Thread 0x000000001f704800 Exception <a 'sun/nio/fs/WindowsException'> (0x000000078150d860) thrown at [C:\src\AOSP-openjdk-git\hotspot\src\share\vm\prims\jni.cpp, line 710]
Event: 18.455 Thread 0x000000001c982800 Exception <a 'java/lang/NullPointerException'> (0x000000076b1003d0) thrown at [C:\src\AOSP-openjdk-git\hotspot\src\share\vm\interpreter\linkResolver.cpp, line 1287]
Event: 18.455 Thread 0x000000001c982800 Exception <a 'java/lang/NullPointerException'> (0x000000076b1023c0) thrown at [C:\src\AOSP-openjdk-git\hotspot\src\share\vm\interpreter\linkResolver.cpp, line 1287]
Event: 18.456 Thread 0x000000001c982800 Exception <a 'java/lang/NullPointerException'> (0x000000076c1cde20) thrown at [C:\src\AOSP-openjdk-git\hotspot\src\share\vm\interpreter\linkResolver.cpp, line 1287]

Events (10 events):
Event: 18.508 Thread 0x000000001c9d1800 flushing nmethod 0x0000000005853110
Event: 18.509 Thread 0x000000001c9d1800 flushing nmethod 0x0000000005ba2e90
Event: 18.509 Thread 0x000000001c9d1800 flushing nmethod 0x0000000005e17990
Event: 18.510 Thread 0x000000001e053800 flushing nmethod 0x0000000006111390
Event: 18.510 Thread 0x000000001e053800 flushing nmethod 0x000000000611c1d0
Event: 18.510 Thread 0x000000001e053800 flushing nmethod 0x0000000006590a10
Event: 18.524 Thread 0x000000001c9d2800 flushing nmethod 0x0000000006a39350
Event: 18.524 Thread 0x000000001c9d2800 flushing nmethod 0x0000000006d28310
Event: 18.526 Thread 0x000000001f704800 DEOPT PACKING pc=0x000000000621158f sp=0x000000002064e280
Event: 18.526 Thread 0x000000001f704800 DEOPT UNPACKING pc=0x00000000033675d0 sp=0x000000002064dff8 mode 0


Dynamic libraries:
0x00007ff68eae0000 - 0x00007ff68eb11000 	C:\Program Files\Android\Android Studio\jre\bin\java.exe
0x00007ffe6f000000 - 0x00007ffe6f1f0000 	C:\WINDOWS\SYSTEM32\ntdll.dll
0x00007ffe6e740000 - 0x00007ffe6e7f2000 	C:\WINDOWS\System32\KERNEL32.DLL
0x00007ffe6c1c0000 - 0x00007ffe6c465000 	C:\WINDOWS\System32\KERNELBASE.dll
0x00007ffe6d0b0000 - 0x00007ffe6d153000 	C:\WINDOWS\System32\ADVAPI32.dll
0x00007ffe6eb40000 - 0x00007ffe6ebde000 	C:\WINDOWS\System32\msvcrt.dll
0x00007ffe6ebe0000 - 0x00007ffe6ec77000 	C:\WINDOWS\System32\sechost.dll
0x00007ffe6d280000 - 0x00007ffe6d3a0000 	C:\WINDOWS\System32\RPCRT4.dll
0x00007ffe6e860000 - 0x00007ffe6e9f4000 	C:\WINDOWS\System32\USER32.dll
0x00007ffe6cdc0000 - 0x00007ffe6cde1000 	C:\WINDOWS\System32\win32u.dll
0x00007ffe6e110000 - 0x00007ffe6e136000 	C:\WINDOWS\System32\GDI32.dll
0x00007ffe6ceb0000 - 0x00007ffe6d046000 	C:\WINDOWS\System32\gdi32full.dll
0x00007ffe6ce10000 - 0x00007ffe6ceae000 	C:\WINDOWS\System32\msvcp_win.dll
0x00007ffe6c4c0000 - 0x00007ffe6c5ba000 	C:\WINDOWS\System32\ucrtbase.dll
0x00007ffe5be40000 - 0x00007ffe5c0c4000 	C:\WINDOWS\WinSxS\amd64_microsoft.windows.common-controls_6595b64144ccf1df_6.0.18362.1139_none_9e7bf2d3e4605ac6\COMCTL32.dll
0x00007ffe6ec80000 - 0x00007ffe6efb5000 	C:\WINDOWS\System32\combase.dll
0x00007ffe6c5c0000 - 0x00007ffe6c640000 	C:\WINDOWS\System32\bcryptPrimitives.dll
0x00007ffe6d3a0000 - 0x00007ffe6d3ce000 	C:\WINDOWS\System32\IMM32.DLL
0x0000000056e40000 - 0x0000000056f12000 	C:\Program Files\Android\Android Studio\jre\jre\bin\msvcr100.dll
0x00000000552f0000 - 0x0000000055b3b000 	C:\Program Files\Android\Android Studio\jre\jre\bin\server\jvm.dll
0x00007ffe6df70000 - 0x00007ffe6df78000 	C:\WINDOWS\System32\PSAPI.DLL
0x00007ffe56bc0000 - 0x00007ffe56bc9000 	C:\WINDOWS\SYSTEM32\WSOCK32.dll
0x00007ffe69f40000 - 0x00007ffe69f64000 	C:\WINDOWS\SYSTEM32\WINMM.dll
0x00007ffe6dc00000 - 0x00007ffe6dc6f000 	C:\WINDOWS\System32\WS2_32.dll
0x00007ffe65e60000 - 0x00007ffe65e6a000 	C:\WINDOWS\SYSTEM32\VERSION.dll
0x00007ffe69e10000 - 0x00007ffe69e3d000 	C:\WINDOWS\SYSTEM32\WINMMBASE.dll
0x00007ffe6c470000 - 0x00007ffe6c4ba000 	C:\WINDOWS\System32\cfgmgr32.dll
0x00007ffe68970000 - 0x00007ffe6897f000 	C:\Program Files\Android\Android Studio\jre\jre\bin\verify.dll
0x00007ffe4bd90000 - 0x00007ffe4bdb9000 	C:\Program Files\Android\Android Studio\jre\jre\bin\java.dll
0x00007ffe68720000 - 0x00007ffe68743000 	C:\Program Files\Android\Android Studio\jre\jre\bin\instrument.dll
0x00007ffe499e0000 - 0x00007ffe499f6000 	C:\Program Files\Android\Android Studio\jre\jre\bin\zip.dll
0x00007ffe6d510000 - 0x00007ffe6dbf7000 	C:\WINDOWS\System32\SHELL32.dll
0x00007ffe6e060000 - 0x00007ffe6e109000 	C:\WINDOWS\System32\shcore.dll
0x00007ffe6c640000 - 0x00007ffe6cdc0000 	C:\WINDOWS\System32\windows.storage.dll
0x00007ffe6bf60000 - 0x00007ffe6bf83000 	C:\WINDOWS\System32\profapi.dll
0x00007ffe6bed0000 - 0x00007ffe6bf1a000 	C:\WINDOWS\System32\powrprof.dll
0x00007ffe6bec0000 - 0x00007ffe6bed0000 	C:\WINDOWS\System32\UMPDC.dll
0x00007ffe6ea60000 - 0x00007ffe6eab2000 	C:\WINDOWS\System32\shlwapi.dll
0x00007ffe6bf20000 - 0x00007ffe6bf31000 	C:\WINDOWS\System32\kernel.appcore.dll
0x00007ffe6cdf0000 - 0x00007ffe6ce07000 	C:\WINDOWS\System32\cryptsp.dll
0x00007ffe5c0f0000 - 0x00007ffe5c10a000 	C:\Program Files\Android\Android Studio\bin\breakgen64.dll
0x00007ffe499c0000 - 0x00007ffe499da000 	C:\Program Files\Android\Android Studio\jre\jre\bin\net.dll
0x00007ffe6b6b0000 - 0x00007ffe6b717000 	C:\WINDOWS\system32\mswsock.dll
0x00007ffe435b0000 - 0x00007ffe435c3000 	C:\Program Files\Android\Android Studio\jre\jre\bin\nio.dll
0x00007ffe6b220000 - 0x00007ffe6b253000 	C:\WINDOWS\system32\rsaenh.dll
0x00007ffe6c040000 - 0x00007ffe6c066000 	C:\WINDOWS\System32\bcrypt.dll
0x00007ffe6bde0000 - 0x00007ffe6be05000 	C:\WINDOWS\SYSTEM32\USERENV.dll
0x00007ffe6b880000 - 0x00007ffe6b88c000 	C:\WINDOWS\SYSTEM32\CRYPTBASE.dll
0x00007ffe6b3c0000 - 0x00007ffe6b3fa000 	C:\WINDOWS\SYSTEM32\IPHLPAPI.DLL
0x00007ffe6e2c0000 - 0x00007ffe6e2c8000 	C:\WINDOWS\System32\NSI.dll
0x00007ffe64b50000 - 0x00007ffe64b66000 	C:\WINDOWS\SYSTEM32\dhcpcsvc6.DLL
0x00007ffe65890000 - 0x00007ffe658ac000 	C:\WINDOWS\SYSTEM32\dhcpcsvc.DLL
0x00007ffe6b400000 - 0x00007ffe6b4cb000 	C:\WINDOWS\SYSTEM32\DNSAPI.dll
0x00007ffe3b050000 - 0x00007ffe3b074000 	C:\Program Files\Android\Android Studio\jre\jre\bin\sunec.dll
0x00007ffe4be40000 - 0x00007ffe4be4b000 	C:\Program Files\Android\Android Studio\jre\jre\bin\sunmscapi.dll
0x00007ffe6c070000 - 0x00007ffe6c1b9000 	C:\WINDOWS\System32\CRYPT32.dll
0x00007ffe6bf40000 - 0x00007ffe6bf52000 	C:\WINDOWS\System32\MSASN1.dll
0x00007ffe568b0000 - 0x00007ffe56aa4000 	C:\WINDOWS\SYSTEM32\dbghelp.dll

VM Arguments:
jvm_args: -ea -Didea.test.cyclic.buffer.size=1048576 -javaagent:C:\Program Files\Android\Android Studio\lib\idea_rt.jar=50010:C:\Program Files\Android\Android Studio\bin -Dfile.encoding=UTF-8 
java_command: com.intellij.rt.junit.JUnitStarter -ideVersion5 -junit4 com.example.titancalculator.MainActivityTest
java_class_path (initial): C:\Program Files\Android\Android Studio\lib\idea_rt.jar;C:\Program Files\Android\Android Studio\plugins\junit\lib\junit5-rt.jar;C:\Program Files\Android\Android Studio\plugins\junit\lib\junit-rt.jar;C:\Users\johan\AppData\Local\Android\Sdk\platforms\android-28\data\res;C:\Users\johan\GitHub\Emerald-Calculator\app\build\intermediates\javac\debugUnitTest\classes;C:\Users\johan\GitHub\Emerald-Calculator\app\build\intermediates\javac\debug\classes;C:\Users\johan\GitHub\Emerald-Calculator\app\build\intermediates\unit_test_config_directory\debugUnitTest\out;C:\Users\johan\GitHub\Emerald-Calculator\app\build\intermediates\compile_and_runtime_not_namespaced_r_class_jar\debug\R.jar;C:\Users\johan\GitHub\Emerald-Calculator\app\build\intermediates\compile_and_runtime_not_namespaced_r_class_jar\debugAndroidTest\R.jar;C:\Users\johan\.gradle\caches\modules-2\files-2.1\junit\junit\4.12\2973d150c0dc1fefe998f834810d68f278ea58ec\junit-4.12.jar;C:\Users\johan\.gradle\caches\modules-2\files-2.1\org.hamcrest\hamcrest-library\1.3\4785a3c21320980282f9f33d0d1264a69040538f\hamcrest-library-1.3.jar;C:\Users\johan\.gradle\caches\modules-2\files-2.1\org.hamcrest\hamcrest-core\1.3\42a25dc3219429f0e5d060061f71acb49bf010a0\hamcrest-core-1.3.jar;C:\Users\johan\.gradle\caches\modules-2\files-2.1\javax.inject\javax.inject\1\6975da39a7040257bd51d21a231b76c915872d38\javax.inject-1.jar;C:\Users\johan\.gradle\caches\modules-2\files-2.1\org.robolectric\robolectric\4.5-alpha-3\972e13854423857316cd23f6b96888502824032b\robolectric-4.5-alpha-3.jar;C:\Users\johan\.gradle\caches\modules-2\files-2.1\org.robolectric\shadows-framework\4.5-alpha-3\b73f33f3abaac4f5d446675f8cb5c3071e17a57f\shadows-framework-4.5-alpha-3.jar;C:\Users\johan\.gradle\caches\modules-2\files-2.1\org.robolectric\resources\4.5-alpha-3\1aa8990d596e950ce5664e007531d27e73cb6505\resources-4.5-alpha-3.jar;C:\Users\johan\.gradle\caches\modules-2\files-2.1\org.robolectric\junit\4.5-alpha-3\1197f214c26bd8055253ea2f5c6da2
Launcher Type: SUN_STANDARD

Environment Variables:
PATH=C:\Program Files (x86)\Common Files\Oracle\Java\javapath;C:\WINDOWS\system32;C:\WINDOWS;C:\WINDOWS\System32\Wbem;C:\WINDOWS\System32\WindowsPowerShell\v1.0\;C:\WINDOWS\System32\OpenSSH\;C:\Program Files\Git\cmd;C:\Program Files (x86)\Calibre2\;C:\Users\johan\AppData\Local\Microsoft\WindowsApps;C:\Users\johan\AppData\Local\GitHubDesktop\bin;C:\Program Files\JetBrains\IntelliJ IDEA Community Edition 2020.2.3\bin;
USERNAME=johan
OS=Windows_NT
PROCESSOR_IDENTIFIER=Intel64 Family 6 Model 158 Stepping 11, GenuineIntel



---------------  S Y S T E M  ---------------

OS: Windows 10.0 , 64 bit Build 18362 (10.0.18362.1110)

CPU:total 4 (initial active 4) (4 cores per cpu, 1 threads per core) family 6 model 158 stepping 11, cmov, cx8, fxsr, mmx, sse, sse2, sse3, ssse3, sse4.1, sse4.2, popcnt, avx, avx2, aes, clmul, erms, 3dnowpref, lzcnt, tsc, tscinvbit, bmi1, bmi2, adx

Memory: 4k page, physical 16696028k(9182340k free), swap 20628188k(11660472k free)

vm_info: OpenJDK 64-Bit Server VM (25.242-b01) for windows-amd64 JRE (1.8.0_242-release-1644-b01), built by "builder" with MS VC++ 10.0 (VS2010)

time: Thu Nov 26 13:39:15 2020
timezone: Mitteleuropäische Zeit
elapsed time: 18 seconds (0d 0h 0m 18s)

