#
# A fatal error has been detected by the Java Runtime Environment:
#
#  EXCEPTION_ACCESS_VIOLATION (0xc0000005) at pc=0x0000000066708180, pid=9264, tid=0x00000000000022f4
#
# JRE version: OpenJDK Runtime Environment (8.0_242-b01) (build 1.8.0_242-release-1644-b01)
# Java VM: OpenJDK 64-Bit Server VM (25.242-b01 mixed mode windows-amd64 compressed oops)
# Problematic frame:
# V  [jvm.dll+0x4c8180]
#
# Failed to write core dump. Minidumps are not enabled by default on client versions of Windows
#
# If you would like to submit a bug report, please visit:
#   
#

---------------  T H R E A D  ---------------

Current thread (0x000000001c374000):  JavaThread "C2 CompilerThread1" daemon [_thread_in_native, id=8948, stack(0x000000001e0c0000,0x000000001e1c0000)]

siginfo: ExceptionCode=0xc0000005, reading address 0x000000000000002c

Registers:
RAX=0x000000002d9c3ac0, RBX=0x000000002c43eb00, RCX=0x0000000000000000, RDX=0x0000000000000142
RSP=0x000000001e1b93e8, RBP=0x0000000020fa6e20, RSI=0x0000000000000000, RDI=0x000000002f0e3380
R8 =0x000000001c36a9c8, R9 =0x0000000000000002, R10=0x000000001db027b0, R11=0x000000001e1b9340
R12=0x0000000000000001, R13=0x000000002007e4d0, R14=0x000000001e1b9530, R15=0x000000001e1b95c0
RIP=0x0000000066708180, EFLAGS=0x0000000000010206

Top of Stack: (sp=0x000000001e1b93e8)
0x000000001e1b93e8:   000000006666a2ea 000000002c43eb00
0x000000001e1b93f8:   0000000020fa6e20 0000000020fa3ca0
0x000000001e1b9408:   0000000066669d2e 000000001e1b9480
0x000000001e1b9418:   000000001e1b9480 0000000020fa3ca0
0x000000001e1b9428:   0000000000000000 000000001e1b94b0
0x000000001e1b9438:   000000006666ac42 0000000020fa6e20
0x000000001e1b9448:   0000000000000024 000000002217d8a0
0x000000001e1b9458:   000000002c43eb00 000000002217d8a0
0x000000001e1b9468:   000000001e1b95c0 000000001e1b9480
0x000000001e1b9478:   000000001e1b9530 0000000000000000
0x000000001e1b9488:   0000000000000000 0000000000000000
0x000000001e1b9498:   0000000000000000 0000000000000000
0x000000001e1b94a8:   0000000000000000 00000000fffffffc
0x000000001e1b94b8:   00000000000000b7 0000000000000000
0x000000001e1b94c8:   000000001e1bee00 000000001e1b95e0
0x000000001e1b94d8:   000000006668f3be 0000000020fa6e20 

Instructions: (pc=0x0000000066708180)
0x0000000066708160:   40 f8 75 ec 41 ff 4a 18 49 8b 42 08 41 8b 4a 18
0x0000000066708170:   48 8b 5c 24 08 48 c7 04 c8 00 00 00 00 c3 cc cc
0x0000000066708180:   0f b7 51 2c 0f b6 c2 24 1f 3c 14 74 08 80 e2 3f
0x0000000066708190:   80 fa 24 75 28 83 79 18 02 75 22 0f b7 51 2c 0f 


Register to memory mapping:

RAX=0x000000002d9c3ac0 is an unknown value
RBX=0x000000002c43eb00 is an unknown value
RCX=0x0000000000000000 is an unknown value
RDX=0x0000000000000142 is an unknown value
RSP=0x000000001e1b93e8 is pointing into the stack for thread: 0x000000001c374000
RBP=0x0000000020fa6e20 is an unknown value
RSI=0x0000000000000000 is an unknown value
RDI=0x000000002f0e3380 is an unknown value
R8 =0x000000001c36a9c8 is an unknown value
R9 =0x0000000000000002 is an unknown value
R10=0x000000001db027b0 is an unknown value
R11=0x000000001e1b9340 is pointing into the stack for thread: 0x000000001c374000
R12=0x0000000000000001 is an unknown value
R13=0x000000002007e4d0 is an unknown value
R14=0x000000001e1b9530 is pointing into the stack for thread: 0x000000001c374000
R15=0x000000001e1b95c0 is pointing into the stack for thread: 0x000000001c374000


Stack: [0x000000001e0c0000,0x000000001e1c0000],  sp=0x000000001e1b93e8,  free space=996k
Native frames: (J=compiled Java code, j=interpreted, Vv=VM code, C=native code)
V  [jvm.dll+0x4c8180]


Current CompileTask:
C2:  18039 12789       4       androidx.appcompat.widget.AppCompatTextViewAutoSizeHelper::loadFromAttributes (9 bytes)


---------------  P R O C E S S  ---------------

Java Threads: ( => current thread )
  0x00000000204b4800 JavaThread "magnifier pixel copy result handler" [_thread_blocked, id=9148, stack(0x0000000020fd0000,0x00000000210d0000)]
  0x000000001f247800 JavaThread "SDK 28 Main Thread" [_thread_in_vm, id=8212, stack(0x0000000021100000,0x0000000021200000)]
  0x000000001c38d800 JavaThread "Service Thread" daemon [_thread_blocked, id=8252, stack(0x000000001e2c0000,0x000000001e3c0000)]
  0x000000001c375000 JavaThread "C1 CompilerThread2" daemon [_thread_blocked, id=8520, stack(0x000000001e1c0000,0x000000001e2c0000)]
=>0x000000001c374000 JavaThread "C2 CompilerThread1" daemon [_thread_in_native, id=8948, stack(0x000000001e0c0000,0x000000001e1c0000)]
  0x000000001c36f000 JavaThread "C2 CompilerThread0" daemon [_thread_blocked, id=8572, stack(0x000000001dfc0000,0x000000001e0c0000)]
  0x000000001db03000 JavaThread "Monitor Ctrl-Break" daemon [_thread_in_native, id=1316, stack(0x000000001dec0000,0x000000001dfc0000)]
  0x000000001c344000 JavaThread "Attach Listener" daemon [_thread_blocked, id=1636, stack(0x000000001d9c0000,0x000000001dac0000)]
  0x000000001c343000 JavaThread "Signal Dispatcher" daemon [_thread_blocked, id=528, stack(0x000000001d8c0000,0x000000001d9c0000)]
  0x000000001c323000 JavaThread "Finalizer" daemon [_thread_blocked, id=4436, stack(0x000000001d590000,0x000000001d690000)]
  0x000000001c319800 JavaThread "Reference Handler" daemon [_thread_blocked, id=6332, stack(0x000000001d490000,0x000000001d590000)]
  0x0000000002a3a000 JavaThread "main" [_thread_blocked, id=8768, stack(0x00000000028c0000,0x00000000029c0000)]

Other Threads:
  0x000000001c2f6000 VMThread [stack: 0x000000001d390000,0x000000001d490000] [id=6620]
  0x000000001db90800 WatcherThread [stack: 0x000000001e3c0000,0x000000001e4c0000] [id=1968]

VM state:not at safepoint (normal execution)

VM Mutex/Monitor currently owned by a thread: None

heap address: 0x00000006c1200000, size: 4078 MB, Compressed Oops mode: Zero based, Oop shift amount: 3
Narrow klass base: 0x0000000000000000, Narrow klass shift: 3
Compressed class space size: 1073741824 Address: 0x00000007c0000000

Heap:
 PSYoungGen      total 1031168K, used 477765K [0x000000076b100000, 0x00000007c0000000, 0x00000007c0000000)
  eden space 763392K, 35% used [0x000000076b100000,0x000000077bd29518,0x0000000799a80000)
  from space 267776K, 75% used [0x0000000799a80000,0x00000007a60e8000,0x00000007aa000000)
  to   space 288256K, 0% used [0x00000007ae680000,0x00000007ae680000,0x00000007c0000000)
 ParOldGen       total 308224K, used 105348K [0x00000006c1200000, 0x00000006d3f00000, 0x000000076b100000)
  object space 308224K, 34% used [0x00000006c1200000,0x00000006c78e13d0,0x00000006d3f00000)
 Metaspace       used 58520K, capacity 69180K, committed 69376K, reserved 1110016K
  class space    used 6764K, capacity 9347K, committed 9472K, reserved 1048576K

Card table byte_map: [0x00000000120d0000,0x00000000128d0000] byte_map_base: 0x000000000eac7000

Marking Bits: (ParMarkBitMap*) 0x0000000066a0f030
 Begin Bits: [0x0000000013220000, 0x00000000171d8000)
 End Bits:   [0x00000000171d8000, 0x000000001b190000)

Polling page: 0x0000000000c10000

CodeCache: size=245760Kb used=76873Kb max_used=76920Kb free=168886Kb
 bounds [0x0000000002d10000, 0x00000000078d0000, 0x0000000011d10000]
 total_blobs=11340 nmethods=9894 adapters=1357
 compilation: enabled

Compilation events (10 events):
Event: 18.010 Thread 0x000000001c374000 12788       4       android.widget.TextView::getTransformationMethod (7 bytes)
Event: 18.010 Thread 0x000000001c374000 nmethod 12788 0x000000000504eed0 code [0x000000000504f000, 0x000000000504f078]
Event: 18.010 Thread 0x000000001c374000 12789       4       androidx.appcompat.widget.AppCompatTextViewAutoSizeHelper::loadFromAttributes (9 bytes)
Event: 18.020 Thread 0x000000001c36f000 nmethod 12786 0x0000000005a7ee50 code [0x0000000005a7f060, 0x0000000005a7f890]
Event: 18.021 Thread 0x000000001c36f000 12790   !   4       android.view.View::$$robo$$android_view_View$resolveLayoutDirection (194 bytes)
Event: 18.025 Thread 0x000000001c36f000 nmethod 12790 0x00000000045871d0 code [0x0000000004587360, 0x00000000045876f0]
Event: 18.025 Thread 0x000000001c36f000 12791       4       android.widget.TextView::onResolveDrawables (8 bytes)
Event: 18.026 Thread 0x000000001c36f000 nmethod 12791 0x000000000408be10 code [0x000000000408bf40, 0x000000000408bff8]
Event: 18.026 Thread 0x000000001c36f000 12792       4       android.widget.TextView::$$robo$$android_widget_TextView$onResolveDrawables (63 bytes)
Event: 18.026 Thread 0x000000001c36f000 nmethod 12792 0x00000000042fa2d0 code [0x00000000042fa400, 0x00000000042fa4b8]

GC Heap History (10 events):
Event: 14.811 GC heap before
{Heap before GC invocations=24 (full 3):
 PSYoungGen      total 715776K, used 707252K [0x000000076b100000, 0x00000007a4300000, 0x00000007c0000000)
  eden space 568320K, 100% used [0x000000076b100000,0x000000078dc00000,0x000000078dc00000)
  from space 147456K, 94% used [0x0000000798100000,0x00000007a08ad020,0x00000007a1100000)
  to   space 168960K, 0% used [0x000000078dc00000,0x000000078dc00000,0x0000000798100000)
 ParOldGen       total 308224K, used 66992K [0x00000006c1200000, 0x00000006d3f00000, 0x000000076b100000)
  object space 308224K, 21% used [0x00000006c1200000,0x00000006c536c280,0x00000006d3f00000)
 Metaspace       used 58078K, capacity 68564K, committed 68736K, reserved 1107968K
  class space    used 6751K, capacity 9335K, committed 9344K, reserved 1048576K
Event: 14.853 GC heap after
Heap after GC invocations=24 (full 3):
 PSYoungGen      total 737280K, used 157504K [0x000000076b100000, 0x00000007abf00000, 0x00000007c0000000)
  eden space 568320K, 0% used [0x000000076b100000,0x000000076b100000,0x000000078dc00000)
  from space 168960K, 93% used [0x000000078dc00000,0x00000007975d0010,0x0000000798100000)
  to   space 193024K, 0% used [0x00000007a0280000,0x00000007a0280000,0x00000007abf00000)
 ParOldGen       total 308224K, used 67024K [0x00000006c1200000, 0x00000006d3f00000, 0x000000076b100000)
  object space 308224K, 21% used [0x00000006c1200000,0x00000006c5374280,0x00000006d3f00000)
 Metaspace       used 58078K, capacity 68564K, committed 68736K, reserved 1107968K
  class space    used 6751K, capacity 9335K, committed 9344K, reserved 1048576K
}
Event: 15.450 GC heap before
{Heap before GC invocations=25 (full 3):
 PSYoungGen      total 737280K, used 725824K [0x000000076b100000, 0x00000007abf00000, 0x00000007c0000000)
  eden space 568320K, 100% used [0x000000076b100000,0x000000078dc00000,0x000000078dc00000)
  from space 168960K, 93% used [0x000000078dc00000,0x00000007975d0010,0x0000000798100000)
  to   space 193024K, 0% used [0x00000007a0280000,0x00000007a0280000,0x00000007abf00000)
 ParOldGen       total 308224K, used 67024K [0x00000006c1200000, 0x00000006d3f00000, 0x000000076b100000)
  object space 308224K, 21% used [0x00000006c1200000,0x00000006c5374280,0x00000006d3f00000)
 Metaspace       used 58182K, capacity 68672K, committed 68736K, reserved 1107968K
  class space    used 6753K, capacity 9337K, committed 9344K, reserved 1048576K
Event: 15.510 GC heap after
Heap after GC invocations=25 (full 3):
 PSYoungGen      total 844800K, used 173908K [0x000000076b100000, 0x00000007af900000, 0x00000007c0000000)
  eden space 651776K, 0% used [0x000000076b100000,0x000000076b100000,0x0000000792d80000)
  from space 193024K, 90% used [0x00000007a0280000,0x00000007aac55020,0x00000007abf00000)
  to   space 218112K, 0% used [0x0000000792d80000,0x0000000792d80000,0x00000007a0280000)
 ParOldGen       total 308224K, used 67040K [0x00000006c1200000, 0x00000006d3f00000, 0x000000076b100000)
  object space 308224K, 21% used [0x00000006c1200000,0x00000006c5378280,0x00000006d3f00000)
 Metaspace       used 58182K, capacity 68672K, committed 68736K, reserved 1107968K
  class space    used 6753K, capacity 9337K, committed 9344K, reserved 1048576K
}
Event: 16.217 GC heap before
{Heap before GC invocations=26 (full 3):
 PSYoungGen      total 844800K, used 825684K [0x000000076b100000, 0x00000007af900000, 0x00000007c0000000)
  eden space 651776K, 100% used [0x000000076b100000,0x0000000792d80000,0x0000000792d80000)
  from space 193024K, 90% used [0x00000007a0280000,0x00000007aac55020,0x00000007abf00000)
  to   space 218112K, 0% used [0x0000000792d80000,0x0000000792d80000,0x00000007a0280000)
 ParOldGen       total 308224K, used 67040K [0x00000006c1200000, 0x00000006d3f00000, 0x000000076b100000)
  object space 308224K, 21% used [0x00000006c1200000,0x00000006c5378280,0x00000006d3f00000)
 Metaspace       used 58304K, capacity 68872K, committed 68992K, reserved 1110016K
  class space    used 6756K, capacity 9339K, committed 9344K, reserved 1048576K
Event: 16.267 GC heap after
Heap after GC invocations=26 (full 3):
 PSYoungGen      total 869888K, used 188192K [0x000000076b100000, 0x00000007b8e00000, 0x00000007c0000000)
  eden space 651776K, 0% used [0x000000076b100000,0x000000076b100000,0x0000000792d80000)
  from space 218112K, 86% used [0x0000000792d80000,0x000000079e548000,0x00000007a0280000)
  to   space 243712K, 0% used [0x00000007aa000000,0x00000007aa000000,0x00000007b8e00000)
 ParOldGen       total 308224K, used 74336K [0x00000006c1200000, 0x00000006d3f00000, 0x000000076b100000)
  object space 308224K, 24% used [0x00000006c1200000,0x00000006c5a98128,0x00000006d3f00000)
 Metaspace       used 58304K, capacity 68872K, committed 68992K, reserved 1110016K
  class space    used 6756K, capacity 9339K, committed 9344K, reserved 1048576K
}
Event: 16.918 GC heap before
{Heap before GC invocations=27 (full 3):
 PSYoungGen      total 869888K, used 839968K [0x000000076b100000, 0x00000007b8e00000, 0x00000007c0000000)
  eden space 651776K, 100% used [0x000000076b100000,0x0000000792d80000,0x0000000792d80000)
  from space 218112K, 86% used [0x0000000792d80000,0x000000079e548000,0x00000007a0280000)
  to   space 243712K, 0% used [0x00000007aa000000,0x00000007aa000000,0x00000007b8e00000)
 ParOldGen       total 308224K, used 74336K [0x00000006c1200000, 0x00000006d3f00000, 0x000000076b100000)
  object space 308224K, 24% used [0x00000006c1200000,0x00000006c5a98128,0x00000006d3f00000)
 Metaspace       used 58394K, capacity 69002K, committed 69248K, reserved 1110016K
  class space    used 6758K, capacity 9342K, committed 9344K, reserved 1048576K
Event: 16.992 GC heap after
Heap after GC invocations=27 (full 3):
 PSYoungGen      total 1007104K, used 199476K [0x000000076b100000, 0x00000007bc580000, 0x00000007c0000000)
  eden space 763392K, 0% used [0x000000076b100000,0x000000076b100000,0x0000000799a80000)
  from space 243712K, 81% used [0x00000007aa000000,0x00000007b62cd010,0x00000007b8e00000)
  to   space 267776K, 0% used [0x0000000799a80000,0x0000000799a80000,0x00000007aa000000)
 ParOldGen       total 308224K, used 83274K [0x00000006c1200000, 0x00000006d3f00000, 0x000000076b100000)
  object space 308224K, 27% used [0x00000006c1200000,0x00000006c6352be8,0x00000006d3f00000)
 Metaspace       used 58394K, capacity 69002K, committed 69248K, reserved 1110016K
  class space    used 6758K, capacity 9342K, committed 9344K, reserved 1048576K
}
Event: 17.725 GC heap before
{Heap before GC invocations=28 (full 3):
 PSYoungGen      total 1007104K, used 962868K [0x000000076b100000, 0x00000007bc580000, 0x00000007c0000000)
  eden space 763392K, 100% used [0x000000076b100000,0x0000000799a80000,0x0000000799a80000)
  from space 243712K, 81% used [0x00000007aa000000,0x00000007b62cd010,0x00000007b8e00000)
  to   space 267776K, 0% used [0x0000000799a80000,0x0000000799a80000,0x00000007aa000000)
 ParOldGen       total 308224K, used 83274K [0x00000006c1200000, 0x00000006d3f00000, 0x000000076b100000)
  object space 308224K, 27% used [0x00000006c1200000,0x00000006c6352be8,0x00000006d3f00000)
 Metaspace       used 58475K, capacity 69098K, committed 69248K, reserved 1110016K
  class space    used 6761K, capacity 9344K, committed 9344K, reserved 1048576K
Event: 17.789 GC heap after
Heap after GC invocations=28 (full 3):
 PSYoungGen      total 1031168K, used 203168K [0x000000076b100000, 0x00000007c0000000, 0x00000007c0000000)
  eden space 763392K, 0% used [0x000000076b100000,0x000000076b100000,0x0000000799a80000)
  from space 267776K, 75% used [0x0000000799a80000,0x00000007a60e8000,0x00000007aa000000)
  to   space 288256K, 0% used [0x00000007ae680000,0x00000007ae680000,0x00000007c0000000)
 ParOldGen       total 308224K, used 105348K [0x00000006c1200000, 0x00000006d3f00000, 0x000000076b100000)
  object space 308224K, 34% used [0x00000006c1200000,0x00000006c78e13d0,0x00000006d3f00000)
 Metaspace       used 58475K, capacity 69098K, committed 69248K, reserved 1110016K
  class space    used 6761K, capacity 9344K, committed 9344K, reserved 1048576K
}

Deoptimization events (10 events):
Event: 9.412 Thread 0x000000001f247800 Uncommon trap: reason=speculate_class_check action=maybe_recompile pc=0x0000000004c4398c method=java.lang.invoke.LambdaForm$MH/2085857771.delegate(Ljava/lang/Object;Ljava/lang/Object;Ljava/lang/Object;Ljava/lang/Object;)Ljava/lang/Object; @ 1
Event: 9.660 Thread 0x000000001f247800 Uncommon trap: reason=speculate_class_check action=maybe_recompile pc=0x0000000004c4398c method=java.lang.invoke.LambdaForm$MH/2085857771.delegate(Ljava/lang/Object;Ljava/lang/Object;Ljava/lang/Object;Ljava/lang/Object;)Ljava/lang/Object; @ 1
Event: 10.515 Thread 0x000000001f247800 Uncommon trap: reason=speculate_class_check action=maybe_recompile pc=0x0000000006411b54 method=android.text.Layout.$$robo$$android_text_Layout$__constructor__(Ljava/lang/CharSequence;Landroid/text/TextPaint;ILandroid/text/Layout$Alignment;Landroid/text/T
Event: 10.515 Thread 0x000000001f247800 Uncommon trap: reason=speculate_class_check action=maybe_recompile pc=0x0000000006411b54 method=android.text.Layout.$$robo$$android_text_Layout$__constructor__(Ljava/lang/CharSequence;Landroid/text/TextPaint;ILandroid/text/Layout$Alignment;Landroid/text/T
Event: 10.515 Thread 0x000000001f247800 Uncommon trap: reason=speculate_class_check action=maybe_recompile pc=0x0000000006411b54 method=android.text.Layout.$$robo$$android_text_Layout$__constructor__(Ljava/lang/CharSequence;Landroid/text/TextPaint;ILandroid/text/Layout$Alignment;Landroid/text/T
Event: 10.515 Thread 0x000000001f247800 Uncommon trap: reason=speculate_class_check action=maybe_recompile pc=0x0000000006411b54 method=android.text.Layout.$$robo$$android_text_Layout$__constructor__(Ljava/lang/CharSequence;Landroid/text/TextPaint;ILandroid/text/Layout$Alignment;Landroid/text/T
Event: 14.719 Thread 0x000000001f247800 Uncommon trap: reason=array_check action=maybe_recompile pc=0x0000000004e77940 method=com.android.internal.util.GrowingArrayUtils.$$robo$$com_android_internal_util_GrowingArrayUtils$append([Ljava/lang/Object;ILjava/lang/Object;)[Ljava/lang/Object; @ 58
Event: 14.739 Thread 0x000000001f247800 Uncommon trap: reason=array_check action=maybe_recompile pc=0x0000000004e77940 method=com.android.internal.util.GrowingArrayUtils.$$robo$$com_android_internal_util_GrowingArrayUtils$append([Ljava/lang/Object;ILjava/lang/Object;)[Ljava/lang/Object; @ 58
Event: 14.767 Thread 0x000000001f247800 Uncommon trap: reason=array_check action=maybe_recompile pc=0x0000000004e77940 method=com.android.internal.util.GrowingArrayUtils.$$robo$$com_android_internal_util_GrowingArrayUtils$append([Ljava/lang/Object;ILjava/lang/Object;)[Ljava/lang/Object; @ 58
Event: 14.788 Thread 0x000000001f247800 Uncommon trap: reason=array_check action=maybe_recompile pc=0x0000000004e77940 method=com.android.internal.util.GrowingArrayUtils.$$robo$$com_android_internal_util_GrowingArrayUtils$append([Ljava/lang/Object;ILjava/lang/Object;)[Ljava/lang/Object; @ 58

Classes redefined (0 events):
No events

Internal exceptions (10 events):
Event: 2.510 Thread 0x000000001f247800 Exception <a 'java/lang/NoSuchFieldError': method resolution failed> (0x000000076d0c20c8) thrown at [C:\src\AOSP-openjdk-git\hotspot\src\share\vm\prims\methodHandles.cpp, line 1167]
Event: 2.538 Thread 0x000000001f247800 Exception <a 'java/lang/NoSuchFieldError': method resolution failed> (0x000000076d5cafc8) thrown at [C:\src\AOSP-openjdk-git\hotspot\src\share\vm\prims\methodHandles.cpp, line 1167]
Event: 3.140 Thread 0x000000001f247800 Exception <a 'sun/nio/fs/WindowsException'> (0x0000000771c169f0) thrown at [C:\src\AOSP-openjdk-git\hotspot\src\share\vm\prims\jni.cpp, line 710]
Event: 3.513 Thread 0x000000001f247800 Exception <a 'java/lang/NoSuchFieldError': method resolution failed> (0x000000076be3a150) thrown at [C:\src\AOSP-openjdk-git\hotspot\src\share\vm\prims\methodHandles.cpp, line 1167]
Event: 4.406 Thread 0x0000000021f17000 Exception <a 'java/lang/NoSuchFieldError': method resolution failed> (0x0000000770a14898) thrown at [C:\src\AOSP-openjdk-git\hotspot\src\share\vm\prims\methodHandles.cpp, line 1167]
Event: 4.569 Thread 0x000000001f247800 Exception <a 'java/lang/NoSuchFieldError': method resolution failed> (0x0000000774168fa0) thrown at [C:\src\AOSP-openjdk-git\hotspot\src\share\vm\prims\methodHandles.cpp, line 1167]
Event: 5.216 Thread 0x000000001f247800 Exception <a 'java/lang/NoSuchMethodError': java.lang.Object.lambda$comparingDouble$8dcf42ea$1(Ljava/util/function/ToDoubleFunction;Ljava/lang/Object;Ljava/lang/Object;)I> (0x000000076ea04ed8) thrown at [C:\src\AOSP-openjdk-git\hotspot\src\share\vm\interp
Event: 5.531 Thread 0x000000001f247800 Implicit null exception at 0x0000000003adaee3 to 0x0000000003adb4c5
Event: 5.626 Thread 0x000000001f247800 Exception <a 'java/lang/NoSuchFieldError': method resolution failed> (0x0000000775658318) thrown at [C:\src\AOSP-openjdk-git\hotspot\src\share\vm\prims\methodHandles.cpp, line 1167]
Event: 5.682 Thread 0x000000001f247800 Exception <a 'java/lang/NoSuchFieldError': method resolution failed> (0x00000007762a5000) thrown at [C:\src\AOSP-openjdk-git\hotspot\src\share\vm\prims\methodHandles.cpp, line 1167]

Events (10 events):
Event: 17.820 Thread 0x000000001c375000 flushing nmethod 0x0000000005ee4550
Event: 17.821 Thread 0x000000001c375000 flushing nmethod 0x000000000603f190
Event: 17.821 Thread 0x000000001c375000 flushing nmethod 0x0000000006048cd0
Event: 17.821 Thread 0x000000001c375000 flushing nmethod 0x00000000064bc190
Event: 17.823 Thread 0x000000001c375000 flushing nmethod 0x0000000006c38e50
Event: 17.824 Thread 0x000000001c375000 flushing nmethod 0x000000000709cc10
Event: 17.824 Thread 0x000000001c375000 flushing nmethod 0x000000000709d410
Event: 17.824 Thread 0x000000001c375000 flushing nmethod 0x000000000709d7d0
Event: 17.859 Thread 0x000000001f247800 DEOPT PACKING pc=0x0000000006a22a31 sp=0x00000000211fd440
Event: 17.859 Thread 0x000000001f247800 DEOPT UNPACKING pc=0x0000000002d575d0 sp=0x00000000211fd368 mode 0


Dynamic libraries:
0x00007ff72fcd0000 - 0x00007ff72fd01000 	C:\Program Files\Android\Android Studio\jre\bin\java.exe
0x00007ffbfa3a0000 - 0x00007ffbfa590000 	C:\WINDOWS\SYSTEM32\ntdll.dll
0x00007ffbf95c0000 - 0x00007ffbf9672000 	C:\WINDOWS\System32\KERNEL32.DLL
0x00007ffbf7570000 - 0x00007ffbf7815000 	C:\WINDOWS\System32\KERNELBASE.dll
0x00007ffbf9920000 - 0x00007ffbf99c3000 	C:\WINDOWS\System32\ADVAPI32.dll
0x00007ffbfa2c0000 - 0x00007ffbfa35e000 	C:\WINDOWS\System32\msvcrt.dll
0x00007ffbf8d00000 - 0x00007ffbf8d97000 	C:\WINDOWS\System32\sechost.dll
0x00007ffbf9800000 - 0x00007ffbf9920000 	C:\WINDOWS\System32\RPCRT4.dll
0x00007ffbf8ab0000 - 0x00007ffbf8c44000 	C:\WINDOWS\System32\USER32.dll
0x00007ffbf7520000 - 0x00007ffbf7541000 	C:\WINDOWS\System32\win32u.dll
0x00007ffbf8cd0000 - 0x00007ffbf8cf6000 	C:\WINDOWS\System32\GDI32.dll
0x00007ffbf8120000 - 0x00007ffbf82b6000 	C:\WINDOWS\System32\gdi32full.dll
0x00007ffbf7330000 - 0x00007ffbf73ce000 	C:\WINDOWS\System32\msvcp_win.dll
0x00007ffbf7820000 - 0x00007ffbf791a000 	C:\WINDOWS\System32\ucrtbase.dll
0x00007ffbe70f0000 - 0x00007ffbe7374000 	C:\WINDOWS\WinSxS\amd64_microsoft.windows.common-controls_6595b64144ccf1df_6.0.18362.1139_none_9e7bf2d3e4605ac6\COMCTL32.dll
0x00007ffbf8da0000 - 0x00007ffbf90d5000 	C:\WINDOWS\System32\combase.dll
0x00007ffbf7920000 - 0x00007ffbf79a0000 	C:\WINDOWS\System32\bcryptPrimitives.dll
0x00007ffbf8450000 - 0x00007ffbf847e000 	C:\WINDOWS\System32\IMM32.DLL
0x0000000066160000 - 0x0000000066232000 	C:\Program Files\Android\Android Studio\jre\jre\bin\msvcr100.dll
0x0000000066240000 - 0x0000000066a8b000 	C:\Program Files\Android\Android Studio\jre\jre\bin\server\jvm.dll
0x00007ffbf9680000 - 0x00007ffbf9688000 	C:\WINDOWS\System32\PSAPI.DLL
0x00007ffbe1230000 - 0x00007ffbe1239000 	C:\WINDOWS\SYSTEM32\WSOCK32.dll
0x00007ffbf92e0000 - 0x00007ffbf934f000 	C:\WINDOWS\System32\WS2_32.dll
0x00007ffbf51e0000 - 0x00007ffbf5204000 	C:\WINDOWS\SYSTEM32\WINMM.dll
0x00007ffbf0e70000 - 0x00007ffbf0e7a000 	C:\WINDOWS\SYSTEM32\VERSION.dll
0x00007ffbf51b0000 - 0x00007ffbf51dd000 	C:\WINDOWS\SYSTEM32\WINMMBASE.dll
0x00007ffbf83d0000 - 0x00007ffbf841a000 	C:\WINDOWS\System32\cfgmgr32.dll
0x00007ffbf3bc0000 - 0x00007ffbf3bcf000 	C:\Program Files\Android\Android Studio\jre\jre\bin\verify.dll
0x00007ffbf0300000 - 0x00007ffbf0329000 	C:\Program Files\Android\Android Studio\jre\jre\bin\java.dll
0x00007ffbe6480000 - 0x00007ffbe64a3000 	C:\Program Files\Android\Android Studio\jre\jre\bin\instrument.dll
0x00007ffbf2e30000 - 0x00007ffbf2e46000 	C:\Program Files\Android\Android Studio\jre\jre\bin\zip.dll
0x00007ffbf9b50000 - 0x00007ffbfa237000 	C:\WINDOWS\System32\SHELL32.dll
0x00007ffbf9160000 - 0x00007ffbf9209000 	C:\WINDOWS\System32\shcore.dll
0x00007ffbf79a0000 - 0x00007ffbf8120000 	C:\WINDOWS\System32\windows.storage.dll
0x00007ffbf7300000 - 0x00007ffbf7323000 	C:\WINDOWS\System32\profapi.dll
0x00007ffbf72b0000 - 0x00007ffbf72fa000 	C:\WINDOWS\System32\powrprof.dll
0x00007ffbf7260000 - 0x00007ffbf7270000 	C:\WINDOWS\System32\UMPDC.dll
0x00007ffbf9690000 - 0x00007ffbf96e2000 	C:\WINDOWS\System32\shlwapi.dll
0x00007ffbf7290000 - 0x00007ffbf72a1000 	C:\WINDOWS\System32\kernel.appcore.dll
0x00007ffbf7550000 - 0x00007ffbf7567000 	C:\WINDOWS\System32\cryptsp.dll
0x00007ffbe7940000 - 0x00007ffbe795a000 	C:\Program Files\Android\Android Studio\bin\breakgen64.dll
0x00007ffbf2480000 - 0x00007ffbf249a000 	C:\Program Files\Android\Android Studio\jre\jre\bin\net.dll
0x00007ffbf6a50000 - 0x00007ffbf6ab7000 	C:\WINDOWS\system32\mswsock.dll
0x00007ffbe6810000 - 0x00007ffbe6823000 	C:\Program Files\Android\Android Studio\jre\jre\bin\nio.dll
0x00007ffbf65c0000 - 0x00007ffbf65f3000 	C:\WINDOWS\system32\rsaenh.dll
0x00007ffbf8420000 - 0x00007ffbf8446000 	C:\WINDOWS\System32\bcrypt.dll
0x00007ffbf7140000 - 0x00007ffbf7165000 	C:\WINDOWS\SYSTEM32\USERENV.dll
0x00007ffbf6c20000 - 0x00007ffbf6c2c000 	C:\WINDOWS\SYSTEM32\CRYPTBASE.dll
0x00007ffbf6760000 - 0x00007ffbf679a000 	C:\WINDOWS\SYSTEM32\IPHLPAPI.DLL
0x00007ffbf8630000 - 0x00007ffbf8638000 	C:\WINDOWS\System32\NSI.dll
0x00007ffbf0750000 - 0x00007ffbf0766000 	C:\WINDOWS\SYSTEM32\dhcpcsvc6.DLL
0x00007ffbf0e50000 - 0x00007ffbf0e6c000 	C:\WINDOWS\SYSTEM32\dhcpcsvc.DLL
0x00007ffbf67a0000 - 0x00007ffbf686b000 	C:\WINDOWS\SYSTEM32\DNSAPI.dll
0x00007ffbe5700000 - 0x00007ffbe5724000 	C:\Program Files\Android\Android Studio\jre\jre\bin\sunec.dll
0x00007ffbf3b00000 - 0x00007ffbf3b0b000 	C:\Program Files\Android\Android Studio\jre\jre\bin\sunmscapi.dll
0x00007ffbf73d0000 - 0x00007ffbf7519000 	C:\WINDOWS\System32\CRYPT32.dll
0x00007ffbf7270000 - 0x00007ffbf7282000 	C:\WINDOWS\System32\MSASN1.dll
0x00007ffbdf6a0000 - 0x00007ffbdf894000 	C:\WINDOWS\SYSTEM32\dbghelp.dll

VM Arguments:
jvm_args: -ea -Didea.test.cyclic.buffer.size=1048576 -javaagent:C:\Program Files\Android\Android Studio\lib\idea_rt.jar=64256:C:\Program Files\Android\Android Studio\bin -Dfile.encoding=UTF-8 
java_command: com.intellij.rt.junit.JUnitStarter -ideVersion5 -junit4 com.example.titancalculator.MainActivityTest,testBasic2Functions
java_class_path (initial): C:\Program Files\Android\Android Studio\lib\idea_rt.jar;C:\Program Files\Android\Android Studio\plugins\junit\lib\junit5-rt.jar;C:\Program Files\Android\Android Studio\plugins\junit\lib\junit-rt.jar;C:\Users\johan\AppData\Local\Android\Sdk\platforms\android-28\data\res;C:\Users\johan\GitHub\Emerald-Calculator\app\build\intermediates\javac\debugUnitTest\classes;C:\Users\johan\GitHub\Emerald-Calculator\app\build\intermediates\javac\debug\classes;C:\Users\johan\GitHub\Emerald-Calculator\app\build\intermediates\unit_test_config_directory\debugUnitTest\out;C:\Users\johan\GitHub\Emerald-Calculator\app\build\intermediates\compile_and_runtime_not_namespaced_r_class_jar\debug\R.jar;C:\Users\johan\GitHub\Emerald-Calculator\app\build\intermediates\compile_and_runtime_not_namespaced_r_class_jar\debugAndroidTest\R.jar;C:\Users\johan\.gradle\caches\modules-2\files-2.1\junit\junit\4.12\2973d150c0dc1fefe998f834810d68f278ea58ec\junit-4.12.jar;C:\Users\johan\.gradle\caches\modules-2\files-2.1\org.hamcrest\hamcrest-library\1.3\4785a3c21320980282f9f33d0d1264a69040538f\hamcrest-library-1.3.jar;C:\Users\johan\.gradle\caches\modules-2\files-2.1\org.hamcrest\hamcrest-core\1.3\42a25dc3219429f0e5d060061f71acb49bf010a0\hamcrest-core-1.3.jar;C:\Users\johan\.gradle\caches\modules-2\files-2.1\javax.inject\javax.inject\1\6975da39a7040257bd51d21a231b76c915872d38\javax.inject-1.jar;C:\Users\johan\.gradle\caches\modules-2\files-2.1\org.robolectric\robolectric\4.5-alpha-2\5006283a227b26859c3ab119ce81b2a91066f54f\robolectric-4.5-alpha-2.jar;C:\Users\johan\.gradle\caches\modules-2\files-2.1\org.robolectric\shadows-framework\4.5-alpha-2\61081cc6fe429a92a940e8d48203cca9263a310f\shadows-framework-4.5-alpha-2.jar;C:\Users\johan\.gradle\caches\modules-2\files-2.1\org.robolectric\resources\4.5-alpha-2\8999ddcc2f21c027c410f67227408ff18c46feb7\resources-4.5-alpha-2.jar;C:\Users\johan\.gradle\caches\modules-2\files-2.1\org.robolectric\junit\4.5-alpha-2\6c39d01b3a8ef6da77a643cd4ac274
Launcher Type: SUN_STANDARD

Environment Variables:
PATH=C:\Program Files (x86)\Common Files\Oracle\Java\javapath;C:\WINDOWS\system32;C:\WINDOWS;C:\WINDOWS\System32\Wbem;C:\WINDOWS\System32\WindowsPowerShell\v1.0\;C:\WINDOWS\System32\OpenSSH\;C:\Program Files\Git\cmd;C:\Program Files (x86)\Calibre2\;C:\Users\johan\AppData\Local\Microsoft\WindowsApps;C:\Users\johan\AppData\Local\GitHubDesktop\bin;C:\Program Files\JetBrains\IntelliJ IDEA Community Edition 2020.2.3\bin
USERNAME=johan
OS=Windows_NT
PROCESSOR_IDENTIFIER=Intel64 Family 6 Model 158 Stepping 11, GenuineIntel



---------------  S Y S T E M  ---------------

OS: Windows 10.0 , 64 bit Build 18362 (10.0.18362.1110)

CPU:total 4 (initial active 4) (4 cores per cpu, 1 threads per core) family 6 model 158 stepping 11, cmov, cx8, fxsr, mmx, sse, sse2, sse3, ssse3, sse4.1, sse4.2, popcnt, avx, avx2, aes, clmul, erms, 3dnowpref, lzcnt, tsc, tscinvbit, bmi1, bmi2, adx

Memory: 4k page, physical 16696028k(4165252k free), swap 19186396k(3067984k free)

vm_info: OpenJDK 64-Bit Server VM (25.242-b01) for windows-amd64 JRE (1.8.0_242-release-1644-b01), built by "builder" with MS VC++ 10.0 (VS2010)

time: Wed Nov 04 12:17:56 2020
timezone: Mitteleuropäische Zeit
elapsed time: 18 seconds (0d 0h 0m 18s)

